@!@!@STARTMSG 2262:0 @!@!@
TLC2 Version 2.16 of 31 December 2020 (rev: cdddf55)
@!@!@ENDMSG 2262 @!@!@
@!@!@STARTMSG 2187:0 @!@!@
Running breadth-first search Model-Checking with fp 7 and seed 8962667762793548089 with 4 workers on 8 cores with 599MB heap and 1345MB offheap memory [pid: 5436] (Windows 10 10.0 amd64, AdoptOpenJDK 14.0.1 x86_64, OffHeapDiskFPSet, DiskStateQueue).
@!@!@ENDMSG 2187 @!@!@
@!@!@STARTMSG 2220:0 @!@!@
Starting SANY...
@!@!@ENDMSG 2220 @!@!@
Parsing file G:\repos\access-control-management\spec\PManager.toolbox\Model_1\MC.tla
Parsing file G:\repos\access-control-management\spec\PManager.toolbox\Model_1\PManager.tla
Warning: symbols were renamed.
Parsing file G:\TLA+ Toolbox\plugins\org.lamport.tlatools_1.0.0.202012311918\tla2sany\StandardModules\TLC.tla
Parsing file G:\TLA+ Toolbox\plugins\org.lamport.tlatools_1.0.0.202012311918\tla2sany\StandardModules\Naturals.tla
Parsing file G:\TLA+ Toolbox\plugins\org.lamport.tlatools_1.0.0.202012311918\tla2sany\StandardModules\Sequences.tla
Parsing file G:\TLA+ Toolbox\plugins\org.lamport.tlatools_1.0.0.202012311918\tla2sany\StandardModules\FiniteSets.tla
Semantic processing of module Naturals
Semantic processing of module Sequences
Semantic processing of module PManager
Semantic processing of module FiniteSets
Semantic processing of module TLC
Semantic processing of module MC
@!@!@STARTMSG 2219:0 @!@!@
SANY finished.
@!@!@ENDMSG 2219 @!@!@
@!@!@STARTMSG 2185:0 @!@!@
Starting... (2023-03-30 21:16:22)
@!@!@ENDMSG 2185 @!@!@
@!@!@STARTMSG 2189:0 @!@!@
Computing initial states...
@!@!@ENDMSG 2189 @!@!@
@!@!@STARTMSG 2190:0 @!@!@
Finished computing initial states: 1 distinct state generated at 2023-03-30 21:16:25.
@!@!@ENDMSG 2190 @!@!@
@!@!@STARTMSG 2110:1 @!@!@
Invariant CpConsent is violated.
@!@!@ENDMSG 2110 @!@!@
@!@!@STARTMSG 2121:1 @!@!@
The behavior up to this point is:
@!@!@ENDMSG 2121 @!@!@
@!@!@STARTMSG 2217:4 @!@!@
1: <Initial predicate>
/\ app_d = <<defaultInitValue, defaultInitValue>>
/\ uri = <<defaultInitValue, defaultInitValue>>
/\ permsInUse = <<<<FALSE, FALSE>>, <<FALSE, FALSE>>>>
/\ app_s = <<defaultInitValue, defaultInitValue>>
/\ app_u = <<defaultInitValue, defaultInitValue>>
/\ mode = <<defaultInitValue, defaultInitValue>>
/\ app_ = <<defaultInitValue, defaultInitValue>>
/\ appPerms = <<<<"NULL", "NULL">>, <<"NULL", "NULL">>>>
/\ pc = <<"PLATFORM", "PLATFORM">>
/\ app_un = <<defaultInitValue, defaultInitValue>>
/\ a1_ = <<defaultInitValue, defaultInitValue>>
/\ manifest = <<"NULL", "NULL">>
/\ CP = <<"NULL", "NULL">>
/\ perm = <<defaultInitValue, defaultInitValue>>
/\ cpConsent = <<<<"NULL", "NULL">>, <<"NULL", "NULL">>>>
/\ a2_ = <<defaultInitValue, defaultInitValue>>
/\ app = <<defaultInitValue, defaultInitValue>>
/\ perm_ = <<defaultInitValue, defaultInitValue>>
/\ installed = <<FALSE, FALSE>>
/\ appCustomPerms = <<<<"NULL", "NULL">>, <<"NULL", "NULL">>>>
/\ stack = <<<<>>, <<>>>>
/\ a1 = <<defaultInitValue, defaultInitValue>>
/\ appPermConsents = <<<<"NULL", "NULL">>, <<"NULL", "NULL">>>>
/\ a2 = <<defaultInitValue, defaultInitValue>>

@!@!@ENDMSG 2217 @!@!@
@!@!@STARTMSG 2217:4 @!@!@
2: <PLATFORM line 408, col 19 to line 477, col 59 of module PManager>
/\ app_d = <<defaultInitValue, defaultInitValue>>
/\ uri = <<defaultInitValue, defaultInitValue>>
/\ permsInUse = <<<<FALSE, FALSE>>, <<FALSE, FALSE>>>>
/\ app_s = <<defaultInitValue, defaultInitValue>>
/\ app_u = <<defaultInitValue, defaultInitValue>>
/\ mode = <<defaultInitValue, defaultInitValue>>
/\ app_ = <<1, defaultInitValue>>
/\ appPerms = <<<<"NULL", "NULL">>, <<"NULL", "NULL">>>>
/\ pc = <<"INSTALL_APP", "PLATFORM">>
/\ app_un = <<defaultInitValue, defaultInitValue>>
/\ a1_ = <<defaultInitValue, defaultInitValue>>
/\ manifest = <<"U1", "NULL">>
/\ CP = <<"NULL", "NULL">>
/\ perm = <<defaultInitValue, defaultInitValue>>
/\ cpConsent = <<<<"NULL", "NULL">>, <<"NULL", "NULL">>>>
/\ a2_ = <<defaultInitValue, defaultInitValue>>
/\ app = <<defaultInitValue, defaultInitValue>>
/\ perm_ = <<defaultInitValue, defaultInitValue>>
/\ installed = <<FALSE, FALSE>>
/\ appCustomPerms = <<<<"NULL", "NULL">>, <<"NULL", "NULL">>>>
/\ stack = <<<<[pc |-> "PLATFORM", app_ |-> defaultInitValue, procedure |-> "installApp"]>>, <<>>>>
/\ a1 = <<defaultInitValue, defaultInitValue>>
/\ appPermConsents = <<<<"NULL", "NULL">>, <<"NULL", "NULL">>>>
/\ a2 = <<defaultInitValue, defaultInitValue>>

@!@!@ENDMSG 2217 @!@!@
@!@!@STARTMSG 2217:4 @!@!@
3: <INSTALL_APP line 194, col 22 to line 202, col 74 of module PManager>
/\ app_d = <<defaultInitValue, defaultInitValue>>
/\ uri = <<defaultInitValue, defaultInitValue>>
/\ permsInUse = <<<<FALSE, FALSE>>, <<FALSE, FALSE>>>>
/\ app_s = <<defaultInitValue, defaultInitValue>>
/\ app_u = <<defaultInitValue, defaultInitValue>>
/\ mode = <<defaultInitValue, defaultInitValue>>
/\ app_ = <<defaultInitValue, defaultInitValue>>
/\ appPerms = <<<<"NULL", "NULL">>, <<"NULL", "NULL">>>>
/\ pc = <<"PLATFORM", "PLATFORM">>
/\ app_un = <<defaultInitValue, defaultInitValue>>
/\ a1_ = <<defaultInitValue, defaultInitValue>>
/\ manifest = <<"U1", "NULL">>
/\ CP = <<"NULL", "NULL">>
/\ perm = <<defaultInitValue, defaultInitValue>>
/\ cpConsent = <<<<"NULL", "NULL">>, <<"NULL", "NULL">>>>
/\ a2_ = <<defaultInitValue, defaultInitValue>>
/\ app = <<defaultInitValue, defaultInitValue>>
/\ perm_ = <<defaultInitValue, defaultInitValue>>
/\ installed = <<TRUE, FALSE>>
/\ appCustomPerms = <<<<"NULL", "NULL">>, <<"NULL", "NULL">>>>
/\ stack = <<<<>>, <<>>>>
/\ a1 = <<defaultInitValue, defaultInitValue>>
/\ appPermConsents = <<<<"NULL", "NULL">>, <<"NULL", "NULL">>>>
/\ a2 = <<defaultInitValue, defaultInitValue>>

@!@!@ENDMSG 2217 @!@!@
@!@!@STARTMSG 2217:4 @!@!@
4: <PLATFORM line 408, col 19 to line 477, col 59 of module PManager>
/\ app_d = <<1, defaultInitValue>>
/\ uri = <<defaultInitValue, defaultInitValue>>
/\ permsInUse = <<<<FALSE, FALSE>>, <<FALSE, FALSE>>>>
/\ app_s = <<defaultInitValue, defaultInitValue>>
/\ app_u = <<defaultInitValue, defaultInitValue>>
/\ mode = <<defaultInitValue, defaultInitValue>>
/\ app_ = <<defaultInitValue, defaultInitValue>>
/\ appPerms = <<<<"NULL", "NULL">>, <<"NULL", "NULL">>>>
/\ pc = <<"DEFINE_CP", "PLATFORM">>
/\ app_un = <<defaultInitValue, defaultInitValue>>
/\ a1_ = <<defaultInitValue, defaultInitValue>>
/\ manifest = <<"U1", "NULL">>
/\ CP = <<"NULL", "NULL">>
/\ perm = <<defaultInitValue, defaultInitValue>>
/\ cpConsent = <<<<"NULL", "NULL">>, <<"NULL", "NULL">>>>
/\ a2_ = <<defaultInitValue, defaultInitValue>>
/\ app = <<defaultInitValue, defaultInitValue>>
/\ perm_ = <<defaultInitValue, defaultInitValue>>
/\ installed = <<TRUE, FALSE>>
/\ appCustomPerms = <<<<"NULL", "NULL">>, <<"NULL", "NULL">>>>
/\ stack = <<<<[pc |-> "PLATFORM", app_d |-> defaultInitValue, procedure |-> "defineCP"]>>, <<>>>>
/\ a1 = <<defaultInitValue, defaultInitValue>>
/\ appPermConsents = <<<<"NULL", "NULL">>, <<"NULL", "NULL">>>>
/\ a2 = <<defaultInitValue, defaultInitValue>>

@!@!@ENDMSG 2217 @!@!@
@!@!@STARTMSG 2217:4 @!@!@
5: <DEFINE_CP line 206, col 20 to line 215, col 72 of module PManager>
/\ app_d = <<defaultInitValue, defaultInitValue>>
/\ uri = <<defaultInitValue, defaultInitValue>>
/\ permsInUse = <<<<FALSE, FALSE>>, <<FALSE, FALSE>>>>
/\ app_s = <<defaultInitValue, defaultInitValue>>
/\ app_u = <<defaultInitValue, defaultInitValue>>
/\ mode = <<defaultInitValue, defaultInitValue>>
/\ app_ = <<defaultInitValue, defaultInitValue>>
/\ appPerms = <<<<"NULL", "NULL">>, <<"NULL", "NULL">>>>
/\ pc = <<"PLATFORM", "PLATFORM">>
/\ app_un = <<defaultInitValue, defaultInitValue>>
/\ a1_ = <<defaultInitValue, defaultInitValue>>
/\ manifest = <<"U1", "NULL">>
/\ CP = <<"NORMAL", "NULL">>
/\ perm = <<defaultInitValue, defaultInitValue>>
/\ cpConsent = <<<<"NULL", "NULL">>, <<"NULL", "NULL">>>>
/\ a2_ = <<defaultInitValue, defaultInitValue>>
/\ app = <<defaultInitValue, defaultInitValue>>
/\ perm_ = <<defaultInitValue, defaultInitValue>>
/\ installed = <<TRUE, FALSE>>
/\ appCustomPerms = <<<<"NULL", "NULL">>, <<"NULL", "NULL">>>>
/\ stack = <<<<>>, <<>>>>
/\ a1 = <<defaultInitValue, defaultInitValue>>
/\ appPermConsents = <<<<"NULL", "NULL">>, <<"NULL", "NULL">>>>
/\ a2 = <<defaultInitValue, defaultInitValue>>

@!@!@ENDMSG 2217 @!@!@
@!@!@STARTMSG 2217:4 @!@!@
6: <PLATFORM line 408, col 19 to line 477, col 59 of module PManager>
/\ app_d = <<defaultInitValue, defaultInitValue>>
/\ uri = <<defaultInitValue, defaultInitValue>>
/\ permsInUse = <<<<FALSE, FALSE>>, <<FALSE, FALSE>>>>
/\ app_s = <<defaultInitValue, defaultInitValue>>
/\ app_u = <<1, defaultInitValue>>
/\ mode = <<defaultInitValue, defaultInitValue>>
/\ app_ = <<defaultInitValue, defaultInitValue>>
/\ appPerms = <<<<"NULL", "NULL">>, <<"NULL", "NULL">>>>
/\ pc = <<"UPDATE_APP", "PLATFORM">>
/\ app_un = <<defaultInitValue, defaultInitValue>>
/\ a1_ = <<defaultInitValue, defaultInitValue>>
/\ manifest = <<"U1", "NULL">>
/\ CP = <<"NORMAL", "NULL">>
/\ perm = <<defaultInitValue, defaultInitValue>>
/\ cpConsent = <<<<"NULL", "NULL">>, <<"NULL", "NULL">>>>
/\ a2_ = <<defaultInitValue, defaultInitValue>>
/\ app = <<defaultInitValue, defaultInitValue>>
/\ perm_ = <<defaultInitValue, defaultInitValue>>
/\ installed = <<TRUE, FALSE>>
/\ appCustomPerms = <<<<"NULL", "NULL">>, <<"NULL", "NULL">>>>
/\ stack = <<<<[pc |-> "PLATFORM", app_u |-> defaultInitValue, procedure |-> "updateApp"]>>, <<>>>>
/\ a1 = <<defaultInitValue, defaultInitValue>>
/\ appPermConsents = <<<<"NULL", "NULL">>, <<"NULL", "NULL">>>>
/\ a2 = <<defaultInitValue, defaultInitValue>>

@!@!@ENDMSG 2217 @!@!@
@!@!@STARTMSG 2217:4 @!@!@
7: <UPDATE_APP line 235, col 21 to line 249, col 73 of module PManager>
/\ app_d = <<1, defaultInitValue>>
/\ uri = <<defaultInitValue, defaultInitValue>>
/\ permsInUse = <<<<FALSE, FALSE>>, <<FALSE, FALSE>>>>
/\ app_s = <<defaultInitValue, defaultInitValue>>
/\ app_u = <<1, defaultInitValue>>
/\ mode = <<defaultInitValue, defaultInitValue>>
/\ app_ = <<defaultInitValue, defaultInitValue>>
/\ appPerms = <<<<"NULL", "NULL">>, <<"NULL", "NULL">>>>
/\ pc = <<"DEFINE_CP", "PLATFORM">>
/\ app_un = <<defaultInitValue, defaultInitValue>>
/\ a1_ = <<defaultInitValue, defaultInitValue>>
/\ manifest = <<"U1", "NULL">>
/\ CP = <<"NORMAL", "NULL">>
/\ perm = <<defaultInitValue, defaultInitValue>>
/\ cpConsent = <<<<"NULL", "NULL">>, <<"NULL", "NULL">>>>
/\ a2_ = <<defaultInitValue, defaultInitValue>>
/\ app = <<defaultInitValue, defaultInitValue>>
/\ perm_ = <<defaultInitValue, defaultInitValue>>
/\ installed = <<TRUE, FALSE>>
/\ appCustomPerms = <<<<"NULL", "NULL">>, <<"NULL", "NULL">>>>
/\ stack = <<<<[pc |-> "RETURNING", app_d |-> defaultInitValue, procedure |-> "defineCP"], [pc |-> "PLATFORM", app_u |-> defaultInitValue, procedure |-> "updateApp"]>>, <<>>>>
/\ a1 = <<defaultInitValue, defaultInitValue>>
/\ appPermConsents = <<<<"NULL", "NULL">>, <<"NULL", "NULL">>>>
/\ a2 = <<defaultInitValue, defaultInitValue>>

@!@!@ENDMSG 2217 @!@!@
@!@!@STARTMSG 2217:4 @!@!@
8: <PLATFORM line 408, col 19 to line 477, col 59 of module PManager>
/\ app_d = <<1, defaultInitValue>>
/\ uri = <<defaultInitValue, defaultInitValue>>
/\ permsInUse = <<<<FALSE, FALSE>>, <<FALSE, FALSE>>>>
/\ app_s = <<defaultInitValue, defaultInitValue>>
/\ app_u = <<1, defaultInitValue>>
/\ mode = <<defaultInitValue, defaultInitValue>>
/\ app_ = <<defaultInitValue, 2>>
/\ appPerms = <<<<"NULL", "NULL">>, <<"NULL", "NULL">>>>
/\ pc = <<"DEFINE_CP", "INSTALL_APP">>
/\ app_un = <<defaultInitValue, defaultInitValue>>
/\ a1_ = <<defaultInitValue, defaultInitValue>>
/\ manifest = <<"U1", "U1">>
/\ CP = <<"NORMAL", "NULL">>
/\ perm = <<defaultInitValue, defaultInitValue>>
/\ cpConsent = <<<<"NULL", "NULL">>, <<"NULL", "NULL">>>>
/\ a2_ = <<defaultInitValue, defaultInitValue>>
/\ app = <<defaultInitValue, defaultInitValue>>
/\ perm_ = <<defaultInitValue, defaultInitValue>>
/\ installed = <<TRUE, FALSE>>
/\ appCustomPerms = <<<<"NULL", "NULL">>, <<"NULL", "NULL">>>>
/\ stack = <<<<[pc |-> "RETURNING", app_d |-> defaultInitValue, procedure |-> "defineCP"], [pc |-> "PLATFORM", app_u |-> defaultInitValue, procedure |-> "updateApp"]>>, <<[pc |-> "PLATFORM", app_ |-> defaultInitValue, procedure |-> "installApp"]>>>>
/\ a1 = <<defaultInitValue, defaultInitValue>>
/\ appPermConsents = <<<<"NULL", "NULL">>, <<"NULL", "NULL">>>>
/\ a2 = <<defaultInitValue, defaultInitValue>>

@!@!@ENDMSG 2217 @!@!@
@!@!@STARTMSG 2217:4 @!@!@
9: <INSTALL_APP line 194, col 22 to line 202, col 74 of module PManager>
/\ app_d = <<1, defaultInitValue>>
/\ uri = <<defaultInitValue, defaultInitValue>>
/\ permsInUse = <<<<FALSE, FALSE>>, <<FALSE, FALSE>>>>
/\ app_s = <<defaultInitValue, defaultInitValue>>
/\ app_u = <<1, defaultInitValue>>
/\ mode = <<defaultInitValue, defaultInitValue>>
/\ app_ = <<defaultInitValue, defaultInitValue>>
/\ appPerms = <<<<"NULL", "NULL">>, <<"NULL", "NULL">>>>
/\ pc = <<"DEFINE_CP", "PLATFORM">>
/\ app_un = <<defaultInitValue, defaultInitValue>>
/\ a1_ = <<defaultInitValue, defaultInitValue>>
/\ manifest = <<"U1", "U1">>
/\ CP = <<"NORMAL", "NULL">>
/\ perm = <<defaultInitValue, defaultInitValue>>
/\ cpConsent = <<<<"NULL", "NULL">>, <<"NULL", "NULL">>>>
/\ a2_ = <<defaultInitValue, defaultInitValue>>
/\ app = <<defaultInitValue, defaultInitValue>>
/\ perm_ = <<defaultInitValue, defaultInitValue>>
/\ installed = <<TRUE, TRUE>>
/\ appCustomPerms = <<<<"NULL", "NULL">>, <<"NULL", "NULL">>>>
/\ stack = <<<<[pc |-> "RETURNING", app_d |-> defaultInitValue, procedure |-> "defineCP"], [pc |-> "PLATFORM", app_u |-> defaultInitValue, procedure |-> "updateApp"]>>, <<>>>>
/\ a1 = <<defaultInitValue, defaultInitValue>>
/\ appPermConsents = <<<<"NULL", "NULL">>, <<"NULL", "NULL">>>>
/\ a2 = <<defaultInitValue, defaultInitValue>>

@!@!@ENDMSG 2217 @!@!@
@!@!@STARTMSG 2217:4 @!@!@
10: <PLATFORM line 408, col 19 to line 477, col 59 of module PManager>
/\ app_d = <<1, defaultInitValue>>
/\ uri = <<defaultInitValue, defaultInitValue>>
/\ permsInUse = <<<<FALSE, FALSE>>, <<FALSE, FALSE>>>>
/\ app_s = <<defaultInitValue, defaultInitValue>>
/\ app_u = <<1, defaultInitValue>>
/\ mode = <<defaultInitValue, defaultInitValue>>
/\ app_ = <<defaultInitValue, defaultInitValue>>
/\ appPerms = <<<<"NULL", "NULL">>, <<"NULL", "NULL">>>>
/\ pc = <<"DEFINE_CP", "ASK_APP_CP">>
/\ app_un = <<defaultInitValue, defaultInitValue>>
/\ a1_ = <<defaultInitValue, defaultInitValue>>
/\ manifest = <<"U1", "U1">>
/\ CP = <<"NORMAL", "NULL">>
/\ perm = <<defaultInitValue, defaultInitValue>>
/\ cpConsent = <<<<"NULL", "NULL">>, <<"NULL", "NULL">>>>
/\ a2_ = <<defaultInitValue, defaultInitValue>>
/\ app = <<defaultInitValue, defaultInitValue>>
/\ perm_ = <<defaultInitValue, defaultInitValue>>
/\ installed = <<TRUE, TRUE>>
/\ appCustomPerms = <<<<"NULL", "NULL">>, <<"NULL", "NULL">>>>
/\ stack = <<<<[pc |-> "RETURNING", app_d |-> defaultInitValue, procedure |-> "defineCP"], [pc |-> "PLATFORM", app_u |-> defaultInitValue, procedure |-> "updateApp"]>>, <<[pc |-> "PLATFORM", a1 |-> defaultInitValue, a2 |-> defaultInitValue, procedure |-> "askAppCP"]>>>>
/\ a1 = <<defaultInitValue, 2>>
/\ appPermConsents = <<<<"NULL", "NULL">>, <<"NULL", "NULL">>>>
/\ a2 = <<defaultInitValue, 1>>

@!@!@ENDMSG 2217 @!@!@
@!@!@STARTMSG 2217:4 @!@!@
11: <ASK_APP_CP line 262, col 21 to line 294, col 54 of module PManager>
/\ app_d = <<1, defaultInitValue>>
/\ uri = <<defaultInitValue, defaultInitValue>>
/\ permsInUse = <<<<FALSE, FALSE>>, <<FALSE, FALSE>>>>
/\ app_s = <<defaultInitValue, defaultInitValue>>
/\ app_u = <<1, defaultInitValue>>
/\ mode = <<defaultInitValue, defaultInitValue>>
/\ app_ = <<defaultInitValue, defaultInitValue>>
/\ appPerms = <<<<"NULL", "NULL">>, <<"NULL", "NULL">>>>
/\ pc = <<"DEFINE_CP", "Error">>
/\ app_un = <<defaultInitValue, defaultInitValue>>
/\ a1_ = <<defaultInitValue, defaultInitValue>>
/\ manifest = <<"U1", "U1">>
/\ CP = <<"NORMAL", "NULL">>
/\ perm = <<defaultInitValue, defaultInitValue>>
/\ cpConsent = <<<<"NULL", "NULL">>, <<"NULL", "NULL">>>>
/\ a2_ = <<defaultInitValue, defaultInitValue>>
/\ app = <<defaultInitValue, defaultInitValue>>
/\ perm_ = <<defaultInitValue, defaultInitValue>>
/\ installed = <<TRUE, TRUE>>
/\ appCustomPerms = <<<<"NULL", "NULL">>, <<"GRANT", "NULL">>>>
/\ stack = <<<<[pc |-> "RETURNING", app_d |-> defaultInitValue, procedure |-> "defineCP"], [pc |-> "PLATFORM", app_u |-> defaultInitValue, procedure |-> "updateApp"]>>, <<[pc |-> "PLATFORM", a1 |-> defaultInitValue, a2 |-> defaultInitValue, procedure |-> "askAppCP"]>>>>
/\ a1 = <<defaultInitValue, 2>>
/\ appPermConsents = <<<<"NULL", "NULL">>, <<"NULL", "NULL">>>>
/\ a2 = <<defaultInitValue, 1>>

@!@!@ENDMSG 2217 @!@!@
@!@!@STARTMSG 2217:4 @!@!@
12: <DEFINE_CP line 206, col 20 to line 215, col 72 of module PManager>
/\ app_d = <<defaultInitValue, defaultInitValue>>
/\ uri = <<defaultInitValue, defaultInitValue>>
/\ permsInUse = <<<<FALSE, FALSE>>, <<FALSE, FALSE>>>>
/\ app_s = <<defaultInitValue, defaultInitValue>>
/\ app_u = <<1, defaultInitValue>>
/\ mode = <<defaultInitValue, defaultInitValue>>
/\ app_ = <<defaultInitValue, defaultInitValue>>
/\ appPerms = <<<<"NULL", "NULL">>, <<"NULL", "NULL">>>>
/\ pc = <<"RETURNING", "Error">>
/\ app_un = <<defaultInitValue, defaultInitValue>>
/\ a1_ = <<defaultInitValue, defaultInitValue>>
/\ manifest = <<"U1", "U1">>
/\ CP = <<"SENSITIVE", "NULL">>
/\ perm = <<defaultInitValue, defaultInitValue>>
/\ cpConsent = <<<<"NULL", "NULL">>, <<"NULL", "NULL">>>>
/\ a2_ = <<defaultInitValue, defaultInitValue>>
/\ app = <<defaultInitValue, defaultInitValue>>
/\ perm_ = <<defaultInitValue, defaultInitValue>>
/\ installed = <<TRUE, TRUE>>
/\ appCustomPerms = <<<<"NULL", "NULL">>, <<"GRANT", "NULL">>>>
/\ stack = <<<<[pc |-> "PLATFORM", app_u |-> defaultInitValue, procedure |-> "updateApp"]>>, <<[pc |-> "PLATFORM", a1 |-> defaultInitValue, a2 |-> defaultInitValue, procedure |-> "askAppCP"]>>>>
/\ a1 = <<defaultInitValue, 2>>
/\ appPermConsents = <<<<"NULL", "NULL">>, <<"NULL", "NULL">>>>
/\ a2 = <<defaultInitValue, 1>>

@!@!@ENDMSG 2217 @!@!@
@!@!@STARTMSG 2201:0 @!@!@
The coverage statistics at 2023-03-30 21:16:26
@!@!@ENDMSG 2201 @!@!@
@!@!@STARTMSG 2773:0 @!@!@
<Init line 160, col 1 to line 160, col 4 of module PManager>: 2:2
@!@!@ENDMSG 2773 @!@!@
@!@!@STARTMSG 2221:0 @!@!@
  line 161, col 9 to line 192, col 49 of module PManager: 2
@!@!@ENDMSG 2221 @!@!@
@!@!@STARTMSG 2772:0 @!@!@
<INSTALL_APP line 194, col 1 to line 194, col 17 of module PManager>: 244:1332
@!@!@ENDMSG 2772 @!@!@
@!@!@STARTMSG 2221:0 @!@!@
  line 194, col 25 to line 194, col 48 of module PManager: 21942
@!@!@ENDMSG 2221 @!@!@
@!@!@STARTMSG 2221:0 @!@!@
  |line 194, col 25 to line 194, col 32 of module PManager: 20610
@!@!@ENDMSG 2221 @!@!@
@!@!@STARTMSG 2221:0 @!@!@
  line 195, col 25 to line 195, col 76 of module PManager: 1332
@!@!@ENDMSG 2221 @!@!@
@!@!@STARTMSG 2221:0 @!@!@
  line 196, col 25 to line 196, col 72 of module PManager: 1332
@!@!@ENDMSG 2221 @!@!@
@!@!@STARTMSG 2221:0 @!@!@
  line 197, col 25 to line 197, col 78 of module PManager: 1332
@!@!@ENDMSG 2221 @!@!@
@!@!@STARTMSG 2221:0 @!@!@
  line 198, col 25 to line 198, col 75 of module PManager: 1332
@!@!@ENDMSG 2221 @!@!@
@!@!@STARTMSG 2221:0 @!@!@
  line 199, col 25 to line 202, col 74 of module PManager: 1332
@!@!@ENDMSG 2221 @!@!@
@!@!@STARTMSG 2772:0 @!@!@
<DEFINE_CP line 206, col 1 to line 206, col 15 of module PManager>: 1117:3394
@!@!@ENDMSG 2772 @!@!@
@!@!@STARTMSG 2221:0 @!@!@
  line 206, col 23 to line 206, col 44 of module PManager: 22301
@!@!@ENDMSG 2221 @!@!@
@!@!@STARTMSG 2221:0 @!@!@
  |line 206, col 23 to line 206, col 30 of module PManager: 20608
@!@!@ENDMSG 2221 @!@!@
@!@!@STARTMSG 2221:0 @!@!@
  line 207, col 26 to line 207, col 69 of module PManager: 1697
@!@!@ENDMSG 2221 @!@!@
@!@!@STARTMSG 2221:0 @!@!@
  line 208, col 29 to line 208, col 72 of module PManager: 1693
@!@!@ENDMSG 2221 @!@!@
@!@!@STARTMSG 2221:0 @!@!@
  |line 208, col 35 to line 208, col 72 of module PManager: 1697
@!@!@ENDMSG 2221 @!@!@
@!@!@STARTMSG 2221:0 @!@!@
  line 209, col 23 to line 209, col 70 of module PManager: 3390
@!@!@ENDMSG 2221 @!@!@
@!@!@STARTMSG 2221:0 @!@!@
  |line 209, col 29 to line 209, col 70 of module PManager: 3394
@!@!@ENDMSG 2221 @!@!@
@!@!@STARTMSG 2221:0 @!@!@
  line 210, col 23 to line 210, col 79 of module PManager: 3390
@!@!@ENDMSG 2221 @!@!@
@!@!@STARTMSG 2221:0 @!@!@
  |line 210, col 32 to line 210, col 79 of module PManager: 3394
@!@!@ENDMSG 2221 @!@!@
@!@!@STARTMSG 2221:0 @!@!@
  line 211, col 23 to line 211, col 73 of module PManager: 3390
@!@!@ENDMSG 2221 @!@!@
@!@!@STARTMSG 2221:0 @!@!@
  |line 211, col 32 to line 211, col 73 of module PManager: 3394
@!@!@ENDMSG 2221 @!@!@
@!@!@STARTMSG 2221:0 @!@!@
  line 212, col 23 to line 215, col 72 of module PManager: 3390
@!@!@ENDMSG 2221 @!@!@
@!@!@STARTMSG 2772:0 @!@!@
<ASK_CP_FROM_USER line 219, col 1 to line 219, col 22 of module PManager>: 610:1314
@!@!@ENDMSG 2772 @!@!@
@!@!@STARTMSG 2221:0 @!@!@
  line 219, col 30 to line 219, col 58 of module PManager: 21259
@!@!@ENDMSG 2221 @!@!@
@!@!@STARTMSG 2221:0 @!@!@
  |line 219, col 30 to line 219, col 37 of module PManager: 20602
@!@!@ENDMSG 2221 @!@!@
@!@!@STARTMSG 2221:0 @!@!@
  line 220, col 30 to line 223, col 99 of module PManager: 657
@!@!@ENDMSG 2221 @!@!@
@!@!@STARTMSG 2221:0 @!@!@
  line 224, col 30 to line 224, col 77 of module PManager: 1314
@!@!@ENDMSG 2221 @!@!@
@!@!@STARTMSG 2221:0 @!@!@
  line 225, col 30 to line 225, col 80 of module PManager: 1314
@!@!@ENDMSG 2221 @!@!@
@!@!@STARTMSG 2221:0 @!@!@
  line 226, col 30 to line 226, col 80 of module PManager: 1314
@!@!@ENDMSG 2221 @!@!@
@!@!@STARTMSG 2221:0 @!@!@
  line 227, col 30 to line 227, col 80 of module PManager: 1314
@!@!@ENDMSG 2221 @!@!@
@!@!@STARTMSG 2221:0 @!@!@
  line 228, col 30 to line 231, col 72 of module PManager: 1314
@!@!@ENDMSG 2221 @!@!@
@!@!@STARTMSG 2772:0 @!@!@
<UPDATE_APP line 235, col 1 to line 235, col 16 of module PManager>: 1137:2874
@!@!@ENDMSG 2772 @!@!@
@!@!@STARTMSG 2221:0 @!@!@
  line 235, col 24 to line 235, col 46 of module PManager: 22039
@!@!@ENDMSG 2221 @!@!@
@!@!@STARTMSG 2221:0 @!@!@
  |line 235, col 24 to line 235, col 31 of module PManager: 20602
@!@!@ENDMSG 2221 @!@!@
@!@!@STARTMSG 2221:0 @!@!@
  line 236, col 30 to line 236, col 68 of module PManager: 1437
@!@!@ENDMSG 2221 @!@!@
@!@!@STARTMSG 2221:0 @!@!@
  line 237, col 30 to line 237, col 68 of module PManager: 1437
@!@!@ENDMSG 2221 @!@!@
@!@!@STARTMSG 2221:0 @!@!@
  line 238, col 30 to line 238, col 55 of module PManager: 1437
@!@!@ENDMSG 2221 @!@!@
@!@!@STARTMSG 2221:0 @!@!@
  line 239, col 27 to line 245, col 37 of module PManager: 1437
@!@!@ENDMSG 2221 @!@!@
@!@!@STARTMSG 2221:0 @!@!@
  line 246, col 24 to line 249, col 73 of module PManager: 2874
@!@!@ENDMSG 2221 @!@!@
@!@!@STARTMSG 2772:0 @!@!@
<RETURNING line 251, col 1 to line 251, col 15 of module PManager>: 4:1172
@!@!@ENDMSG 2772 @!@!@
@!@!@STARTMSG 2221:0 @!@!@
  line 251, col 23 to line 251, col 44 of module PManager: 21773
@!@!@ENDMSG 2221 @!@!@
@!@!@STARTMSG 2221:0 @!@!@
  |line 251, col 23 to line 251, col 30 of module PManager: 20601
@!@!@ENDMSG 2221 @!@!@
@!@!@STARTMSG 2221:0 @!@!@
  line 252, col 23 to line 252, col 70 of module PManager: 1172
@!@!@ENDMSG 2221 @!@!@
@!@!@STARTMSG 2221:0 @!@!@
  line 253, col 23 to line 253, col 79 of module PManager: 1172
@!@!@ENDMSG 2221 @!@!@
@!@!@STARTMSG 2221:0 @!@!@
  line 254, col 23 to line 254, col 73 of module PManager: 1172
@!@!@ENDMSG 2221 @!@!@
@!@!@STARTMSG 2221:0 @!@!@
  line 255, col 23 to line 258, col 80 of module PManager: 1172
@!@!@ENDMSG 2221 @!@!@
@!@!@STARTMSG 2772:0 @!@!@
<ASK_APP_CP line 262, col 1 to line 262, col 16 of module PManager>: 606:1385
@!@!@ENDMSG 2772 @!@!@
@!@!@STARTMSG 2221:0 @!@!@
  line 262, col 24 to line 262, col 46 of module PManager: 21986
@!@!@ENDMSG 2221 @!@!@
@!@!@STARTMSG 2221:0 @!@!@
  |line 262, col 24 to line 262, col 31 of module PManager: 20601
@!@!@ENDMSG 2221 @!@!@
@!@!@STARTMSG 2221:0 @!@!@
  line 263, col 27 to line 263, col 68 of module PManager: 1385
@!@!@ENDMSG 2221 @!@!@
@!@!@STARTMSG 2221:0 @!@!@
  line 264, col 35 to line 264, col 82 of module PManager: 144
@!@!@ENDMSG 2221 @!@!@
@!@!@STARTMSG 2221:0 @!@!@
  line 265, col 35 to line 265, col 82 of module PManager: 144
@!@!@ENDMSG 2221 @!@!@
@!@!@STARTMSG 2221:0 @!@!@
  line 266, col 35 to line 266, col 82 of module PManager: 144
@!@!@ENDMSG 2221 @!@!@
@!@!@STARTMSG 2221:0 @!@!@
  line 267, col 35 to line 267, col 85 of module PManager: 144
@!@!@ENDMSG 2221 @!@!@
@!@!@STARTMSG 2221:0 @!@!@
  line 268, col 35 to line 268, col 74 of module PManager: 144
@!@!@ENDMSG 2221 @!@!@
@!@!@STARTMSG 2221:0 @!@!@
  line 269, col 38 to line 269, col 78 of module PManager: 1241
@!@!@ENDMSG 2221 @!@!@
@!@!@STARTMSG 2221:0 @!@!@
  line 270, col 46 to line 270, col 93 of module PManager: 144
@!@!@ENDMSG 2221 @!@!@
@!@!@STARTMSG 2221:0 @!@!@
  line 271, col 46 to line 271, col 93 of module PManager: 144
@!@!@ENDMSG 2221 @!@!@
@!@!@STARTMSG 2221:0 @!@!@
  line 272, col 46 to line 272, col 93 of module PManager: 144
@!@!@ENDMSG 2221 @!@!@
@!@!@STARTMSG 2221:0 @!@!@
  line 273, col 46 to line 273, col 96 of module PManager: 144
@!@!@ENDMSG 2221 @!@!@
@!@!@STARTMSG 2221:0 @!@!@
  line 274, col 46 to line 275, col 64 of module PManager: 144
@!@!@ENDMSG 2221 @!@!@
@!@!@STARTMSG 2221:0 @!@!@
  line 276, col 49 to line 276, col 69 of module PManager: 1097
@!@!@ENDMSG 2221 @!@!@
@!@!@STARTMSG 2221:0 @!@!@
  line 277, col 57 to line 277, col 127 of module PManager: 217
@!@!@ENDMSG 2221 @!@!@
@!@!@STARTMSG 2221:0 @!@!@
  line 278, col 57 to line 278, col 91 of module PManager: 217
@!@!@ENDMSG 2221 @!@!@
@!@!@STARTMSG 2221:0 @!@!@
  line 279, col 57 to line 280, col 80 of module PManager: 217
@!@!@ENDMSG 2221 @!@!@
@!@!@STARTMSG 2221:0 @!@!@
  line 281, col 57 to line 287, col 114 of module PManager: 880
@!@!@ENDMSG 2221 @!@!@
@!@!@STARTMSG 2221:0 @!@!@
  line 288, col 57 to line 288, col 102 of module PManager: 880
@!@!@ENDMSG 2221 @!@!@
@!@!@STARTMSG 2221:0 @!@!@
  line 289, col 57 to line 289, col 80 of module PManager: 880
@!@!@ENDMSG 2221 @!@!@
@!@!@STARTMSG 2221:0 @!@!@
  line 290, col 46 to line 290, col 67 of module PManager: 1097
@!@!@ENDMSG 2221 @!@!@
@!@!@STARTMSG 2221:0 @!@!@
  line 291, col 24 to line 294, col 54 of module PManager: 1385
@!@!@ENDMSG 2221 @!@!@
@!@!@STARTMSG 2772:0 @!@!@
<UNINSTALL_APP line 298, col 1 to line 298, col 19 of module PManager>: 771:1388
@!@!@ENDMSG 2772 @!@!@
@!@!@STARTMSG 2221:0 @!@!@
  line 298, col 27 to line 298, col 52 of module PManager: 21988
@!@!@ENDMSG 2221 @!@!@
@!@!@STARTMSG 2221:0 @!@!@
  |line 298, col 27 to line 298, col 34 of module PManager: 20600
@!@!@ENDMSG 2221 @!@!@
@!@!@STARTMSG 2221:0 @!@!@
  line 299, col 27 to line 299, col 81 of module PManager: 1388
@!@!@ENDMSG 2221 @!@!@
@!@!@STARTMSG 2221:0 @!@!@
  line 300, col 27 to line 300, col 107 of module PManager: 1388
@!@!@ENDMSG 2221 @!@!@
@!@!@STARTMSG 2221:0 @!@!@
  line 301, col 27 to line 301, col 116 of module PManager: 1388
@!@!@ENDMSG 2221 @!@!@
@!@!@STARTMSG 2221:0 @!@!@
  line 302, col 27 to line 302, col 74 of module PManager: 1388
@!@!@ENDMSG 2221 @!@!@
@!@!@STARTMSG 2221:0 @!@!@
  line 303, col 27 to line 303, col 86 of module PManager: 1388
@!@!@ENDMSG 2221 @!@!@
@!@!@STARTMSG 2221:0 @!@!@
  line 304, col 27 to line 304, col 77 of module PManager: 1388
@!@!@ENDMSG 2221 @!@!@
@!@!@STARTMSG 2221:0 @!@!@
  line 305, col 27 to line 308, col 46 of module PManager: 1388
@!@!@ENDMSG 2221 @!@!@
@!@!@STARTMSG 2772:0 @!@!@
<SYSTEM_ARBITRARY_DECISION line 312, col 1 to line 312, col 31 of module PManager>: 363:512
@!@!@ENDMSG 2772 @!@!@
@!@!@STARTMSG 2221:0 @!@!@
  line 312, col 39 to line 312, col 76 of module PManager: 20856
@!@!@ENDMSG 2221 @!@!@
@!@!@STARTMSG 2221:0 @!@!@
  |line 312, col 39 to line 312, col 46 of module PManager: 20600
@!@!@ENDMSG 2221 @!@!@
@!@!@STARTMSG 2221:0 @!@!@
  line 313, col 39 to line 316, col 124 of module PManager: 256
@!@!@ENDMSG 2221 @!@!@
@!@!@STARTMSG 2221:0 @!@!@
  line 317, col 39 to line 317, col 86 of module PManager: 512
@!@!@ENDMSG 2221 @!@!@
@!@!@STARTMSG 2221:0 @!@!@
  line 318, col 39 to line 318, col 95 of module PManager: 512
@!@!@ENDMSG 2221 @!@!@
@!@!@STARTMSG 2221:0 @!@!@
  line 319, col 39 to line 319, col 95 of module PManager: 512
@!@!@ENDMSG 2221 @!@!@
@!@!@STARTMSG 2221:0 @!@!@
  line 320, col 39 to line 320, col 89 of module PManager: 512
@!@!@ENDMSG 2221 @!@!@
@!@!@STARTMSG 2221:0 @!@!@
  line 321, col 39 to line 325, col 74 of module PManager: 512
@!@!@ENDMSG 2221 @!@!@
@!@!@STARTMSG 2772:0 @!@!@
<CHECKING_PERMISSION_URI line 329, col 1 to line 329, col 29 of module PManager>: 1562:5396
@!@!@ENDMSG 2772 @!@!@
@!@!@STARTMSG 2221:0 @!@!@
  line 329, col 37 to line 329, col 72 of module PManager: 25996
@!@!@ENDMSG 2221 @!@!@
@!@!@STARTMSG 2221:0 @!@!@
  |line 329, col 37 to line 329, col 44 of module PManager: 20600
@!@!@ENDMSG 2221 @!@!@
@!@!@STARTMSG 2221:0 @!@!@
  line 330, col 40 to line 330, col 70 of module PManager: 5396
@!@!@ENDMSG 2221 @!@!@
@!@!@STARTMSG 2221:0 @!@!@
  line 331, col 45 to line 336, col 98 of module PManager: 2756
@!@!@ENDMSG 2221 @!@!@
@!@!@STARTMSG 2221:0 @!@!@
  line 337, col 48 to line 337, col 91 of module PManager: 2640
@!@!@ENDMSG 2221 @!@!@
@!@!@STARTMSG 2221:0 @!@!@
  line 338, col 48 to line 339, col 73 of module PManager: 2640
@!@!@ENDMSG 2221 @!@!@
@!@!@STARTMSG 2221:0 @!@!@
  line 340, col 37 to line 345, col 80 of module PManager: 5396
@!@!@ENDMSG 2221 @!@!@
@!@!@STARTMSG 2772:0 @!@!@
<ASK_PERMISSION line 347, col 1 to line 347, col 20 of module PManager>: 872:1444
@!@!@ENDMSG 2772 @!@!@
@!@!@STARTMSG 2221:0 @!@!@
  line 347, col 28 to line 347, col 54 of module PManager: 22044
@!@!@ENDMSG 2221 @!@!@
@!@!@STARTMSG 2221:0 @!@!@
  |line 347, col 28 to line 347, col 35 of module PManager: 20600
@!@!@ENDMSG 2221 @!@!@
@!@!@STARTMSG 2221:0 @!@!@
  line 348, col 31 to line 348, col 69 of module PManager: 1444
@!@!@ENDMSG 2221 @!@!@
@!@!@STARTMSG 2221:0 @!@!@
  line 349, col 39 to line 349, col 103 of module PManager: 0
@!@!@ENDMSG 2221 @!@!@
@!@!@STARTMSG 2221:0 @!@!@
  line 350, col 39 to line 350, col 86 of module PManager: 0
@!@!@ENDMSG 2221 @!@!@
@!@!@STARTMSG 2221:0 @!@!@
  line 351, col 39 to line 351, col 89 of module PManager: 0
@!@!@ENDMSG 2221 @!@!@
@!@!@STARTMSG 2221:0 @!@!@
  line 352, col 39 to line 352, col 89 of module PManager: 0
@!@!@ENDMSG 2221 @!@!@
@!@!@STARTMSG 2221:0 @!@!@
  line 353, col 39 to line 353, col 92 of module PManager: 0
@!@!@ENDMSG 2221 @!@!@
@!@!@STARTMSG 2221:0 @!@!@
  line 354, col 39 to line 354, col 92 of module PManager: 0
@!@!@ENDMSG 2221 @!@!@
@!@!@STARTMSG 2221:0 @!@!@
  line 355, col 39 to line 355, col 89 of module PManager: 0
@!@!@ENDMSG 2221 @!@!@
@!@!@STARTMSG 2221:0 @!@!@
  line 356, col 42 to line 356, col 79 of module PManager: 1444
@!@!@ENDMSG 2221 @!@!@
@!@!@STARTMSG 2221:0 @!@!@
  line 357, col 50 to line 357, col 115 of module PManager: 0
@!@!@ENDMSG 2221 @!@!@
@!@!@STARTMSG 2221:0 @!@!@
  line 358, col 50 to line 358, col 97 of module PManager: 0
@!@!@ENDMSG 2221 @!@!@
@!@!@STARTMSG 2221:0 @!@!@
  line 359, col 50 to line 359, col 100 of module PManager: 0
@!@!@ENDMSG 2221 @!@!@
@!@!@STARTMSG 2221:0 @!@!@
  line 360, col 50 to line 360, col 100 of module PManager: 0
@!@!@ENDMSG 2221 @!@!@
@!@!@STARTMSG 2221:0 @!@!@
  line 361, col 50 to line 361, col 103 of module PManager: 0
@!@!@ENDMSG 2221 @!@!@
@!@!@STARTMSG 2221:0 @!@!@
  line 362, col 50 to line 362, col 103 of module PManager: 0
@!@!@ENDMSG 2221 @!@!@
@!@!@STARTMSG 2221:0 @!@!@
  line 363, col 50 to line 363, col 100 of module PManager: 0
@!@!@ENDMSG 2221 @!@!@
@!@!@STARTMSG 2221:0 @!@!@
  line 364, col 50 to line 364, col 92 of module PManager: 1444
@!@!@ENDMSG 2221 @!@!@
@!@!@STARTMSG 2221:0 @!@!@
  line 365, col 50 to line 367, col 75 of module PManager: 1444
@!@!@ENDMSG 2221 @!@!@
@!@!@STARTMSG 2221:0 @!@!@
  line 368, col 28 to line 371, col 71 of module PManager: 1444
@!@!@ENDMSG 2221 @!@!@
@!@!@STARTMSG 2772:0 @!@!@
<MAKE_DECISION line 373, col 1 to line 373, col 19 of module PManager>: 409:624
@!@!@ENDMSG 2772 @!@!@
@!@!@STARTMSG 2221:0 @!@!@
  line 373, col 27 to line 373, col 52 of module PManager: 21224
@!@!@ENDMSG 2221 @!@!@
@!@!@STARTMSG 2221:0 @!@!@
  |line 373, col 27 to line 373, col 34 of module PManager: 20600
@!@!@ENDMSG 2221 @!@!@
@!@!@STARTMSG 2221:0 @!@!@
  line 374, col 27 to line 380, col 78 of module PManager: 624
@!@!@ENDMSG 2221 @!@!@
@!@!@STARTMSG 2221:0 @!@!@
  line 381, col 27 to line 381, col 81 of module PManager: 624
@!@!@ENDMSG 2221 @!@!@
@!@!@STARTMSG 2221:0 @!@!@
  line 382, col 27 to line 386, col 57 of module PManager: 624
@!@!@ENDMSG 2221 @!@!@
@!@!@STARTMSG 2772:0 @!@!@
<USING_PERM line 388, col 1 to line 388, col 16 of module PManager>: 116:155
@!@!@ENDMSG 2772 @!@!@
@!@!@STARTMSG 2221:0 @!@!@
  line 388, col 24 to line 388, col 46 of module PManager: 20755
@!@!@ENDMSG 2221 @!@!@
@!@!@STARTMSG 2221:0 @!@!@
  |line 388, col 24 to line 388, col 31 of module PManager: 20600
@!@!@ENDMSG 2221 @!@!@
@!@!@STARTMSG 2221:0 @!@!@
  line 389, col 27 to line 389, col 65 of module PManager: 155
@!@!@ENDMSG 2221 @!@!@
@!@!@STARTMSG 2221:0 @!@!@
  line 390, col 32 to line 390, col 99 of module PManager: 78
@!@!@ENDMSG 2221 @!@!@
@!@!@STARTMSG 2221:0 @!@!@
  line 391, col 35 to line 391, col 38 of module PManager: 77
@!@!@ENDMSG 2221 @!@!@
@!@!@STARTMSG 2221:0 @!@!@
  line 392, col 35 to line 392, col 54 of module PManager: 77
@!@!@ENDMSG 2221 @!@!@
@!@!@STARTMSG 2221:0 @!@!@
  line 393, col 24 to line 393, col 71 of module PManager: 155
@!@!@ENDMSG 2221 @!@!@
@!@!@STARTMSG 2221:0 @!@!@
  line 394, col 24 to line 394, col 74 of module PManager: 155
@!@!@ENDMSG 2221 @!@!@
@!@!@STARTMSG 2221:0 @!@!@
  line 395, col 24 to line 395, col 74 of module PManager: 155
@!@!@ENDMSG 2221 @!@!@
@!@!@STARTMSG 2221:0 @!@!@
  line 396, col 24 to line 396, col 77 of module PManager: 155
@!@!@ENDMSG 2221 @!@!@
@!@!@STARTMSG 2221:0 @!@!@
  line 397, col 24 to line 397, col 77 of module PManager: 155
@!@!@ENDMSG 2221 @!@!@
@!@!@STARTMSG 2221:0 @!@!@
  line 398, col 24 to line 398, col 74 of module PManager: 155
@!@!@ENDMSG 2221 @!@!@
@!@!@STARTMSG 2221:0 @!@!@
  line 399, col 24 to line 402, col 59 of module PManager: 155
@!@!@ENDMSG 2221 @!@!@
@!@!@STARTMSG 2772:0 @!@!@
<PLATFORM line 408, col 1 to line 408, col 14 of module PManager>: 10426:21296
@!@!@ENDMSG 2772 @!@!@
@!@!@STARTMSG 2221:0 @!@!@
  line 408, col 22 to line 408, col 42 of module PManager: 24158
@!@!@ENDMSG 2221 @!@!@
@!@!@STARTMSG 2221:0 @!@!@
  |line 408, col 22 to line 408, col 29 of module PManager: 20593
@!@!@ENDMSG 2221 @!@!@
@!@!@STARTMSG 2221:0 @!@!@
  line 409, col 25 to line 409, col 46 of module PManager: 3565
@!@!@ENDMSG 2221 @!@!@
@!@!@STARTMSG 2221:0 @!@!@
  line 410, col 39 to line 414, col 90 of module PManager: 2361
@!@!@ENDMSG 2221 @!@!@
@!@!@STARTMSG 2221:0 @!@!@
  line 415, col 39 to line 415, col 78 of module PManager: 2361
@!@!@ENDMSG 2221 @!@!@
@!@!@STARTMSG 2221:0 @!@!@
  line 416, col 39 to line 416, col 95 of module PManager: 2361
@!@!@ENDMSG 2221 @!@!@
@!@!@STARTMSG 2221:0 @!@!@
  line 417, col 45 to line 421, col 96 of module PManager: 2361
@!@!@ENDMSG 2221 @!@!@
@!@!@STARTMSG 2221:0 @!@!@
  line 422, col 45 to line 422, col 87 of module PManager: 2361
@!@!@ENDMSG 2221 @!@!@
@!@!@STARTMSG 2221:0 @!@!@
  line 423, col 45 to line 423, col 93 of module PManager: 2361
@!@!@ENDMSG 2221 @!@!@
@!@!@STARTMSG 2221:0 @!@!@
  line 424, col 54 to line 424, col 68 of module PManager: 2361
@!@!@ENDMSG 2221 @!@!@
@!@!@STARTMSG 2221:0 @!@!@
  line 425, col 59 to line 430, col 100 of module PManager: 1316
@!@!@ENDMSG 2221 @!@!@
@!@!@STARTMSG 2221:0 @!@!@
  line 431, col 62 to line 431, col 99 of module PManager: 1045
@!@!@ENDMSG 2221 @!@!@
@!@!@STARTMSG 2221:0 @!@!@
  line 432, col 62 to line 433, col 82 of module PManager: 1045
@!@!@ENDMSG 2221 @!@!@
@!@!@STARTMSG 2221:0 @!@!@
  line 434, col 51 to line 434, col 92 of module PManager: 2361
@!@!@ENDMSG 2221 @!@!@
@!@!@STARTMSG 2221:0 @!@!@
  line 435, col 57 to line 443, col 101 of module PManager: 2361
@!@!@ENDMSG 2221 @!@!@
@!@!@STARTMSG 2221:0 @!@!@
  line 444, col 57 to line 444, col 90 of module PManager: 2361
@!@!@ENDMSG 2221 @!@!@
@!@!@STARTMSG 2221:0 @!@!@
  line 448, col 63 to line 459, col 118 of module PManager: 9444
@!@!@ENDMSG 2221 @!@!@
@!@!@STARTMSG 2221:0 @!@!@
  line 447, col 70 to line 447, col 80 of module PManager: 4722
@!@!@ENDMSG 2221 @!@!@
@!@!@STARTMSG 2221:0 @!@!@
  line 446, col 68 to line 446, col 71 of module PManager: 2361
@!@!@ENDMSG 2221 @!@!@
@!@!@STARTMSG 2221:0 @!@!@
  line 445, col 66 to line 445, col 86 of module PManager: 2361
@!@!@ENDMSG 2221 @!@!@
@!@!@STARTMSG 2221:0 @!@!@
  line 460, col 57 to line 460, col 76 of module PManager: 9444
@!@!@ENDMSG 2221 @!@!@
@!@!@STARTMSG 2221:0 @!@!@
  line 461, col 51 to line 461, col 64 of module PManager: 11805
@!@!@ENDMSG 2221 @!@!@
@!@!@STARTMSG 2221:0 @!@!@
  line 462, col 45 to line 462, col 60 of module PManager: 14166
@!@!@ENDMSG 2221 @!@!@
@!@!@STARTMSG 2221:0 @!@!@
  line 463, col 39 to line 463, col 52 of module PManager: 16527
@!@!@ENDMSG 2221 @!@!@
@!@!@STARTMSG 2221:0 @!@!@
  line 464, col 33 to line 464, col 62 of module PManager: 18888
@!@!@ENDMSG 2221 @!@!@
@!@!@STARTMSG 2221:0 @!@!@
  line 466, col 35 to line 466, col 75 of module PManager: 2408
@!@!@ENDMSG 2221 @!@!@
@!@!@STARTMSG 2221:0 @!@!@
  line 465, col 42 to line 465, col 45 of module PManager: 1204
@!@!@ENDMSG 2221 @!@!@
@!@!@STARTMSG 2221:0 @!@!@
  line 467, col 33 to line 471, col 84 of module PManager: 2408
@!@!@ENDMSG 2221 @!@!@
@!@!@STARTMSG 2221:0 @!@!@
  line 472, col 33 to line 472, col 73 of module PManager: 2408
@!@!@ENDMSG 2221 @!@!@
@!@!@STARTMSG 2221:0 @!@!@
  line 473, col 33 to line 474, col 63 of module PManager: 2408
@!@!@ENDMSG 2221 @!@!@
@!@!@STARTMSG 2221:0 @!@!@
  line 475, col 22 to line 477, col 59 of module PManager: 21296
@!@!@ENDMSG 2221 @!@!@
@!@!@STARTMSG 2774:0 @!@!@
<TypeOK line 501, col 1 to line 501, col 6 of module PManager>
@!@!@ENDMSG 2774 @!@!@
@!@!@STARTMSG 2221:0 @!@!@
  line 501, col 11 to line 508, col 62 of module PManager: 18238
@!@!@ENDMSG 2221 @!@!@
@!@!@STARTMSG 2774:0 @!@!@
<Action line 510, col 17 to line 514, col 51 of module PManager>
@!@!@ENDMSG 2774 @!@!@
@!@!@STARTMSG 2221:0 @!@!@
  line 510, col 17 to line 514, col 51 of module PManager: 18238
@!@!@ENDMSG 2221 @!@!@
@!@!@STARTMSG 2221:0 @!@!@
  |line 510, col 19 to line 514, col 50 of module PManager: 18238
@!@!@ENDMSG 2221 @!@!@
@!@!@STARTMSG 2221:0 @!@!@
  ||line 510, col 22 to line 514, col 50 of module PManager: 18238
@!@!@ENDMSG 2221 @!@!@
@!@!@STARTMSG 2221:0 @!@!@
  |||line 510, col 46 to line 514, col 50 of module PManager: 36474
@!@!@ENDMSG 2221 @!@!@
@!@!@STARTMSG 2221:0 @!@!@
  ||||line 510, col 46 to line 510, col 62 of module PManager: 36474
@!@!@ENDMSG 2221 @!@!@
@!@!@STARTMSG 2221:0 @!@!@
  ||||line 511, col 25 to line 514, col 50 of module PManager: 6835
@!@!@ENDMSG 2221 @!@!@
@!@!@STARTMSG 2221:0 @!@!@
  |||||line 512, col 25 to line 514, col 50 of module PManager: 13668
@!@!@ENDMSG 2221 @!@!@
@!@!@STARTMSG 2221:0 @!@!@
  ||||||line 512, col 28 to line 512, col 32 of module PManager: 13668
@!@!@ENDMSG 2221 @!@!@
@!@!@STARTMSG 2221:0 @!@!@
  ||||||line 513, col 28 to line 513, col 55 of module PManager: 6835
@!@!@ENDMSG 2221 @!@!@
@!@!@STARTMSG 2221:0 @!@!@
  ||||||line 514, col 28 to line 514, col 50 of module PManager: 460
@!@!@ENDMSG 2221 @!@!@
@!@!@STARTMSG 2221:0 @!@!@
  |||||line 511, col 34 to line 511, col 45 of module PManager: 6835
@!@!@ENDMSG 2221 @!@!@
@!@!@STARTMSG 2221:0 @!@!@
  |||line 510, col 31 to line 510, col 42 of module PManager: 18238
@!@!@ENDMSG 2221 @!@!@
@!@!@STARTMSG 2774:0 @!@!@
<Action line 516, col 22 to line 519, col 72 of module PManager>
@!@!@ENDMSG 2774 @!@!@
@!@!@STARTMSG 2221:0 @!@!@
  line 516, col 22 to line 519, col 72 of module PManager: 18234
@!@!@ENDMSG 2221 @!@!@
@!@!@STARTMSG 2221:0 @!@!@
  |line 516, col 24 to line 519, col 71 of module PManager: 18234
@!@!@ENDMSG 2221 @!@!@
@!@!@STARTMSG 2221:0 @!@!@
  ||line 516, col 27 to line 519, col 71 of module PManager: 18234
@!@!@ENDMSG 2221 @!@!@
@!@!@STARTMSG 2221:0 @!@!@
  |||line 516, col 61 to line 519, col 71 of module PManager: 36468
@!@!@ENDMSG 2221 @!@!@
@!@!@STARTMSG 2221:0 @!@!@
  ||||line 517, col 27 to line 519, col 71 of module PManager: 72936
@!@!@ENDMSG 2221 @!@!@
@!@!@STARTMSG 2221:0 @!@!@
  |||||line 517, col 30 to line 517, col 77 of module PManager: 72936
@!@!@ENDMSG 2221 @!@!@
@!@!@STARTMSG 2221:0 @!@!@
  |||||line 518, col 30 to line 518, col 70 of module PManager: 72462
@!@!@ENDMSG 2221 @!@!@
@!@!@STARTMSG 2221:0 @!@!@
  |||||line 519, col 30 to line 519, col 71 of module PManager: 6
@!@!@ENDMSG 2221 @!@!@
@!@!@STARTMSG 2221:0 @!@!@
  ||||line 516, col 79 to line 516, col 89 of module PManager: 36468
@!@!@ENDMSG 2221 @!@!@
@!@!@STARTMSG 2221:0 @!@!@
  |||line 516, col 46 to line 516, col 57 of module PManager: 18234
@!@!@ENDMSG 2221 @!@!@
@!@!@STARTMSG 2774:0 @!@!@
<Action line 521, col 18 to line 523, col 68 of module PManager>
@!@!@ENDMSG 2774 @!@!@
@!@!@STARTMSG 2221:0 @!@!@
  line 521, col 18 to line 523, col 68 of module PManager: 18234
@!@!@ENDMSG 2221 @!@!@
@!@!@STARTMSG 2221:0 @!@!@
  |line 521, col 20 to line 523, col 67 of module PManager: 18234
@!@!@ENDMSG 2221 @!@!@
@!@!@STARTMSG 2221:0 @!@!@
  ||line 521, col 23 to line 523, col 67 of module PManager: 18234
@!@!@ENDMSG 2221 @!@!@
@!@!@STARTMSG 2221:0 @!@!@
  |||line 521, col 57 to line 523, col 67 of module PManager: 36468
@!@!@ENDMSG 2221 @!@!@
@!@!@STARTMSG 2221:0 @!@!@
  ||||line 522, col 23 to line 523, col 67 of module PManager: 72936
@!@!@ENDMSG 2221 @!@!@
@!@!@STARTMSG 2221:0 @!@!@
  |||||line 522, col 26 to line 522, col 66 of module PManager: 72936
@!@!@ENDMSG 2221 @!@!@
@!@!@STARTMSG 2221:0 @!@!@
  |||||line 523, col 26 to line 523, col 67 of module PManager: 72456
@!@!@ENDMSG 2221 @!@!@
@!@!@STARTMSG 2221:0 @!@!@
  ||||line 521, col 75 to line 521, col 85 of module PManager: 36468
@!@!@ENDMSG 2221 @!@!@
@!@!@STARTMSG 2221:0 @!@!@
  |||line 521, col 42 to line 521, col 53 of module PManager: 18234
@!@!@ENDMSG 2221 @!@!@
@!@!@STARTMSG 2202:0 @!@!@
End of statistics.
@!@!@ENDMSG 2202 @!@!@
@!@!@STARTMSG 2200:0 @!@!@
Progress(12) at 2023-03-30 21:16:26: 42,242 states generated (323,239 s/min), 18,238 distinct states found (139,558 ds/min), 7,937 states left on queue.
@!@!@ENDMSG 2200 @!@!@
@!@!@STARTMSG 2199:0 @!@!@
42242 states generated, 18238 distinct states found, 7937 states left on queue.
@!@!@ENDMSG 2199 @!@!@
@!@!@STARTMSG 2194:0 @!@!@
The depth of the complete state graph search is 12.
@!@!@ENDMSG 2194 @!@!@
@!@!@STARTMSG 2268:0 @!@!@
The average outdegree of the complete state graph is 2 (minimum is 0, the maximum 16 and the 95th percentile is 8).
@!@!@ENDMSG 2268 @!@!@
@!@!@STARTMSG 2186:0 @!@!@
Finished in 7900ms at (2023-03-30 21:16:26)
@!@!@ENDMSG 2186 @!@!@
