This is pdfTeX, Version 3.141592653-2.6-1.40.24 (MiKTeX 22.10) (preloaded format=pdflatex 2023.3.27)  27 MAY 2023 09:08
entering extended mode
 restricted \write18 enabled.
 %&-line parsing enabled.
**./AccessControlManagement.tex
(AccessControlManagement.tex
LaTeX2e <2022-06-01> patch level 5
L3 programming layer <2022-09-28>
(C:\Users\Amirhosein\AppData\Local\Programs\MiKTeX\tex/latex/base\article.cls
Document Class: article 2021/10/04 v1.4n Standard LaTeX document class
(C:\Users\Amirhosein\AppData\Local\Programs\MiKTeX\tex/latex/base\size10.clo
File: size10.clo 2021/10/04 v1.4n Standard LaTeX file (size option)
)
\c@part=\count185
\c@section=\count186
\c@subsection=\count187
\c@subsubsection=\count188
\c@paragraph=\count189
\c@subparagraph=\count190
\c@figure=\count191
\c@table=\count192
\abovecaptionskip=\skip47
\belowcaptionskip=\skip48
\bibindent=\dimen138
)
(C:\Users\Amirhosein\AppData\Local\Programs\MiKTeX\tex/latex/graphics\color.sty
Package: color 2022/01/06 v1.3d Standard LaTeX Color (DPC)

(C:\Users\Amirhosein\AppData\Local\Programs\MiKTeX\tex/latex/graphics-cfg\color
.cfg
File: color.cfg 2016/01/02 v1.6 sample color configuration
)
Package color Info: Driver file: pdftex.def on input line 149.

(C:\Users\Amirhosein\AppData\Local\Programs\MiKTeX\tex/latex/graphics-def\pdfte
x.def
File: pdftex.def 2022/09/22 v1.2b Graphics/color driver for pdftex
\stockwidth=\dimen139
\stockheight=\dimen140
)
(C:\Users\Amirhosein\AppData\Local\Programs\MiKTeX\tex/latex/graphics\mathcolor
.ltx)) (C:\Users\Amirhosein\AppData\Local\Programs\MiKTeX\tex/latex/base\latexs
ym.sty
Package: latexsym 1998/08/17 v2.2e Standard LaTeX package (lasy symbols)
\symlasy=\mathgroup4
LaTeX Font Info:    Overwriting symbol font `lasy' in version `bold'
(Font)                  U/lasy/m/n --> U/lasy/b/n on input line 52.
) (C:\Users\Amirhosein\AppData\Local\Programs\MiKTeX\tex/latex/base\ifthen.sty
Package: ifthen 2022/04/13 v1.1d Standard LaTeX ifthen package (DPC)
)
\symlength=\skip49
\equalswidth=\skip50
\charwidth=\skip51
\boxrulewd=\skip52
\boxlineht=\skip53
\boxruleht=\skip54
\boxruledp=\skip55
\pcalvspace=\skip56
\lcomindent=\skip57
\@xlen=\skip58
\templena=\skip59
\templenb=\skip60
\tempboxa=\box51
\vshadelen=\skip61
\boxwidth=\skip62
\multicommentdepth=\skip63
\c@pardepth=\count193
\tempsbox=\box52
\@cparht=\skip64
\@cpardp=\skip65
\xmcomlen=\skip66
\spacewidth=\skip67
\alignboxwidth=\skip68
\alignwidth=\skip69
\alignbox=\box53
\symtlaitalics=\mathgroup5
\c@tlx@ctr=\count194

(C:\Users\Amirhosein\AppData\Local\Programs\MiKTeX\tex/latex/tools\verbatim.sty
Package: verbatim 2020-07-07 v1.5u LaTeX2e package for verbatim enhancements
\every@verbatim=\toks16
\verbatim@line=\toks17
\verbatim@in@stream=\read2
)
(C:\Users\Amirhosein\AppData\Local\Programs\MiKTeX\tex/latex/l3backend\l3backen
d-pdftex.def
File: l3backend-pdftex.def 2022-09-28 L3 backend support: PDF output (pdfTeX)
\l__color_backend_stack_int=\count195
\l__pdf_internal_box=\box54
) (AccessControlManagement.aux)
\openout1 = `AccessControlManagement.aux'.

LaTeX Font Info:    Checking defaults for OML/cmm/m/it on input line 939.
LaTeX Font Info:    ... okay on input line 939.
LaTeX Font Info:    Checking defaults for OMS/cmsy/m/n on input line 939.
LaTeX Font Info:    ... okay on input line 939.
LaTeX Font Info:    Checking defaults for OT1/cmr/m/n on input line 939.
LaTeX Font Info:    ... okay on input line 939.
LaTeX Font Info:    Checking defaults for T1/cmr/m/n on input line 939.
LaTeX Font Info:    ... okay on input line 939.
LaTeX Font Info:    Checking defaults for TS1/cmr/m/n on input line 939.
LaTeX Font Info:    ... okay on input line 939.
LaTeX Font Info:    Checking defaults for OMX/cmex/m/n on input line 939.
LaTeX Font Info:    ... okay on input line 939.
LaTeX Font Info:    Checking defaults for U/cmr/m/n on input line 939.
LaTeX Font Info:    ... okay on input line 939.

(C:\Users\Amirhosein\AppData\Local\Programs\MiKTeX\tex/context/base/mkii\supp-p
df.mkii
[Loading MPS to PDF converter (version 2006.09.02).]
\scratchcounter=\count196
\scratchdimen=\dimen141
\scratchbox=\box55
\nofMPsegments=\count197
\nofMParguments=\count198
\everyMPshowfont=\toks18
\MPscratchCnt=\count199
\MPscratchDim=\dimen142
\MPnumerator=\count266
\makeMPintoPDFobject=\count267
\everyMPtoPDFconversion=\toks19
)
LaTeX Font Info:    External font `cmex10' loaded for size
(Font)              <7> on input line 942.
LaTeX Font Info:    External font `cmex10' loaded for size
(Font)              <5> on input line 942.
LaTeX Font Info:    Trying to load font information for U+lasy on input line 94
2.
(C:\Users\Amirhosein\AppData\Local\Programs\MiKTeX\tex/latex/base\ulasy.fd
File: ulasy.fd 1998/08/17 v2.2e LaTeX symbol font definitions
)
LaTeX Font Info:    External font `cmex10' loaded for size
(Font)              <8> on input line 964.
LaTeX Font Info:    External font `cmex10' loaded for size
(Font)              <6> on input line 964.
LaTeX Font Info:    Trying to load font information for OMS+cmr on input line 9
66.
(C:\Users\Amirhosein\AppData\Local\Programs\MiKTeX\tex/latex/base\omscmr.fd
File: omscmr.fd 2019/12/16 v2.5j Standard LaTeX font definitions
)
LaTeX Font Info:    Font shape `OMS/cmr/bx/n' in size <10> not available
(Font)              Font shape `OMS/cmsy/b/n' tried instead on input line 966.
[1

{C:/Users/Amirhosein/AppData/Local/MiKTeX/fonts/map/pdftex/pdftex.map}] [2]
Overfull \hbox (22.32817pt too wide) in paragraph at lines 1098--1099
[][] 
 []


Overfull \hbox (73.7471pt too wide) in paragraph at lines 1111--1113
[][] 
 []


Overfull \hbox (76.79153pt too wide) in paragraph at lines 1113--1114
[][] 
 []

[3]
Overfull \hbox (66.52249pt too wide) in paragraph at lines 1178--1179
[][] 
 []


Overfull \hbox (95.79597pt too wide) in paragraph at lines 1184--1185
[][] 
 []

[4] (AccessControlManagement.aux) ) 
Here is how much of TeX's memory you used:
 1422 strings out of 475385
 22607 string characters out of 2774547
 389050 words of memory out of 3000000
 22830 multiletter control sequences out of 15000+600000
 474992 words of font info for 50 fonts, out of 8000000 for 9000
 1141 hyphenation exceptions out of 8191
 34i,10n,40p,206b,308s stack positions out of 10000i,1000n,20000p,200000b,80000s
<C:/Users/Amirhosein/AppData/Local/Programs/
MiKTeX/fonts/type1/public/amsfonts/cm/cmbsy10.pfb><C:/Users/Amirhosein/AppData/
Local/Programs/MiKTeX/fonts/type1/public/amsfonts/cm/cmbx10.pfb><C:/Users/Amirh
osein/AppData/Local/Programs/MiKTeX/fonts/type1/public/amsfonts/cm/cmcsc10.pfb>
<C:/Users/Amirhosein/AppData/Local/Programs/MiKTeX/fonts/type1/public/amsfonts/
cm/cmmi10.pfb><C:/Users/Amirhosein/AppData/Local/Programs/MiKTeX/fonts/type1/pu
blic/amsfonts/cm/cmr10.pfb><C:/Users/Amirhosein/AppData/Local/Programs/MiKTeX/f
onts/type1/public/amsfonts/cm/cmr5.pfb><C:/Users/Amirhosein/AppData/Local/Progr
ams/MiKTeX/fonts/type1/public/amsfonts/cm/cmr8.pfb><C:/Users/Amirhosein/AppData
/Local/Programs/MiKTeX/fonts/type1/public/amsfonts/cm/cmr9.pfb><C:/Users/Amirho
sein/AppData/Local/Programs/MiKTeX/fonts/type1/public/amsfonts/cm/cmss10.pfb><C
:/Users/Amirhosein/AppData/Local/Programs/MiKTeX/fonts/type1/public/amsfonts/cm
/cmsy10.pfb><C:/Users/Amirhosein/AppData/Local/Programs/MiKTeX/fonts/type1/publ
ic/amsfonts/cm/cmsy7.pfb><C:/Users/Amirhosein/AppData/Local/Programs/MiKTeX/fon
ts/type1/public/amsfonts/cm/cmsy8.pfb><C:/Users/Amirhosein/AppData/Local/Progra
ms/MiKTeX/fonts/type1/public/amsfonts/cm/cmti10.pfb><C:/Users/Amirhosein/AppDat
a/Local/Programs/MiKTeX/fonts/type1/public/amsfonts/cm/cmti7.pfb><C:/Users/Amir
hosein/AppData/Local/Programs/MiKTeX/fonts/type1/public/amsfonts/cm/cmti8.pfb><
C:/Users/Amirhosein/AppData/Local/Programs/MiKTeX/fonts/type1/public/amsfonts/l
atxfont/lasy10.pfb>
Output written on AccessControlManagement.pdf (4 pages, 192005 bytes).
PDF statistics:
 95 PDF objects out of 1000 (max. 8388607)
 0 named destinations out of 1000 (max. 500000)
 1 words of extra memory for PDF output out of 10000 (max. 10000000)

