@!@!@STARTMSG 2262:0 @!@!@
TLC2 Version 2.16 of 31 December 2020 (rev: cdddf55)
@!@!@ENDMSG 2262 @!@!@
@!@!@STARTMSG 2187:0 @!@!@
Running breadth-first search Model-Checking with fp 40 and seed -809670698355962076 with 4 workers on 8 cores with 599MB heap and 1345MB offheap memory [pid: 10120] (Windows 10 10.0 amd64, AdoptOpenJDK 14.0.1 x86_64, OffHeapDiskFPSet, DiskStateQueue).
@!@!@ENDMSG 2187 @!@!@
@!@!@STARTMSG 2220:0 @!@!@
Starting SANY...
@!@!@ENDMSG 2220 @!@!@
Parsing file G:\repos\access-control-management\spec\AccessControlManagement.toolbox\Model_1\MC.tla
Parsing file G:\repos\access-control-management\spec\AccessControlManagement.toolbox\Model_1\AccessControlManagement.tla
Parsing file G:\TLA+ Toolbox\plugins\org.lamport.tlatools_1.0.0.202012311918\tla2sany\StandardModules\TLC.tla
Parsing file G:\TLA+ Toolbox\plugins\org.lamport.tlatools_1.0.0.202012311918\tla2sany\StandardModules\Naturals.tla
Parsing file G:\TLA+ Toolbox\plugins\org.lamport.tlatools_1.0.0.202012311918\tla2sany\StandardModules\Sequences.tla
Parsing file G:\TLA+ Toolbox\plugins\org.lamport.tlatools_1.0.0.202012311918\tla2sany\StandardModules\FiniteSets.tla
Semantic processing of module Naturals
Semantic processing of module Sequences
Semantic processing of module AccessControlManagement
Semantic processing of module FiniteSets
Semantic processing of module TLC
Semantic processing of module MC
@!@!@STARTMSG 2219:0 @!@!@
SANY finished.
@!@!@ENDMSG 2219 @!@!@
@!@!@STARTMSG 2185:0 @!@!@
Starting... (2023-03-23 10:51:11)
@!@!@ENDMSG 2185 @!@!@
@!@!@STARTMSG 2189:0 @!@!@
Computing initial states...
@!@!@ENDMSG 2189 @!@!@
@!@!@STARTMSG 2190:0 @!@!@
Finished computing initial states: 1 distinct state generated at 2023-03-23 10:51:12.
@!@!@ENDMSG 2190 @!@!@
@!@!@STARTMSG 2110:1 @!@!@
Invariant Authorized is violated.
@!@!@ENDMSG 2110 @!@!@
@!@!@STARTMSG 2121:1 @!@!@
The behavior up to this point is:
@!@!@ENDMSG 2121 @!@!@
@!@!@STARTMSG 2217:4 @!@!@
1: <Initial predicate>
/\ ACL = <<<<"NULL", "NULL">>, <<"NULL", "NULL">>>>
/\ Resource = <<<<FALSE, FALSE>>, <<FALSE, FALSE>>>>

@!@!@ENDMSG 2217 @!@!@
@!@!@STARTMSG 2217:4 @!@!@
2: <Next line 40, col 9 to line 41, col 55 of module AccessControlManagement>
/\ ACL = <<<<"ALLOW", "NULL">>, <<"NULL", "NULL">>>>
/\ Resource = <<<<FALSE, FALSE>>, <<FALSE, FALSE>>>>

@!@!@ENDMSG 2217 @!@!@
@!@!@STARTMSG 2217:4 @!@!@
3: <Next line 40, col 9 to line 41, col 55 of module AccessControlManagement>
/\ ACL = <<<<"ALLOW", "NULL">>, <<"NULL", "NULL">>>>
/\ Resource = <<<<TRUE, FALSE>>, <<FALSE, FALSE>>>>

@!@!@ENDMSG 2217 @!@!@
@!@!@STARTMSG 2217:4 @!@!@
4: <Next line 40, col 9 to line 41, col 55 of module AccessControlManagement>
/\ ACL = <<<<"NULL", "NULL">>, <<"NULL", "NULL">>>>
/\ Resource = <<<<TRUE, FALSE>>, <<FALSE, FALSE>>>>

@!@!@ENDMSG 2217 @!@!@
@!@!@STARTMSG 2201:0 @!@!@
The coverage statistics at 2023-03-23 10:51:12
@!@!@ENDMSG 2201 @!@!@
@!@!@STARTMSG 2773:0 @!@!@
<Init line 36, col 1 to line 36, col 4 of module AccessControlManagement>: 2:2
@!@!@ENDMSG 2773 @!@!@
@!@!@STARTMSG 2221:0 @!@!@
  line 36, col 9 to line 37, col 62 of module AccessControlManagement: 2
@!@!@ENDMSG 2221 @!@!@
@!@!@STARTMSG 2772:0 @!@!@
<Next line 39, col 1 to line 39, col 4 of module AccessControlManagement>: 57:145
@!@!@ENDMSG 2772 @!@!@
@!@!@STARTMSG 2221:0 @!@!@
  line 26, col 17 to line 26, col 32 of module AccessControlManagement: 57
@!@!@ENDMSG 2221 @!@!@
@!@!@STARTMSG 2221:0 @!@!@
  line 18, col 20 to line 18, col 35 of module AccessControlManagement: 78
@!@!@ENDMSG 2221 @!@!@
@!@!@STARTMSG 2221:0 @!@!@
  |line 18, col 20 to line 18, col 28 of module AccessControlManagement: 39
@!@!@ENDMSG 2221 @!@!@
@!@!@STARTMSG 2221:0 @!@!@
  |line 18, col 32 to line 18, col 35 of module AccessControlManagement: 39
@!@!@ENDMSG 2221 @!@!@
@!@!@STARTMSG 2221:0 @!@!@
  line 20, col 20 to line 20, col 70 of module AccessControlManagement: 117
@!@!@ENDMSG 2221 @!@!@
@!@!@STARTMSG 2221:0 @!@!@
  line 19, col 29 to line 19, col 35 of module AccessControlManagement: 39
@!@!@ENDMSG 2221 @!@!@
@!@!@STARTMSG 2221:0 @!@!@
  line 27, col 32 to line 27, col 32 of module AccessControlManagement: 39
@!@!@ENDMSG 2221 @!@!@
@!@!@STARTMSG 2221:0 @!@!@
  line 27, col 35 to line 27, col 35 of module AccessControlManagement: 39
@!@!@ENDMSG 2221 @!@!@
@!@!@STARTMSG 2221:0 @!@!@
  line 28, col 25 to line 28, col 46 of module AccessControlManagement: 117
@!@!@ENDMSG 2221 @!@!@
@!@!@STARTMSG 2221:0 @!@!@
  line 30, col 20 to line 30, col 73 of module AccessControlManagement: 17
@!@!@ENDMSG 2221 @!@!@
@!@!@STARTMSG 2221:0 @!@!@
  |line 30, col 27 to line 30, col 73 of module AccessControlManagement: 18
@!@!@ENDMSG 2221 @!@!@
@!@!@STARTMSG 2221:0 @!@!@
  line 31, col 20 to line 31, col 41 of module AccessControlManagement: 17
@!@!@ENDMSG 2221 @!@!@
@!@!@STARTMSG 2221:0 @!@!@
  line 40, col 51 to line 40, col 51 of module AccessControlManagement: 57
@!@!@ENDMSG 2221 @!@!@
@!@!@STARTMSG 2221:0 @!@!@
  line 40, col 54 to line 40, col 54 of module AccessControlManagement: 57
@!@!@ENDMSG 2221 @!@!@
@!@!@STARTMSG 2221:0 @!@!@
  line 22, col 17 to line 22, col 33 of module AccessControlManagement: 66
@!@!@ENDMSG 2221 @!@!@
@!@!@STARTMSG 2221:0 @!@!@
  |line 22, col 17 to line 22, col 25 of module AccessControlManagement: 56
@!@!@ENDMSG 2221 @!@!@
@!@!@STARTMSG 2221:0 @!@!@
  |line 22, col 29 to line 22, col 33 of module AccessControlManagement: 56
@!@!@ENDMSG 2221 @!@!@
@!@!@STARTMSG 2221:0 @!@!@
  line 23, col 17 to line 23, col 85 of module AccessControlManagement: 10
@!@!@ENDMSG 2221 @!@!@
@!@!@STARTMSG 2221:0 @!@!@
  line 24, col 17 to line 24, col 33 of module AccessControlManagement: 10
@!@!@ENDMSG 2221 @!@!@
@!@!@STARTMSG 2221:0 @!@!@
  line 41, col 51 to line 41, col 51 of module AccessControlManagement: 56
@!@!@ENDMSG 2221 @!@!@
@!@!@STARTMSG 2221:0 @!@!@
  line 41, col 54 to line 41, col 54 of module AccessControlManagement: 56
@!@!@ENDMSG 2221 @!@!@
@!@!@STARTMSG 2221:0 @!@!@
  line 40, col 37 to line 40, col 41 of module AccessControlManagement: 29
@!@!@ENDMSG 2221 @!@!@
@!@!@STARTMSG 2221:0 @!@!@
  line 40, col 21 to line 40, col 24 of module AccessControlManagement: 15
@!@!@ENDMSG 2221 @!@!@
@!@!@STARTMSG 2774:0 @!@!@
<TypeOK line 15, col 1 to line 15, col 6 of module AccessControlManagement>
@!@!@ENDMSG 2774 @!@!@
@!@!@STARTMSG 2221:0 @!@!@
  line 15, col 11 to line 16, col 73 of module AccessControlManagement: 58
@!@!@ENDMSG 2221 @!@!@
@!@!@STARTMSG 2221:0 @!@!@
  |line 15, col 14 to line 16, col 73 of module AccessControlManagement: 58
@!@!@ENDMSG 2221 @!@!@
@!@!@STARTMSG 2221:0 @!@!@
  ||line 15, col 29 to line 16, col 73 of module AccessControlManagement: 116
@!@!@ENDMSG 2221 @!@!@
@!@!@STARTMSG 2221:0 @!@!@
  |||line 15, col 45 to line 16, col 73 of module AccessControlManagement: 232
@!@!@ENDMSG 2221 @!@!@
@!@!@STARTMSG 2221:0 @!@!@
  |||line 15, col 38 to line 15, col 42 of module AccessControlManagement: 116
@!@!@ENDMSG 2221 @!@!@
@!@!@STARTMSG 2221:0 @!@!@
  ||line 15, col 23 to line 15, col 26 of module AccessControlManagement: 58
@!@!@ENDMSG 2221 @!@!@
@!@!@STARTMSG 2774:0 @!@!@
<Action line 46, col 18 to line 48, col 43 of module AccessControlManagement>
@!@!@ENDMSG 2774 @!@!@
@!@!@STARTMSG 2221:0 @!@!@
  line 46, col 18 to line 48, col 43 of module AccessControlManagement: 58
@!@!@ENDMSG 2221 @!@!@
@!@!@STARTMSG 2221:0 @!@!@
  |line 46, col 20 to line 48, col 42 of module AccessControlManagement: 58
@!@!@ENDMSG 2221 @!@!@
@!@!@STARTMSG 2221:0 @!@!@
  ||line 46, col 23 to line 48, col 42 of module AccessControlManagement: 58
@!@!@ENDMSG 2221 @!@!@
@!@!@STARTMSG 2221:0 @!@!@
  |||line 46, col 39 to line 48, col 42 of module AccessControlManagement: 115
@!@!@ENDMSG 2221 @!@!@
@!@!@STARTMSG 2221:0 @!@!@
  ||||line 47, col 23 to line 48, col 42 of module AccessControlManagement: 229
@!@!@ENDMSG 2221 @!@!@
@!@!@STARTMSG 2221:0 @!@!@
  |||||line 47, col 26 to line 47, col 46 of module AccessControlManagement: 229
@!@!@ENDMSG 2221 @!@!@
@!@!@STARTMSG 2221:0 @!@!@
  |||||line 48, col 26 to line 48, col 42 of module AccessControlManagement: 9
@!@!@ENDMSG 2221 @!@!@
@!@!@STARTMSG 2221:0 @!@!@
  ||||line 46, col 48 to line 46, col 52 of module AccessControlManagement: 115
@!@!@ENDMSG 2221 @!@!@
@!@!@STARTMSG 2221:0 @!@!@
  |||line 46, col 32 to line 46, col 35 of module AccessControlManagement: 58
@!@!@ENDMSG 2221 @!@!@
@!@!@STARTMSG 2202:0 @!@!@
End of statistics.
@!@!@ENDMSG 2202 @!@!@
@!@!@STARTMSG 2200:0 @!@!@
Progress(4) at 2023-03-23 10:51:12: 112 states generated (6,245 s/min), 58 distinct states found (3,234 ds/min), 45 states left on queue.
@!@!@ENDMSG 2200 @!@!@
@!@!@STARTMSG 2199:0 @!@!@
112 states generated, 58 distinct states found, 45 states left on queue.
@!@!@ENDMSG 2199 @!@!@
@!@!@STARTMSG 2194:0 @!@!@
The depth of the complete state graph search is 4.
@!@!@ENDMSG 2194 @!@!@
@!@!@STARTMSG 2268:0 @!@!@
The average outdegree of the complete state graph is 5 (minimum is 3, the maximum 8 and the 95th percentile is 8).
@!@!@ENDMSG 2268 @!@!@
@!@!@STARTMSG 2186:0 @!@!@
Finished in 1086ms at (2023-03-23 10:51:12)
@!@!@ENDMSG 2186 @!@!@
