This is pdfTeX, Version 3.141592653-2.6-1.40.24 (MiKTeX 22.10) (preloaded format=pdflatex 2023.3.27)  29 MAR 2023 21:47
entering extended mode
 restricted \write18 enabled.
 %&-line parsing enabled.
**./PManager.tex
(PManager.tex
LaTeX2e <2022-06-01> patch level 5
L3 programming layer <2022-09-28>
(C:\Users\Amirhosein\AppData\Local\Programs\MiKTeX\tex/latex/base\article.cls
Document Class: article 2021/10/04 v1.4n Standard LaTeX document class
(C:\Users\Amirhosein\AppData\Local\Programs\MiKTeX\tex/latex/base\size10.clo
File: size10.clo 2021/10/04 v1.4n Standard LaTeX file (size option)
)
\c@part=\count185
\c@section=\count186
\c@subsection=\count187
\c@subsubsection=\count188
\c@paragraph=\count189
\c@subparagraph=\count190
\c@figure=\count191
\c@table=\count192
\abovecaptionskip=\skip47
\belowcaptionskip=\skip48
\bibindent=\dimen138
)
(C:\Users\Amirhosein\AppData\Local\Programs\MiKTeX\tex/latex/graphics\color.sty
Package: color 2022/01/06 v1.3d Standard LaTeX Color (DPC)

(C:\Users\Amirhosein\AppData\Local\Programs\MiKTeX\tex/latex/graphics-cfg\color
.cfg
File: color.cfg 2016/01/02 v1.6 sample color configuration
)
Package color Info: Driver file: pdftex.def on input line 149.

(C:\Users\Amirhosein\AppData\Local\Programs\MiKTeX\tex/latex/graphics-def\pdfte
x.def
File: pdftex.def 2022/09/22 v1.2b Graphics/color driver for pdftex
\stockwidth=\dimen139
\stockheight=\dimen140
)
(C:\Users\Amirhosein\AppData\Local\Programs\MiKTeX\tex/latex/graphics\mathcolor
.ltx)) (C:\Users\Amirhosein\AppData\Local\Programs\MiKTeX\tex/latex/base\latexs
ym.sty
Package: latexsym 1998/08/17 v2.2e Standard LaTeX package (lasy symbols)
\symlasy=\mathgroup4
LaTeX Font Info:    Overwriting symbol font `lasy' in version `bold'
(Font)                  U/lasy/m/n --> U/lasy/b/n on input line 52.
) (C:\Users\Amirhosein\AppData\Local\Programs\MiKTeX\tex/latex/base\ifthen.sty
Package: ifthen 2022/04/13 v1.1d Standard LaTeX ifthen package (DPC)
)
\symlength=\skip49
\equalswidth=\skip50
\charwidth=\skip51
\boxrulewd=\skip52
\boxlineht=\skip53
\boxruleht=\skip54
\boxruledp=\skip55
\pcalvspace=\skip56
\lcomindent=\skip57
\@xlen=\skip58
\templena=\skip59
\templenb=\skip60
\tempboxa=\box51
\vshadelen=\skip61
\boxwidth=\skip62
\multicommentdepth=\skip63
\c@pardepth=\count193
\tempsbox=\box52
\@cparht=\skip64
\@cpardp=\skip65
\xmcomlen=\skip66
\spacewidth=\skip67
\alignboxwidth=\skip68
\alignwidth=\skip69
\alignbox=\box53
\symtlaitalics=\mathgroup5
\c@tlx@ctr=\count194

(C:\Users\Amirhosein\AppData\Local\Programs\MiKTeX\tex/latex/tools\verbatim.sty
Package: verbatim 2020-07-07 v1.5u LaTeX2e package for verbatim enhancements
\every@verbatim=\toks16
\verbatim@line=\toks17
\verbatim@in@stream=\read2
)
(C:\Users\Amirhosein\AppData\Local\Programs\MiKTeX\tex/latex/l3backend\l3backen
d-pdftex.def
File: l3backend-pdftex.def 2022-09-28 L3 backend support: PDF output (pdfTeX)
\l__color_backend_stack_int=\count195
\l__pdf_internal_box=\box54
) (PManager.aux)
\openout1 = `PManager.aux'.

LaTeX Font Info:    Checking defaults for OML/cmm/m/it on input line 939.
LaTeX Font Info:    ... okay on input line 939.
LaTeX Font Info:    Checking defaults for OMS/cmsy/m/n on input line 939.
LaTeX Font Info:    ... okay on input line 939.
LaTeX Font Info:    Checking defaults for OT1/cmr/m/n on input line 939.
LaTeX Font Info:    ... okay on input line 939.
LaTeX Font Info:    Checking defaults for T1/cmr/m/n on input line 939.
LaTeX Font Info:    ... okay on input line 939.
LaTeX Font Info:    Checking defaults for TS1/cmr/m/n on input line 939.
LaTeX Font Info:    ... okay on input line 939.
LaTeX Font Info:    Checking defaults for OMX/cmex/m/n on input line 939.
LaTeX Font Info:    ... okay on input line 939.
LaTeX Font Info:    Checking defaults for U/cmr/m/n on input line 939.
LaTeX Font Info:    ... okay on input line 939.

(C:\Users\Amirhosein\AppData\Local\Programs\MiKTeX\tex/context/base/mkii\supp-p
df.mkii
[Loading MPS to PDF converter (version 2006.09.02).]
\scratchcounter=\count196
\scratchdimen=\dimen141
\scratchbox=\box55
\nofMPsegments=\count197
\nofMParguments=\count198
\everyMPshowfont=\toks18
\MPscratchCnt=\count199
\MPscratchDim=\dimen142
\MPnumerator=\count266
\makeMPintoPDFobject=\count267
\everyMPtoPDFconversion=\toks19
)
LaTeX Font Info:    External font `cmex10' loaded for size
(Font)              <7> on input line 942.
LaTeX Font Info:    External font `cmex10' loaded for size
(Font)              <5> on input line 942.
LaTeX Font Info:    Trying to load font information for U+lasy on input line 94
2.
(C:\Users\Amirhosein\AppData\Local\Programs\MiKTeX\tex/latex/base\ulasy.fd
File: ulasy.fd 1998/08/17 v2.2e LaTeX symbol font definitions
)
Overfull \hbox (46.50316pt too wide) in paragraph at lines 962--964
[][] 
 []


Overfull \hbox (57.9212pt too wide) in paragraph at lines 964--965
[][] 
 []


Overfull \hbox (164.04103pt too wide) in paragraph at lines 971--972
[][] 
 []

LaTeX Font Info:    External font `cmex10' loaded for size
(Font)              <8> on input line 975.
LaTeX Font Info:    External font `cmex10' loaded for size
(Font)              <6> on input line 975.
LaTeX Font Info:    Trying to load font information for OMS+cmr on input line 9
83.
(C:\Users\Amirhosein\AppData\Local\Programs\MiKTeX\tex/latex/base\omscmr.fd
File: omscmr.fd 2019/12/16 v2.5j Standard LaTeX font definitions
)
LaTeX Font Info:    Font shape `OMS/cmr/bx/n' in size <10> not available
(Font)              Font shape `OMS/cmsy/b/n' tried instead on input line 983.

Overfull \hbox (21.38438pt too wide) in paragraph at lines 996--998
[][][] 
 []


Overfull \hbox (22.16957pt too wide) in paragraph at lines 998--1000
[][][] 
 []


Overfull \hbox (66.68532pt too wide) in paragraph at lines 1004--1005
[][][] 
 []


Overfull \hbox (25.7575pt too wide) in paragraph at lines 1008--1010
[][][] 
 []


Overfull \hbox (26.53076pt too wide) in paragraph at lines 1010--1011
[][][] 
 []

[1

{C:/Users/Amirhosein/AppData/Local/MiKTeX/fonts/map/pdftex/pdftex.map}]
Overfull \hbox (45.83363pt too wide) in paragraph at lines 1018--1021
[][][] 
 []


Overfull \hbox (31.22485pt too wide) in paragraph at lines 1021--1022
[][][] 
 []


Overfull \hbox (4.01492pt too wide) in paragraph at lines 1039--1040
[][][] 
 []


Overfull \hbox (18.87053pt too wide) in paragraph at lines 1042--1043
[][][] 
 []


Overfull \hbox (89.93727pt too wide) in paragraph at lines 1048--1050
[][][] 
 []


Overfull \hbox (295.58902pt too wide) in paragraph at lines 1057--1065
[][][][][] 
 []


Overfull \hbox (71.59286pt too wide) in paragraph at lines 1065--1072
[][][][][] 
 []


Overfull \hbox (12.57712pt too wide) in paragraph at lines 1076--1077
[][][] 
 []


Overfull \hbox (79.11137pt too wide) in paragraph at lines 1086--1089
[][][] 
 []


Overfull \hbox (64.5026pt too wide) in paragraph at lines 1089--1090
[][][] 
 []

[2]
Overfull \hbox (53.902pt too wide) in paragraph at lines 1103--1106
[][][] 
 []


Overfull \hbox (71.22916pt too wide) in paragraph at lines 1106--1107
[][][] 
 []


Overfull \hbox (122.44034pt too wide) in paragraph at lines 1113--1114
[][][] 
 []


Overfull \hbox (24.24352pt too wide) in paragraph at lines 1135--1136
[][][] 
 []


Overfull \hbox (197.08594pt too wide) in paragraph at lines 1141--1147
[][][] 
 []


Overfull \hbox (592.15558pt too wide) in paragraph at lines 1147--1148
[][][] 
 []

[3]
Overfull \hbox (1.89827pt too wide) in paragraph at lines 1229--1231
[][] 
 []

[4]
Overfull \hbox (7.11703pt too wide) in paragraph at lines 1345--1347
[][] 
 []


Overfull \hbox (8.12378pt too wide) in paragraph at lines 1349--1350
[][] 
 []


Overfull \hbox (39.60216pt too wide) in paragraph at lines 1350--1352
[][] 
 []


Overfull \hbox (7.19765pt too wide) in paragraph at lines 1352--1354
[][] 
 []


Overfull \hbox (15.35031pt too wide) in paragraph at lines 1367--1369
[][] 
 []


Overfull \hbox (20.02573pt too wide) in paragraph at lines 1371--1372
[][] 
 []


Overfull \hbox (29.40216pt too wide) in paragraph at lines 1372--1374
[][] 
 []


Overfull \hbox (186.76987pt too wide) in paragraph at lines 1384--1386
[][] 
 []


Overfull \hbox (125.4765pt too wide) in paragraph at lines 1386--1389
[][] 
 []


Overfull \hbox (179.5239pt too wide) in paragraph at lines 1389--1391
[][] 
 []


Overfull \hbox (128.01537pt too wide) in paragraph at lines 1391--1393
[][] 
 []


Overfull \hbox (15.23929pt too wide) in paragraph at lines 1393--1395
[][] 
 []


Overfull \hbox (32.07831pt too wide) in paragraph at lines 1395--1397
[][] 
 []


Overfull \hbox (32.07831pt too wide) in paragraph at lines 1397--1399
[][] 
 []


Overfull \hbox (24.1406pt too wide) in paragraph at lines 1399--1401
[][] 
 []


Overfull \hbox (39.22858pt too wide) in paragraph at lines 1401--1402
[][] 
 []


Overfull \hbox (23.04404pt too wide) in paragraph at lines 1402--1403
[][] 
 []


Overfull \hbox (35.92433pt too wide) in paragraph at lines 1403--1404
[][] 
 []

[5]
Overfull \hbox (2.79005pt too wide) in paragraph at lines 1416--1419
[][] 
 []


Overfull \hbox (72.34822pt too wide) in paragraph at lines 1419--1420
[][] 
 []


Overfull \hbox (91.15251pt too wide) in paragraph at lines 1420--1422
[][] 
 []


Overfull \hbox (74.1259pt too wide) in paragraph at lines 1422--1423
[][] 
 []


Overfull \hbox (12.5366pt too wide) in paragraph at lines 1423--1425
[][] 
 []


Overfull \hbox (30.27573pt too wide) in paragraph at lines 1428--1429
[][] 
 []


Overfull \hbox (39.65216pt too wide) in paragraph at lines 1429--1431
[][] 
 []


Overfull \hbox (1.10323pt too wide) in paragraph at lines 1431--1433
[][] 
 []


Overfull \hbox (19.00836pt too wide) in paragraph at lines 1439--1441
[][] 
 []


Overfull \hbox (41.26987pt too wide) in paragraph at lines 1444--1446
[][] 
 []


Overfull \hbox (0.3374pt too wide) in paragraph at lines 1446--1448
[][] 
 []


Overfull \hbox (20.21596pt too wide) in paragraph at lines 1448--1449
[][] 
 []


Overfull \hbox (30.21022pt too wide) in paragraph at lines 1458--1460
[][] 
 []


Overfull \hbox (31.3284pt too wide) in paragraph at lines 1460--1462
[][] 
 []


Overfull \hbox (31.3284pt too wide) in paragraph at lines 1462--1464
[][] 
 []


Overfull \hbox (36.8906pt too wide) in paragraph at lines 1464--1466
[][] 
 []


Overfull \hbox (3.55852pt too wide) in paragraph at lines 1466--1468
[][] 
 []


Overfull \hbox (27.68106pt too wide) in paragraph at lines 1468--1470
[][] 
 []


Overfull \hbox (84.78021pt too wide) in paragraph at lines 1470--1472
[][] 
 []


Overfull \hbox (85.89839pt too wide) in paragraph at lines 1472--1474
[][] 
 []


Overfull \hbox (85.89839pt too wide) in paragraph at lines 1474--1476
[][] 
 []


Overfull \hbox (91.46059pt too wide) in paragraph at lines 1476--1477
[][] 
 []


Overfull \hbox (38.8614pt too wide) in paragraph at lines 1477--1478
[][] 
 []


Overfull \hbox (277.4488pt too wide) in paragraph at lines 1482--1484
[][] 
 []


Overfull \hbox (80.20094pt too wide) in paragraph at lines 1484--1485
[][] 
 []


Overfull \hbox (17.50803pt too wide) in paragraph at lines 1485--1486
[][] 
 []


Overfull \hbox (29.35635pt too wide) in paragraph at lines 1486--1488
[][] 
 []


Overfull \hbox (104.45863pt too wide) in paragraph at lines 1488--1490
[][] 
 []


Overfull \hbox (104.45668pt too wide) in paragraph at lines 1490--1492
[][] 
 []


Overfull \hbox (232.64781pt too wide) in paragraph at lines 1492--1494
[][] 
 []

[6]
Overfull \hbox (245.09457pt too wide) in paragraph at lines 1494--1495
[][] 
 []


Overfull \hbox (194.57893pt too wide) in paragraph at lines 1495--1496
[][] 
 []


Overfull \hbox (195.13458pt too wide) in paragraph at lines 1496--1497
[][] 
 []


Overfull \hbox (170.69986pt too wide) in paragraph at lines 1497--1499
[][] 
 []


Overfull \hbox (157.82607pt too wide) in paragraph at lines 1499--1500
[][] 
 []


Overfull \hbox (61.95222pt too wide) in paragraph at lines 1500--1501
[][] 
 []


Overfull \hbox (33.50671pt too wide) in paragraph at lines 1504--1506
[][] 
 []


Overfull \hbox (15.16373pt too wide) in paragraph at lines 1506--1507
[][] 
 []


Overfull \hbox (20.27364pt too wide) in paragraph at lines 1514--1517
[][] 
 []


Overfull \hbox (144.12767pt too wide) in paragraph at lines 1517--1520
[][] 
 []


Overfull \hbox (200.66614pt too wide) in paragraph at lines 1520--1522
[][] 
 []


Overfull \hbox (57.25493pt too wide) in paragraph at lines 1524--1526
[][] 
 []


Overfull \hbox (48.20197pt too wide) in paragraph at lines 1528--1530
[][] 
 []


Overfull \hbox (20.44812pt too wide) in paragraph at lines 1530--1531
[][] 
 []


Overfull \hbox (10.99274pt too wide) in paragraph at lines 1531--1532
[][] 
 []


Overfull \hbox (65.5496pt too wide) in paragraph at lines 1537--1539
[][] 
 []


Overfull \hbox (198.97495pt too wide) in paragraph at lines 1539--1541
[][] 
 []


Overfull \hbox (270.84741pt too wide) in paragraph at lines 1541--1543
[][] 
 []


Overfull \hbox (191.72897pt too wide) in paragraph at lines 1543--1545
[][] 
 []


Overfull \hbox (273.38628pt too wide) in paragraph at lines 1545--1547
[][] 
 []


Overfull \hbox (72.40929pt too wide) in paragraph at lines 1547--1549
[][] 
 []


Overfull \hbox (122.19608pt too wide) in paragraph at lines 1549--1551
[][] 
 []


Overfull \hbox (123.69786pt too wide) in paragraph at lines 1551--1553
[][] 
 []


Overfull \hbox (89.43059pt too wide) in paragraph at lines 1553--1555
[][] 
 []


Overfull \hbox (46.26698pt too wide) in paragraph at lines 1555--1556
[][] 
 []


Overfull \hbox (59.51628pt too wide) in paragraph at lines 1556--1557
[][] 
 []


Overfull \hbox (48.7696pt too wide) in paragraph at lines 1557--1558
[][] 
 []


Overfull \hbox (50.3785pt too wide) in paragraph at lines 1558--1559
[][] 
 []


Overfull \hbox (21.3269pt too wide) in paragraph at lines 1559--1560
[][] 
 []


Overfull \hbox (25.28882pt too wide) in paragraph at lines 1562--1563
[][] 
 []


Overfull \hbox (33.18916pt too wide) in paragraph at lines 1565--1567
[][] 
 []

[7]
Overfull \hbox (110.60022pt too wide) in paragraph at lines 1569--1571
[][] 
 []


Overfull \hbox (129.19713pt too wide) in paragraph at lines 1571--1573
[][] 
 []


Overfull \hbox (126.89029pt too wide) in paragraph at lines 1573--1575
[][] 
 []


Overfull \hbox (151.02408pt too wide) in paragraph at lines 1575--1577
[][] 
 []


Overfull \hbox (150.12794pt too wide) in paragraph at lines 1577--1579
[][] 
 []


Overfull \hbox (119.5006pt too wide) in paragraph at lines 1579--1581
[][] 
 []


Overfull \hbox (115.06483pt too wide) in paragraph at lines 1581--1582
[][] 
 []


Overfull \hbox (32.82346pt too wide) in paragraph at lines 1582--1583
[][] 
 []


Overfull \hbox (17.66148pt too wide) in paragraph at lines 1583--1585
[][] 
 []


Overfull \hbox (21.86316pt too wide) in paragraph at lines 1585--1586
[][] 
 []


Overfull \hbox (17.91809pt too wide) in paragraph at lines 1586--1587
[][] 
 []


Overfull \hbox (34.94858pt too wide) in paragraph at lines 1588--1589
[][] 
 []


Overfull \hbox (42.46313pt too wide) in paragraph at lines 1589--1590
[][] 
 []


Overfull \hbox (42.02545pt too wide) in paragraph at lines 1590--1591
[][] 
 []


Overfull \hbox (143.52087pt too wide) in paragraph at lines 1597--1599
[][] 
 []


Overfull \hbox (52.01929pt too wide) in paragraph at lines 1599--1601
[][] 
 []


Overfull \hbox (70.61713pt too wide) in paragraph at lines 1601--1603
[][] 
 []


Overfull \hbox (68.31029pt too wide) in paragraph at lines 1603--1605
[][] 
 []


Overfull \hbox (92.44408pt too wide) in paragraph at lines 1605--1607
[][] 
 []


Overfull \hbox (91.54794pt too wide) in paragraph at lines 1607--1609
[][] 
 []


Overfull \hbox (60.9206pt too wide) in paragraph at lines 1609--1611
[][] 
 []


Overfull \hbox (35.05847pt too wide) in paragraph at lines 1611--1613
[][] 
 []


Overfull \hbox (200.55754pt too wide) in paragraph at lines 1613--1615
[][] 
 []


Overfull \hbox (106.59929pt too wide) in paragraph at lines 1615--1617
[][] 
 []


Overfull \hbox (125.19713pt too wide) in paragraph at lines 1617--1619
[][] 
 []


Overfull \hbox (122.89029pt too wide) in paragraph at lines 1619--1621
[][] 
 []


Overfull \hbox (147.02408pt too wide) in paragraph at lines 1621--1623
[][] 
 []


Overfull \hbox (146.12794pt too wide) in paragraph at lines 1623--1625
[][] 
 []


Overfull \hbox (115.5006pt too wide) in paragraph at lines 1625--1627
[][] 
 []


Overfull \hbox (106.67981pt too wide) in paragraph at lines 1627--1628
[][] 
 []


Overfull \hbox (16.20398pt too wide) in paragraph at lines 1628--1629
[][] 
 []


Overfull \hbox (28.8149pt too wide) in paragraph at lines 1629--1630
[][] 
 []


Overfull \hbox (13.65149pt too wide) in paragraph at lines 1630--1632
[][] 
 []


Overfull \hbox (15.57584pt too wide) in paragraph at lines 1632--1633
[][] 
 []


Overfull \hbox (17.90718pt too wide) in paragraph at lines 1633--1635
[][] 
 []


Overfull \hbox (27.99811pt too wide) in paragraph at lines 1635--1636
[][] 
 []

[8]
Overfull \hbox (131.94614pt too wide) in paragraph at lines 1646--1647
[][] 
 []


Overfull \hbox (92.5797pt too wide) in paragraph at lines 1647--1648
[][] 
 []


Overfull \hbox (71.05078pt too wide) in paragraph at lines 1648--1650
[][] 
 []


Overfull \hbox (70.96094pt too wide) in paragraph at lines 1650--1651
[][] 
 []


Overfull \hbox (9.10661pt too wide) in paragraph at lines 1651--1653
[][] 
 []


Overfull \hbox (64.5463pt too wide) in paragraph at lines 1653--1655
[][] 
 []


Overfull \hbox (17.34857pt too wide) in paragraph at lines 1655--1656
[][] 
 []


Overfull \hbox (31.58398pt too wide) in paragraph at lines 1657--1659
[][] 
 []


Overfull \hbox (14.89326pt too wide) in paragraph at lines 1659--1660
[][] 
 []


Overfull \hbox (120.22087pt too wide) in paragraph at lines 1667--1668
[][] 
 []


Overfull \hbox (14.56407pt too wide) in paragraph at lines 1677--1679
[][] 
 []


Overfull \hbox (13.66794pt too wide) in paragraph at lines 1679--1681
[][] 
 []


Overfull \hbox (38.72217pt too wide) in paragraph at lines 1684--1686
[][] 
 []


Overfull \hbox (9.75319pt too wide) in paragraph at lines 1693--1694
[][] 
 []


Overfull \hbox (14.05692pt too wide) in paragraph at lines 1698--1701
[][] 
 []


Overfull \hbox (124.03603pt too wide) in paragraph at lines 1701--1702
[][] 
 []


Overfull \hbox (130.8424pt too wide) in paragraph at lines 1702--1704
[][] 
 []


Overfull \hbox (117.55461pt too wide) in paragraph at lines 1704--1705
[][] 
 []


Overfull \hbox (55.9566pt too wide) in paragraph at lines 1705--1707
[][] 
 []


Overfull \hbox (25.62045pt too wide) in paragraph at lines 1707--1709
[][] 
 []


Overfull \hbox (94.68538pt too wide) in paragraph at lines 1709--1711
[][] 
 []


Overfull \hbox (47.53139pt too wide) in paragraph at lines 1711--1713
[][] 
 []


Overfull \hbox (144.9538pt too wide) in paragraph at lines 1713--1714
[][] 
 []


Overfull \hbox (145.45241pt too wide) in paragraph at lines 1714--1716
[][] 
 []


Overfull \hbox (137.78899pt too wide) in paragraph at lines 1716--1717
[][] 
 []


Overfull \hbox (70.58661pt too wide) in paragraph at lines 1717--1719
[][] 
 []

[9]
Overfull \hbox (61.86835pt too wide) in paragraph at lines 1719--1721
[][] 
 []


Overfull \hbox (78.57393pt too wide) in paragraph at lines 1721--1723
[][] 
 []


Overfull \hbox (113.10617pt too wide) in paragraph at lines 1725--1728
[][] 
 []


Overfull \hbox (214.81822pt too wide) in paragraph at lines 1728--1729
[][] 
 []


Overfull \hbox (229.87242pt too wide) in paragraph at lines 1729--1731
[][] 
 []


Overfull \hbox (216.5959pt too wide) in paragraph at lines 1731--1732
[][] 
 []


Overfull \hbox (155.0066pt too wide) in paragraph at lines 1732--1734
[][] 
 []


Overfull \hbox (113.87657pt too wide) in paragraph at lines 1734--1736
[][] 
 []


Overfull \hbox (114.30807pt too wide) in paragraph at lines 1736--1737
[][] 
 []


Overfull \hbox (20.12804pt too wide) in paragraph at lines 1737--1738
[][] 
 []


Overfull \hbox (21.71777pt too wide) in paragraph at lines 1738--1740
[][] 
 []


Overfull \hbox (68.07402pt too wide) in paragraph at lines 1740--1742
[][] 
 []


Overfull \hbox (70.36827pt too wide) in paragraph at lines 1742--1744
[][] 
 []


Overfull \hbox (68.59396pt too wide) in paragraph at lines 1744--1746
[][] 
 []


Overfull \hbox (100.21709pt too wide) in paragraph at lines 1746--1748
[][] 
 []


Overfull \hbox (200.10272pt too wide) in paragraph at lines 1748--1749
[][] 
 []


Overfull \hbox (209.22241pt too wide) in paragraph at lines 1749--1750
[][] 
 []


Overfull \hbox (179.65898pt too wide) in paragraph at lines 1750--1751
[][] 
 []


Overfull \hbox (180.21463pt too wide) in paragraph at lines 1751--1752
[][] 
 []


Overfull \hbox (134.33661pt too wide) in paragraph at lines 1752--1754
[][] 
 []


Overfull \hbox (109.2154pt too wide) in paragraph at lines 1754--1756
[][] 
 []


Overfull \hbox (56.31548pt too wide) in paragraph at lines 1756--1758
[][] 
 []


Overfull \hbox (20.42203pt too wide) in paragraph at lines 1758--1759
[][] 
 []


Overfull \hbox (1.14255pt too wide) in paragraph at lines 1760--1762
[][] 
 []


Overfull \hbox (84.6142pt too wide) in paragraph at lines 1762--1764
[][] 
 []


Overfull \hbox (300.23108pt too wide) in paragraph at lines 1764--1766
[][] 
 []


Overfull \hbox (99.02115pt too wide) in paragraph at lines 1766--1769
[][] 
 []


Overfull \hbox (252.40558pt too wide) in paragraph at lines 1769--1770
[][] 
 []


Overfull \hbox (225.61241pt too wide) in paragraph at lines 1770--1771
[][] 
 []


Overfull \hbox (203.75148pt too wide) in paragraph at lines 1771--1772
[][] 
 []


Overfull \hbox (201.46027pt too wide) in paragraph at lines 1772--1773
[][] 
 []


Overfull \hbox (211.03278pt too wide) in paragraph at lines 1773--1774
[][] 
 []


Overfull \hbox (208.091pt too wide) in paragraph at lines 1774--1775
[][] 
 []


Overfull \hbox (150.7366pt too wide) in paragraph at lines 1775--1777
[][] 
 []


Overfull \hbox (80.28752pt too wide) in paragraph at lines 1777--1779
[][] 
 []


Overfull \hbox (198.32408pt too wide) in paragraph at lines 1779--1780
[][] 
 []


Overfull \hbox (1.44662pt too wide) in paragraph at lines 1788--1790
[][] 
 []

[10]
Overfull \hbox (90.18045pt too wide) in paragraph at lines 1792--1793
[][] 
 []


Overfull \hbox (101.02242pt too wide) in paragraph at lines 1793--1795
[][] 
 []


Overfull \hbox (81.59706pt too wide) in paragraph at lines 1795--1796
[][] 
 []


Overfull \hbox (26.13661pt too wide) in paragraph at lines 1796--1798
[][] 
 []


Overfull \hbox (3.46992pt too wide) in paragraph at lines 1798--1800
[][] 
 []


Overfull \hbox (29.79324pt too wide) in paragraph at lines 1800--1801
[][] 
 []


Overfull \hbox (36.69986pt too wide) in paragraph at lines 1804--1805
[][] 
 []


Overfull \hbox (68.70169pt too wide) in paragraph at lines 1839--1840
[][] 
 []


Overfull \hbox (58.67657pt too wide) in paragraph at lines 1849--1855
[][][][] 
 []


Overfull \hbox (12.7519pt too wide) in paragraph at lines 1855--1857
[][] 
 []


Overfull \hbox (59.94939pt too wide) in paragraph at lines 1862--1868
[][][][] 
 []

[11] [12] (PManager.aux) ) 
Here is how much of TeX's memory you used:
 1423 strings out of 475385
 22375 string characters out of 2774547
 397022 words of memory out of 3000000
 22831 multiletter control sequences out of 15000+600000
 474992 words of font info for 50 fonts, out of 8000000 for 9000
 1141 hyphenation exceptions out of 8191
 34i,10n,40p,223b,332s stack positions out of 10000i,1000n,20000p,200000b,80000s
<C:/Users/Amirhosein/AppData/Local/Programs/MiKTeX/fo
nts/type1/public/amsfonts/cm/cmbsy10.pfb><C:/Users/Amirhosein/AppData/Local/Pro
grams/MiKTeX/fonts/type1/public/amsfonts/cm/cmbx10.pfb><C:/Users/Amirhosein/App
Data/Local/Programs/MiKTeX/fonts/type1/public/amsfonts/cm/cmcsc10.pfb><C:/Users
/Amirhosein/AppData/Local/Programs/MiKTeX/fonts/type1/public/amsfonts/cm/cmmi10
.pfb><C:/Users/Amirhosein/AppData/Local/Programs/MiKTeX/fonts/type1/public/amsf
onts/cm/cmmi8.pfb><C:/Users/Amirhosein/AppData/Local/Programs/MiKTeX/fonts/type
1/public/amsfonts/cm/cmr10.pfb><C:/Users/Amirhosein/AppData/Local/Programs/MiKT
eX/fonts/type1/public/amsfonts/cm/cmr5.pfb><C:/Users/Amirhosein/AppData/Local/P
rograms/MiKTeX/fonts/type1/public/amsfonts/cm/cmr8.pfb><C:/Users/Amirhosein/App
Data/Local/Programs/MiKTeX/fonts/type1/public/amsfonts/cm/cmr9.pfb><C:/Users/Am
irhosein/AppData/Local/Programs/MiKTeX/fonts/type1/public/amsfonts/cm/cmss10.pf
b><C:/Users/Amirhosein/AppData/Local/Programs/MiKTeX/fonts/type1/public/amsfont
s/cm/cmsy10.pfb><C:/Users/Amirhosein/AppData/Local/Programs/MiKTeX/fonts/type1/
public/amsfonts/cm/cmsy7.pfb><C:/Users/Amirhosein/AppData/Local/Programs/MiKTeX
/fonts/type1/public/amsfonts/cm/cmsy8.pfb><C:/Users/Amirhosein/AppData/Local/Pr
ograms/MiKTeX/fonts/type1/public/amsfonts/cm/cmti10.pfb><C:/Users/Amirhosein/Ap
pData/Local/Programs/MiKTeX/fonts/type1/public/amsfonts/cm/cmti7.pfb><C:/Users/
Amirhosein/AppData/Local/Programs/MiKTeX/fonts/type1/public/amsfonts/cm/cmti8.p
fb><C:/Users/Amirhosein/AppData/Local/Programs/MiKTeX/fonts/type1/public/amsfon
ts/latxfont/lasy10.pfb>
Output written on PManager.pdf (12 pages, 237506 bytes).
PDF statistics:
 126 PDF objects out of 1000 (max. 8388607)
 0 named destinations out of 1000 (max. 500000)
 1 words of extra memory for PDF output out of 10000 (max. 10000000)

