@!@!@STARTMSG 2262:0 @!@!@
TLC2 Version 2.16 of 31 December 2020 (rev: cdddf55)
@!@!@ENDMSG 2262 @!@!@
@!@!@STARTMSG 2187:0 @!@!@
Running breadth-first search Model-Checking with fp 50 and seed 9098797435064136932 with 4 workers on 8 cores with 599MB heap and 1345MB offheap memory [pid: 8936] (Windows 10 10.0 amd64, AdoptOpenJDK 14.0.1 x86_64, OffHeapDiskFPSet, DiskStateQueue).
@!@!@ENDMSG 2187 @!@!@
@!@!@STARTMSG 2220:0 @!@!@
Starting SANY...
@!@!@ENDMSG 2220 @!@!@
Parsing file G:\repos\access-control-management\spec\PManager.toolbox\Model_1\MC.tla
Parsing file G:\repos\access-control-management\spec\PManager.toolbox\Model_1\PManager.tla
Warning: symbols were renamed.
Parsing file G:\TLA+ Toolbox\plugins\org.lamport.tlatools_1.0.0.202012311918\tla2sany\StandardModules\TLC.tla
Parsing file G:\TLA+ Toolbox\plugins\org.lamport.tlatools_1.0.0.202012311918\tla2sany\StandardModules\Naturals.tla
Parsing file G:\TLA+ Toolbox\plugins\org.lamport.tlatools_1.0.0.202012311918\tla2sany\StandardModules\Sequences.tla
Parsing file G:\TLA+ Toolbox\plugins\org.lamport.tlatools_1.0.0.202012311918\tla2sany\StandardModules\FiniteSets.tla
Semantic processing of module Naturals
Semantic processing of module Sequences
Semantic processing of module PManager
Semantic processing of module FiniteSets
Semantic processing of module TLC
Semantic processing of module MC
@!@!@STARTMSG 2219:0 @!@!@
SANY finished.
@!@!@ENDMSG 2219 @!@!@
@!@!@STARTMSG 2185:0 @!@!@
Starting... (2023-03-22 09:45:47)
@!@!@ENDMSG 2185 @!@!@
@!@!@STARTMSG 2189:0 @!@!@
Computing initial states...
@!@!@ENDMSG 2189 @!@!@
@!@!@STARTMSG 2190:0 @!@!@
Finished computing initial states: 1 distinct state generated at 2023-03-22 09:45:48.
@!@!@ENDMSG 2190 @!@!@
@!@!@STARTMSG 2110:1 @!@!@
Invariant CpConsent is violated.
@!@!@ENDMSG 2110 @!@!@
@!@!@STARTMSG 2121:1 @!@!@
The behavior up to this point is:
@!@!@ENDMSG 2121 @!@!@
@!@!@STARTMSG 2217:4 @!@!@
1: <Initial predicate>
/\ app_a = <<defaultInitValue, defaultInitValue>>
/\ app_d = <<defaultInitValue, defaultInitValue>>
/\ permsInUse = <<<<FALSE, FALSE>>, <<FALSE, FALSE>>>>
/\ app_m = <<defaultInitValue, defaultInitValue>>
/\ app_s = <<defaultInitValue, defaultInitValue>>
/\ app_u = <<defaultInitValue, defaultInitValue>>
/\ app_ = <<defaultInitValue, defaultInitValue>>
/\ appPerms = <<<<"NULL", "NULL">>, <<"NULL", "NULL">>>>
/\ pc = <<"PLATFORM", "PLATFORM">>
/\ perm_a = <<defaultInitValue, defaultInitValue>>
/\ perm_as = <<defaultInitValue, defaultInitValue>>
/\ a1_ = <<defaultInitValue, defaultInitValue>>
/\ CP = <<"NULL", "NULL">>
/\ perm = <<defaultInitValue, defaultInitValue>>
/\ a2_ = <<defaultInitValue, defaultInitValue>>
/\ app = <<defaultInitValue, defaultInitValue>>
/\ perm_ = <<defaultInitValue, defaultInitValue>>
/\ installed = <<FALSE, FALSE>>
/\ appCustomPerms = <<<<"NULL", "NULL">>, <<"NULL", "NULL">>>>
/\ app_as = <<defaultInitValue, defaultInitValue>>
/\ cpUserConsent = <<<<"NULL", "NULL">>, <<"NULL", "NULL">>>>
/\ stack = <<<<>>, <<>>>>
/\ a1 = <<defaultInitValue, defaultInitValue>>
/\ appPermConsents = <<<<"NULL", "NULL">>, <<"NULL", "NULL">>>>
/\ a2 = <<defaultInitValue, defaultInitValue>>

@!@!@ENDMSG 2217 @!@!@
@!@!@STARTMSG 2217:4 @!@!@
2: <PLATFORM line 454, col 19 to line 516, col 63 of module PManager>
/\ app_a = <<defaultInitValue, defaultInitValue>>
/\ app_d = <<defaultInitValue, defaultInitValue>>
/\ permsInUse = <<<<FALSE, FALSE>>, <<FALSE, FALSE>>>>
/\ app_m = <<defaultInitValue, defaultInitValue>>
/\ app_s = <<defaultInitValue, defaultInitValue>>
/\ app_u = <<defaultInitValue, defaultInitValue>>
/\ app_ = <<defaultInitValue, 2>>
/\ appPerms = <<<<"NULL", "NULL">>, <<"NULL", "NULL">>>>
/\ pc = <<"PLATFORM", "INSTALL_APP">>
/\ perm_a = <<defaultInitValue, defaultInitValue>>
/\ perm_as = <<defaultInitValue, defaultInitValue>>
/\ a1_ = <<defaultInitValue, defaultInitValue>>
/\ CP = <<"NULL", "NULL">>
/\ perm = <<defaultInitValue, defaultInitValue>>
/\ a2_ = <<defaultInitValue, defaultInitValue>>
/\ app = <<defaultInitValue, defaultInitValue>>
/\ perm_ = <<defaultInitValue, defaultInitValue>>
/\ installed = <<FALSE, FALSE>>
/\ appCustomPerms = <<<<"NULL", "NULL">>, <<"NULL", "NULL">>>>
/\ app_as = <<defaultInitValue, defaultInitValue>>
/\ cpUserConsent = <<<<"NULL", "NULL">>, <<"NULL", "NULL">>>>
/\ stack = <<<<>>, <<[pc |-> "PLATFORM", app_ |-> defaultInitValue, procedure |-> "installApp"]>>>>
/\ a1 = <<defaultInitValue, defaultInitValue>>
/\ appPermConsents = <<<<"NULL", "NULL">>, <<"NULL", "NULL">>>>
/\ a2 = <<defaultInitValue, defaultInitValue>>

@!@!@ENDMSG 2217 @!@!@
@!@!@STARTMSG 2217:4 @!@!@
3: <INSTALL_APP line 214, col 22 to line 223, col 49 of module PManager>
/\ app_a = <<defaultInitValue, defaultInitValue>>
/\ app_d = <<defaultInitValue, defaultInitValue>>
/\ permsInUse = <<<<FALSE, FALSE>>, <<FALSE, FALSE>>>>
/\ app_m = <<defaultInitValue, defaultInitValue>>
/\ app_s = <<defaultInitValue, defaultInitValue>>
/\ app_u = <<defaultInitValue, defaultInitValue>>
/\ app_ = <<defaultInitValue, defaultInitValue>>
/\ appPerms = <<<<"NULL", "NULL">>, <<"NULL", "NULL">>>>
/\ pc = <<"PLATFORM", "PLATFORM">>
/\ perm_a = <<defaultInitValue, defaultInitValue>>
/\ perm_as = <<defaultInitValue, defaultInitValue>>
/\ a1_ = <<defaultInitValue, defaultInitValue>>
/\ CP = <<"NULL", "NULL">>
/\ perm = <<defaultInitValue, defaultInitValue>>
/\ a2_ = <<defaultInitValue, defaultInitValue>>
/\ app = <<defaultInitValue, defaultInitValue>>
/\ perm_ = <<defaultInitValue, defaultInitValue>>
/\ installed = <<FALSE, TRUE>>
/\ appCustomPerms = <<<<"NULL", "NULL">>, <<"NULL", "NULL">>>>
/\ app_as = <<defaultInitValue, defaultInitValue>>
/\ cpUserConsent = <<<<"NULL", "NULL">>, <<"NULL", "NULL">>>>
/\ stack = <<<<>>, <<>>>>
/\ a1 = <<defaultInitValue, defaultInitValue>>
/\ appPermConsents = <<<<"NULL", "NULL">>, <<"NULL", "NULL">>>>
/\ a2 = <<defaultInitValue, defaultInitValue>>

@!@!@ENDMSG 2217 @!@!@
@!@!@STARTMSG 2217:4 @!@!@
4: <PLATFORM line 454, col 19 to line 516, col 63 of module PManager>
/\ app_a = <<defaultInitValue, defaultInitValue>>
/\ app_d = <<defaultInitValue, defaultInitValue>>
/\ permsInUse = <<<<FALSE, FALSE>>, <<FALSE, FALSE>>>>
/\ app_m = <<defaultInitValue, defaultInitValue>>
/\ app_s = <<defaultInitValue, defaultInitValue>>
/\ app_u = <<defaultInitValue, defaultInitValue>>
/\ app_ = <<1, defaultInitValue>>
/\ appPerms = <<<<"NULL", "NULL">>, <<"NULL", "NULL">>>>
/\ pc = <<"INSTALL_APP", "PLATFORM">>
/\ perm_a = <<defaultInitValue, defaultInitValue>>
/\ perm_as = <<defaultInitValue, defaultInitValue>>
/\ a1_ = <<defaultInitValue, defaultInitValue>>
/\ CP = <<"NULL", "NULL">>
/\ perm = <<defaultInitValue, defaultInitValue>>
/\ a2_ = <<defaultInitValue, defaultInitValue>>
/\ app = <<defaultInitValue, defaultInitValue>>
/\ perm_ = <<defaultInitValue, defaultInitValue>>
/\ installed = <<FALSE, TRUE>>
/\ appCustomPerms = <<<<"NULL", "NULL">>, <<"NULL", "NULL">>>>
/\ app_as = <<defaultInitValue, defaultInitValue>>
/\ cpUserConsent = <<<<"NULL", "NULL">>, <<"NULL", "NULL">>>>
/\ stack = <<<<[pc |-> "PLATFORM", app_ |-> defaultInitValue, procedure |-> "installApp"]>>, <<>>>>
/\ a1 = <<defaultInitValue, defaultInitValue>>
/\ appPermConsents = <<<<"NULL", "NULL">>, <<"NULL", "NULL">>>>
/\ a2 = <<defaultInitValue, defaultInitValue>>

@!@!@ENDMSG 2217 @!@!@
@!@!@STARTMSG 2217:4 @!@!@
5: <INSTALL_APP line 214, col 22 to line 223, col 49 of module PManager>
/\ app_a = <<defaultInitValue, defaultInitValue>>
/\ app_d = <<defaultInitValue, defaultInitValue>>
/\ permsInUse = <<<<FALSE, FALSE>>, <<FALSE, FALSE>>>>
/\ app_m = <<defaultInitValue, defaultInitValue>>
/\ app_s = <<defaultInitValue, defaultInitValue>>
/\ app_u = <<defaultInitValue, defaultInitValue>>
/\ app_ = <<defaultInitValue, defaultInitValue>>
/\ appPerms = <<<<"NULL", "NULL">>, <<"NULL", "NULL">>>>
/\ pc = <<"PLATFORM", "PLATFORM">>
/\ perm_a = <<defaultInitValue, defaultInitValue>>
/\ perm_as = <<defaultInitValue, defaultInitValue>>
/\ a1_ = <<defaultInitValue, defaultInitValue>>
/\ CP = <<"NULL", "NULL">>
/\ perm = <<defaultInitValue, defaultInitValue>>
/\ a2_ = <<defaultInitValue, defaultInitValue>>
/\ app = <<defaultInitValue, defaultInitValue>>
/\ perm_ = <<defaultInitValue, defaultInitValue>>
/\ installed = <<TRUE, TRUE>>
/\ appCustomPerms = <<<<"NULL", "NULL">>, <<"NULL", "NULL">>>>
/\ app_as = <<defaultInitValue, defaultInitValue>>
/\ cpUserConsent = <<<<"NULL", "NULL">>, <<"NULL", "NULL">>>>
/\ stack = <<<<>>, <<>>>>
/\ a1 = <<defaultInitValue, defaultInitValue>>
/\ appPermConsents = <<<<"NULL", "NULL">>, <<"NULL", "NULL">>>>
/\ a2 = <<defaultInitValue, defaultInitValue>>

@!@!@ENDMSG 2217 @!@!@
@!@!@STARTMSG 2217:4 @!@!@
6: <PLATFORM line 454, col 19 to line 516, col 63 of module PManager>
/\ app_a = <<defaultInitValue, defaultInitValue>>
/\ app_d = <<1, defaultInitValue>>
/\ permsInUse = <<<<FALSE, FALSE>>, <<FALSE, FALSE>>>>
/\ app_m = <<defaultInitValue, defaultInitValue>>
/\ app_s = <<defaultInitValue, defaultInitValue>>
/\ app_u = <<defaultInitValue, defaultInitValue>>
/\ app_ = <<defaultInitValue, defaultInitValue>>
/\ appPerms = <<<<"NULL", "NULL">>, <<"NULL", "NULL">>>>
/\ pc = <<"DEFINE_CP", "PLATFORM">>
/\ perm_a = <<defaultInitValue, defaultInitValue>>
/\ perm_as = <<defaultInitValue, defaultInitValue>>
/\ a1_ = <<defaultInitValue, defaultInitValue>>
/\ CP = <<"NULL", "NULL">>
/\ perm = <<defaultInitValue, defaultInitValue>>
/\ a2_ = <<defaultInitValue, defaultInitValue>>
/\ app = <<defaultInitValue, defaultInitValue>>
/\ perm_ = <<defaultInitValue, defaultInitValue>>
/\ installed = <<TRUE, TRUE>>
/\ appCustomPerms = <<<<"NULL", "NULL">>, <<"NULL", "NULL">>>>
/\ app_as = <<defaultInitValue, defaultInitValue>>
/\ cpUserConsent = <<<<"NULL", "NULL">>, <<"NULL", "NULL">>>>
/\ stack = <<<<[pc |-> "PLATFORM", app_d |-> defaultInitValue, procedure |-> "defineCP"]>>, <<>>>>
/\ a1 = <<defaultInitValue, defaultInitValue>>
/\ appPermConsents = <<<<"NULL", "NULL">>, <<"NULL", "NULL">>>>
/\ a2 = <<defaultInitValue, defaultInitValue>>

@!@!@ENDMSG 2217 @!@!@
@!@!@STARTMSG 2217:4 @!@!@
7: <DEFINE_CP line 227, col 20 to line 237, col 62 of module PManager>
/\ app_a = <<defaultInitValue, defaultInitValue>>
/\ app_d = <<defaultInitValue, defaultInitValue>>
/\ permsInUse = <<<<FALSE, FALSE>>, <<FALSE, FALSE>>>>
/\ app_m = <<defaultInitValue, defaultInitValue>>
/\ app_s = <<defaultInitValue, defaultInitValue>>
/\ app_u = <<defaultInitValue, defaultInitValue>>
/\ app_ = <<defaultInitValue, defaultInitValue>>
/\ appPerms = <<<<"NULL", "NULL">>, <<"NULL", "NULL">>>>
/\ pc = <<"PLATFORM", "PLATFORM">>
/\ perm_a = <<defaultInitValue, defaultInitValue>>
/\ perm_as = <<defaultInitValue, defaultInitValue>>
/\ a1_ = <<defaultInitValue, defaultInitValue>>
/\ CP = <<"NORMAL", "NULL">>
/\ perm = <<defaultInitValue, defaultInitValue>>
/\ a2_ = <<defaultInitValue, defaultInitValue>>
/\ app = <<defaultInitValue, defaultInitValue>>
/\ perm_ = <<defaultInitValue, defaultInitValue>>
/\ installed = <<TRUE, TRUE>>
/\ appCustomPerms = <<<<"NULL", "NULL">>, <<"NULL", "NULL">>>>
/\ app_as = <<defaultInitValue, defaultInitValue>>
/\ cpUserConsent = <<<<"NULL", "NULL">>, <<"NULL", "NULL">>>>
/\ stack = <<<<>>, <<>>>>
/\ a1 = <<defaultInitValue, defaultInitValue>>
/\ appPermConsents = <<<<"NULL", "NULL">>, <<"NULL", "NULL">>>>
/\ a2 = <<defaultInitValue, defaultInitValue>>

@!@!@ENDMSG 2217 @!@!@
@!@!@STARTMSG 2217:4 @!@!@
8: <PLATFORM line 454, col 19 to line 516, col 63 of module PManager>
/\ app_a = <<defaultInitValue, defaultInitValue>>
/\ app_d = <<defaultInitValue, defaultInitValue>>
/\ permsInUse = <<<<FALSE, FALSE>>, <<FALSE, FALSE>>>>
/\ app_m = <<defaultInitValue, defaultInitValue>>
/\ app_s = <<defaultInitValue, defaultInitValue>>
/\ app_u = <<1, defaultInitValue>>
/\ app_ = <<defaultInitValue, defaultInitValue>>
/\ appPerms = <<<<"NULL", "NULL">>, <<"NULL", "NULL">>>>
/\ pc = <<"UPDATE_APP", "PLATFORM">>
/\ perm_a = <<defaultInitValue, defaultInitValue>>
/\ perm_as = <<defaultInitValue, defaultInitValue>>
/\ a1_ = <<defaultInitValue, defaultInitValue>>
/\ CP = <<"NORMAL", "NULL">>
/\ perm = <<defaultInitValue, defaultInitValue>>
/\ a2_ = <<defaultInitValue, defaultInitValue>>
/\ app = <<defaultInitValue, defaultInitValue>>
/\ perm_ = <<defaultInitValue, defaultInitValue>>
/\ installed = <<TRUE, TRUE>>
/\ appCustomPerms = <<<<"NULL", "NULL">>, <<"NULL", "NULL">>>>
/\ app_as = <<defaultInitValue, defaultInitValue>>
/\ cpUserConsent = <<<<"NULL", "NULL">>, <<"NULL", "NULL">>>>
/\ stack = <<<<[pc |-> "PLATFORM", app_u |-> defaultInitValue, procedure |-> "updateApp"]>>, <<>>>>
/\ a1 = <<defaultInitValue, defaultInitValue>>
/\ appPermConsents = <<<<"NULL", "NULL">>, <<"NULL", "NULL">>>>
/\ a2 = <<defaultInitValue, defaultInitValue>>

@!@!@ENDMSG 2217 @!@!@
@!@!@STARTMSG 2217:4 @!@!@
9: <PLATFORM line 454, col 19 to line 516, col 63 of module PManager>
/\ app_a = <<defaultInitValue, defaultInitValue>>
/\ app_d = <<defaultInitValue, defaultInitValue>>
/\ permsInUse = <<<<FALSE, FALSE>>, <<FALSE, FALSE>>>>
/\ app_m = <<defaultInitValue, defaultInitValue>>
/\ app_s = <<defaultInitValue, defaultInitValue>>
/\ app_u = <<1, defaultInitValue>>
/\ app_ = <<defaultInitValue, defaultInitValue>>
/\ appPerms = <<<<"NULL", "NULL">>, <<"NULL", "NULL">>>>
/\ pc = <<"UPDATE_APP", "ASK_APP_CP">>
/\ perm_a = <<defaultInitValue, defaultInitValue>>
/\ perm_as = <<defaultInitValue, defaultInitValue>>
/\ a1_ = <<defaultInitValue, defaultInitValue>>
/\ CP = <<"NORMAL", "NULL">>
/\ perm = <<defaultInitValue, defaultInitValue>>
/\ a2_ = <<defaultInitValue, defaultInitValue>>
/\ app = <<defaultInitValue, defaultInitValue>>
/\ perm_ = <<defaultInitValue, defaultInitValue>>
/\ installed = <<TRUE, TRUE>>
/\ appCustomPerms = <<<<"NULL", "NULL">>, <<"NULL", "NULL">>>>
/\ app_as = <<defaultInitValue, defaultInitValue>>
/\ cpUserConsent = <<<<"NULL", "NULL">>, <<"NULL", "NULL">>>>
/\ stack = <<<<[pc |-> "PLATFORM", app_u |-> defaultInitValue, procedure |-> "updateApp"]>>, <<[pc |-> "PLATFORM", a1 |-> defaultInitValue, a2 |-> defaultInitValue, procedure |-> "askAppCP"]>>>>
/\ a1 = <<defaultInitValue, 2>>
/\ appPermConsents = <<<<"NULL", "NULL">>, <<"NULL", "NULL">>>>
/\ a2 = <<defaultInitValue, 1>>

@!@!@ENDMSG 2217 @!@!@
@!@!@STARTMSG 2217:4 @!@!@
10: <ASK_APP_CP line 377, col 21 to line 409, col 72 of module PManager>
/\ app_a = <<defaultInitValue, defaultInitValue>>
/\ app_d = <<defaultInitValue, defaultInitValue>>
/\ permsInUse = <<<<FALSE, FALSE>>, <<FALSE, FALSE>>>>
/\ app_m = <<defaultInitValue, defaultInitValue>>
/\ app_s = <<defaultInitValue, defaultInitValue>>
/\ app_u = <<1, defaultInitValue>>
/\ app_ = <<defaultInitValue, defaultInitValue>>
/\ appPerms = <<<<"NULL", "NULL">>, <<"NULL", "NULL">>>>
/\ pc = <<"UPDATE_APP", "Error">>
/\ perm_a = <<defaultInitValue, defaultInitValue>>
/\ perm_as = <<defaultInitValue, defaultInitValue>>
/\ a1_ = <<defaultInitValue, defaultInitValue>>
/\ CP = <<"NORMAL", "NULL">>
/\ perm = <<defaultInitValue, defaultInitValue>>
/\ a2_ = <<defaultInitValue, defaultInitValue>>
/\ app = <<defaultInitValue, defaultInitValue>>
/\ perm_ = <<defaultInitValue, defaultInitValue>>
/\ installed = <<TRUE, TRUE>>
/\ appCustomPerms = <<<<"NULL", "NULL">>, <<"GRANT", "NULL">>>>
/\ app_as = <<defaultInitValue, defaultInitValue>>
/\ cpUserConsent = <<<<"NULL", "NULL">>, <<"NULL", "NULL">>>>
/\ stack = <<<<[pc |-> "PLATFORM", app_u |-> defaultInitValue, procedure |-> "updateApp"]>>, <<[pc |-> "PLATFORM", a1 |-> defaultInitValue, a2 |-> defaultInitValue, procedure |-> "askAppCP"]>>>>
/\ a1 = <<defaultInitValue, 2>>
/\ appPermConsents = <<<<"NULL", "NULL">>, <<"NULL", "NULL">>>>
/\ a2 = <<defaultInitValue, 1>>

@!@!@ENDMSG 2217 @!@!@
@!@!@STARTMSG 2217:4 @!@!@
11: <UPDATE_APP line 275, col 21 to line 291, col 63 of module PManager>
/\ app_a = <<defaultInitValue, defaultInitValue>>
/\ app_d = <<defaultInitValue, defaultInitValue>>
/\ permsInUse = <<<<FALSE, FALSE>>, <<FALSE, FALSE>>>>
/\ app_m = <<defaultInitValue, defaultInitValue>>
/\ app_s = <<defaultInitValue, defaultInitValue>>
/\ app_u = <<1, defaultInitValue>>
/\ app_ = <<defaultInitValue, defaultInitValue>>
/\ appPerms = <<<<"NULL", "NULL">>, <<"NULL", "NULL">>>>
/\ pc = <<"RETURNING", "Error">>
/\ perm_a = <<defaultInitValue, defaultInitValue>>
/\ perm_as = <<defaultInitValue, defaultInitValue>>
/\ a1_ = <<defaultInitValue, defaultInitValue>>
/\ CP = <<"NULL", "NULL">>
/\ perm = <<defaultInitValue, defaultInitValue>>
/\ a2_ = <<defaultInitValue, defaultInitValue>>
/\ app = <<defaultInitValue, defaultInitValue>>
/\ perm_ = <<defaultInitValue, defaultInitValue>>
/\ installed = <<TRUE, TRUE>>
/\ appCustomPerms = <<<<"NULL", "NULL">>, <<"GRANT", "NULL">>>>
/\ app_as = <<defaultInitValue, defaultInitValue>>
/\ cpUserConsent = <<<<"NULL", "NULL">>, <<"NULL", "NULL">>>>
/\ stack = <<<<[pc |-> "PLATFORM", app_u |-> defaultInitValue, procedure |-> "updateApp"]>>, <<[pc |-> "PLATFORM", a1 |-> defaultInitValue, a2 |-> defaultInitValue, procedure |-> "askAppCP"]>>>>
/\ a1 = <<defaultInitValue, 2>>
/\ appPermConsents = <<<<"NULL", "NULL">>, <<"NULL", "NULL">>>>
/\ a2 = <<defaultInitValue, 1>>

@!@!@ENDMSG 2217 @!@!@
@!@!@STARTMSG 2217:4 @!@!@
12: <RETURNING line 293, col 20 to line 301, col 62 of module PManager>
/\ app_a = <<defaultInitValue, defaultInitValue>>
/\ app_d = <<defaultInitValue, defaultInitValue>>
/\ permsInUse = <<<<FALSE, FALSE>>, <<FALSE, FALSE>>>>
/\ app_m = <<defaultInitValue, defaultInitValue>>
/\ app_s = <<defaultInitValue, defaultInitValue>>
/\ app_u = <<defaultInitValue, defaultInitValue>>
/\ app_ = <<defaultInitValue, defaultInitValue>>
/\ appPerms = <<<<"NULL", "NULL">>, <<"NULL", "NULL">>>>
/\ pc = <<"PLATFORM", "Error">>
/\ perm_a = <<defaultInitValue, defaultInitValue>>
/\ perm_as = <<defaultInitValue, defaultInitValue>>
/\ a1_ = <<defaultInitValue, defaultInitValue>>
/\ CP = <<"NULL", "NULL">>
/\ perm = <<defaultInitValue, defaultInitValue>>
/\ a2_ = <<defaultInitValue, defaultInitValue>>
/\ app = <<defaultInitValue, defaultInitValue>>
/\ perm_ = <<defaultInitValue, defaultInitValue>>
/\ installed = <<TRUE, TRUE>>
/\ appCustomPerms = <<<<"NULL", "NULL">>, <<"GRANT", "NULL">>>>
/\ app_as = <<defaultInitValue, defaultInitValue>>
/\ cpUserConsent = <<<<"NULL", "NULL">>, <<"NULL", "NULL">>>>
/\ stack = << <<>>,
   << [ pc |-> "PLATFORM",
        a1 |-> defaultInitValue,
        a2 |-> defaultInitValue,
        procedure |-> "askAppCP" ] >> >>
/\ a1 = <<defaultInitValue, 2>>
/\ appPermConsents = <<<<"NULL", "NULL">>, <<"NULL", "NULL">>>>
/\ a2 = <<defaultInitValue, 1>>

@!@!@ENDMSG 2217 @!@!@
@!@!@STARTMSG 2217:4 @!@!@
13: <PLATFORM line 454, col 19 to line 516, col 63 of module PManager>
/\ app_a = <<defaultInitValue, defaultInitValue>>
/\ app_d = <<1, defaultInitValue>>
/\ permsInUse = <<<<FALSE, FALSE>>, <<FALSE, FALSE>>>>
/\ app_m = <<defaultInitValue, defaultInitValue>>
/\ app_s = <<defaultInitValue, defaultInitValue>>
/\ app_u = <<defaultInitValue, defaultInitValue>>
/\ app_ = <<defaultInitValue, defaultInitValue>>
/\ appPerms = <<<<"NULL", "NULL">>, <<"NULL", "NULL">>>>
/\ pc = <<"DEFINE_CP", "Error">>
/\ perm_a = <<defaultInitValue, defaultInitValue>>
/\ perm_as = <<defaultInitValue, defaultInitValue>>
/\ a1_ = <<defaultInitValue, defaultInitValue>>
/\ CP = <<"NULL", "NULL">>
/\ perm = <<defaultInitValue, defaultInitValue>>
/\ a2_ = <<defaultInitValue, defaultInitValue>>
/\ app = <<defaultInitValue, defaultInitValue>>
/\ perm_ = <<defaultInitValue, defaultInitValue>>
/\ installed = <<TRUE, TRUE>>
/\ appCustomPerms = <<<<"NULL", "NULL">>, <<"GRANT", "NULL">>>>
/\ app_as = <<defaultInitValue, defaultInitValue>>
/\ cpUserConsent = <<<<"NULL", "NULL">>, <<"NULL", "NULL">>>>
/\ stack = <<<<[pc |-> "PLATFORM", app_d |-> defaultInitValue, procedure |-> "defineCP"]>>, <<[pc |-> "PLATFORM", a1 |-> defaultInitValue, a2 |-> defaultInitValue, procedure |-> "askAppCP"]>>>>
/\ a1 = <<defaultInitValue, 2>>
/\ appPermConsents = <<<<"NULL", "NULL">>, <<"NULL", "NULL">>>>
/\ a2 = <<defaultInitValue, 1>>

@!@!@ENDMSG 2217 @!@!@
@!@!@STARTMSG 2217:4 @!@!@
14: <DEFINE_CP line 227, col 20 to line 237, col 62 of module PManager>
/\ app_a = <<defaultInitValue, defaultInitValue>>
/\ app_d = <<defaultInitValue, defaultInitValue>>
/\ permsInUse = <<<<FALSE, FALSE>>, <<FALSE, FALSE>>>>
/\ app_m = <<defaultInitValue, defaultInitValue>>
/\ app_s = <<defaultInitValue, defaultInitValue>>
/\ app_u = <<defaultInitValue, defaultInitValue>>
/\ app_ = <<defaultInitValue, defaultInitValue>>
/\ appPerms = <<<<"NULL", "NULL">>, <<"NULL", "NULL">>>>
/\ pc = <<"PLATFORM", "Error">>
/\ perm_a = <<defaultInitValue, defaultInitValue>>
/\ perm_as = <<defaultInitValue, defaultInitValue>>
/\ a1_ = <<defaultInitValue, defaultInitValue>>
/\ CP = <<"SENSITIVE", "NULL">>
/\ perm = <<defaultInitValue, defaultInitValue>>
/\ a2_ = <<defaultInitValue, defaultInitValue>>
/\ app = <<defaultInitValue, defaultInitValue>>
/\ perm_ = <<defaultInitValue, defaultInitValue>>
/\ installed = <<TRUE, TRUE>>
/\ appCustomPerms = <<<<"NULL", "NULL">>, <<"GRANT", "NULL">>>>
/\ app_as = <<defaultInitValue, defaultInitValue>>
/\ cpUserConsent = <<<<"NULL", "NULL">>, <<"NULL", "NULL">>>>
/\ stack = << <<>>,
   << [ pc |-> "PLATFORM",
        a1 |-> defaultInitValue,
        a2 |-> defaultInitValue,
        procedure |-> "askAppCP" ] >> >>
/\ a1 = <<defaultInitValue, 2>>
/\ appPermConsents = <<<<"NULL", "NULL">>, <<"NULL", "NULL">>>>
/\ a2 = <<defaultInitValue, 1>>

@!@!@ENDMSG 2217 @!@!@
@!@!@STARTMSG 2201:0 @!@!@
The coverage statistics at 2023-03-22 09:45:48
@!@!@ENDMSG 2201 @!@!@
@!@!@STARTMSG 2773:0 @!@!@
<Init line 177, col 1 to line 177, col 4 of module PManager>: 2:2
@!@!@ENDMSG 2773 @!@!@
@!@!@STARTMSG 2221:0 @!@!@
  line 178, col 9 to line 212, col 49 of module PManager: 2
@!@!@ENDMSG 2221 @!@!@
@!@!@STARTMSG 2772:0 @!@!@
<INSTALL_APP line 214, col 1 to line 214, col 17 of module PManager>: 7:578
@!@!@ENDMSG 2772 @!@!@
@!@!@STARTMSG 2221:0 @!@!@
  line 214, col 25 to line 214, col 48 of module PManager: 10524
@!@!@ENDMSG 2221 @!@!@
@!@!@STARTMSG 2221:0 @!@!@
  |line 214, col 25 to line 214, col 32 of module PManager: 9946
@!@!@ENDMSG 2221 @!@!@
@!@!@STARTMSG 2221:0 @!@!@
  line 215, col 25 to line 215, col 76 of module PManager: 578
@!@!@ENDMSG 2221 @!@!@
@!@!@STARTMSG 2221:0 @!@!@
  line 216, col 25 to line 216, col 72 of module PManager: 578
@!@!@ENDMSG 2221 @!@!@
@!@!@STARTMSG 2221:0 @!@!@
  line 217, col 25 to line 217, col 78 of module PManager: 578
@!@!@ENDMSG 2221 @!@!@
@!@!@STARTMSG 2221:0 @!@!@
  line 218, col 25 to line 218, col 75 of module PManager: 578
@!@!@ENDMSG 2221 @!@!@
@!@!@STARTMSG 2221:0 @!@!@
  line 219, col 25 to line 223, col 49 of module PManager: 578
@!@!@ENDMSG 2221 @!@!@
@!@!@STARTMSG 2772:0 @!@!@
<DEFINE_CP line 227, col 1 to line 227, col 15 of module PManager>: 604:1386
@!@!@ENDMSG 2772 @!@!@
@!@!@STARTMSG 2221:0 @!@!@
  line 227, col 23 to line 227, col 44 of module PManager: 10636
@!@!@ENDMSG 2221 @!@!@
@!@!@STARTMSG 2221:0 @!@!@
  |line 227, col 23 to line 227, col 30 of module PManager: 9944
@!@!@ENDMSG 2221 @!@!@
@!@!@STARTMSG 2221:0 @!@!@
  line 228, col 26 to line 228, col 69 of module PManager: 693
@!@!@ENDMSG 2221 @!@!@
@!@!@STARTMSG 2221:0 @!@!@
  line 229, col 29 to line 229, col 72 of module PManager: 692
@!@!@ENDMSG 2221 @!@!@
@!@!@STARTMSG 2221:0 @!@!@
  |line 229, col 35 to line 229, col 72 of module PManager: 693
@!@!@ENDMSG 2221 @!@!@
@!@!@STARTMSG 2221:0 @!@!@
  line 230, col 23 to line 230, col 70 of module PManager: 1385
@!@!@ENDMSG 2221 @!@!@
@!@!@STARTMSG 2221:0 @!@!@
  |line 230, col 29 to line 230, col 70 of module PManager: 1386
@!@!@ENDMSG 2221 @!@!@
@!@!@STARTMSG 2221:0 @!@!@
  line 231, col 23 to line 231, col 79 of module PManager: 1385
@!@!@ENDMSG 2221 @!@!@
@!@!@STARTMSG 2221:0 @!@!@
  |line 231, col 32 to line 231, col 79 of module PManager: 1386
@!@!@ENDMSG 2221 @!@!@
@!@!@STARTMSG 2221:0 @!@!@
  line 232, col 23 to line 232, col 73 of module PManager: 1385
@!@!@ENDMSG 2221 @!@!@
@!@!@STARTMSG 2221:0 @!@!@
  |line 232, col 32 to line 232, col 73 of module PManager: 1386
@!@!@ENDMSG 2221 @!@!@
@!@!@STARTMSG 2221:0 @!@!@
  line 233, col 23 to line 237, col 62 of module PManager: 1385
@!@!@ENDMSG 2221 @!@!@
@!@!@STARTMSG 2772:0 @!@!@
<SYSTEM_ARBITRARY_DECISION line 241, col 1 to line 241, col 31 of module PManager>: 21:492
@!@!@ENDMSG 2772 @!@!@
@!@!@STARTMSG 2221:0 @!@!@
  line 241, col 39 to line 241, col 76 of module PManager: 10187
@!@!@ENDMSG 2221 @!@!@
@!@!@STARTMSG 2221:0 @!@!@
  |line 241, col 39 to line 241, col 46 of module PManager: 9941
@!@!@ENDMSG 2221 @!@!@
@!@!@STARTMSG 2221:0 @!@!@
  line 242, col 39 to line 245, col 124 of module PManager: 246
@!@!@ENDMSG 2221 @!@!@
@!@!@STARTMSG 2221:0 @!@!@
  line 246, col 39 to line 246, col 86 of module PManager: 492
@!@!@ENDMSG 2221 @!@!@
@!@!@STARTMSG 2221:0 @!@!@
  line 247, col 39 to line 247, col 95 of module PManager: 492
@!@!@ENDMSG 2221 @!@!@
@!@!@STARTMSG 2221:0 @!@!@
  line 248, col 39 to line 248, col 95 of module PManager: 492
@!@!@ENDMSG 2221 @!@!@
@!@!@STARTMSG 2221:0 @!@!@
  line 249, col 39 to line 249, col 89 of module PManager: 492
@!@!@ENDMSG 2221 @!@!@
@!@!@STARTMSG 2221:0 @!@!@
  line 250, col 39 to line 255, col 74 of module PManager: 492
@!@!@ENDMSG 2221 @!@!@
@!@!@STARTMSG 2772:0 @!@!@
<ASK_CP_FROM_USER line 259, col 1 to line 259, col 22 of module PManager>: 243:626
@!@!@ENDMSG 2772 @!@!@
@!@!@STARTMSG 2221:0 @!@!@
  line 259, col 30 to line 259, col 58 of module PManager: 10254
@!@!@ENDMSG 2221 @!@!@
@!@!@STARTMSG 2221:0 @!@!@
  |line 259, col 30 to line 259, col 37 of module PManager: 9941
@!@!@ENDMSG 2221 @!@!@
@!@!@STARTMSG 2221:0 @!@!@
  line 260, col 30 to line 263, col 107 of module PManager: 313
@!@!@ENDMSG 2221 @!@!@
@!@!@STARTMSG 2221:0 @!@!@
  line 264, col 30 to line 264, col 77 of module PManager: 626
@!@!@ENDMSG 2221 @!@!@
@!@!@STARTMSG 2221:0 @!@!@
  line 265, col 30 to line 265, col 80 of module PManager: 626
@!@!@ENDMSG 2221 @!@!@
@!@!@STARTMSG 2221:0 @!@!@
  line 266, col 30 to line 266, col 80 of module PManager: 626
@!@!@ENDMSG 2221 @!@!@
@!@!@STARTMSG 2221:0 @!@!@
  line 267, col 30 to line 267, col 80 of module PManager: 626
@!@!@ENDMSG 2221 @!@!@
@!@!@STARTMSG 2221:0 @!@!@
  line 268, col 30 to line 271, col 78 of module PManager: 626
@!@!@ENDMSG 2221 @!@!@
@!@!@STARTMSG 2772:0 @!@!@
<UPDATE_APP line 275, col 1 to line 275, col 16 of module PManager>: 320:772
@!@!@ENDMSG 2772 @!@!@
@!@!@STARTMSG 2221:0 @!@!@
  line 275, col 24 to line 275, col 46 of module PManager: 10713
@!@!@ENDMSG 2221 @!@!@
@!@!@STARTMSG 2221:0 @!@!@
  |line 275, col 24 to line 275, col 31 of module PManager: 9941
@!@!@ENDMSG 2221 @!@!@
@!@!@STARTMSG 2221:0 @!@!@
  line 276, col 27 to line 276, col 48 of module PManager: 772
@!@!@ENDMSG 2221 @!@!@
@!@!@STARTMSG 2221:0 @!@!@
  line 277, col 32 to line 283, col 42 of module PManager: 425
@!@!@ENDMSG 2221 @!@!@
@!@!@STARTMSG 2221:0 @!@!@
  line 284, col 35 to line 284, col 73 of module PManager: 347
@!@!@ENDMSG 2221 @!@!@
@!@!@STARTMSG 2221:0 @!@!@
  line 285, col 35 to line 285, col 73 of module PManager: 347
@!@!@ENDMSG 2221 @!@!@
@!@!@STARTMSG 2221:0 @!@!@
  line 286, col 35 to line 286, col 62 of module PManager: 347
@!@!@ENDMSG 2221 @!@!@
@!@!@STARTMSG 2221:0 @!@!@
  line 287, col 24 to line 291, col 63 of module PManager: 772
@!@!@ENDMSG 2221 @!@!@
@!@!@STARTMSG 2772:0 @!@!@
<RETURNING line 293, col 1 to line 293, col 15 of module PManager>: 5:481
@!@!@ENDMSG 2772 @!@!@
@!@!@STARTMSG 2221:0 @!@!@
  line 293, col 23 to line 293, col 44 of module PManager: 10421
@!@!@ENDMSG 2221 @!@!@
@!@!@STARTMSG 2221:0 @!@!@
  |line 293, col 23 to line 293, col 30 of module PManager: 9940
@!@!@ENDMSG 2221 @!@!@
@!@!@STARTMSG 2221:0 @!@!@
  line 294, col 23 to line 294, col 70 of module PManager: 481
@!@!@ENDMSG 2221 @!@!@
@!@!@STARTMSG 2221:0 @!@!@
  line 295, col 23 to line 295, col 79 of module PManager: 481
@!@!@ENDMSG 2221 @!@!@
@!@!@STARTMSG 2221:0 @!@!@
  line 296, col 23 to line 296, col 73 of module PManager: 481
@!@!@ENDMSG 2221 @!@!@
@!@!@STARTMSG 2221:0 @!@!@
  line 297, col 23 to line 301, col 62 of module PManager: 481
@!@!@ENDMSG 2221 @!@!@
@!@!@STARTMSG 2772:0 @!@!@
<ASK_USER_CONSENT line 305, col 1 to line 305, col 22 of module PManager>: 294:492
@!@!@ENDMSG 2772 @!@!@
@!@!@STARTMSG 2221:0 @!@!@
  line 305, col 30 to line 305, col 58 of module PManager: 10185
@!@!@ENDMSG 2221 @!@!@
@!@!@STARTMSG 2221:0 @!@!@
  |line 305, col 30 to line 305, col 37 of module PManager: 9939
@!@!@ENDMSG 2221 @!@!@
@!@!@STARTMSG 2221:0 @!@!@
  line 306, col 30 to line 309, col 116 of module PManager: 246
@!@!@ENDMSG 2221 @!@!@
@!@!@STARTMSG 2221:0 @!@!@
  line 310, col 30 to line 310, col 77 of module PManager: 492
@!@!@ENDMSG 2221 @!@!@
@!@!@STARTMSG 2221:0 @!@!@
  line 311, col 30 to line 311, col 86 of module PManager: 492
@!@!@ENDMSG 2221 @!@!@
@!@!@STARTMSG 2221:0 @!@!@
  line 312, col 30 to line 312, col 89 of module PManager: 492
@!@!@ENDMSG 2221 @!@!@
@!@!@STARTMSG 2221:0 @!@!@
  line 313, col 30 to line 313, col 80 of module PManager: 492
@!@!@ENDMSG 2221 @!@!@
@!@!@STARTMSG 2221:0 @!@!@
  line 314, col 30 to line 318, col 48 of module PManager: 492
@!@!@ENDMSG 2221 @!@!@
@!@!@STARTMSG 2772:0 @!@!@
<ASK_PERMISSION line 322, col 1 to line 322, col 20 of module PManager>: 816:1471
@!@!@ENDMSG 2772 @!@!@
@!@!@STARTMSG 2221:0 @!@!@
  line 322, col 28 to line 322, col 54 of module PManager: 11410
@!@!@ENDMSG 2221 @!@!@
@!@!@STARTMSG 2221:0 @!@!@
  |line 322, col 28 to line 322, col 35 of module PManager: 9939
@!@!@ENDMSG 2221 @!@!@
@!@!@STARTMSG 2221:0 @!@!@
  line 323, col 31 to line 323, col 75 of module PManager: 1471
@!@!@ENDMSG 2221 @!@!@
@!@!@STARTMSG 2221:0 @!@!@
  line 324, col 36 to line 328, col 89 of module PManager: 16
@!@!@ENDMSG 2221 @!@!@
@!@!@STARTMSG 2221:0 @!@!@
  line 329, col 42 to line 329, col 85 of module PManager: 1455
@!@!@ENDMSG 2221 @!@!@
@!@!@STARTMSG 2221:0 @!@!@
  line 330, col 47 to line 334, col 100 of module PManager: 16
@!@!@ENDMSG 2221 @!@!@
@!@!@STARTMSG 2221:0 @!@!@
  line 335, col 50 to line 335, col 92 of module PManager: 1439
@!@!@ENDMSG 2221 @!@!@
@!@!@STARTMSG 2221:0 @!@!@
  line 336, col 50 to line 338, col 72 of module PManager: 1439
@!@!@ENDMSG 2221 @!@!@
@!@!@STARTMSG 2221:0 @!@!@
  line 339, col 28 to line 343, col 46 of module PManager: 1471
@!@!@ENDMSG 2221 @!@!@
@!@!@STARTMSG 2772:0 @!@!@
<make_decision line 345, col 1 to line 345, col 19 of module PManager>: 508:843
@!@!@ENDMSG 2772 @!@!@
@!@!@STARTMSG 2221:0 @!@!@
  line 345, col 27 to line 345, col 52 of module PManager: 10782
@!@!@ENDMSG 2221 @!@!@
@!@!@STARTMSG 2221:0 @!@!@
  |line 345, col 27 to line 345, col 34 of module PManager: 9939
@!@!@ENDMSG 2221 @!@!@
@!@!@STARTMSG 2221:0 @!@!@
  line 346, col 27 to line 352, col 78 of module PManager: 843
@!@!@ENDMSG 2221 @!@!@
@!@!@STARTMSG 2221:0 @!@!@
  line 353, col 27 to line 353, col 69 of module PManager: 843
@!@!@ENDMSG 2221 @!@!@
@!@!@STARTMSG 2221:0 @!@!@
  line 354, col 27 to line 358, col 70 of module PManager: 843
@!@!@ENDMSG 2221 @!@!@
@!@!@STARTMSG 2772:0 @!@!@
<using_perm line 360, col 1 to line 360, col 16 of module PManager>: 167:237
@!@!@ENDMSG 2772 @!@!@
@!@!@STARTMSG 2221:0 @!@!@
  line 360, col 24 to line 360, col 46 of module PManager: 10176
@!@!@ENDMSG 2221 @!@!@
@!@!@STARTMSG 2221:0 @!@!@
  |line 360, col 24 to line 360, col 31 of module PManager: 9939
@!@!@ENDMSG 2221 @!@!@
@!@!@STARTMSG 2221:0 @!@!@
  line 361, col 27 to line 361, col 71 of module PManager: 237
@!@!@ENDMSG 2221 @!@!@
@!@!@STARTMSG 2221:0 @!@!@
  line 362, col 32 to line 362, col 105 of module PManager: 119
@!@!@ENDMSG 2221 @!@!@
@!@!@STARTMSG 2221:0 @!@!@
  line 363, col 35 to line 363, col 38 of module PManager: 118
@!@!@ENDMSG 2221 @!@!@
@!@!@STARTMSG 2221:0 @!@!@
  line 364, col 35 to line 364, col 54 of module PManager: 118
@!@!@ENDMSG 2221 @!@!@
@!@!@STARTMSG 2221:0 @!@!@
  line 365, col 24 to line 365, col 71 of module PManager: 237
@!@!@ENDMSG 2221 @!@!@
@!@!@STARTMSG 2221:0 @!@!@
  line 366, col 24 to line 366, col 83 of module PManager: 237
@!@!@ENDMSG 2221 @!@!@
@!@!@STARTMSG 2221:0 @!@!@
  line 367, col 24 to line 367, col 86 of module PManager: 237
@!@!@ENDMSG 2221 @!@!@
@!@!@STARTMSG 2221:0 @!@!@
  line 368, col 24 to line 368, col 74 of module PManager: 237
@!@!@ENDMSG 2221 @!@!@
@!@!@STARTMSG 2221:0 @!@!@
  line 369, col 24 to line 372, col 78 of module PManager: 237
@!@!@ENDMSG 2221 @!@!@
@!@!@STARTMSG 2772:0 @!@!@
<ASK_APP_CP line 377, col 1 to line 377, col 16 of module PManager>: 309:739
@!@!@ENDMSG 2772 @!@!@
@!@!@STARTMSG 2221:0 @!@!@
  line 377, col 24 to line 377, col 46 of module PManager: 10678
@!@!@ENDMSG 2221 @!@!@
@!@!@STARTMSG 2221:0 @!@!@
  |line 377, col 24 to line 377, col 31 of module PManager: 9939
@!@!@ENDMSG 2221 @!@!@
@!@!@STARTMSG 2221:0 @!@!@
  line 378, col 27 to line 378, col 68 of module PManager: 739
@!@!@ENDMSG 2221 @!@!@
@!@!@STARTMSG 2221:0 @!@!@
  line 379, col 35 to line 379, col 82 of module PManager: 107
@!@!@ENDMSG 2221 @!@!@
@!@!@STARTMSG 2221:0 @!@!@
  line 380, col 35 to line 380, col 82 of module PManager: 107
@!@!@ENDMSG 2221 @!@!@
@!@!@STARTMSG 2221:0 @!@!@
  line 381, col 35 to line 381, col 82 of module PManager: 107
@!@!@ENDMSG 2221 @!@!@
@!@!@STARTMSG 2221:0 @!@!@
  line 382, col 35 to line 382, col 85 of module PManager: 107
@!@!@ENDMSG 2221 @!@!@
@!@!@STARTMSG 2221:0 @!@!@
  line 383, col 35 to line 383, col 74 of module PManager: 107
@!@!@ENDMSG 2221 @!@!@
@!@!@STARTMSG 2221:0 @!@!@
  line 384, col 38 to line 384, col 78 of module PManager: 632
@!@!@ENDMSG 2221 @!@!@
@!@!@STARTMSG 2221:0 @!@!@
  line 385, col 46 to line 385, col 93 of module PManager: 107
@!@!@ENDMSG 2221 @!@!@
@!@!@STARTMSG 2221:0 @!@!@
  line 386, col 46 to line 386, col 93 of module PManager: 107
@!@!@ENDMSG 2221 @!@!@
@!@!@STARTMSG 2221:0 @!@!@
  line 387, col 46 to line 387, col 93 of module PManager: 107
@!@!@ENDMSG 2221 @!@!@
@!@!@STARTMSG 2221:0 @!@!@
  line 388, col 46 to line 388, col 96 of module PManager: 107
@!@!@ENDMSG 2221 @!@!@
@!@!@STARTMSG 2221:0 @!@!@
  line 389, col 46 to line 390, col 64 of module PManager: 107
@!@!@ENDMSG 2221 @!@!@
@!@!@STARTMSG 2221:0 @!@!@
  line 391, col 49 to line 391, col 69 of module PManager: 525
@!@!@ENDMSG 2221 @!@!@
@!@!@STARTMSG 2221:0 @!@!@
  line 392, col 57 to line 392, col 127 of module PManager: 130
@!@!@ENDMSG 2221 @!@!@
@!@!@STARTMSG 2221:0 @!@!@
  line 393, col 57 to line 393, col 91 of module PManager: 130
@!@!@ENDMSG 2221 @!@!@
@!@!@STARTMSG 2221:0 @!@!@
  line 394, col 57 to line 395, col 80 of module PManager: 130
@!@!@ENDMSG 2221 @!@!@
@!@!@STARTMSG 2221:0 @!@!@
  line 396, col 57 to line 402, col 114 of module PManager: 395
@!@!@ENDMSG 2221 @!@!@
@!@!@STARTMSG 2221:0 @!@!@
  line 403, col 57 to line 403, col 102 of module PManager: 395
@!@!@ENDMSG 2221 @!@!@
@!@!@STARTMSG 2221:0 @!@!@
  line 404, col 57 to line 404, col 80 of module PManager: 395
@!@!@ENDMSG 2221 @!@!@
@!@!@STARTMSG 2221:0 @!@!@
  line 405, col 46 to line 405, col 67 of module PManager: 525
@!@!@ENDMSG 2221 @!@!@
@!@!@STARTMSG 2221:0 @!@!@
  line 406, col 24 to line 409, col 72 of module PManager: 739
@!@!@ENDMSG 2221 @!@!@
@!@!@STARTMSG 2772:0 @!@!@
<MAKE_DECISION line 413, col 1 to line 413, col 19 of module PManager>: 616:1000
@!@!@ENDMSG 2772 @!@!@
@!@!@STARTMSG 2221:0 @!@!@
  line 413, col 27 to line 413, col 52 of module PManager: 10438
@!@!@ENDMSG 2221 @!@!@
@!@!@STARTMSG 2221:0 @!@!@
  |line 413, col 27 to line 413, col 34 of module PManager: 9938
@!@!@ENDMSG 2221 @!@!@
@!@!@STARTMSG 2221:0 @!@!@
  line 414, col 33 to line 420, col 90 of module PManager: 500
@!@!@ENDMSG 2221 @!@!@
@!@!@STARTMSG 2221:0 @!@!@
  line 421, col 33 to line 421, col 78 of module PManager: 500
@!@!@ENDMSG 2221 @!@!@
@!@!@STARTMSG 2221:0 @!@!@
  line 422, col 33 to line 422, col 58 of module PManager: 500
@!@!@ENDMSG 2221 @!@!@
@!@!@STARTMSG 2221:0 @!@!@
  line 423, col 33 to line 429, col 90 of module PManager: 500
@!@!@ENDMSG 2221 @!@!@
@!@!@STARTMSG 2221:0 @!@!@
  line 430, col 33 to line 430, col 87 of module PManager: 500
@!@!@ENDMSG 2221 @!@!@
@!@!@STARTMSG 2221:0 @!@!@
  line 431, col 33 to line 431, col 59 of module PManager: 500
@!@!@ENDMSG 2221 @!@!@
@!@!@STARTMSG 2221:0 @!@!@
  line 432, col 27 to line 436, col 51 of module PManager: 1000
@!@!@ENDMSG 2221 @!@!@
@!@!@STARTMSG 2772:0 @!@!@
<UNINSTALL_APP line 440, col 1 to line 440, col 19 of module PManager>: 286:746
@!@!@ENDMSG 2772 @!@!@
@!@!@STARTMSG 2221:0 @!@!@
  line 440, col 27 to line 440, col 52 of module PManager: 10684
@!@!@ENDMSG 2221 @!@!@
@!@!@STARTMSG 2221:0 @!@!@
  |line 440, col 27 to line 440, col 34 of module PManager: 9938
@!@!@ENDMSG 2221 @!@!@
@!@!@STARTMSG 2221:0 @!@!@
  line 441, col 27 to line 441, col 78 of module PManager: 746
@!@!@ENDMSG 2221 @!@!@
@!@!@STARTMSG 2221:0 @!@!@
  line 442, col 27 to line 442, col 104 of module PManager: 746
@!@!@ENDMSG 2221 @!@!@
@!@!@STARTMSG 2221:0 @!@!@
  line 443, col 27 to line 443, col 113 of module PManager: 746
@!@!@ENDMSG 2221 @!@!@
@!@!@STARTMSG 2221:0 @!@!@
  line 444, col 27 to line 444, col 74 of module PManager: 746
@!@!@ENDMSG 2221 @!@!@
@!@!@STARTMSG 2221:0 @!@!@
  line 445, col 27 to line 445, col 77 of module PManager: 746
@!@!@ENDMSG 2221 @!@!@
@!@!@STARTMSG 2221:0 @!@!@
  line 446, col 27 to line 446, col 77 of module PManager: 746
@!@!@ENDMSG 2221 @!@!@
@!@!@STARTMSG 2221:0 @!@!@
  line 447, col 27 to line 450, col 78 of module PManager: 746
@!@!@ENDMSG 2221 @!@!@
@!@!@STARTMSG 2772:0 @!@!@
<PLATFORM line 454, col 1 to line 454, col 14 of module PManager>: 3961:8031
@!@!@ENDMSG 2772 @!@!@
@!@!@STARTMSG 2221:0 @!@!@
  line 454, col 22 to line 454, col 42 of module PManager: 11913
@!@!@ENDMSG 2221 @!@!@
@!@!@STARTMSG 2221:0 @!@!@
  |line 454, col 22 to line 454, col 29 of module PManager: 9932
@!@!@ENDMSG 2221 @!@!@
@!@!@STARTMSG 2221:0 @!@!@
  line 455, col 25 to line 455, col 46 of module PManager: 1981
@!@!@ENDMSG 2221 @!@!@
@!@!@STARTMSG 2221:0 @!@!@
  line 456, col 39 to line 460, col 90 of module PManager: 1210
@!@!@ENDMSG 2221 @!@!@
@!@!@STARTMSG 2221:0 @!@!@
  line 461, col 39 to line 461, col 78 of module PManager: 1210
@!@!@ENDMSG 2221 @!@!@
@!@!@STARTMSG 2221:0 @!@!@
  line 462, col 39 to line 462, col 87 of module PManager: 1210
@!@!@ENDMSG 2221 @!@!@
@!@!@STARTMSG 2221:0 @!@!@
  line 463, col 45 to line 467, col 96 of module PManager: 1210
@!@!@ENDMSG 2221 @!@!@
@!@!@STARTMSG 2221:0 @!@!@
  line 468, col 45 to line 468, col 87 of module PManager: 1210
@!@!@ENDMSG 2221 @!@!@
@!@!@STARTMSG 2221:0 @!@!@
  line 469, col 45 to line 469, col 88 of module PManager: 1210
@!@!@ENDMSG 2221 @!@!@
@!@!@STARTMSG 2221:0 @!@!@
  line 470, col 54 to line 470, col 68 of module PManager: 1210
@!@!@ENDMSG 2221 @!@!@
@!@!@STARTMSG 2221:0 @!@!@
  line 471, col 59 to line 476, col 100 of module PManager: 671
@!@!@ENDMSG 2221 @!@!@
@!@!@STARTMSG 2221:0 @!@!@
  line 477, col 62 to line 477, col 99 of module PManager: 539
@!@!@ENDMSG 2221 @!@!@
@!@!@STARTMSG 2221:0 @!@!@
  line 478, col 62 to line 479, col 82 of module PManager: 539
@!@!@ENDMSG 2221 @!@!@
@!@!@STARTMSG 2221:0 @!@!@
  line 480, col 51 to line 480, col 87 of module PManager: 1210
@!@!@ENDMSG 2221 @!@!@
@!@!@STARTMSG 2221:0 @!@!@
  line 481, col 57 to line 489, col 101 of module PManager: 1210
@!@!@ENDMSG 2221 @!@!@
@!@!@STARTMSG 2221:0 @!@!@
  line 490, col 57 to line 490, col 85 of module PManager: 1210
@!@!@ENDMSG 2221 @!@!@
@!@!@STARTMSG 2221:0 @!@!@
  line 492, col 59 to line 499, col 105 of module PManager: 2420
@!@!@ENDMSG 2221 @!@!@
@!@!@STARTMSG 2221:0 @!@!@
  line 491, col 66 to line 491, col 76 of module PManager: 1210
@!@!@ENDMSG 2221 @!@!@
@!@!@STARTMSG 2221:0 @!@!@
  line 500, col 57 to line 500, col 76 of module PManager: 2420
@!@!@ENDMSG 2221 @!@!@
@!@!@STARTMSG 2221:0 @!@!@
  line 501, col 51 to line 501, col 64 of module PManager: 3630
@!@!@ENDMSG 2221 @!@!@
@!@!@STARTMSG 2221:0 @!@!@
  line 502, col 45 to line 502, col 54 of module PManager: 4840
@!@!@ENDMSG 2221 @!@!@
@!@!@STARTMSG 2221:0 @!@!@
  line 503, col 39 to line 503, col 52 of module PManager: 6050
@!@!@ENDMSG 2221 @!@!@
@!@!@STARTMSG 2221:0 @!@!@
  line 504, col 33 to line 504, col 44 of module PManager: 7260
@!@!@ENDMSG 2221 @!@!@
@!@!@STARTMSG 2221:0 @!@!@
  line 505, col 33 to line 509, col 84 of module PManager: 771
@!@!@ENDMSG 2221 @!@!@
@!@!@STARTMSG 2221:0 @!@!@
  line 510, col 33 to line 510, col 73 of module PManager: 771
@!@!@ENDMSG 2221 @!@!@
@!@!@STARTMSG 2221:0 @!@!@
  line 511, col 33 to line 512, col 55 of module PManager: 771
@!@!@ENDMSG 2221 @!@!@
@!@!@STARTMSG 2221:0 @!@!@
  line 513, col 22 to line 516, col 63 of module PManager: 8031
@!@!@ENDMSG 2221 @!@!@
@!@!@STARTMSG 2774:0 @!@!@
<TypeOK line 542, col 1 to line 542, col 6 of module PManager>
@!@!@ENDMSG 2774 @!@!@
@!@!@STARTMSG 2221:0 @!@!@
  line 542, col 11 to line 548, col 70 of module PManager: 8158
@!@!@ENDMSG 2221 @!@!@
@!@!@STARTMSG 2774:0 @!@!@
<Action line 550, col 17 to line 554, col 55 of module PManager>
@!@!@ENDMSG 2774 @!@!@
@!@!@STARTMSG 2221:0 @!@!@
  line 550, col 17 to line 554, col 55 of module PManager: 8158
@!@!@ENDMSG 2221 @!@!@
@!@!@STARTMSG 2221:0 @!@!@
  |line 550, col 19 to line 554, col 54 of module PManager: 8158
@!@!@ENDMSG 2221 @!@!@
@!@!@STARTMSG 2221:0 @!@!@
  ||line 550, col 22 to line 554, col 54 of module PManager: 8158
@!@!@ENDMSG 2221 @!@!@
@!@!@STARTMSG 2221:0 @!@!@
  |||line 550, col 46 to line 554, col 54 of module PManager: 16315
@!@!@ENDMSG 2221 @!@!@
@!@!@STARTMSG 2221:0 @!@!@
  ||||line 550, col 46 to line 550, col 62 of module PManager: 16315
@!@!@ENDMSG 2221 @!@!@
@!@!@STARTMSG 2221:0 @!@!@
  ||||line 551, col 25 to line 554, col 54 of module PManager: 3042
@!@!@ENDMSG 2221 @!@!@
@!@!@STARTMSG 2221:0 @!@!@
  |||||line 552, col 25 to line 554, col 54 of module PManager: 6084
@!@!@ENDMSG 2221 @!@!@
@!@!@STARTMSG 2221:0 @!@!@
  ||||||line 552, col 28 to line 552, col 32 of module PManager: 6084
@!@!@ENDMSG 2221 @!@!@
@!@!@STARTMSG 2221:0 @!@!@
  ||||||line 553, col 28 to line 553, col 55 of module PManager: 3042
@!@!@ENDMSG 2221 @!@!@
@!@!@STARTMSG 2221:0 @!@!@
  ||||||line 554, col 28 to line 554, col 54 of module PManager: 332
@!@!@ENDMSG 2221 @!@!@
@!@!@STARTMSG 2221:0 @!@!@
  |||||line 551, col 34 to line 551, col 45 of module PManager: 3042
@!@!@ENDMSG 2221 @!@!@
@!@!@STARTMSG 2221:0 @!@!@
  |||line 550, col 31 to line 550, col 42 of module PManager: 8158
@!@!@ENDMSG 2221 @!@!@
@!@!@STARTMSG 2774:0 @!@!@
<Action line 561, col 18 to line 563, col 68 of module PManager>
@!@!@ENDMSG 2774 @!@!@
@!@!@STARTMSG 2221:0 @!@!@
  line 561, col 18 to line 563, col 68 of module PManager: 8157
@!@!@ENDMSG 2221 @!@!@
@!@!@STARTMSG 2221:0 @!@!@
  |line 561, col 20 to line 563, col 67 of module PManager: 8157
@!@!@ENDMSG 2221 @!@!@
@!@!@STARTMSG 2221:0 @!@!@
  ||line 561, col 23 to line 563, col 67 of module PManager: 8157
@!@!@ENDMSG 2221 @!@!@
@!@!@STARTMSG 2221:0 @!@!@
  |||line 561, col 57 to line 563, col 67 of module PManager: 16314
@!@!@ENDMSG 2221 @!@!@
@!@!@STARTMSG 2221:0 @!@!@
  ||||line 562, col 23 to line 563, col 67 of module PManager: 32628
@!@!@ENDMSG 2221 @!@!@
@!@!@STARTMSG 2221:0 @!@!@
  |||||line 562, col 26 to line 562, col 66 of module PManager: 32628
@!@!@ENDMSG 2221 @!@!@
@!@!@STARTMSG 2221:0 @!@!@
  |||||line 563, col 26 to line 563, col 67 of module PManager: 31821
@!@!@ENDMSG 2221 @!@!@
@!@!@STARTMSG 2221:0 @!@!@
  ||||line 561, col 75 to line 561, col 85 of module PManager: 16314
@!@!@ENDMSG 2221 @!@!@
@!@!@STARTMSG 2221:0 @!@!@
  |||line 561, col 42 to line 561, col 53 of module PManager: 8157
@!@!@ENDMSG 2221 @!@!@
@!@!@STARTMSG 2202:0 @!@!@
End of statistics.
@!@!@ENDMSG 2202 @!@!@
@!@!@STARTMSG 2200:0 @!@!@
Progress(14) at 2023-03-22 09:45:48: 17,857 states generated (472,407 s/min), 8,158 distinct states found (215,820 ds/min), 3,194 states left on queue.
@!@!@ENDMSG 2200 @!@!@
@!@!@STARTMSG 2199:0 @!@!@
17857 states generated, 8158 distinct states found, 3194 states left on queue.
@!@!@ENDMSG 2199 @!@!@
@!@!@STARTMSG 2194:0 @!@!@
The depth of the complete state graph search is 14.
@!@!@ENDMSG 2194 @!@!@
@!@!@STARTMSG 2268:0 @!@!@
The average outdegree of the complete state graph is 2 (minimum is 0, the maximum 12 and the 95th percentile is 6).
@!@!@ENDMSG 2268 @!@!@
@!@!@STARTMSG 2186:0 @!@!@
Finished in 2277ms at (2023-03-22 09:45:48)
@!@!@ENDMSG 2186 @!@!@
