@!@!@STARTMSG 2262:0 @!@!@
TLC2 Version 2.16 of 31 December 2020 (rev: cdddf55)
@!@!@ENDMSG 2262 @!@!@
@!@!@STARTMSG 2187:0 @!@!@
Running breadth-first search Model-Checking with fp 45 and seed 1374053440528990415 with 4 workers on 8 cores with 599MB heap and 1345MB offheap memory [pid: 3360] (Windows 10 10.0 amd64, AdoptOpenJDK 14.0.1 x86_64, OffHeapDiskFPSet, DiskStateQueue).
@!@!@ENDMSG 2187 @!@!@
@!@!@STARTMSG 2220:0 @!@!@
Starting SANY...
@!@!@ENDMSG 2220 @!@!@
Parsing file G:\repos\access-control-management\spec\AccessControlManagement.toolbox\Model_1\MC.tla
Parsing file G:\repos\access-control-management\spec\AccessControlManagement.toolbox\Model_1\AccessControlManagement.tla
Parsing file G:\TLA+ Toolbox\plugins\org.lamport.tlatools_1.0.0.202012311918\tla2sany\StandardModules\TLC.tla
Parsing file G:\TLA+ Toolbox\plugins\org.lamport.tlatools_1.0.0.202012311918\tla2sany\StandardModules\Naturals.tla
Parsing file G:\TLA+ Toolbox\plugins\org.lamport.tlatools_1.0.0.202012311918\tla2sany\StandardModules\Sequences.tla
Parsing file G:\TLA+ Toolbox\plugins\org.lamport.tlatools_1.0.0.202012311918\tla2sany\StandardModules\FiniteSets.tla
Semantic processing of module Naturals
Semantic processing of module Sequences
Semantic processing of module AccessControlManagement
Semantic processing of module FiniteSets
Semantic processing of module TLC
Semantic processing of module MC
@!@!@STARTMSG 2219:0 @!@!@
SANY finished.
@!@!@ENDMSG 2219 @!@!@
@!@!@STARTMSG 2185:0 @!@!@
Starting... (2023-05-26 14:06:02)
@!@!@ENDMSG 2185 @!@!@
@!@!@STARTMSG 2212:0 @!@!@
Implied-temporal checking--satisfiability problem has 1 branches.
@!@!@ENDMSG 2212 @!@!@
@!@!@STARTMSG 2189:0 @!@!@
Computing initial states...
@!@!@ENDMSG 2189 @!@!@
@!@!@STARTMSG 2190:0 @!@!@
Finished computing initial states: 1 distinct state generated at 2023-05-26 14:06:02.
@!@!@ENDMSG 2190 @!@!@
@!@!@STARTMSG 2192:0 @!@!@
Checking temporal properties for the current state space with 9347 total distinct states at (2023-05-26 14:06:05)
@!@!@ENDMSG 2192 @!@!@
@!@!@STARTMSG 2116:1 @!@!@
Temporal properties were violated.

@!@!@ENDMSG 2116 @!@!@
@!@!@STARTMSG 2264:1 @!@!@
The following behavior constitutes a counter-example:

@!@!@ENDMSG 2264 @!@!@
@!@!@STARTMSG 2217:4 @!@!@
1: <Initial predicate>
/\ Acl2 = <<<<"NULL", "NULL">>, <<"NULL", "NULL">>>>
/\ Acl = <<<<"NULL", "NULL">>, <<"NULL", "NULL">>>>
/\ pc = <<"AcmBegin", "AcmBegin">>
/\ Resource = <<1, 1>>

@!@!@ENDMSG 2217 @!@!@
@!@!@STARTMSG 2217:4 @!@!@
2: <AcmBegin line 87, col 19 to line 90, col 46 of module AccessControlManagement>
/\ Acl2 = <<<<"NULL", "NULL">>, <<"NULL", "NULL">>>>
/\ Acl = <<<<"NULL", "NULL">>, <<"NULL", "NULL">>>>
/\ pc = <<"AcmBegin", "dsd">>
/\ Resource = <<1, 1>>

@!@!@ENDMSG 2217 @!@!@
@!@!@STARTMSG 2217:4 @!@!@
3: <AcmBegin line 87, col 19 to line 90, col 46 of module AccessControlManagement>
/\ Acl2 = <<<<"NULL", "NULL">>, <<"NULL", "NULL">>>>
/\ Acl = <<<<"NULL", "NULL">>, <<"NULL", "NULL">>>>
/\ pc = <<"dsd", "dsd">>
/\ Resource = <<1, 1>>

@!@!@ENDMSG 2217 @!@!@
@!@!@STARTMSG 2217:4 @!@!@
4: <dsd line 92, col 14 to line 96, col 51 of module AccessControlManagement>
/\ Acl2 = <<<<"NULL", "NULL">>, <<"NULL", "NULL">>>>
/\ Acl = <<<<"NULL", "NULL">>, <<"NULL", "NULL">>>>
/\ pc = <<"f", "dsd">>
/\ Resource = <<1, 1>>

@!@!@ENDMSG 2217 @!@!@
@!@!@STARTMSG 2217:4 @!@!@
5: <dsd line 92, col 14 to line 96, col 51 of module AccessControlManagement>
/\ Acl2 = <<<<"NULL", "NULL">>, <<"NULL", "NULL">>>>
/\ Acl = <<<<"NULL", "NULL">>, <<"NULL", "NULL">>>>
/\ pc = <<"f", "f">>
/\ Resource = <<1, 1>>

@!@!@ENDMSG 2217 @!@!@
@!@!@STARTMSG 2217:4 @!@!@
6: <f line 98, col 12 to line 104, col 43 of module AccessControlManagement>
/\ Acl2 = <<<<"NULL", "NULL">>, <<"NULL", "NULL">>>>
/\ Acl = <<<<"NULL", "NULL">>, <<"NULL", "NULL">>>>
/\ pc = <<"a", "f">>
/\ Resource = <<1, 1>>

@!@!@ENDMSG 2217 @!@!@
@!@!@STARTMSG 2217:4 @!@!@
7: <f line 98, col 12 to line 104, col 43 of module AccessControlManagement>
/\ Acl2 = <<<<"NULL", "NULL">>, <<"NULL", "NULL">>>>
/\ Acl = <<<<"NULL", "NULL">>, <<"NULL", "NULL">>>>
/\ pc = <<"a", "a">>
/\ Resource = <<1, 1>>

@!@!@ENDMSG 2217 @!@!@
@!@!@STARTMSG 2217:4 @!@!@
8: <a line 106, col 12 to line 112, col 44 of module AccessControlManagement>
/\ Acl2 = <<<<"NULL", "NULL">>, <<"NULL", "NULL">>>>
/\ Acl = <<<<"REQUESTED", "NULL">>, <<"NULL", "NULL">>>>
/\ pc = <<"N", "a">>
/\ Resource = <<1, 1>>

@!@!@ENDMSG 2217 @!@!@
@!@!@STARTMSG 2217:4 @!@!@
9: <N line 141, col 12 to line 144, col 39 of module AccessControlManagement>
/\ Acl2 = <<<<"NULL", "NULL">>, <<"NULL", "NULL">>>>
/\ Acl = <<<<"REQUESTED", "NULL">>, <<"NULL", "NULL">>>>
/\ pc = <<"dsd", "a">>
/\ Resource = <<2, 1>>

@!@!@ENDMSG 2217 @!@!@
@!@!@STARTMSG 2217:4 @!@!@
10: <a line 106, col 12 to line 112, col 44 of module AccessControlManagement>
/\ Acl2 = <<<<"NULL", "NULL">>, <<"NULL", "NULL">>>>
/\ Acl = <<<<"REQUESTED", "NULL">>, <<"REQUESTED", "NULL">>>>
/\ pc = <<"dsd", "N">>
/\ Resource = <<2, 1>>

@!@!@ENDMSG 2217 @!@!@
@!@!@STARTMSG 2217:4 @!@!@
11: <dsd line 92, col 14 to line 96, col 51 of module AccessControlManagement>
/\ Acl2 = <<<<"NULL", "NULL">>, <<"NULL", "NULL">>>>
/\ Acl = <<<<"REQUESTED", "NULL">>, <<"REQUESTED", "NULL">>>>
/\ pc = <<"f", "N">>
/\ Resource = <<2, 1>>

@!@!@ENDMSG 2217 @!@!@
@!@!@STARTMSG 2217:4 @!@!@
12: <f line 98, col 12 to line 104, col 43 of module AccessControlManagement>
/\ Acl2 = <<<<"REQUESTED", "NULL">>, <<"REQUESTED", "NULL">>>>
/\ Acl = <<<<"REQUESTED", "NULL">>, <<"REQUESTED", "NULL">>>>
/\ pc = <<"a", "N">>
/\ Resource = <<2, 1>>

@!@!@ENDMSG 2217 @!@!@
@!@!@STARTMSG 2217:4 @!@!@
13: <a line 106, col 12 to line 112, col 44 of module AccessControlManagement>
/\ Acl2 = <<<<"REQUESTED", "NULL">>, <<"REQUESTED", "NULL">>>>
/\ Acl = <<<<"REQUESTED", "REQUESTED">>, <<"REQUESTED", "NULL">>>>
/\ pc = <<"N", "N">>
/\ Resource = <<2, 1>>

@!@!@ENDMSG 2217 @!@!@
@!@!@STARTMSG 2217:4 @!@!@
14: <N line 141, col 12 to line 144, col 39 of module AccessControlManagement>
/\ Acl2 = <<<<"REQUESTED", "NULL">>, <<"REQUESTED", "NULL">>>>
/\ Acl = <<<<"REQUESTED", "REQUESTED">>, <<"REQUESTED", "NULL">>>>
/\ pc = <<"N", "dsd">>
/\ Resource = <<2, 2>>

@!@!@ENDMSG 2217 @!@!@
@!@!@STARTMSG 2217:4 @!@!@
15: <N line 141, col 12 to line 144, col 39 of module AccessControlManagement>
/\ Acl2 = <<<<"REQUESTED", "NULL">>, <<"REQUESTED", "NULL">>>>
/\ Acl = <<<<"REQUESTED", "REQUESTED">>, <<"REQUESTED", "NULL">>>>
/\ pc = <<"dsd", "dsd">>
/\ Resource = <<3, 2>>

@!@!@ENDMSG 2217 @!@!@
@!@!@STARTMSG 2217:4 @!@!@
16: <dsd line 92, col 14 to line 96, col 51 of module AccessControlManagement>
/\ Acl2 = <<<<"REQUESTED", "NULL">>, <<"REQUESTED", "NULL">>>>
/\ Acl = <<<<"REQUESTED", "REQUESTED">>, <<"REQUESTED", "NULL">>>>
/\ pc = <<"AcmBegin", "dsd">>
/\ Resource = <<3, 2>>

@!@!@ENDMSG 2217 @!@!@
@!@!@STARTMSG 2217:4 @!@!@
17: <dsd line 92, col 14 to line 96, col 51 of module AccessControlManagement>
/\ Acl2 = <<<<"REQUESTED", "NULL">>, <<"REQUESTED", "NULL">>>>
/\ Acl = <<<<"REQUESTED", "REQUESTED">>, <<"REQUESTED", "NULL">>>>
/\ pc = <<"AcmBegin", "f">>
/\ Resource = <<3, 2>>

@!@!@ENDMSG 2217 @!@!@
@!@!@STARTMSG 2217:4 @!@!@
18: <f line 98, col 12 to line 104, col 43 of module AccessControlManagement>
/\ Acl2 = <<<<"REQUESTED", "REQUESTED">>, <<"REQUESTED", "NULL">>>>
/\ Acl = <<<<"REQUESTED", "REQUESTED">>, <<"REQUESTED", "NULL">>>>
/\ pc = <<"AcmBegin", "a">>
/\ Resource = <<3, 2>>

@!@!@ENDMSG 2217 @!@!@
@!@!@STARTMSG 2217:4 @!@!@
19: <a line 106, col 12 to line 112, col 44 of module AccessControlManagement>
/\ Acl2 = <<<<"REQUESTED", "REQUESTED">>, <<"REQUESTED", "NULL">>>>
/\ Acl = <<<<"REQUESTED", "REQUESTED">>, <<"REQUESTED", "REQUESTED">>>>
/\ pc = <<"AcmBegin", "N">>
/\ Resource = <<3, 2>>

@!@!@ENDMSG 2217 @!@!@
@!@!@STARTMSG 2217:4 @!@!@
20: <N line 141, col 12 to line 144, col 39 of module AccessControlManagement>
/\ Acl2 = <<<<"REQUESTED", "REQUESTED">>, <<"REQUESTED", "NULL">>>>
/\ Acl = <<<<"REQUESTED", "REQUESTED">>, <<"REQUESTED", "REQUESTED">>>>
/\ pc = <<"AcmBegin", "dsd">>
/\ Resource = <<3, 3>>

@!@!@ENDMSG 2217 @!@!@
@!@!@STARTMSG 2217:4 @!@!@
21: <dsd line 92, col 14 to line 96, col 51 of module AccessControlManagement>
/\ Acl2 = <<<<"REQUESTED", "REQUESTED">>, <<"REQUESTED", "NULL">>>>
/\ Acl = <<<<"REQUESTED", "REQUESTED">>, <<"REQUESTED", "REQUESTED">>>>
/\ pc = <<"AcmBegin", "AcmBegin">>
/\ Resource = <<3, 3>>

@!@!@ENDMSG 2217 @!@!@
@!@!@STARTMSG 2218:4 @!@!@
22: Stuttering
@!@!@ENDMSG 2218 @!@!@
@!@!@STARTMSG 2267:0 @!@!@
Finished checking temporal properties in 00s at 2023-05-26 14:06:06
@!@!@ENDMSG 2267 @!@!@
@!@!@STARTMSG 2201:0 @!@!@
The coverage statistics at 2023-05-26 14:06:06
@!@!@ENDMSG 2201 @!@!@
@!@!@STARTMSG 2773:0 @!@!@
<Init line 80, col 1 to line 80, col 4 of module AccessControlManagement>: 2:2
@!@!@ENDMSG 2773 @!@!@
@!@!@STARTMSG 2221:0 @!@!@
  line 81, col 9 to line 85, col 49 of module AccessControlManagement: 2
@!@!@ENDMSG 2221 @!@!@
@!@!@STARTMSG 2772:0 @!@!@
<AcmBegin line 87, col 1 to line 87, col 14 of module AccessControlManagement>: 640:1445
@!@!@ENDMSG 2772 @!@!@
@!@!@STARTMSG 2221:0 @!@!@
  line 87, col 22 to line 87, col 42 of module AccessControlManagement: 19877
@!@!@ENDMSG 2221 @!@!@
@!@!@STARTMSG 2221:0 @!@!@
  |line 87, col 22 to line 87, col 29 of module AccessControlManagement: 18432
@!@!@ENDMSG 2221 @!@!@
@!@!@STARTMSG 2221:0 @!@!@
  line 88, col 22 to line 88, col 62 of module AccessControlManagement: 1445
@!@!@ENDMSG 2221 @!@!@
@!@!@STARTMSG 2221:0 @!@!@
  line 89, col 22 to line 89, col 54 of module AccessControlManagement: 1445
@!@!@ENDMSG 2221 @!@!@
@!@!@STARTMSG 2221:0 @!@!@
  line 90, col 22 to line 90, col 46 of module AccessControlManagement: 1445
@!@!@ENDMSG 2221 @!@!@
@!@!@STARTMSG 2772:0 @!@!@
<dsd line 92, col 1 to line 92, col 9 of module AccessControlManagement>: 2234:3672
@!@!@ENDMSG 2772 @!@!@
@!@!@STARTMSG 2221:0 @!@!@
  line 92, col 17 to line 92, col 32 of module AccessControlManagement: 22102
@!@!@ENDMSG 2221 @!@!@
@!@!@STARTMSG 2221:0 @!@!@
  |line 92, col 17 to line 92, col 24 of module AccessControlManagement: 18430
@!@!@ENDMSG 2221 @!@!@
@!@!@STARTMSG 2221:0 @!@!@
  line 93, col 20 to line 93, col 47 of module AccessControlManagement: 3672
@!@!@ENDMSG 2221 @!@!@
@!@!@STARTMSG 2221:0 @!@!@
  line 94, col 25 to line 94, col 58 of module AccessControlManagement: 2424
@!@!@ENDMSG 2221 @!@!@
@!@!@STARTMSG 2221:0 @!@!@
  line 95, col 25 to line 95, col 65 of module AccessControlManagement: 1248
@!@!@ENDMSG 2221 @!@!@
@!@!@STARTMSG 2221:0 @!@!@
  line 96, col 17 to line 96, col 51 of module AccessControlManagement: 3672
@!@!@ENDMSG 2221 @!@!@
@!@!@STARTMSG 2772:0 @!@!@
<f line 98, col 1 to line 98, col 7 of module AccessControlManagement>: 2800:8084
@!@!@ENDMSG 2772 @!@!@
@!@!@STARTMSG 2221:0 @!@!@
  line 98, col 15 to line 98, col 28 of module AccessControlManagement: 20445
@!@!@ENDMSG 2221 @!@!@
@!@!@STARTMSG 2221:0 @!@!@
  |line 98, col 15 to line 98, col 22 of module AccessControlManagement: 18424
@!@!@ENDMSG 2221 @!@!@
@!@!@STARTMSG 2221:0 @!@!@
  line 99, col 15 to line 99, col 25 of module AccessControlManagement: 2021
@!@!@ENDMSG 2221 @!@!@
@!@!@STARTMSG 2221:0 @!@!@
  line 100, col 15 to line 103, col 51 of module AccessControlManagement: 2021
@!@!@ENDMSG 2221 @!@!@
@!@!@STARTMSG 2221:0 @!@!@
  line 104, col 15 to line 104, col 43 of module AccessControlManagement: 8084
@!@!@ENDMSG 2221 @!@!@
@!@!@STARTMSG 2772:0 @!@!@
<a line 106, col 1 to line 106, col 7 of module AccessControlManagement>: 764:1560
@!@!@ENDMSG 2772 @!@!@
@!@!@STARTMSG 2221:0 @!@!@
  line 106, col 15 to line 106, col 28 of module AccessControlManagement: 19980
@!@!@ENDMSG 2221 @!@!@
@!@!@STARTMSG 2221:0 @!@!@
  |line 106, col 15 to line 106, col 22 of module AccessControlManagement: 18420
@!@!@ENDMSG 2221 @!@!@
@!@!@STARTMSG 2221:0 @!@!@
  line 107, col 18 to line 107, col 49 of module AccessControlManagement: 1560
@!@!@ENDMSG 2221 @!@!@
@!@!@STARTMSG 2221:0 @!@!@
  line 108, col 23 to line 108, col 80 of module AccessControlManagement: 1064
@!@!@ENDMSG 2221 @!@!@
@!@!@STARTMSG 2221:0 @!@!@
  line 109, col 23 to line 110, col 35 of module AccessControlManagement: 496
@!@!@ENDMSG 2221 @!@!@
@!@!@STARTMSG 2221:0 @!@!@
  line 111, col 15 to line 111, col 45 of module AccessControlManagement: 1560
@!@!@ENDMSG 2221 @!@!@
@!@!@STARTMSG 2221:0 @!@!@
  line 112, col 15 to line 112, col 44 of module AccessControlManagement: 1560
@!@!@ENDMSG 2221 @!@!@
@!@!@STARTMSG 2772:0 @!@!@
<b line 114, col 1 to line 114, col 7 of module AccessControlManagement>: 986:2016
@!@!@ENDMSG 2772 @!@!@
@!@!@STARTMSG 2221:0 @!@!@
  line 114, col 15 to line 114, col 28 of module AccessControlManagement: 19960
@!@!@ENDMSG 2221 @!@!@
@!@!@STARTMSG 2221:0 @!@!@
  |line 114, col 15 to line 114, col 22 of module AccessControlManagement: 18416
@!@!@ENDMSG 2221 @!@!@
@!@!@STARTMSG 2221:0 @!@!@
  line 115, col 18 to line 115, col 54 of module AccessControlManagement: 1544
@!@!@ENDMSG 2221 @!@!@
@!@!@STARTMSG 2221:0 @!@!@
  line 117, col 31 to line 117, col 38 of module AccessControlManagement: 944
@!@!@ENDMSG 2221 @!@!@
@!@!@STARTMSG 2221:0 @!@!@
  line 118, col 36 to line 118, col 91 of module AccessControlManagement: 472
@!@!@ENDMSG 2221 @!@!@
@!@!@STARTMSG 2221:0 @!@!@
  line 119, col 36 to line 119, col 92 of module AccessControlManagement: 472
@!@!@ENDMSG 2221 @!@!@
@!@!@STARTMSG 2221:0 @!@!@
  line 116, col 35 to line 116, col 41 of module AccessControlManagement: 472
@!@!@ENDMSG 2221 @!@!@
@!@!@STARTMSG 2221:0 @!@!@
  line 120, col 23 to line 121, col 35 of module AccessControlManagement: 1072
@!@!@ENDMSG 2221 @!@!@
@!@!@STARTMSG 2221:0 @!@!@
  line 122, col 15 to line 122, col 45 of module AccessControlManagement: 2016
@!@!@ENDMSG 2221 @!@!@
@!@!@STARTMSG 2221:0 @!@!@
  line 123, col 15 to line 123, col 44 of module AccessControlManagement: 2016
@!@!@ENDMSG 2221 @!@!@
@!@!@STARTMSG 2772:0 @!@!@
<c line 125, col 1 to line 125, col 7 of module AccessControlManagement>: 8:1544
@!@!@ENDMSG 2772 @!@!@
@!@!@STARTMSG 2221:0 @!@!@
  line 125, col 15 to line 125, col 28 of module AccessControlManagement: 19960
@!@!@ENDMSG 2221 @!@!@
@!@!@STARTMSG 2221:0 @!@!@
  |line 125, col 15 to line 125, col 22 of module AccessControlManagement: 18416
@!@!@ENDMSG 2221 @!@!@
@!@!@STARTMSG 2221:0 @!@!@
  line 126, col 18 to line 126, col 52 of module AccessControlManagement: 1544
@!@!@ENDMSG 2221 @!@!@
@!@!@STARTMSG 2221:0 @!@!@
  line 127, col 23 to line 127, col 75 of module AccessControlManagement: 6
@!@!@ENDMSG 2221 @!@!@
@!@!@STARTMSG 2221:0 @!@!@
  line 128, col 23 to line 129, col 35 of module AccessControlManagement: 1538
@!@!@ENDMSG 2221 @!@!@
@!@!@STARTMSG 2221:0 @!@!@
  line 130, col 15 to line 130, col 45 of module AccessControlManagement: 1544
@!@!@ENDMSG 2221 @!@!@
@!@!@STARTMSG 2221:0 @!@!@
  line 131, col 15 to line 131, col 44 of module AccessControlManagement: 1544
@!@!@ENDMSG 2221 @!@!@
@!@!@STARTMSG 2772:0 @!@!@
<d line 133, col 1 to line 133, col 7 of module AccessControlManagement>: 7:1544
@!@!@ENDMSG 2772 @!@!@
@!@!@STARTMSG 2221:0 @!@!@
  line 133, col 15 to line 133, col 28 of module AccessControlManagement: 19960
@!@!@ENDMSG 2221 @!@!@
@!@!@STARTMSG 2221:0 @!@!@
  |line 133, col 15 to line 133, col 22 of module AccessControlManagement: 18416
@!@!@ENDMSG 2221 @!@!@
@!@!@STARTMSG 2221:0 @!@!@
  line 134, col 18 to line 134, col 52 of module AccessControlManagement: 1544
@!@!@ENDMSG 2221 @!@!@
@!@!@STARTMSG 2221:0 @!@!@
  line 135, col 23 to line 135, col 77 of module AccessControlManagement: 6
@!@!@ENDMSG 2221 @!@!@
@!@!@STARTMSG 2221:0 @!@!@
  line 136, col 23 to line 137, col 35 of module AccessControlManagement: 1538
@!@!@ENDMSG 2221 @!@!@
@!@!@STARTMSG 2221:0 @!@!@
  line 138, col 15 to line 138, col 45 of module AccessControlManagement: 1544
@!@!@ENDMSG 2221 @!@!@
@!@!@STARTMSG 2221:0 @!@!@
  line 139, col 15 to line 139, col 44 of module AccessControlManagement: 1544
@!@!@ENDMSG 2221 @!@!@
@!@!@STARTMSG 2772:0 @!@!@
<N line 141, col 1 to line 141, col 7 of module AccessControlManagement>: 1907:5102
@!@!@ENDMSG 2772 @!@!@
@!@!@STARTMSG 2221:0 @!@!@
  line 141, col 15 to line 141, col 28 of module AccessControlManagement: 23518
@!@!@ENDMSG 2221 @!@!@
@!@!@STARTMSG 2221:0 @!@!@
  |line 141, col 15 to line 141, col 22 of module AccessControlManagement: 18416
@!@!@ENDMSG 2221 @!@!@
@!@!@STARTMSG 2221:0 @!@!@
  line 142, col 15 to line 142, col 70 of module AccessControlManagement: 5102
@!@!@ENDMSG 2221 @!@!@
@!@!@STARTMSG 2221:0 @!@!@
  line 143, col 15 to line 143, col 47 of module AccessControlManagement: 5102
@!@!@ENDMSG 2221 @!@!@
@!@!@STARTMSG 2221:0 @!@!@
  line 144, col 15 to line 144, col 39 of module AccessControlManagement: 5102
@!@!@ENDMSG 2221 @!@!@
@!@!@STARTMSG 2774:0 @!@!@
<AcmTypeOK line 156, col 1 to line 156, col 9 of module AccessControlManagement>
@!@!@ENDMSG 2774 @!@!@
@!@!@STARTMSG 2221:0 @!@!@
  line 156, col 14 to line 157, col 69 of module AccessControlManagement: 9347
@!@!@ENDMSG 2221 @!@!@
@!@!@STARTMSG 2774:0 @!@!@
<AcmConsistent line 159, col 1 to line 159, col 13 of module AccessControlManagement>
@!@!@ENDMSG 2774 @!@!@
@!@!@STARTMSG 2221:0 @!@!@
  line 159, col 18 to line 161, col 90 of module AccessControlManagement: 9347
@!@!@ENDMSG 2221 @!@!@
@!@!@STARTMSG 2221:0 @!@!@
  |line 159, col 20 to line 161, col 89 of module AccessControlManagement: 9347
@!@!@ENDMSG 2221 @!@!@
@!@!@STARTMSG 2221:0 @!@!@
  ||line 160, col 20 to line 161, col 89 of module AccessControlManagement: 18694
@!@!@ENDMSG 2221 @!@!@
@!@!@STARTMSG 2221:0 @!@!@
  |||line 161, col 25 to line 161, col 89 of module AccessControlManagement: 37388
@!@!@ENDMSG 2221 @!@!@
@!@!@STARTMSG 2221:0 @!@!@
  ||||line 161, col 25 to line 161, col 66 of module AccessControlManagement: 37388
@!@!@ENDMSG 2221 @!@!@
@!@!@STARTMSG 2221:0 @!@!@
  |||||line 161, col 25 to line 161, col 42 of module AccessControlManagement: 37388
@!@!@ENDMSG 2221 @!@!@
@!@!@STARTMSG 2221:0 @!@!@
  |||||line 161, col 47 to line 161, col 66 of module AccessControlManagement: 6
@!@!@ENDMSG 2221 @!@!@
@!@!@STARTMSG 2221:0 @!@!@
  |||line 160, col 29 to line 160, col 37 of module AccessControlManagement: 18694
@!@!@ENDMSG 2221 @!@!@
@!@!@STARTMSG 2221:0 @!@!@
  ||line 159, col 29 to line 159, col 37 of module AccessControlManagement: 9347
@!@!@ENDMSG 2221 @!@!@
@!@!@STARTMSG 2202:0 @!@!@
End of statistics.
@!@!@ENDMSG 2202 @!@!@
@!@!@STARTMSG 2200:0 @!@!@
Progress(26) at 2023-05-26 14:06:06: 21,703 states generated (267,993 s/min), 9,347 distinct states found (115,418 ds/min), 1,678 states left on queue.
@!@!@ENDMSG 2200 @!@!@
@!@!@STARTMSG 2199:0 @!@!@
21703 states generated, 9347 distinct states found, 1678 states left on queue.
@!@!@ENDMSG 2199 @!@!@
@!@!@STARTMSG 2186:0 @!@!@
Finished in 4869ms at (2023-05-26 14:06:06)
@!@!@ENDMSG 2186 @!@!@
