@!@!@STARTMSG 2262:0 @!@!@
TLC2 Version 2.16 of 31 December 2020 (rev: cdddf55)
@!@!@ENDMSG 2262 @!@!@
@!@!@STARTMSG 2187:0 @!@!@
Running breadth-first search Model-Checking with fp 64 and seed -7022240604276384940 with 4 workers on 8 cores with 599MB heap and 1345MB offheap memory [pid: 18128] (Windows 10 10.0 amd64, AdoptOpenJDK 14.0.1 x86_64, OffHeapDiskFPSet, DiskStateQueue).
@!@!@ENDMSG 2187 @!@!@
@!@!@STARTMSG 2220:0 @!@!@
Starting SANY...
@!@!@ENDMSG 2220 @!@!@
Parsing file G:\repos\access-control-management\spec\CompositionalSpec.toolbox\Model_1\MC.tla
Parsing file G:\repos\access-control-management\spec\CompositionalSpec.toolbox\Model_1\CompositionalSpec.tla
Warning: symbols were renamed.
Parsing file G:\TLA+ Toolbox\plugins\org.lamport.tlatools_1.0.0.202012311918\tla2sany\StandardModules\TLC.tla
Parsing file G:\TLA+ Toolbox\plugins\org.lamport.tlatools_1.0.0.202012311918\tla2sany\StandardModules\Naturals.tla
Parsing file G:\TLA+ Toolbox\plugins\org.lamport.tlatools_1.0.0.202012311918\tla2sany\StandardModules\Sequences.tla
Parsing file G:\TLA+ Toolbox\plugins\org.lamport.tlatools_1.0.0.202012311918\tla2sany\StandardModules\FiniteSets.tla
Semantic processing of module Naturals
Semantic processing of module Sequences
Semantic processing of module FiniteSets
Semantic processing of module TLC
Semantic processing of module CompositionalSpec
Semantic processing of module MC
@!@!@STARTMSG 2219:0 @!@!@
SANY finished.
@!@!@ENDMSG 2219 @!@!@
@!@!@STARTMSG 2185:0 @!@!@
Starting... (2023-05-20 20:07:55)
@!@!@ENDMSG 2185 @!@!@
@!@!@STARTMSG 2189:0 @!@!@
Computing initial states...
@!@!@ENDMSG 2189 @!@!@
@!@!@STARTMSG 2190:0 @!@!@
Finished computing initial states: 1 distinct state generated at 2023-05-20 20:07:55.
@!@!@ENDMSG 2190 @!@!@
@!@!@STARTMSG 2200:0 @!@!@
Progress(14) at 2023-05-20 20:07:58: 348,062 states generated (348,062 s/min), 51,600 distinct states found (51,600 ds/min), 17,236 states left on queue.
@!@!@ENDMSG 2200 @!@!@
@!@!@STARTMSG 2200:0 @!@!@
Progress(32) at 2023-05-20 20:08:58: 14,551,440 states generated (14,203,378 s/min), 1,583,708 distinct states found (1,532,108 ds/min), 100,074 states left on queue.
@!@!@ENDMSG 2200 @!@!@
@!@!@STARTMSG 2193:0 @!@!@
Model checking completed. No error has been found.
  Estimates of the probability that TLC did not check all reachable states
  because two distinct states had the same fingerprint:
  calculated (optimistic):  val = 1.9E-6
  based on the actual fingerprints:  val = 7.9E-8
@!@!@ENDMSG 2193 @!@!@
@!@!@STARTMSG 2201:0 @!@!@
The coverage statistics at 2023-05-20 20:09:22
@!@!@ENDMSG 2201 @!@!@
@!@!@STARTMSG 2773:0 @!@!@
<Init line 176, col 1 to line 176, col 4 of module CompositionalSpec>: 1:1
@!@!@ENDMSG 2773 @!@!@
@!@!@STARTMSG 2221:0 @!@!@
  line 177, col 9 to line 214, col 70 of module CompositionalSpec: 1
@!@!@ENDMSG 2221 @!@!@
@!@!@STARTMSG 2772:0 @!@!@
<INSTALL_APP line 216, col 1 to line 216, col 17 of module CompositionalSpec>: 47668:262710
@!@!@ENDMSG 2772 @!@!@
@!@!@STARTMSG 2221:0 @!@!@
  line 216, col 25 to line 216, col 48 of module CompositionalSpec: 8377530
@!@!@ENDMSG 2221 @!@!@
@!@!@STARTMSG 2221:0 @!@!@
  |line 216, col 25 to line 216, col 32 of module CompositionalSpec: 8114820
@!@!@ENDMSG 2221 @!@!@
@!@!@STARTMSG 2221:0 @!@!@
  line 217, col 25 to line 217, col 97 of module CompositionalSpec: 262710
@!@!@ENDMSG 2221 @!@!@
@!@!@STARTMSG 2221:0 @!@!@
  line 218, col 25 to line 218, col 72 of module CompositionalSpec: 262710
@!@!@ENDMSG 2221 @!@!@
@!@!@STARTMSG 2221:0 @!@!@
  line 219, col 25 to line 219, col 78 of module CompositionalSpec: 262710
@!@!@ENDMSG 2221 @!@!@
@!@!@STARTMSG 2221:0 @!@!@
  line 220, col 25 to line 220, col 75 of module CompositionalSpec: 262710
@!@!@ENDMSG 2221 @!@!@
@!@!@STARTMSG 2221:0 @!@!@
  line 221, col 25 to line 223, col 70 of module CompositionalSpec: 262710
@!@!@ENDMSG 2221 @!@!@
@!@!@STARTMSG 2772:0 @!@!@
<UNINSTALL_APP line 227, col 1 to line 227, col 19 of module CompositionalSpec>: 135100:262710
@!@!@ENDMSG 2772 @!@!@
@!@!@STARTMSG 2221:0 @!@!@
  line 227, col 27 to line 227, col 52 of module CompositionalSpec: 8377530
@!@!@ENDMSG 2221 @!@!@
@!@!@STARTMSG 2221:0 @!@!@
  |line 227, col 27 to line 227, col 34 of module CompositionalSpec: 8114820
@!@!@ENDMSG 2221 @!@!@
@!@!@STARTMSG 2221:0 @!@!@
  line 228, col 27 to line 228, col 101 of module CompositionalSpec: 262710
@!@!@ENDMSG 2221 @!@!@
@!@!@STARTMSG 2221:0 @!@!@
  line 229, col 27 to line 229, col 74 of module CompositionalSpec: 262710
@!@!@ENDMSG 2221 @!@!@
@!@!@STARTMSG 2221:0 @!@!@
  line 230, col 27 to line 230, col 83 of module CompositionalSpec: 262710
@!@!@ENDMSG 2221 @!@!@
@!@!@STARTMSG 2221:0 @!@!@
  line 231, col 27 to line 231, col 77 of module CompositionalSpec: 262710
@!@!@ENDMSG 2221 @!@!@
@!@!@STARTMSG 2221:0 @!@!@
  line 232, col 27 to line 234, col 79 of module CompositionalSpec: 262710
@!@!@ENDMSG 2221 @!@!@
@!@!@STARTMSG 2772:0 @!@!@
<UPDATE_APP line 238, col 1 to line 238, col 16 of module CompositionalSpec>: 85532:175140
@!@!@ENDMSG 2772 @!@!@
@!@!@STARTMSG 2221:0 @!@!@
  line 238, col 24 to line 238, col 46 of module CompositionalSpec: 8289960
@!@!@ENDMSG 2221 @!@!@
@!@!@STARTMSG 2221:0 @!@!@
  |line 238, col 24 to line 238, col 31 of module CompositionalSpec: 8114820
@!@!@ENDMSG 2221 @!@!@
@!@!@STARTMSG 2221:0 @!@!@
  line 239, col 24 to line 239, col 139 of module CompositionalSpec: 175140
@!@!@ENDMSG 2221 @!@!@
@!@!@STARTMSG 2221:0 @!@!@
  line 240, col 24 to line 240, col 71 of module CompositionalSpec: 175140
@!@!@ENDMSG 2221 @!@!@
@!@!@STARTMSG 2221:0 @!@!@
  line 241, col 24 to line 241, col 83 of module CompositionalSpec: 175140
@!@!@ENDMSG 2221 @!@!@
@!@!@STARTMSG 2221:0 @!@!@
  line 242, col 24 to line 242, col 74 of module CompositionalSpec: 175140
@!@!@ENDMSG 2221 @!@!@
@!@!@STARTMSG 2221:0 @!@!@
  line 243, col 24 to line 245, col 64 of module CompositionalSpec: 175140
@!@!@ENDMSG 2221 @!@!@
@!@!@STARTMSG 2772:0 @!@!@
<TERMINATED line 249, col 1 to line 249, col 16 of module CompositionalSpec>: 271146:554610
@!@!@ENDMSG 2772 @!@!@
@!@!@STARTMSG 2221:0 @!@!@
  line 249, col 24 to line 249, col 46 of module CompositionalSpec: 8669430
@!@!@ENDMSG 2221 @!@!@
@!@!@STARTMSG 2221:0 @!@!@
  |line 249, col 24 to line 249, col 31 of module CompositionalSpec: 8114820
@!@!@ENDMSG 2221 @!@!@
@!@!@STARTMSG 2221:0 @!@!@
  line 250, col 24 to line 250, col 91 of module CompositionalSpec: 554610
@!@!@ENDMSG 2221 @!@!@
@!@!@STARTMSG 2221:0 @!@!@
  line 251, col 24 to line 251, col 71 of module CompositionalSpec: 554610
@!@!@ENDMSG 2221 @!@!@
@!@!@STARTMSG 2221:0 @!@!@
  line 252, col 24 to line 252, col 80 of module CompositionalSpec: 554610
@!@!@ENDMSG 2221 @!@!@
@!@!@STARTMSG 2221:0 @!@!@
  line 253, col 24 to line 253, col 74 of module CompositionalSpec: 554610
@!@!@ENDMSG 2221 @!@!@
@!@!@STARTMSG 2221:0 @!@!@
  line 254, col 24 to line 256, col 64 of module CompositionalSpec: 554610
@!@!@ENDMSG 2221 @!@!@
@!@!@STARTMSG 2772:0 @!@!@
<DECLARE_PERMISSION line 260, col 1 to line 260, col 24 of module CompositionalSpec>: 128703:583800
@!@!@ENDMSG 2772 @!@!@
@!@!@STARTMSG 2221:0 @!@!@
  line 260, col 32 to line 260, col 62 of module CompositionalSpec: 8698620
@!@!@ENDMSG 2221 @!@!@
@!@!@STARTMSG 2221:0 @!@!@
  |line 260, col 32 to line 260, col 39 of module CompositionalSpec: 8114820
@!@!@ENDMSG 2221 @!@!@
@!@!@STARTMSG 2221:0 @!@!@
  line 261, col 32 to line 261, col 104 of module CompositionalSpec: 583800
@!@!@ENDMSG 2221 @!@!@
@!@!@STARTMSG 2221:0 @!@!@
  line 262, col 32 to line 262, col 79 of module CompositionalSpec: 583800
@!@!@ENDMSG 2221 @!@!@
@!@!@STARTMSG 2221:0 @!@!@
  line 263, col 32 to line 263, col 88 of module CompositionalSpec: 583800
@!@!@ENDMSG 2221 @!@!@
@!@!@STARTMSG 2221:0 @!@!@
  line 264, col 32 to line 264, col 88 of module CompositionalSpec: 583800
@!@!@ENDMSG 2221 @!@!@
@!@!@STARTMSG 2221:0 @!@!@
  line 265, col 32 to line 265, col 82 of module CompositionalSpec: 583800
@!@!@ENDMSG 2221 @!@!@
@!@!@STARTMSG 2221:0 @!@!@
  line 266, col 32 to line 269, col 66 of module CompositionalSpec: 583800
@!@!@ENDMSG 2221 @!@!@
@!@!@STARTMSG 2772:0 @!@!@
<REVOKE_PERMISSION line 273, col 1 to line 273, col 23 of module CompositionalSpec>: 0:1352470
@!@!@ENDMSG 2772 @!@!@
@!@!@STARTMSG 2221:0 @!@!@
  line 273, col 31 to line 273, col 60 of module CompositionalSpec: 9467290
@!@!@ENDMSG 2221 @!@!@
@!@!@STARTMSG 2221:0 @!@!@
  |line 273, col 31 to line 273, col 38 of module CompositionalSpec: 8114820
@!@!@ENDMSG 2221 @!@!@
@!@!@STARTMSG 2221:0 @!@!@
  line 274, col 31 to line 274, col 121 of module CompositionalSpec: 1352470
@!@!@ENDMSG 2221 @!@!@
@!@!@STARTMSG 2221:0 @!@!@
  line 275, col 31 to line 275, col 78 of module CompositionalSpec: 1352470
@!@!@ENDMSG 2221 @!@!@
@!@!@STARTMSG 2221:0 @!@!@
  line 276, col 31 to line 276, col 87 of module CompositionalSpec: 1352470
@!@!@ENDMSG 2221 @!@!@
@!@!@STARTMSG 2221:0 @!@!@
  line 277, col 31 to line 277, col 81 of module CompositionalSpec: 1352470
@!@!@ENDMSG 2221 @!@!@
@!@!@STARTMSG 2221:0 @!@!@
  line 278, col 31 to line 281, col 47 of module CompositionalSpec: 1352470
@!@!@ENDMSG 2221 @!@!@
@!@!@STARTMSG 2772:0 @!@!@
<REQUEST_PERMISSION line 285, col 1 to line 285, col 24 of module CompositionalSpec>: 19:9737784
@!@!@ENDMSG 2772 @!@!@
@!@!@STARTMSG 2221:0 @!@!@
  line 285, col 32 to line 285, col 62 of module CompositionalSpec: 9737784
@!@!@ENDMSG 2221 @!@!@
@!@!@STARTMSG 2221:0 @!@!@
  |line 285, col 32 to line 285, col 39 of module CompositionalSpec: 8114820
@!@!@ENDMSG 2221 @!@!@
@!@!@STARTMSG 2221:0 @!@!@
  line 287, col 34 to line 287, col 53 of module CompositionalSpec: 9737784
@!@!@ENDMSG 2221 @!@!@
@!@!@STARTMSG 2221:0 @!@!@
  line 286, col 41 to line 286, col 54 of module CompositionalSpec: 1622964
@!@!@ENDMSG 2221 @!@!@
@!@!@STARTMSG 2221:0 @!@!@
  line 288, col 32 to line 288, col 79 of module CompositionalSpec: 9737784
@!@!@ENDMSG 2221 @!@!@
@!@!@STARTMSG 2221:0 @!@!@
  line 289, col 32 to line 289, col 82 of module CompositionalSpec: 9737784
@!@!@ENDMSG 2221 @!@!@
@!@!@STARTMSG 2221:0 @!@!@
  line 290, col 32 to line 290, col 85 of module CompositionalSpec: 9737784
@!@!@ENDMSG 2221 @!@!@
@!@!@STARTMSG 2221:0 @!@!@
  line 291, col 32 to line 291, col 82 of module CompositionalSpec: 9737784
@!@!@ENDMSG 2221 @!@!@
@!@!@STARTMSG 2221:0 @!@!@
  line 292, col 32 to line 294, col 73 of module CompositionalSpec: 9737784
@!@!@ENDMSG 2221 @!@!@
@!@!@STARTMSG 2772:0 @!@!@
<EnvBegin line 298, col 1 to line 298, col 8 of module CompositionalSpec>: 2:2028705
@!@!@ENDMSG 2772 @!@!@
@!@!@STARTMSG 2221:0 @!@!@
  line 298, col 16 to line 298, col 45 of module CompositionalSpec: 2704940
@!@!@ENDMSG 2221 @!@!@
@!@!@STARTMSG 2221:0 @!@!@
  |line 298, col 16 to line 298, col 32 of module CompositionalSpec: 2028705
@!@!@ENDMSG 2221 @!@!@
@!@!@STARTMSG 2221:0 @!@!@
  line 299, col 22 to line 299, col 25 of module CompositionalSpec: 676235
@!@!@ENDMSG 2221 @!@!@
@!@!@STARTMSG 2221:0 @!@!@
  line 300, col 22 to line 300, col 68 of module CompositionalSpec: 676235
@!@!@ENDMSG 2221 @!@!@
@!@!@STARTMSG 2221:0 @!@!@
  line 301, col 22 to line 301, col 47 of module CompositionalSpec: 676235
@!@!@ENDMSG 2221 @!@!@
@!@!@STARTMSG 2221:0 @!@!@
  line 303, col 24 to line 308, col 82 of module CompositionalSpec: 1352470
@!@!@ENDMSG 2221 @!@!@
@!@!@STARTMSG 2221:0 @!@!@
  line 302, col 31 to line 302, col 34 of module CompositionalSpec: 676235
@!@!@ENDMSG 2221 @!@!@
@!@!@STARTMSG 2221:0 @!@!@
  line 309, col 16 to line 311, col 56 of module CompositionalSpec: 2028705
@!@!@ENDMSG 2221 @!@!@
@!@!@STARTMSG 2772:0 @!@!@
<AppBegin line 315, col 1 to line 315, col 14 of module CompositionalSpec>: 924664:1926540
@!@!@ENDMSG 2772 @!@!@
@!@!@STARTMSG 2221:0 @!@!@
  line 315, col 22 to line 315, col 42 of module CompositionalSpec: 5166630
@!@!@ENDMSG 2221 @!@!@
@!@!@STARTMSG 2221:0 @!@!@
  |line 315, col 22 to line 315, col 29 of module CompositionalSpec: 4057410
@!@!@ENDMSG 2221 @!@!@
@!@!@STARTMSG 2221:0 @!@!@
  line 316, col 25 to line 316, col 69 of module CompositionalSpec: 1109220
@!@!@ENDMSG 2221 @!@!@
@!@!@STARTMSG 2221:0 @!@!@
  line 317, col 39 to line 321, col 90 of module CompositionalSpec: 554610
@!@!@ENDMSG 2221 @!@!@
@!@!@STARTMSG 2221:0 @!@!@
  line 322, col 39 to line 322, col 78 of module CompositionalSpec: 554610
@!@!@ENDMSG 2221 @!@!@
@!@!@STARTMSG 2221:0 @!@!@
  line 323, col 39 to line 323, col 65 of module CompositionalSpec: 554610
@!@!@ENDMSG 2221 @!@!@
@!@!@STARTMSG 2221:0 @!@!@
  line 324, col 42 to line 324, col 85 of module CompositionalSpec: 554610
@!@!@ENDMSG 2221 @!@!@
@!@!@STARTMSG 2221:0 @!@!@
  line 325, col 56 to line 329, col 107 of module CompositionalSpec: 262710
@!@!@ENDMSG 2221 @!@!@
@!@!@STARTMSG 2221:0 @!@!@
  line 330, col 56 to line 330, col 98 of module CompositionalSpec: 262710
@!@!@ENDMSG 2221 @!@!@
@!@!@STARTMSG 2221:0 @!@!@
  line 331, col 56 to line 331, col 71 of module CompositionalSpec: 262710
@!@!@ENDMSG 2221 @!@!@
@!@!@STARTMSG 2221:0 @!@!@
  line 332, col 59 to line 332, col 113 of module CompositionalSpec: 262710
@!@!@ENDMSG 2221 @!@!@
@!@!@STARTMSG 2221:0 @!@!@
  line 333, col 64 to line 338, col 106 of module CompositionalSpec: 175140
@!@!@ENDMSG 2221 @!@!@
@!@!@STARTMSG 2221:0 @!@!@
  line 339, col 67 to line 339, col 104 of module CompositionalSpec: 87570
@!@!@ENDMSG 2221 @!@!@
@!@!@STARTMSG 2221:0 @!@!@
  line 340, col 67 to line 341, col 88 of module CompositionalSpec: 87570
@!@!@ENDMSG 2221 @!@!@
@!@!@STARTMSG 2221:0 @!@!@
  line 342, col 56 to line 342, col 69 of module CompositionalSpec: 262710
@!@!@ENDMSG 2221 @!@!@
@!@!@STARTMSG 2221:0 @!@!@
  line 343, col 50 to line 343, col 99 of module CompositionalSpec: 291900
@!@!@ENDMSG 2221 @!@!@
@!@!@STARTMSG 2221:0 @!@!@
  line 344, col 50 to line 345, col 71 of module CompositionalSpec: 291900
@!@!@ENDMSG 2221 @!@!@
@!@!@STARTMSG 2221:0 @!@!@
  line 346, col 39 to line 346, col 52 of module CompositionalSpec: 817320
@!@!@ENDMSG 2221 @!@!@
@!@!@STARTMSG 2221:0 @!@!@
  line 347, col 33 to line 347, col 66 of module CompositionalSpec: 554610
@!@!@ENDMSG 2221 @!@!@
@!@!@STARTMSG 2221:0 @!@!@
  line 348, col 33 to line 348, col 75 of module CompositionalSpec: 554610
@!@!@ENDMSG 2221 @!@!@
@!@!@STARTMSG 2221:0 @!@!@
  line 349, col 22 to line 351, col 67 of module CompositionalSpec: 1926540
@!@!@ENDMSG 2221 @!@!@
@!@!@STARTMSG 2772:0 @!@!@
<DECLARING_PERMISSION line 353, col 1 to line 353, col 26 of module CompositionalSpec>: 299303:583800
@!@!@ENDMSG 2772 @!@!@
@!@!@STARTMSG 2221:0 @!@!@
  line 353, col 34 to line 353, col 66 of module CompositionalSpec: 4349310
@!@!@ENDMSG 2221 @!@!@
@!@!@STARTMSG 2221:0 @!@!@
  |line 353, col 34 to line 353, col 41 of module CompositionalSpec: 4057410
@!@!@ENDMSG 2221 @!@!@
@!@!@STARTMSG 2221:0 @!@!@
  line 355, col 36 to line 362, col 86 of module CompositionalSpec: 583800
@!@!@ENDMSG 2221 @!@!@
@!@!@STARTMSG 2221:0 @!@!@
  line 354, col 43 to line 354, col 53 of module CompositionalSpec: 291900
@!@!@ENDMSG 2221 @!@!@
@!@!@STARTMSG 2221:0 @!@!@
  line 363, col 34 to line 366, col 68 of module CompositionalSpec: 583800
@!@!@ENDMSG 2221 @!@!@
@!@!@STARTMSG 2772:0 @!@!@
<INSTALLING_APP line 368, col 1 to line 368, col 20 of module CompositionalSpec>: 136445:262710
@!@!@ENDMSG 2772 @!@!@
@!@!@STARTMSG 2221:0 @!@!@
  line 368, col 28 to line 368, col 54 of module CompositionalSpec: 4320120
@!@!@ENDMSG 2221 @!@!@
@!@!@STARTMSG 2221:0 @!@!@
  |line 368, col 28 to line 368, col 35 of module CompositionalSpec: 4057410
@!@!@ENDMSG 2221 @!@!@
@!@!@STARTMSG 2221:0 @!@!@
  line 369, col 28 to line 373, col 79 of module CompositionalSpec: 262710
@!@!@ENDMSG 2221 @!@!@
@!@!@STARTMSG 2221:0 @!@!@
  line 374, col 28 to line 374, col 68 of module CompositionalSpec: 262710
@!@!@ENDMSG 2221 @!@!@
@!@!@STARTMSG 2221:0 @!@!@
  line 375, col 28 to line 378, col 62 of module CompositionalSpec: 262710
@!@!@ENDMSG 2221 @!@!@
@!@!@STARTMSG 2772:0 @!@!@
<ApsBegin line 383, col 1 to line 383, col 8 of module CompositionalSpec>: 122:2028705
@!@!@ENDMSG 2772 @!@!@
@!@!@STARTMSG 2221:0 @!@!@
  line 383, col 16 to line 383, col 37 of module CompositionalSpec: 2434446
@!@!@ENDMSG 2221 @!@!@
@!@!@STARTMSG 2221:0 @!@!@
  |line 383, col 16 to line 383, col 24 of module CompositionalSpec: 2028705
@!@!@ENDMSG 2221 @!@!@
@!@!@STARTMSG 2221:0 @!@!@
  line 384, col 22 to line 384, col 25 of module CompositionalSpec: 405741
@!@!@ENDMSG 2221 @!@!@
@!@!@STARTMSG 2221:0 @!@!@
  line 385, col 22 to line 385, col 60 of module CompositionalSpec: 405741
@!@!@ENDMSG 2221 @!@!@
@!@!@STARTMSG 2221:0 @!@!@
  line 386, col 22 to line 386, col 51 of module CompositionalSpec: 405741
@!@!@ENDMSG 2221 @!@!@
@!@!@STARTMSG 2221:0 @!@!@
  line 389, col 26 to line 396, col 77 of module CompositionalSpec: 1622964
@!@!@ENDMSG 2221 @!@!@
@!@!@STARTMSG 2221:0 @!@!@
  line 388, col 33 to line 388, col 43 of module CompositionalSpec: 811482
@!@!@ENDMSG 2221 @!@!@
@!@!@STARTMSG 2221:0 @!@!@
  line 387, col 31 to line 387, col 34 of module CompositionalSpec: 405741
@!@!@ENDMSG 2221 @!@!@
@!@!@STARTMSG 2221:0 @!@!@
  line 397, col 16 to line 399, col 50 of module CompositionalSpec: 2028705
@!@!@ENDMSG 2221 @!@!@
@!@!@STARTMSG 2202:0 @!@!@
End of statistics.
@!@!@ENDMSG 2202 @!@!@
@!@!@STARTMSG 2200:0 @!@!@
Progress(47) at 2023-05-20 20:09:22: 19,759,685 states generated (13,455,998 s/min), 2,028,705 distinct states found (1,381,512 ds/min), 0 states left on queue.
@!@!@ENDMSG 2200 @!@!@
@!@!@STARTMSG 2199:0 @!@!@
19759685 states generated, 2028705 distinct states found, 0 states left on queue.
@!@!@ENDMSG 2199 @!@!@
@!@!@STARTMSG 2194:0 @!@!@
The depth of the complete state graph search is 47.
@!@!@ENDMSG 2194 @!@!@
@!@!@STARTMSG 2268:0 @!@!@
The average outdegree of the complete state graph is 1 (minimum is 0, the maximum 10 and the 95th percentile is 2).
@!@!@ENDMSG 2268 @!@!@
@!@!@STARTMSG 2186:0 @!@!@
Finished in 88136ms at (2023-05-20 20:09:22)
@!@!@ENDMSG 2186 @!@!@
