@!@!@STARTMSG 2262:0 @!@!@
TLC2 Version 2.16 of 31 December 2020 (rev: cdddf55)
@!@!@ENDMSG 2262 @!@!@
@!@!@STARTMSG 2187:0 @!@!@
Running breadth-first search Model-Checking with fp 110 and seed 8844332814315726957 with 4 workers on 8 cores with 599MB heap and 1345MB offheap memory [pid: 14176] (Windows 10 10.0 amd64, AdoptOpenJDK 14.0.1 x86_64, OffHeapDiskFPSet, DiskStateQueue).
@!@!@ENDMSG 2187 @!@!@
@!@!@STARTMSG 2220:0 @!@!@
Starting SANY...
@!@!@ENDMSG 2220 @!@!@
Parsing file G:\repos\access-control-management\spec\AccessControlManagement.toolbox\Model_1\MC.tla
Parsing file G:\repos\access-control-management\spec\AccessControlManagement.toolbox\Model_1\AccessControlManagement.tla
Parsing file G:\TLA+ Toolbox\plugins\org.lamport.tlatools_1.0.0.202012311918\tla2sany\StandardModules\TLC.tla
Parsing file G:\TLA+ Toolbox\plugins\org.lamport.tlatools_1.0.0.202012311918\tla2sany\StandardModules\Naturals.tla
Parsing file G:\TLA+ Toolbox\plugins\org.lamport.tlatools_1.0.0.202012311918\tla2sany\StandardModules\Sequences.tla
Parsing file G:\TLA+ Toolbox\plugins\org.lamport.tlatools_1.0.0.202012311918\tla2sany\StandardModules\FiniteSets.tla
Semantic processing of module Naturals
Semantic processing of module Sequences
Semantic processing of module AccessControlManagement
Semantic processing of module FiniteSets
Semantic processing of module TLC
Semantic processing of module MC
@!@!@STARTMSG 2219:0 @!@!@
SANY finished.
@!@!@ENDMSG 2219 @!@!@
@!@!@STARTMSG 2185:0 @!@!@
Starting... (2023-06-10 05:21:02)
@!@!@ENDMSG 2185 @!@!@
@!@!@STARTMSG 2212:0 @!@!@
Implied-temporal checking--satisfiability problem has 1 branches.
@!@!@ENDMSG 2212 @!@!@
@!@!@STARTMSG 2189:0 @!@!@
Computing initial states...
@!@!@ENDMSG 2189 @!@!@
@!@!@STARTMSG 2190:0 @!@!@
Finished computing initial states: 1 distinct state generated at 2023-06-10 05:21:03.
@!@!@ENDMSG 2190 @!@!@
@!@!@STARTMSG 2110:1 @!@!@
Invariant AcmConsistent is violated.
@!@!@ENDMSG 2110 @!@!@
@!@!@STARTMSG 2121:1 @!@!@
The behavior up to this point is:
@!@!@ENDMSG 2121 @!@!@
@!@!@STARTMSG 2217:4 @!@!@
1: <Initial predicate>
/\ app1 = <<0, 0>>
/\ app2 = <<0, 0>>
/\ Resource = <<0, 0>>
/\ pc = <<"s0", "s0">>
/\ Acl = <<<<"NULL", "NULL">>, <<"NULL", "NULL">>>>
/\ Grid = <<<<FALSE, FALSE>>, <<FALSE, FALSE>>>>
/\ Consent = <<<<FALSE, FALSE>>, <<FALSE, FALSE>>>>
/\ stack = <<<<>>, <<>>>>
/\ ResourceList = <<1..2, 1..2>>

@!@!@ENDMSG 2217 @!@!@
@!@!@STARTMSG 2217:4 @!@!@
2: <s0 line 153, col 13 to line 157, col 39 of module AccessControlManagement>
/\ app1 = <<0, 0>>
/\ app2 = <<0, 0>>
/\ Resource = <<0, 0>>
/\ pc = <<"s1", "s0">>
/\ Acl = <<<<"NULL", "NULL">>, <<"NULL", "NULL">>>>
/\ Grid = <<<<TRUE, FALSE>>, <<FALSE, FALSE>>>>
/\ Consent = <<<<FALSE, FALSE>>, <<FALSE, FALSE>>>>
/\ stack = <<<<>>, <<>>>>
/\ ResourceList = <<1..2, 1..2>>

@!@!@ENDMSG 2217 @!@!@
@!@!@STARTMSG 2217:4 @!@!@
3: <s1 line 159, col 13 to line 162, col 53 of module AccessControlManagement>
/\ app1 = <<0, 0>>
/\ app2 = <<0, 0>>
/\ Resource = <<0, 0>>
/\ pc = <<"s2", "s0">>
/\ Acl = <<<<"NULL", "NULL">>, <<"NULL", "NULL">>>>
/\ Grid = <<<<TRUE, FALSE>>, <<FALSE, FALSE>>>>
/\ Consent = <<<<FALSE, FALSE>>, <<FALSE, FALSE>>>>
/\ stack = <<<<>>, <<>>>>
/\ ResourceList = <<1..2, 1..2>>

@!@!@ENDMSG 2217 @!@!@
@!@!@STARTMSG 2217:4 @!@!@
4: <s2 line 164, col 13 to line 169, col 43 of module AccessControlManagement>
/\ app1 = <<0, 0>>
/\ app2 = <<0, 0>>
/\ Resource = <<1, 0>>
/\ pc = <<"s3", "s0">>
/\ Acl = <<<<"NULL", "NULL">>, <<"NULL", "NULL">>>>
/\ Grid = <<<<TRUE, FALSE>>, <<FALSE, FALSE>>>>
/\ Consent = <<<<FALSE, FALSE>>, <<FALSE, FALSE>>>>
/\ stack = <<<<>>, <<>>>>
/\ ResourceList = <<1..2, 1..2>>

@!@!@ENDMSG 2217 @!@!@
@!@!@STARTMSG 2217:4 @!@!@
5: <s3 line 171, col 13 to line 190, col 78 of module AccessControlManagement>
/\ app1 = <<0, 0>>
/\ app2 = <<0, 0>>
/\ Resource = <<1, 0>>
/\ pc = <<"s4", "s0">>
/\ Acl = <<<<"REQUESTED", "NULL">>, <<"NULL", "NULL">>>>
/\ Grid = <<<<TRUE, FALSE>>, <<FALSE, FALSE>>>>
/\ Consent = <<<<FALSE, FALSE>>, <<FALSE, FALSE>>>>
/\ stack = <<<<>>, <<>>>>
/\ ResourceList = <<1..2, 1..2>>

@!@!@ENDMSG 2217 @!@!@
@!@!@STARTMSG 2217:4 @!@!@
6: <s4 line 192, col 13 to line 209, col 53 of module AccessControlManagement>
/\ app1 = <<0, 0>>
/\ app2 = <<0, 0>>
/\ Resource = <<1, 0>>
/\ pc = <<"s1", "s0">>
/\ Acl = <<<<"REQUESTED", "NULL">>, <<"NULL", "NULL">>>>
/\ Grid = <<<<TRUE, FALSE>>, <<FALSE, FALSE>>>>
/\ Consent = <<<<FALSE, FALSE>>, <<FALSE, FALSE>>>>
/\ stack = <<<<>>, <<>>>>
/\ ResourceList = <<1..2, 1..2>>

@!@!@ENDMSG 2217 @!@!@
@!@!@STARTMSG 2217:4 @!@!@
7: <s1 line 159, col 13 to line 162, col 53 of module AccessControlManagement>
/\ app1 = <<0, 0>>
/\ app2 = <<0, 0>>
/\ Resource = <<1, 0>>
/\ pc = <<"s2", "s0">>
/\ Acl = <<<<"REQUESTED", "NULL">>, <<"NULL", "NULL">>>>
/\ Grid = <<<<TRUE, FALSE>>, <<FALSE, FALSE>>>>
/\ Consent = <<<<FALSE, FALSE>>, <<FALSE, FALSE>>>>
/\ stack = <<<<>>, <<>>>>
/\ ResourceList = <<1..2, 1..2>>

@!@!@ENDMSG 2217 @!@!@
@!@!@STARTMSG 2217:4 @!@!@
8: <s2 line 164, col 13 to line 169, col 43 of module AccessControlManagement>
/\ app1 = <<0, 0>>
/\ app2 = <<0, 0>>
/\ Resource = <<1, 0>>
/\ pc = <<"s3", "s0">>
/\ Acl = <<<<"REQUESTED", "NULL">>, <<"NULL", "NULL">>>>
/\ Grid = <<<<TRUE, FALSE>>, <<FALSE, FALSE>>>>
/\ Consent = <<<<FALSE, FALSE>>, <<FALSE, FALSE>>>>
/\ stack = <<<<>>, <<>>>>
/\ ResourceList = <<1..2, 1..2>>

@!@!@ENDMSG 2217 @!@!@
@!@!@STARTMSG 2217:4 @!@!@
9: <s3 line 171, col 13 to line 190, col 78 of module AccessControlManagement>
/\ app1 = <<0, 0>>
/\ app2 = <<0, 0>>
/\ Resource = <<1, 0>>
/\ pc = <<"s4", "s0">>
/\ Acl = <<<<"ALLOWED", "NULL">>, <<"NULL", "NULL">>>>
/\ Grid = <<<<TRUE, FALSE>>, <<FALSE, FALSE>>>>
/\ Consent = <<<<TRUE, FALSE>>, <<FALSE, FALSE>>>>
/\ stack = <<<<>>, <<>>>>
/\ ResourceList = <<1..2, 1..2>>

@!@!@ENDMSG 2217 @!@!@
@!@!@STARTMSG 2217:4 @!@!@
10: <s0 line 153, col 13 to line 157, col 39 of module AccessControlManagement>
/\ app1 = <<0, 0>>
/\ app2 = <<0, 0>>
/\ Resource = <<1, 0>>
/\ pc = <<"s4", "s1">>
/\ Acl = <<<<"ALLOWED", "NULL">>, <<"NULL", "NULL">>>>
/\ Grid = <<<<TRUE, FALSE>>, <<FALSE, TRUE>>>>
/\ Consent = <<<<TRUE, FALSE>>, <<FALSE, FALSE>>>>
/\ stack = <<<<>>, <<>>>>
/\ ResourceList = <<1..2, 1..2>>

@!@!@ENDMSG 2217 @!@!@
@!@!@STARTMSG 2217:4 @!@!@
11: <s1 line 159, col 13 to line 162, col 53 of module AccessControlManagement>
/\ app1 = <<0, 0>>
/\ app2 = <<0, 0>>
/\ Resource = <<1, 0>>
/\ pc = <<"s4", "s2">>
/\ Acl = <<<<"ALLOWED", "NULL">>, <<"NULL", "NULL">>>>
/\ Grid = <<<<TRUE, FALSE>>, <<FALSE, TRUE>>>>
/\ Consent = <<<<TRUE, FALSE>>, <<FALSE, FALSE>>>>
/\ stack = <<<<>>, <<>>>>
/\ ResourceList = <<1..2, 1..2>>

@!@!@ENDMSG 2217 @!@!@
@!@!@STARTMSG 2217:4 @!@!@
12: <s2 line 164, col 13 to line 169, col 43 of module AccessControlManagement>
/\ app1 = <<0, 0>>
/\ app2 = <<0, 0>>
/\ Resource = <<1, 1>>
/\ pc = <<"s4", "s3">>
/\ Acl = <<<<"ALLOWED", "NULL">>, <<"NULL", "NULL">>>>
/\ Grid = <<<<TRUE, FALSE>>, <<FALSE, TRUE>>>>
/\ Consent = <<<<TRUE, FALSE>>, <<FALSE, FALSE>>>>
/\ stack = <<<<>>, <<>>>>
/\ ResourceList = <<1..2, 1..2>>

@!@!@ENDMSG 2217 @!@!@
@!@!@STARTMSG 2217:4 @!@!@
13: <s3 line 171, col 13 to line 190, col 78 of module AccessControlManagement>
/\ app1 = <<0, 0>>
/\ app2 = <<0, 0>>
/\ Resource = <<1, 1>>
/\ pc = <<"s4", "s4">>
/\ Acl = <<<<"ALLOWED", "NULL">>, <<"REQUESTED", "NULL">>>>
/\ Grid = <<<<TRUE, FALSE>>, <<FALSE, TRUE>>>>
/\ Consent = <<<<TRUE, FALSE>>, <<FALSE, FALSE>>>>
/\ stack = <<<<>>, <<>>>>
/\ ResourceList = <<1..2, 1..2>>

@!@!@ENDMSG 2217 @!@!@
@!@!@STARTMSG 2217:4 @!@!@
14: <s4 line 192, col 13 to line 209, col 53 of module AccessControlManagement>
/\ app1 = <<0, 2>>
/\ app2 = <<0, 1>>
/\ Resource = <<1, 1>>
/\ pc = <<"s4", "DELEGATE">>
/\ Acl = <<<<"ALLOWED", "NULL">>, <<"REQUESTED", "NULL">>>>
/\ Grid = <<<<TRUE, FALSE>>, <<TRUE, TRUE>>>>
/\ Consent = <<<<TRUE, FALSE>>, <<FALSE, FALSE>>>>
/\ stack = << <<>>,
   << [ pc |-> "s1",
        app1 |-> 0,
        app2 |-> 0,
        ResourceList |-> 1..2,
        procedure |-> "Delegate" ] >> >>
/\ ResourceList = <<1..2, 1..2>>

@!@!@ENDMSG 2217 @!@!@
@!@!@STARTMSG 2217:4 @!@!@
15: <DELEGATE line 133, col 19 to line 149, col 60 of module AccessControlManagement>
/\ app1 = <<0, 2>>
/\ app2 = <<0, 1>>
/\ Resource = <<1, 1>>
/\ pc = <<"s4", "DELEGATE">>
/\ Acl = <<<<"ALLOWED", "NULL">>, <<"REQUESTED", "NULL">>>>
/\ Grid = <<<<TRUE, FALSE>>, <<TRUE, TRUE>>>>
/\ Consent = <<<<TRUE, FALSE>>, <<FALSE, FALSE>>>>
/\ stack = << <<>>,
   << [ pc |-> "s1",
        app1 |-> 0,
        app2 |-> 0,
        ResourceList |-> 1..2,
        procedure |-> "Delegate" ] >> >>
/\ ResourceList = <<1..2, {1}>>

@!@!@ENDMSG 2217 @!@!@
@!@!@STARTMSG 2217:4 @!@!@
16: <DELEGATE line 133, col 19 to line 149, col 60 of module AccessControlManagement>
/\ app1 = <<0, 2>>
/\ app2 = <<0, 1>>
/\ Resource = <<1, 1>>
/\ pc = <<"s4", "DELEGATE">>
/\ Acl = <<<<"ALLOWED", "NULL">>, <<"ALLOWED", "NULL">>>>
/\ Grid = <<<<TRUE, FALSE>>, <<TRUE, TRUE>>>>
/\ Consent = <<<<TRUE, FALSE>>, <<FALSE, FALSE>>>>
/\ stack = << <<>>,
   << [ pc |-> "s1",
        app1 |-> 0,
        app2 |-> 0,
        ResourceList |-> 1..2,
        procedure |-> "Delegate" ] >> >>
/\ ResourceList = <<1..2, {}>>

@!@!@ENDMSG 2217 @!@!@
@!@!@STARTMSG 2217:4 @!@!@
17: <DELEGATE line 133, col 19 to line 149, col 60 of module AccessControlManagement>
/\ app1 = <<0, 0>>
/\ app2 = <<0, 0>>
/\ Resource = <<1, 1>>
/\ pc = <<"s4", "s1">>
/\ Acl = <<<<"ALLOWED", "NULL">>, <<"ALLOWED", "NULL">>>>
/\ Grid = <<<<TRUE, FALSE>>, <<TRUE, TRUE>>>>
/\ Consent = <<<<TRUE, FALSE>>, <<FALSE, FALSE>>>>
/\ stack = <<<<>>, <<>>>>
/\ ResourceList = <<1..2, 1..2>>

@!@!@ENDMSG 2217 @!@!@
@!@!@STARTMSG 2217:4 @!@!@
18: <s1 line 159, col 13 to line 162, col 53 of module AccessControlManagement>
/\ app1 = <<0, 0>>
/\ app2 = <<0, 0>>
/\ Resource = <<1, 1>>
/\ pc = <<"s4", "s2">>
/\ Acl = <<<<"ALLOWED", "NULL">>, <<"ALLOWED", "NULL">>>>
/\ Grid = <<<<TRUE, FALSE>>, <<TRUE, TRUE>>>>
/\ Consent = <<<<TRUE, FALSE>>, <<FALSE, FALSE>>>>
/\ stack = <<<<>>, <<>>>>
/\ ResourceList = <<1..2, 1..2>>

@!@!@ENDMSG 2217 @!@!@
@!@!@STARTMSG 2217:4 @!@!@
19: <s2 line 164, col 13 to line 169, col 43 of module AccessControlManagement>
/\ app1 = <<0, 0>>
/\ app2 = <<0, 0>>
/\ Resource = <<1, 1>>
/\ pc = <<"s4", "s3">>
/\ Acl = <<<<"ALLOWED", "NULL">>, <<"ALLOWED", "NULL">>>>
/\ Grid = <<<<TRUE, FALSE>>, <<TRUE, TRUE>>>>
/\ Consent = <<<<TRUE, FALSE>>, <<FALSE, FALSE>>>>
/\ stack = <<<<>>, <<>>>>
/\ ResourceList = <<1..2, 1..2>>

@!@!@ENDMSG 2217 @!@!@
@!@!@STARTMSG 2217:4 @!@!@
20: <s3 line 171, col 13 to line 190, col 78 of module AccessControlManagement>
/\ app1 = <<0, 0>>
/\ app2 = <<0, 0>>
/\ Resource = <<1, 1>>
/\ pc = <<"s4", "s4">>
/\ Acl = <<<<"ALLOWED", "NULL">>, <<"IN_USE", "NULL">>>>
/\ Grid = <<<<TRUE, FALSE>>, <<TRUE, TRUE>>>>
/\ Consent = <<<<TRUE, FALSE>>, <<FALSE, FALSE>>>>
/\ stack = <<<<>>, <<>>>>
/\ ResourceList = <<1..2, 1..2>>

@!@!@ENDMSG 2217 @!@!@
@!@!@STARTMSG 2201:0 @!@!@
The coverage statistics at 2023-06-10 05:21:05
@!@!@ENDMSG 2201 @!@!@
@!@!@STARTMSG 2773:0 @!@!@
<Init line 120, col 1 to line 120, col 4 of module AccessControlManagement>: 2:2
@!@!@ENDMSG 2773 @!@!@
@!@!@STARTMSG 2221:0 @!@!@
  line 121, col 9 to line 131, col 43 of module AccessControlManagement: 2
@!@!@ENDMSG 2221 @!@!@
@!@!@STARTMSG 2772:0 @!@!@
<DELEGATE line 133, col 1 to line 133, col 14 of module AccessControlManagement>: 1997:4644
@!@!@ENDMSG 2772 @!@!@
@!@!@STARTMSG 2221:0 @!@!@
  line 133, col 22 to line 133, col 42 of module AccessControlManagement: 15265
@!@!@ENDMSG 2221 @!@!@
@!@!@STARTMSG 2221:0 @!@!@
  |line 133, col 22 to line 133, col 29 of module AccessControlManagement: 11744
@!@!@ENDMSG 2221 @!@!@
@!@!@STARTMSG 2221:0 @!@!@
  line 134, col 25 to line 134, col 47 of module AccessControlManagement: 3521
@!@!@ENDMSG 2221 @!@!@
@!@!@STARTMSG 2221:0 @!@!@
  line 136, col 41 to line 136, col 68 of module AccessControlManagement: 4003
@!@!@ENDMSG 2221 @!@!@
@!@!@STARTMSG 2221:0 @!@!@
  line 137, col 46 to line 137, col 94 of module AccessControlManagement: 300
@!@!@ENDMSG 2221 @!@!@
@!@!@STARTMSG 2221:0 @!@!@
  line 138, col 46 to line 139, col 58 of module AccessControlManagement: 3703
@!@!@ENDMSG 2221 @!@!@
@!@!@STARTMSG 2221:0 @!@!@
  line 140, col 38 to line 140, col 109 of module AccessControlManagement: 4003
@!@!@ENDMSG 2221 @!@!@
@!@!@STARTMSG 2221:0 @!@!@
  line 135, col 42 to line 135, col 59 of module AccessControlManagement: 2880
@!@!@ENDMSG 2221 @!@!@
@!@!@STARTMSG 2221:0 @!@!@
  line 141, col 33 to line 141, col 70 of module AccessControlManagement: 4003
@!@!@ENDMSG 2221 @!@!@
@!@!@STARTMSG 2221:0 @!@!@
  line 142, col 33 to line 142, col 65 of module AccessControlManagement: 4003
@!@!@ENDMSG 2221 @!@!@
@!@!@STARTMSG 2221:0 @!@!@
  line 143, col 30 to line 148, col 42 of module AccessControlManagement: 641
@!@!@ENDMSG 2221 @!@!@
@!@!@STARTMSG 2221:0 @!@!@
  line 149, col 22 to line 149, col 60 of module AccessControlManagement: 4644
@!@!@ENDMSG 2221 @!@!@
@!@!@STARTMSG 2772:0 @!@!@
<s0 line 153, col 1 to line 153, col 8 of module AccessControlManagement>: 168:571
@!@!@ENDMSG 2772 @!@!@
@!@!@STARTMSG 2221:0 @!@!@
  line 153, col 16 to line 153, col 30 of module AccessControlManagement: 12301
@!@!@ENDMSG 2221 @!@!@
@!@!@STARTMSG 2221:0 @!@!@
  |line 153, col 16 to line 153, col 23 of module AccessControlManagement: 11730
@!@!@ENDMSG 2221 @!@!@
@!@!@STARTMSG 2221:0 @!@!@
  line 154, col 16 to line 154, col 57 of module AccessControlManagement: 571
@!@!@ENDMSG 2221 @!@!@
@!@!@STARTMSG 2221:0 @!@!@
  line 155, col 16 to line 155, col 47 of module AccessControlManagement: 571
@!@!@ENDMSG 2221 @!@!@
@!@!@STARTMSG 2221:0 @!@!@
  line 156, col 16 to line 157, col 39 of module AccessControlManagement: 571
@!@!@ENDMSG 2221 @!@!@
@!@!@STARTMSG 2772:0 @!@!@
<s1 line 159, col 1 to line 159, col 8 of module AccessControlManagement>: 1072:2052
@!@!@ENDMSG 2772 @!@!@
@!@!@STARTMSG 2221:0 @!@!@
  line 159, col 16 to line 159, col 30 of module AccessControlManagement: 13780
@!@!@ENDMSG 2221 @!@!@
@!@!@STARTMSG 2221:0 @!@!@
  |line 159, col 16 to line 159, col 23 of module AccessControlManagement: 11728
@!@!@ENDMSG 2221 @!@!@
@!@!@STARTMSG 2221:0 @!@!@
  line 160, col 16 to line 160, col 47 of module AccessControlManagement: 2052
@!@!@ENDMSG 2221 @!@!@
@!@!@STARTMSG 2221:0 @!@!@
  line 161, col 16 to line 162, col 53 of module AccessControlManagement: 2052
@!@!@ENDMSG 2221 @!@!@
@!@!@STARTMSG 2772:0 @!@!@
<s2 line 164, col 1 to line 164, col 8 of module AccessControlManagement>: 1503:3090
@!@!@ENDMSG 2772 @!@!@
@!@!@STARTMSG 2221:0 @!@!@
  line 164, col 16 to line 164, col 30 of module AccessControlManagement: 13269
@!@!@ENDMSG 2221 @!@!@
@!@!@STARTMSG 2221:0 @!@!@
  |line 164, col 16 to line 164, col 23 of module AccessControlManagement: 11724
@!@!@ENDMSG 2221 @!@!@
@!@!@STARTMSG 2221:0 @!@!@
  line 166, col 18 to line 166, col 58 of module AccessControlManagement: 3090
@!@!@ENDMSG 2221 @!@!@
@!@!@STARTMSG 2221:0 @!@!@
  line 165, col 25 to line 165, col 33 of module AccessControlManagement: 1545
@!@!@ENDMSG 2221 @!@!@
@!@!@STARTMSG 2221:0 @!@!@
  line 167, col 16 to line 167, col 47 of module AccessControlManagement: 3090
@!@!@ENDMSG 2221 @!@!@
@!@!@STARTMSG 2221:0 @!@!@
  line 168, col 16 to line 169, col 43 of module AccessControlManagement: 3090
@!@!@ENDMSG 2221 @!@!@
@!@!@STARTMSG 2772:0 @!@!@
<s3 line 171, col 1 to line 171, col 8 of module AccessControlManagement>: 1485:2749
@!@!@ENDMSG 2772 @!@!@
@!@!@STARTMSG 2221:0 @!@!@
  line 171, col 16 to line 171, col 30 of module AccessControlManagement: 13840
@!@!@ENDMSG 2221 @!@!@
@!@!@STARTMSG 2221:0 @!@!@
  |line 171, col 16 to line 171, col 23 of module AccessControlManagement: 11720
@!@!@ENDMSG 2221 @!@!@
@!@!@STARTMSG 2221:0 @!@!@
  line 172, col 19 to line 172, col 50 of module AccessControlManagement: 2122
@!@!@ENDMSG 2221 @!@!@
@!@!@STARTMSG 2221:0 @!@!@
  line 173, col 27 to line 173, col 81 of module AccessControlManagement: 1366
@!@!@ENDMSG 2221 @!@!@
@!@!@STARTMSG 2221:0 @!@!@
  line 174, col 27 to line 174, col 43 of module AccessControlManagement: 1366
@!@!@ENDMSG 2221 @!@!@
@!@!@STARTMSG 2221:0 @!@!@
  line 175, col 30 to line 175, col 66 of module AccessControlManagement: 756
@!@!@ENDMSG 2221 @!@!@
@!@!@STARTMSG 2221:0 @!@!@
  line 177, col 43 to line 177, col 50 of module AccessControlManagement: 1010
@!@!@ENDMSG 2221 @!@!@
@!@!@STARTMSG 2221:0 @!@!@
  line 178, col 48 to line 179, col 108 of module AccessControlManagement: 505
@!@!@ENDMSG 2221 @!@!@
@!@!@STARTMSG 2221:0 @!@!@
  line 180, col 48 to line 181, col 109 of module AccessControlManagement: 505
@!@!@ENDMSG 2221 @!@!@
@!@!@STARTMSG 2221:0 @!@!@
  line 176, col 47 to line 176, col 53 of module AccessControlManagement: 505
@!@!@ENDMSG 2221 @!@!@
@!@!@STARTMSG 2221:0 @!@!@
  line 182, col 41 to line 182, col 75 of module AccessControlManagement: 251
@!@!@ENDMSG 2221 @!@!@
@!@!@STARTMSG 2221:0 @!@!@
  line 183, col 52 to line 184, col 113 of module AccessControlManagement: 122
@!@!@ENDMSG 2221 @!@!@
@!@!@STARTMSG 2221:0 @!@!@
  line 185, col 55 to line 185, col 106 of module AccessControlManagement: 120
@!@!@ENDMSG 2221 @!@!@
@!@!@STARTMSG 2221:0 @!@!@
  |line 185, col 62 to line 185, col 106 of module AccessControlManagement: 122
@!@!@ENDMSG 2221 @!@!@
@!@!@STARTMSG 2221:0 @!@!@
  line 186, col 55 to line 186, col 71 of module AccessControlManagement: 120
@!@!@ENDMSG 2221 @!@!@
@!@!@STARTMSG 2221:0 @!@!@
  line 187, col 49 to line 187, col 52 of module AccessControlManagement: 129
@!@!@ENDMSG 2221 @!@!@
@!@!@STARTMSG 2221:0 @!@!@
  line 188, col 49 to line 188, col 76 of module AccessControlManagement: 129
@!@!@ENDMSG 2221 @!@!@
@!@!@STARTMSG 2221:0 @!@!@
  line 189, col 16 to line 189, col 47 of module AccessControlManagement: 2747
@!@!@ENDMSG 2221 @!@!@
@!@!@STARTMSG 2221:0 @!@!@
  |line 189, col 22 to line 189, col 47 of module AccessControlManagement: 2749
@!@!@ENDMSG 2221 @!@!@
@!@!@STARTMSG 2221:0 @!@!@
  line 190, col 16 to line 190, col 78 of module AccessControlManagement: 2747
@!@!@ENDMSG 2221 @!@!@
@!@!@STARTMSG 2772:0 @!@!@
<s4 line 192, col 1 to line 192, col 8 of module AccessControlManagement>: 1809:3844
@!@!@ENDMSG 2772 @!@!@
@!@!@STARTMSG 2221:0 @!@!@
  line 192, col 16 to line 192, col 30 of module AccessControlManagement: 13636
@!@!@ENDMSG 2221 @!@!@
@!@!@STARTMSG 2221:0 @!@!@
  |line 192, col 16 to line 192, col 23 of module AccessControlManagement: 11714
@!@!@ENDMSG 2221 @!@!@
@!@!@STARTMSG 2221:0 @!@!@
  line 194, col 21 to line 194, col 31 of module AccessControlManagement: 3844
@!@!@ENDMSG 2221 @!@!@
@!@!@STARTMSG 2221:0 @!@!@
  line 195, col 26 to line 206, col 71 of module AccessControlManagement: 1922
@!@!@ENDMSG 2221 @!@!@
@!@!@STARTMSG 2221:0 @!@!@
  line 207, col 29 to line 207, col 60 of module AccessControlManagement: 1922
@!@!@ENDMSG 2221 @!@!@
@!@!@STARTMSG 2221:0 @!@!@
  line 208, col 29 to line 208, col 81 of module AccessControlManagement: 1922
@!@!@ENDMSG 2221 @!@!@
@!@!@STARTMSG 2221:0 @!@!@
  line 193, col 28 to line 193, col 34 of module AccessControlManagement: 1922
@!@!@ENDMSG 2221 @!@!@
@!@!@STARTMSG 2221:0 @!@!@
  line 209, col 16 to line 209, col 53 of module AccessControlManagement: 3844
@!@!@ENDMSG 2221 @!@!@
@!@!@STARTMSG 2772:0 @!@!@
<Terminating line 214, col 1 to line 214, col 11 of module AccessControlManagement>: 0:0
@!@!@ENDMSG 2772 @!@!@
@!@!@STARTMSG 2221:0 @!@!@
  line 214, col 19 to line 214, col 56 of module AccessControlManagement: 5851
@!@!@ENDMSG 2221 @!@!@
@!@!@STARTMSG 2221:0 @!@!@
  line 215, col 19 to line 215, col 32 of module AccessControlManagement: 0
@!@!@ENDMSG 2221 @!@!@
@!@!@STARTMSG 2774:0 @!@!@
<AcmTypeOK line 228, col 1 to line 228, col 9 of module AccessControlManagement>
@!@!@ENDMSG 2774 @!@!@
@!@!@STARTMSG 2221:0 @!@!@
  line 228, col 14 to line 230, col 62 of module AccessControlManagement: 8035
@!@!@ENDMSG 2221 @!@!@
@!@!@STARTMSG 2774:0 @!@!@
<AcmConsistent line 233, col 1 to line 233, col 13 of module AccessControlManagement>
@!@!@ENDMSG 2774 @!@!@
@!@!@STARTMSG 2221:0 @!@!@
  line 233, col 18 to line 236, col 46 of module AccessControlManagement: 8035
@!@!@ENDMSG 2221 @!@!@
@!@!@STARTMSG 2221:0 @!@!@
  |line 233, col 20 to line 236, col 45 of module AccessControlManagement: 8035
@!@!@ENDMSG 2221 @!@!@
@!@!@STARTMSG 2221:0 @!@!@
  ||line 234, col 20 to line 236, col 45 of module AccessControlManagement: 16070
@!@!@ENDMSG 2221 @!@!@
@!@!@STARTMSG 2221:0 @!@!@
  |||line 235, col 23 to line 236, col 45 of module AccessControlManagement: 32138
@!@!@ENDMSG 2221 @!@!@
@!@!@STARTMSG 2221:0 @!@!@
  ||||line 235, col 26 to line 235, col 43 of module AccessControlManagement: 32138
@!@!@ENDMSG 2221 @!@!@
@!@!@STARTMSG 2221:0 @!@!@
  ||||line 236, col 26 to line 236, col 45 of module AccessControlManagement: 488
@!@!@ENDMSG 2221 @!@!@
@!@!@STARTMSG 2221:0 @!@!@
  |||line 234, col 29 to line 234, col 37 of module AccessControlManagement: 16070
@!@!@ENDMSG 2221 @!@!@
@!@!@STARTMSG 2221:0 @!@!@
  ||line 233, col 29 to line 233, col 37 of module AccessControlManagement: 8035
@!@!@ENDMSG 2221 @!@!@
@!@!@STARTMSG 2202:0 @!@!@
End of statistics.
@!@!@ENDMSG 2202 @!@!@
@!@!@STARTMSG 2200:0 @!@!@
Progress(20) at 2023-06-10 05:21:05: 16,902 states generated (308,149 s/min), 8,035 distinct states found (146,490 ds/min), 2,182 states left on queue.
@!@!@ENDMSG 2200 @!@!@
@!@!@STARTMSG 2199:0 @!@!@
16902 states generated, 8035 distinct states found, 2182 states left on queue.
@!@!@ENDMSG 2199 @!@!@
@!@!@STARTMSG 2194:0 @!@!@
The depth of the complete state graph search is 20.
@!@!@ENDMSG 2194 @!@!@
@!@!@STARTMSG 2268:0 @!@!@
The average outdegree of the complete state graph is 1 (minimum is 0, the maximum 4 and the 95th percentile is 2).
@!@!@ENDMSG 2268 @!@!@
@!@!@STARTMSG 2186:0 @!@!@
Finished in 3301ms at (2023-06-10 05:21:05)
@!@!@ENDMSG 2186 @!@!@
