This is pdfTeX, Version 3.141592653-2.6-1.40.24 (MiKTeX 22.10) (preloaded format=pdflatex 2023.3.27)  27 MAY 2023 09:16
entering extended mode
 restricted \write18 enabled.
 %&-line parsing enabled.
**./CompositionalSpec.tex
(CompositionalSpec.tex
LaTeX2e <2022-06-01> patch level 5
L3 programming layer <2022-09-28>
(C:\Users\Amirhosein\AppData\Local\Programs\MiKTeX\tex/latex/base\article.cls
Document Class: article 2021/10/04 v1.4n Standard LaTeX document class
(C:\Users\Amirhosein\AppData\Local\Programs\MiKTeX\tex/latex/base\size10.clo
File: size10.clo 2021/10/04 v1.4n Standard LaTeX file (size option)
)
\c@part=\count185
\c@section=\count186
\c@subsection=\count187
\c@subsubsection=\count188
\c@paragraph=\count189
\c@subparagraph=\count190
\c@figure=\count191
\c@table=\count192
\abovecaptionskip=\skip47
\belowcaptionskip=\skip48
\bibindent=\dimen138
)
(C:\Users\Amirhosein\AppData\Local\Programs\MiKTeX\tex/latex/graphics\color.sty
Package: color 2022/01/06 v1.3d Standard LaTeX Color (DPC)

(C:\Users\Amirhosein\AppData\Local\Programs\MiKTeX\tex/latex/graphics-cfg\color
.cfg
File: color.cfg 2016/01/02 v1.6 sample color configuration
)
Package color Info: Driver file: pdftex.def on input line 149.

(C:\Users\Amirhosein\AppData\Local\Programs\MiKTeX\tex/latex/graphics-def\pdfte
x.def
File: pdftex.def 2022/09/22 v1.2b Graphics/color driver for pdftex
\stockwidth=\dimen139
\stockheight=\dimen140
)
(C:\Users\Amirhosein\AppData\Local\Programs\MiKTeX\tex/latex/graphics\mathcolor
.ltx)) (C:\Users\Amirhosein\AppData\Local\Programs\MiKTeX\tex/latex/base\latexs
ym.sty
Package: latexsym 1998/08/17 v2.2e Standard LaTeX package (lasy symbols)
\symlasy=\mathgroup4
LaTeX Font Info:    Overwriting symbol font `lasy' in version `bold'
(Font)                  U/lasy/m/n --> U/lasy/b/n on input line 52.
) (C:\Users\Amirhosein\AppData\Local\Programs\MiKTeX\tex/latex/base\ifthen.sty
Package: ifthen 2022/04/13 v1.1d Standard LaTeX ifthen package (DPC)
)
\symlength=\skip49
\equalswidth=\skip50
\charwidth=\skip51
\boxrulewd=\skip52
\boxlineht=\skip53
\boxruleht=\skip54
\boxruledp=\skip55
\pcalvspace=\skip56
\lcomindent=\skip57
\@xlen=\skip58
\templena=\skip59
\templenb=\skip60
\tempboxa=\box51
\vshadelen=\skip61
\boxwidth=\skip62
\multicommentdepth=\skip63
\c@pardepth=\count193
\tempsbox=\box52
\@cparht=\skip64
\@cpardp=\skip65
\xmcomlen=\skip66
\spacewidth=\skip67
\alignboxwidth=\skip68
\alignwidth=\skip69
\alignbox=\box53
\symtlaitalics=\mathgroup5
\c@tlx@ctr=\count194

(C:\Users\Amirhosein\AppData\Local\Programs\MiKTeX\tex/latex/tools\verbatim.sty
Package: verbatim 2020-07-07 v1.5u LaTeX2e package for verbatim enhancements
\every@verbatim=\toks16
\verbatim@line=\toks17
\verbatim@in@stream=\read2
)
(C:\Users\Amirhosein\AppData\Local\Programs\MiKTeX\tex/latex/l3backend\l3backen
d-pdftex.def
File: l3backend-pdftex.def 2022-09-28 L3 backend support: PDF output (pdfTeX)
\l__color_backend_stack_int=\count195
\l__pdf_internal_box=\box54
) (CompositionalSpec.aux)
\openout1 = `CompositionalSpec.aux'.

LaTeX Font Info:    Checking defaults for OML/cmm/m/it on input line 939.
LaTeX Font Info:    ... okay on input line 939.
LaTeX Font Info:    Checking defaults for OMS/cmsy/m/n on input line 939.
LaTeX Font Info:    ... okay on input line 939.
LaTeX Font Info:    Checking defaults for OT1/cmr/m/n on input line 939.
LaTeX Font Info:    ... okay on input line 939.
LaTeX Font Info:    Checking defaults for T1/cmr/m/n on input line 939.
LaTeX Font Info:    ... okay on input line 939.
LaTeX Font Info:    Checking defaults for TS1/cmr/m/n on input line 939.
LaTeX Font Info:    ... okay on input line 939.
LaTeX Font Info:    Checking defaults for OMX/cmex/m/n on input line 939.
LaTeX Font Info:    ... okay on input line 939.
LaTeX Font Info:    Checking defaults for U/cmr/m/n on input line 939.
LaTeX Font Info:    ... okay on input line 939.

(C:\Users\Amirhosein\AppData\Local\Programs\MiKTeX\tex/context/base/mkii\supp-p
df.mkii
[Loading MPS to PDF converter (version 2006.09.02).]
\scratchcounter=\count196
\scratchdimen=\dimen141
\scratchbox=\box55
\nofMPsegments=\count197
\nofMParguments=\count198
\everyMPshowfont=\toks18
\MPscratchCnt=\count199
\MPscratchDim=\dimen142
\MPnumerator=\count266
\makeMPintoPDFobject=\count267
\everyMPtoPDFconversion=\toks19
)
LaTeX Font Info:    External font `cmex10' loaded for size
(Font)              <7> on input line 942.
LaTeX Font Info:    External font `cmex10' loaded for size
(Font)              <5> on input line 942.
LaTeX Font Info:    Trying to load font information for U+lasy on input line 94
2.
(C:\Users\Amirhosein\AppData\Local\Programs\MiKTeX\tex/latex/base\ulasy.fd
File: ulasy.fd 1998/08/17 v2.2e LaTeX symbol font definitions
)
LaTeX Font Info:    External font `cmex10' loaded for size
(Font)              <8> on input line 954.
LaTeX Font Info:    External font `cmex10' loaded for size
(Font)              <6> on input line 954.

Overfull \hbox (3.27406pt too wide) in paragraph at lines 976--978
[][] 
 []


Overfull \hbox (8.83513pt too wide) in paragraph at lines 978--979
[][] 
 []


Overfull \hbox (35.98717pt too wide) in paragraph at lines 995--997
[][] 
 []


Overfull \hbox (75.99698pt too wide) in paragraph at lines 997--999
[][] 
 []


Overfull \hbox (76.27478pt too wide) in paragraph at lines 999--1001
[][] 
 []


Overfull \hbox (60.13757pt too wide) in paragraph at lines 1001--1002
[][] 
 []


Overfull \hbox (47.65636pt too wide) in paragraph at lines 1002--1003
[][] 
 []


Overfull \hbox (18.57332pt too wide) in paragraph at lines 1003--1004
[][] 
 []

LaTeX Font Info:    Trying to load font information for OMS+cmr on input line 1
018.
(C:\Users\Amirhosein\AppData\Local\Programs\MiKTeX\tex/latex/base\omscmr.fd
File: omscmr.fd 2019/12/16 v2.5j Standard LaTeX font definitions
)
LaTeX Font Info:    Font shape `OMS/cmr/bx/n' in size <10> not available
(Font)              Font shape `OMS/cmsy/b/n' tried instead on input line 1018.

[1

{C:/Users/Amirhosein/AppData/Local/MiKTeX/fonts/map/pdftex/pdftex.map}]
Overfull \hbox (110.51712pt too wide) in paragraph at lines 1049--1052
[][][] 
 []


Overfull \hbox (138.8392pt too wide) in paragraph at lines 1052--1056
[][][] 
 []


Overfull \hbox (251.2137pt too wide) in paragraph at lines 1056--1059
[][][] 
 []


Overfull \hbox (120.03992pt too wide) in paragraph at lines 1059--1062
[][][] 
 []


Overfull \hbox (197.87976pt too wide) in paragraph at lines 1062--1066
[][][] 
 []


Overfull \hbox (256.18472pt too wide) in paragraph at lines 1066--1067
[][][] 
 []


Overfull \hbox (170.88666pt too wide) in paragraph at lines 1080--1081
[][][] 
 []


Overfull \hbox (156.77563pt too wide) in paragraph at lines 1092--1093
[][][] 
 []

[2]
Overfull \hbox (145.0805pt too wide) in paragraph at lines 1128--1134
[][][][][] 
 []


Overfull \hbox (24.08885pt too wide) in paragraph at lines 1134--1140
[][][][][] 
 []


Overfull \hbox (8.86626pt too wide) in paragraph at lines 1140--1146
[][][][][] 
 []

[3]
Overfull \hbox (120.45634pt too wide) in paragraph at lines 1197--1199
[][][] 
 []

[4]
Overfull \hbox (56.88097pt too wide) in paragraph at lines 1315--1317
[][] 
 []


Overfull \hbox (46.33179pt too wide) in paragraph at lines 1317--1318
[][] 
 []


Overfull \hbox (8.82715pt too wide) in paragraph at lines 1330--1331
[][] 
 []

[5]
Overfull \hbox (90.32892pt too wide) in paragraph at lines 1416--1418
[][] 
 []


Overfull \hbox (7.11703pt too wide) in paragraph at lines 1420--1422
[][] 
 []


Overfull \hbox (25.28079pt too wide) in paragraph at lines 1426--1427
[][] 
 []


Overfull \hbox (113.79936pt too wide) in paragraph at lines 1434--1436
[][] 
 []


Overfull \hbox (40.38835pt too wide) in paragraph at lines 1438--1440
[][] 
 []


Overfull \hbox (6.37057pt too wide) in paragraph at lines 1440--1442
[][] 
 []


Overfull \hbox (7.48737pt too wide) in paragraph at lines 1442--1443
[][] 
 []


Overfull \hbox (2.14854pt too wide) in paragraph at lines 1443--1445
[][] 
 []


Overfull \hbox (4.73578pt too wide) in paragraph at lines 1445--1446
[][] 
 []


Overfull \hbox (278.45999pt too wide) in paragraph at lines 1453--1455
[][] 
 []


Overfull \hbox (40.49388pt too wide) in paragraph at lines 1457--1459
[][] 
 []


Overfull \hbox (19.24286pt too wide) in paragraph at lines 1461--1463
[][] 
 []


Overfull \hbox (9.72188pt too wide) in paragraph at lines 1463--1464
[][] 
 []


Overfull \hbox (75.70435pt too wide) in paragraph at lines 1471--1473
[][] 
 []


Overfull \hbox (20.71942pt too wide) in paragraph at lines 1475--1477
[][] 
 []


Overfull \hbox (19.98285pt too wide) in paragraph at lines 1479--1481
[][] 
 []


Overfull \hbox (17.29002pt too wide) in paragraph at lines 1481--1482
[][] 
 []

[6]
Overfull \hbox (147.68088pt too wide) in paragraph at lines 1489--1491
[][] 
 []


Overfull \hbox (25.71928pt too wide) in paragraph at lines 1491--1493
[][] 
 []


Overfull \hbox (76.7503pt too wide) in paragraph at lines 1493--1495
[][] 
 []


Overfull \hbox (77.00786pt too wide) in paragraph at lines 1495--1497
[][] 
 []


Overfull \hbox (42.74059pt too wide) in paragraph at lines 1497--1498
[][] 
 []


Overfull \hbox (12.61049pt too wide) in paragraph at lines 1499--1500
[][] 
 []


Overfull \hbox (28.12717pt too wide) in paragraph at lines 1500--1501
[][] 
 []


Overfull \hbox (208.8415pt too wide) in paragraph at lines 1510--1512
[][] 
 []


Overfull \hbox (19.8393pt too wide) in paragraph at lines 1512--1514
[][] 
 []


Overfull \hbox (67.81604pt too wide) in paragraph at lines 1514--1516
[][] 
 []


Overfull \hbox (34.6406pt too wide) in paragraph at lines 1516--1518
[][] 
 []


Overfull \hbox (38.20401pt too wide) in paragraph at lines 1518--1519
[][] 
 []


Overfull \hbox (31.83537pt too wide) in paragraph at lines 1519--1520
[][] 
 []


Overfull \hbox (27.81522pt too wide) in paragraph at lines 1520--1521
[][] 
 []


Overfull \hbox (65.90399pt too wide) in paragraph at lines 1528--1530
[][] 
 []


Overfull \hbox (79.89021pt too wide) in paragraph at lines 1530--1532
[][] 
 []


Overfull \hbox (98.48712pt too wide) in paragraph at lines 1532--1534
[][] 
 []


Overfull \hbox (117.67795pt too wide) in paragraph at lines 1534--1536
[][] 
 []


Overfull \hbox (88.79059pt too wide) in paragraph at lines 1536--1538
[][] 
 []


Overfull \hbox (103.24379pt too wide) in paragraph at lines 1538--1540
[][] 
 []


Overfull \hbox (8.58386pt too wide) in paragraph at lines 1540--1542
[][] 
 []


Overfull \hbox (12.10846pt too wide) in paragraph at lines 1542--1543
[][] 
 []


Overfull \hbox (12.2005pt too wide) in paragraph at lines 1543--1544
[][] 
 []


Overfull \hbox (42.86154pt too wide) in paragraph at lines 1544--1545
[][] 
 []


Overfull \hbox (336.00377pt too wide) in paragraph at lines 1553--1555
[][] 
 []


Overfull \hbox (83.60973pt too wide) in paragraph at lines 1555--1556
[][] 
 []


Overfull \hbox (374.86823pt too wide) in paragraph at lines 1560--1562
[][] 
 []


Overfull \hbox (140.06306pt too wide) in paragraph at lines 1562--1564
[][] 
 []

[7]
Overfull \hbox (35.28552pt too wide) in paragraph at lines 1564--1566
[][] 
 []


Overfull \hbox (290.09239pt too wide) in paragraph at lines 1566--1567
[][] 
 []


Overfull \hbox (32.73885pt too wide) in paragraph at lines 1568--1570
[][] 
 []


Overfull \hbox (18.0893pt too wide) in paragraph at lines 1570--1572
[][] 
 []


Overfull \hbox (36.68713pt too wide) in paragraph at lines 1572--1574
[][] 
 []


Overfull \hbox (55.87796pt too wide) in paragraph at lines 1574--1576
[][] 
 []


Overfull \hbox (26.9906pt too wide) in paragraph at lines 1576--1578
[][] 
 []


Overfull \hbox (19.593pt too wide) in paragraph at lines 1578--1579
[][] 
 []


Overfull \hbox (35.64154pt too wide) in paragraph at lines 1579--1580
[][] 
 []


Overfull \hbox (121.57518pt too wide) in paragraph at lines 1596--1597
[][] 
 []


Overfull \hbox (89.94844pt too wide) in paragraph at lines 1597--1599
[][] 
 []


Overfull \hbox (138.6355pt too wide) in paragraph at lines 1599--1600
[][] 
 []


Overfull \hbox (77.87906pt too wide) in paragraph at lines 1600--1602
[][] 
 []


Overfull \hbox (38.93692pt too wide) in paragraph at lines 1602--1604
[][] 
 []


Overfull \hbox (98.63045pt too wide) in paragraph at lines 1618--1619
[][] 
 []


Overfull \hbox (99.47842pt too wide) in paragraph at lines 1619--1621
[][] 
 []


Overfull \hbox (96.08865pt too wide) in paragraph at lines 1621--1622
[][] 
 []


Overfull \hbox (36.35661pt too wide) in paragraph at lines 1622--1624
[][] 
 []


Overfull \hbox (10.65721pt too wide) in paragraph at lines 1624--1626
[][] 
 []


Overfull \hbox (18.78387pt too wide) in paragraph at lines 1628--1630
[][] 
 []


Overfull \hbox (74.98691pt too wide) in paragraph at lines 1630--1633
[][] 
 []


Overfull \hbox (191.23378pt too wide) in paragraph at lines 1633--1634
[][] 
 []


Overfull \hbox (179.99843pt too wide) in paragraph at lines 1634--1636
[][] 
 []


Overfull \hbox (178.47461pt too wide) in paragraph at lines 1636--1637
[][] 
 []

[8]
Overfull \hbox (116.88661pt too wide) in paragraph at lines 1637--1639
[][] 
 []


Overfull \hbox (100.56834pt too wide) in paragraph at lines 1639--1640
[][] 
 []


Overfull \hbox (154.72696pt too wide) in paragraph at lines 1642--1644
[][] 
 []


Overfull \hbox (139.51521pt too wide) in paragraph at lines 1644--1646
[][] 
 []


Overfull \hbox (231.95604pt too wide) in paragraph at lines 1646--1647
[][] 
 []


Overfull \hbox (226.96844pt too wide) in paragraph at lines 1647--1649
[][] 
 []


Overfull \hbox (230.42496pt too wide) in paragraph at lines 1649--1650
[][] 
 []


Overfull \hbox (163.85661pt too wide) in paragraph at lines 1650--1652
[][] 
 []


Overfull \hbox (141.12045pt too wide) in paragraph at lines 1652--1654
[][] 
 []


Overfull \hbox (119.0241pt too wide) in paragraph at lines 1654--1655
[][] 
 []


Overfull \hbox (36.60803pt too wide) in paragraph at lines 1655--1656
[][] 
 []


Overfull \hbox (43.1623pt too wide) in paragraph at lines 1656--1657
[][] 
 []


Overfull \hbox (119.39108pt too wide) in paragraph at lines 1659--1660
[][] 
 []


Overfull \hbox (30.78523pt too wide) in paragraph at lines 1677--1679
[][] 
 []


Overfull \hbox (20.10109pt too wide) in paragraph at lines 1679--1682
[][] 
 []


Overfull \hbox (168.49825pt too wide) in paragraph at lines 1682--1683
[][] 
 []


Overfull \hbox (174.49307pt too wide) in paragraph at lines 1683--1684
[][] 
 []


Overfull \hbox (135.87025pt too wide) in paragraph at lines 1684--1686
[][] 
 []


Overfull \hbox (134.54094pt too wide) in paragraph at lines 1686--1687
[][] 
 []


Overfull \hbox (72.6866pt too wide) in paragraph at lines 1687--1689
[][] 
 []


Overfull \hbox (86.33452pt too wide) in paragraph at lines 1689--1691
[][] 
 []


Overfull \hbox (24.42847pt too wide) in paragraph at lines 1691--1692
[][] 
 []


Overfull \hbox (24.5205pt too wide) in paragraph at lines 1692--1693
[][] 
 []


Overfull \hbox (40.03717pt too wide) in paragraph at lines 1693--1694
[][] 
 []


Overfull \hbox (66.58044pt too wide) in paragraph at lines 1701--1702
[][] 
 []


Overfull \hbox (65.65845pt too wide) in paragraph at lines 1702--1704
[][] 
 []


Overfull \hbox (57.99707pt too wide) in paragraph at lines 1704--1705
[][] 
 []


Overfull \hbox (2.5466pt too wide) in paragraph at lines 1705--1707
[][] 
 []

[9]
Overfull \hbox (23.76573pt too wide) in paragraph at lines 1710--1711
[][] 
 []


Overfull \hbox (87.45097pt too wide) in paragraph at lines 1731--1732
[][] 
 []


Overfull \hbox (52.16508pt too wide) in paragraph at lines 1732--1733
[][] 
 []


Overfull \hbox (52.7242pt too wide) in paragraph at lines 1733--1735
[][] 
 []


Overfull \hbox (57.94373pt too wide) in paragraph at lines 1735--1736
[][] 
 []


Overfull \hbox (0.58934pt too wide) in paragraph at lines 1736--1738
[][] 
 []


Overfull \hbox (13.06001pt too wide) in paragraph at lines 1738--1740
[][] 
 []

[10] [11] (CompositionalSpec.aux) ) 
Here is how much of TeX's memory you used:
 1423 strings out of 475385
 22525 string characters out of 2774547
 397040 words of memory out of 3000000
 22831 multiletter control sequences out of 15000+600000
 475293 words of font info for 51 fonts, out of 8000000 for 9000
 1141 hyphenation exceptions out of 8191
 34i,10n,40p,241b,308s stack positions out of 10000i,1000n,20000p,200000b,80000s
<C:/Users/Amirhosein/AppData/Local/Programs/
MiKTeX/fonts/type1/public/amsfonts/cm/cmbsy10.pfb><C:/Users/Amirhosein/AppData/
Local/Programs/MiKTeX/fonts/type1/public/amsfonts/cm/cmbx10.pfb><C:/Users/Amirh
osein/AppData/Local/Programs/MiKTeX/fonts/type1/public/amsfonts/cm/cmcsc10.pfb>
<C:/Users/Amirhosein/AppData/Local/Programs/MiKTeX/fonts/type1/public/amsfonts/
cm/cmmi10.pfb><C:/Users/Amirhosein/AppData/Local/Programs/MiKTeX/fonts/type1/pu
blic/amsfonts/cm/cmr10.pfb><C:/Users/Amirhosein/AppData/Local/Programs/MiKTeX/f
onts/type1/public/amsfonts/cm/cmr5.pfb><C:/Users/Amirhosein/AppData/Local/Progr
ams/MiKTeX/fonts/type1/public/amsfonts/cm/cmr8.pfb><C:/Users/Amirhosein/AppData
/Local/Programs/MiKTeX/fonts/type1/public/amsfonts/cm/cmr9.pfb><C:/Users/Amirho
sein/AppData/Local/Programs/MiKTeX/fonts/type1/public/amsfonts/cm/cmss10.pfb><C
:/Users/Amirhosein/AppData/Local/Programs/MiKTeX/fonts/type1/public/amsfonts/cm
/cmsy10.pfb><C:/Users/Amirhosein/AppData/Local/Programs/MiKTeX/fonts/type1/publ
ic/amsfonts/cm/cmsy7.pfb><C:/Users/Amirhosein/AppData/Local/Programs/MiKTeX/fon
ts/type1/public/amsfonts/cm/cmsy8.pfb><C:/Users/Amirhosein/AppData/Local/Progra
ms/MiKTeX/fonts/type1/public/amsfonts/cm/cmti10.pfb><C:/Users/Amirhosein/AppDat
a/Local/Programs/MiKTeX/fonts/type1/public/amsfonts/cm/cmti7.pfb><C:/Users/Amir
hosein/AppData/Local/Programs/MiKTeX/fonts/type1/public/amsfonts/cm/cmti8.pfb><
C:/Users/Amirhosein/AppData/Local/Programs/MiKTeX/fonts/type1/public/amsfonts/l
atxfont/lasy10.pfb>
Output written on CompositionalSpec.pdf (11 pages, 229857 bytes).
PDF statistics:
 118 PDF objects out of 1000 (max. 8388607)
 0 named destinations out of 1000 (max. 500000)
 1 words of extra memory for PDF output out of 10000 (max. 10000000)

