@!@!@STARTMSG 2262:0 @!@!@
TLC2 Version 2.16 of 31 December 2020 (rev: cdddf55)
@!@!@ENDMSG 2262 @!@!@
@!@!@STARTMSG 2187:0 @!@!@
Running breadth-first search Model-Checking with fp 96 and seed -8731205492160303593 with 4 workers on 8 cores with 599MB heap and 1345MB offheap memory [pid: 264] (Windows 10 10.0 amd64, AdoptOpenJDK 14.0.1 x86_64, OffHeapDiskFPSet, DiskStateQueue).
@!@!@ENDMSG 2187 @!@!@
@!@!@STARTMSG 2220:0 @!@!@
Starting SANY...
@!@!@ENDMSG 2220 @!@!@
Parsing file G:\repos\access-control-management\spec\UriPermissionApi10.toolbox\Model_1\MC.tla
Parsing file G:\repos\access-control-management\spec\UriPermissionApi10.toolbox\Model_1\UriPermissionApi10.tla
Warning: symbols were renamed.
Parsing file G:\TLA+ Toolbox\plugins\org.lamport.tlatools_1.0.0.202012311918\tla2sany\StandardModules\TLC.tla
Parsing file G:\TLA+ Toolbox\plugins\org.lamport.tlatools_1.0.0.202012311918\tla2sany\StandardModules\Naturals.tla
Parsing file G:\TLA+ Toolbox\plugins\org.lamport.tlatools_1.0.0.202012311918\tla2sany\StandardModules\Sequences.tla
Parsing file G:\repos\access-control-management\spec\UriPermissionApi10.toolbox\Model_1\PManager.tla
Parsing file G:\TLA+ Toolbox\plugins\org.lamport.tlatools_1.0.0.202012311918\tla2sany\StandardModules\FiniteSets.tla
Semantic processing of module Naturals
Semantic processing of module Sequences
Semantic processing of module PManager
Semantic processing of module UriPermissionApi10
Semantic processing of module FiniteSets
Semantic processing of module TLC
Semantic processing of module MC
@!@!@STARTMSG 2219:0 @!@!@
SANY finished.
@!@!@ENDMSG 2219 @!@!@
@!@!@STARTMSG 2185:0 @!@!@
Starting... (2023-03-22 18:06:37)
@!@!@ENDMSG 2185 @!@!@
@!@!@STARTMSG 2212:0 @!@!@
Implied-temporal checking--satisfiability problem has 1 branches.
@!@!@ENDMSG 2212 @!@!@
@!@!@STARTMSG 2189:0 @!@!@
Computing initial states...
@!@!@ENDMSG 2189 @!@!@
@!@!@STARTMSG 2190:0 @!@!@
Finished computing initial states: 1 distinct state generated at 2023-03-22 18:06:37.
@!@!@ENDMSG 2190 @!@!@
@!@!@STARTMSG 2112:1 @!@!@
Action property line 443, col 20 to line 443, col 32 of module PManager is violated.
@!@!@ENDMSG 2112 @!@!@
@!@!@STARTMSG 2121:1 @!@!@
The behavior up to this point is:
@!@!@ENDMSG 2121 @!@!@
@!@!@STARTMSG 2217:4 @!@!@
1: <Initial predicate>
/\ app_a = <<defaultInitValue, defaultInitValue>>
/\ app_d = <<defaultInitValue, defaultInitValue>>
/\ permsInUse = <<<<FALSE, FALSE>>, <<FALSE, FALSE>>>>
/\ app_s = <<defaultInitValue, defaultInitValue>>
/\ app_u = <<defaultInitValue, defaultInitValue>>
/\ app_ = <<defaultInitValue, defaultInitValue>>
/\ appPerms = <<<<"NULL", "NULL">>, <<"NULL", "NULL">>>>
/\ pc = <<"PLATFORM", "PLATFORM">>
/\ a1_ = <<defaultInitValue, defaultInitValue>>
/\ CP = <<"NULL", "NULL">>
/\ perm = <<defaultInitValue, defaultInitValue>>
/\ a2_ = <<defaultInitValue, defaultInitValue>>
/\ app = <<defaultInitValue, defaultInitValue>>
/\ perm_ = <<defaultInitValue, defaultInitValue>>
/\ installed = <<FALSE, FALSE>>
/\ appCustomPerms = <<<<"NULL", "NULL">>, <<"NULL", "NULL">>>>
/\ cpUserConsent = <<<<"NULL", "NULL">>, <<"NULL", "NULL">>>>
/\ stack = <<<<>>, <<>>>>
/\ a1 = <<defaultInitValue, defaultInitValue>>
/\ appPermConsents = <<<<"NULL", "NULL">>, <<"NULL", "NULL">>>>
/\ a2 = <<defaultInitValue, defaultInitValue>>

@!@!@ENDMSG 2217 @!@!@
@!@!@STARTMSG 2217:4 @!@!@
2: <PLATFORM line 311, col 19 to line 344, col 53 of module UriPermissionApi10>
/\ app_a = <<defaultInitValue, defaultInitValue>>
/\ app_d = <<defaultInitValue, defaultInitValue>>
/\ permsInUse = <<<<FALSE, FALSE>>, <<FALSE, FALSE>>>>
/\ app_s = <<defaultInitValue, defaultInitValue>>
/\ app_u = <<defaultInitValue, defaultInitValue>>
/\ app_ = <<1, defaultInitValue>>
/\ appPerms = <<<<"NULL", "NULL">>, <<"NULL", "NULL">>>>
/\ pc = <<"INSTALL_APP", "PLATFORM">>
/\ a1_ = <<defaultInitValue, defaultInitValue>>
/\ CP = <<"NULL", "NULL">>
/\ perm = <<defaultInitValue, defaultInitValue>>
/\ a2_ = <<defaultInitValue, defaultInitValue>>
/\ app = <<defaultInitValue, defaultInitValue>>
/\ perm_ = <<defaultInitValue, defaultInitValue>>
/\ installed = <<FALSE, FALSE>>
/\ appCustomPerms = <<<<"NULL", "NULL">>, <<"NULL", "NULL">>>>
/\ cpUserConsent = <<<<"NULL", "NULL">>, <<"NULL", "NULL">>>>
/\ stack = <<<<[pc |-> "PLATFORM", app_ |-> defaultInitValue, procedure |-> "installApp"]>>, <<>>>>
/\ a1 = <<defaultInitValue, defaultInitValue>>
/\ appPermConsents = <<<<"NULL", "NULL">>, <<"NULL", "NULL">>>>
/\ a2 = <<defaultInitValue, defaultInitValue>>

@!@!@ENDMSG 2217 @!@!@
@!@!@STARTMSG 2217:4 @!@!@
3: <INSTALL_APP line 151, col 22 to line 159, col 57 of module UriPermissionApi10>
/\ app_a = <<defaultInitValue, defaultInitValue>>
/\ app_d = <<defaultInitValue, defaultInitValue>>
/\ permsInUse = <<<<FALSE, FALSE>>, <<FALSE, FALSE>>>>
/\ app_s = <<defaultInitValue, defaultInitValue>>
/\ app_u = <<defaultInitValue, defaultInitValue>>
/\ app_ = <<defaultInitValue, defaultInitValue>>
/\ appPerms = <<<<"NULL", "NULL">>, <<"NULL", "NULL">>>>
/\ pc = <<"PLATFORM", "PLATFORM">>
/\ a1_ = <<defaultInitValue, defaultInitValue>>
/\ CP = <<"NULL", "NULL">>
/\ perm = <<defaultInitValue, defaultInitValue>>
/\ a2_ = <<defaultInitValue, defaultInitValue>>
/\ app = <<defaultInitValue, defaultInitValue>>
/\ perm_ = <<defaultInitValue, defaultInitValue>>
/\ installed = <<TRUE, FALSE>>
/\ appCustomPerms = <<<<"NULL", "NULL">>, <<"NULL", "NULL">>>>
/\ cpUserConsent = <<<<"NULL", "NULL">>, <<"NULL", "NULL">>>>
/\ stack = <<<<>>, <<>>>>
/\ a1 = <<defaultInitValue, defaultInitValue>>
/\ appPermConsents = <<<<"NULL", "NULL">>, <<"NULL", "NULL">>>>
/\ a2 = <<defaultInitValue, defaultInitValue>>

@!@!@ENDMSG 2217 @!@!@
@!@!@STARTMSG 2217:4 @!@!@
4: <PLATFORM line 311, col 19 to line 344, col 53 of module UriPermissionApi10>
/\ app_a = <<defaultInitValue, defaultInitValue>>
/\ app_d = <<defaultInitValue, defaultInitValue>>
/\ permsInUse = <<<<FALSE, FALSE>>, <<FALSE, FALSE>>>>
/\ app_s = <<defaultInitValue, defaultInitValue>>
/\ app_u = <<1, defaultInitValue>>
/\ app_ = <<defaultInitValue, defaultInitValue>>
/\ appPerms = <<<<"NULL", "NULL">>, <<"NULL", "NULL">>>>
/\ pc = <<"UPDATE_APP", "PLATFORM">>
/\ a1_ = <<defaultInitValue, defaultInitValue>>
/\ CP = <<"NULL", "NULL">>
/\ perm = <<defaultInitValue, defaultInitValue>>
/\ a2_ = <<defaultInitValue, defaultInitValue>>
/\ app = <<defaultInitValue, defaultInitValue>>
/\ perm_ = <<defaultInitValue, defaultInitValue>>
/\ installed = <<TRUE, FALSE>>
/\ appCustomPerms = <<<<"NULL", "NULL">>, <<"NULL", "NULL">>>>
/\ cpUserConsent = <<<<"NULL", "NULL">>, <<"NULL", "NULL">>>>
/\ stack = <<<<[pc |-> "PLATFORM", app_u |-> defaultInitValue, procedure |-> "updateApp"]>>, <<>>>>
/\ a1 = <<defaultInitValue, defaultInitValue>>
/\ appPermConsents = <<<<"NULL", "NULL">>, <<"NULL", "NULL">>>>
/\ a2 = <<defaultInitValue, defaultInitValue>>

@!@!@ENDMSG 2217 @!@!@
@!@!@STARTMSG 2217:4 @!@!@
5: <UPDATE_APP line 206, col 21 to line 221, col 75 of module UriPermissionApi10>
/\ app_a = <<defaultInitValue, defaultInitValue>>
/\ app_d = <<1, defaultInitValue>>
/\ permsInUse = <<<<FALSE, FALSE>>, <<FALSE, FALSE>>>>
/\ app_s = <<defaultInitValue, defaultInitValue>>
/\ app_u = <<1, defaultInitValue>>
/\ app_ = <<defaultInitValue, defaultInitValue>>
/\ appPerms = <<<<"NULL", "NULL">>, <<"NULL", "NULL">>>>
/\ pc = <<"DEFINE_CP", "PLATFORM">>
/\ a1_ = <<defaultInitValue, defaultInitValue>>
/\ CP = <<"NULL", "NULL">>
/\ perm = <<defaultInitValue, defaultInitValue>>
/\ a2_ = <<defaultInitValue, defaultInitValue>>
/\ app = <<defaultInitValue, defaultInitValue>>
/\ perm_ = <<defaultInitValue, defaultInitValue>>
/\ installed = <<TRUE, FALSE>>
/\ appCustomPerms = <<<<"NULL", "NULL">>, <<"NULL", "NULL">>>>
/\ cpUserConsent = <<<<"NULL", "NULL">>, <<"NULL", "NULL">>>>
/\ stack = <<<<[pc |-> "RETURNING", app_d |-> defaultInitValue, procedure |-> "defineCP"], [pc |-> "PLATFORM", app_u |-> defaultInitValue, procedure |-> "updateApp"]>>, <<>>>>
/\ a1 = <<defaultInitValue, defaultInitValue>>
/\ appPermConsents = <<<<"NULL", "NULL">>, <<"NULL", "NULL">>>>
/\ a2 = <<defaultInitValue, defaultInitValue>>

@!@!@ENDMSG 2217 @!@!@
@!@!@STARTMSG 2217:4 @!@!@
6: <DEFINE_CP line 163, col 20 to line 172, col 74 of module UriPermissionApi10>
/\ app_a = <<defaultInitValue, defaultInitValue>>
/\ app_d = <<defaultInitValue, defaultInitValue>>
/\ permsInUse = <<<<FALSE, FALSE>>, <<FALSE, FALSE>>>>
/\ app_s = <<defaultInitValue, defaultInitValue>>
/\ app_u = <<1, defaultInitValue>>
/\ app_ = <<defaultInitValue, defaultInitValue>>
/\ appPerms = <<<<"NULL", "NULL">>, <<"NULL", "NULL">>>>
/\ pc = <<"RETURNING", "PLATFORM">>
/\ a1_ = <<defaultInitValue, defaultInitValue>>
/\ CP = <<"NULL", "NULL">>
/\ perm = <<defaultInitValue, defaultInitValue>>
/\ a2_ = <<defaultInitValue, defaultInitValue>>
/\ app = <<defaultInitValue, defaultInitValue>>
/\ perm_ = <<defaultInitValue, defaultInitValue>>
/\ installed = <<TRUE, FALSE>>
/\ appCustomPerms = <<<<"NULL", "NULL">>, <<"NULL", "NULL">>>>
/\ cpUserConsent = <<<<"NULL", "NULL">>, <<"NULL", "NULL">>>>
/\ stack = <<<<[pc |-> "PLATFORM", app_u |-> defaultInitValue, procedure |-> "updateApp"]>>, <<>>>>
/\ a1 = <<defaultInitValue, defaultInitValue>>
/\ appPermConsents = <<<<"NULL", "NULL">>, <<"NULL", "NULL">>>>
/\ a2 = <<defaultInitValue, defaultInitValue>>

@!@!@ENDMSG 2217 @!@!@
@!@!@STARTMSG 2201:0 @!@!@
The coverage statistics at 2023-03-22 18:06:38
@!@!@ENDMSG 2201 @!@!@
@!@!@STARTMSG 2773:0 @!@!@
<Init line 120, col 1 to line 120, col 4 of module UriPermissionApi10>: 2:2
@!@!@ENDMSG 2773 @!@!@
@!@!@STARTMSG 2221:0 @!@!@
  line 121, col 9 to line 149, col 49 of module UriPermissionApi10: 2
@!@!@ENDMSG 2221 @!@!@
@!@!@STARTMSG 2772:0 @!@!@
<INSTALL_APP line 151, col 1 to line 151, col 17 of module UriPermissionApi10>: 6:8
@!@!@ENDMSG 2772 @!@!@
@!@!@STARTMSG 2221:0 @!@!@
  line 151, col 25 to line 151, col 48 of module UriPermissionApi10: 42
@!@!@ENDMSG 2221 @!@!@
@!@!@STARTMSG 2221:0 @!@!@
  |line 151, col 25 to line 151, col 32 of module UriPermissionApi10: 34
@!@!@ENDMSG 2221 @!@!@
@!@!@STARTMSG 2221:0 @!@!@
  line 152, col 25 to line 152, col 76 of module UriPermissionApi10: 8
@!@!@ENDMSG 2221 @!@!@
@!@!@STARTMSG 2221:0 @!@!@
  line 153, col 25 to line 153, col 72 of module UriPermissionApi10: 8
@!@!@ENDMSG 2221 @!@!@
@!@!@STARTMSG 2221:0 @!@!@
  line 154, col 25 to line 154, col 78 of module UriPermissionApi10: 8
@!@!@ENDMSG 2221 @!@!@
@!@!@STARTMSG 2221:0 @!@!@
  line 155, col 25 to line 155, col 75 of module UriPermissionApi10: 8
@!@!@ENDMSG 2221 @!@!@
@!@!@STARTMSG 2221:0 @!@!@
  line 156, col 25 to line 159, col 57 of module UriPermissionApi10: 8
@!@!@ENDMSG 2221 @!@!@
@!@!@STARTMSG 2772:0 @!@!@
<DEFINE_CP line 163, col 1 to line 163, col 15 of module UriPermissionApi10>: 1:3
@!@!@ENDMSG 2772 @!@!@
@!@!@STARTMSG 2221:0 @!@!@
  line 163, col 23 to line 163, col 44 of module UriPermissionApi10: 34
@!@!@ENDMSG 2221 @!@!@
@!@!@STARTMSG 2221:0 @!@!@
  |line 163, col 23 to line 163, col 30 of module UriPermissionApi10: 33
@!@!@ENDMSG 2221 @!@!@
@!@!@STARTMSG 2221:0 @!@!@
  line 164, col 23 to line 165, col 32 of module UriPermissionApi10: 1
@!@!@ENDMSG 2221 @!@!@
@!@!@STARTMSG 2221:0 @!@!@
  line 166, col 23 to line 166, col 70 of module UriPermissionApi10: 2
@!@!@ENDMSG 2221 @!@!@
@!@!@STARTMSG 2221:0 @!@!@
  |line 166, col 29 to line 166, col 70 of module UriPermissionApi10: 3
@!@!@ENDMSG 2221 @!@!@
@!@!@STARTMSG 2221:0 @!@!@
  line 167, col 23 to line 167, col 79 of module UriPermissionApi10: 2
@!@!@ENDMSG 2221 @!@!@
@!@!@STARTMSG 2221:0 @!@!@
  |line 167, col 32 to line 167, col 79 of module UriPermissionApi10: 3
@!@!@ENDMSG 2221 @!@!@
@!@!@STARTMSG 2221:0 @!@!@
  line 168, col 23 to line 168, col 73 of module UriPermissionApi10: 2
@!@!@ENDMSG 2221 @!@!@
@!@!@STARTMSG 2221:0 @!@!@
  |line 168, col 32 to line 168, col 73 of module UriPermissionApi10: 3
@!@!@ENDMSG 2221 @!@!@
@!@!@STARTMSG 2221:0 @!@!@
  line 169, col 23 to line 172, col 74 of module UriPermissionApi10: 2
@!@!@ENDMSG 2221 @!@!@
@!@!@STARTMSG 2772:0 @!@!@
<SYSTEM_ARBITRARY_DECISION line 176, col 1 to line 176, col 31 of module UriPermissionApi10>: 0:0
@!@!@ENDMSG 2772 @!@!@
@!@!@STARTMSG 2221:0 @!@!@
  line 176, col 39 to line 176, col 76 of module UriPermissionApi10: 31
@!@!@ENDMSG 2221 @!@!@
@!@!@STARTMSG 2221:0 @!@!@
  line 177, col 45 to line 177, col 109 of module UriPermissionApi10: 0
@!@!@ENDMSG 2221 @!@!@
@!@!@STARTMSG 2221:0 @!@!@
  line 178, col 45 to line 178, col 123 of module UriPermissionApi10: 0
@!@!@ENDMSG 2221 @!@!@
@!@!@STARTMSG 2221:0 @!@!@
  line 179, col 45 to line 179, col 108 of module UriPermissionApi10: 0
@!@!@ENDMSG 2221 @!@!@
@!@!@STARTMSG 2221:0 @!@!@
  line 180, col 45 to line 180, col 124 of module UriPermissionApi10: 0
@!@!@ENDMSG 2221 @!@!@
@!@!@STARTMSG 2221:0 @!@!@
  line 181, col 39 to line 181, col 86 of module UriPermissionApi10: 0
@!@!@ENDMSG 2221 @!@!@
@!@!@STARTMSG 2221:0 @!@!@
  line 182, col 39 to line 182, col 95 of module UriPermissionApi10: 0
@!@!@ENDMSG 2221 @!@!@
@!@!@STARTMSG 2221:0 @!@!@
  line 183, col 39 to line 183, col 95 of module UriPermissionApi10: 0
@!@!@ENDMSG 2221 @!@!@
@!@!@STARTMSG 2221:0 @!@!@
  line 184, col 39 to line 184, col 89 of module UriPermissionApi10: 0
@!@!@ENDMSG 2221 @!@!@
@!@!@STARTMSG 2221:0 @!@!@
  line 185, col 39 to line 189, col 71 of module UriPermissionApi10: 0
@!@!@ENDMSG 2221 @!@!@
@!@!@STARTMSG 2772:0 @!@!@
<ASK_CP_FROM_USER line 193, col 1 to line 193, col 22 of module UriPermissionApi10>: 0:0
@!@!@ENDMSG 2772 @!@!@
@!@!@STARTMSG 2221:0 @!@!@
  line 193, col 30 to line 193, col 58 of module UriPermissionApi10: 31
@!@!@ENDMSG 2221 @!@!@
@!@!@STARTMSG 2221:0 @!@!@
  line 194, col 30 to line 194, col 77 of module UriPermissionApi10: 0
@!@!@ENDMSG 2221 @!@!@
@!@!@STARTMSG 2221:0 @!@!@
  line 195, col 30 to line 195, col 80 of module UriPermissionApi10: 0
@!@!@ENDMSG 2221 @!@!@
@!@!@STARTMSG 2221:0 @!@!@
  line 196, col 30 to line 196, col 80 of module UriPermissionApi10: 0
@!@!@ENDMSG 2221 @!@!@
@!@!@STARTMSG 2221:0 @!@!@
  line 197, col 30 to line 197, col 80 of module UriPermissionApi10: 0
@!@!@ENDMSG 2221 @!@!@
@!@!@STARTMSG 2221:0 @!@!@
  line 198, col 30 to line 202, col 48 of module UriPermissionApi10: 0
@!@!@ENDMSG 2221 @!@!@
@!@!@STARTMSG 2772:0 @!@!@
<UPDATE_APP line 206, col 1 to line 206, col 16 of module UriPermissionApi10>: 2:3
@!@!@ENDMSG 2772 @!@!@
@!@!@STARTMSG 2221:0 @!@!@
  line 206, col 24 to line 206, col 46 of module UriPermissionApi10: 34
@!@!@ENDMSG 2221 @!@!@
@!@!@STARTMSG 2221:0 @!@!@
  |line 206, col 24 to line 206, col 31 of module UriPermissionApi10: 31
@!@!@ENDMSG 2221 @!@!@
@!@!@STARTMSG 2221:0 @!@!@
  line 207, col 27 to line 207, col 48 of module UriPermissionApi10: 3
@!@!@ENDMSG 2221 @!@!@
@!@!@STARTMSG 2221:0 @!@!@
  line 208, col 32 to line 214, col 42 of module UriPermissionApi10: 3
@!@!@ENDMSG 2221 @!@!@
@!@!@STARTMSG 2221:0 @!@!@
  line 215, col 35 to line 215, col 73 of module UriPermissionApi10: 0
@!@!@ENDMSG 2221 @!@!@
@!@!@STARTMSG 2221:0 @!@!@
  line 216, col 35 to line 216, col 73 of module UriPermissionApi10: 0
@!@!@ENDMSG 2221 @!@!@
@!@!@STARTMSG 2221:0 @!@!@
  line 217, col 35 to line 217, col 62 of module UriPermissionApi10: 0
@!@!@ENDMSG 2221 @!@!@
@!@!@STARTMSG 2221:0 @!@!@
  line 218, col 24 to line 221, col 75 of module UriPermissionApi10: 3
@!@!@ENDMSG 2221 @!@!@
@!@!@STARTMSG 2772:0 @!@!@
<RETURNING line 223, col 1 to line 223, col 15 of module UriPermissionApi10>: 0:0
@!@!@ENDMSG 2772 @!@!@
@!@!@STARTMSG 2221:0 @!@!@
  line 223, col 23 to line 223, col 44 of module UriPermissionApi10: 30
@!@!@ENDMSG 2221 @!@!@
@!@!@STARTMSG 2221:0 @!@!@
  line 224, col 23 to line 224, col 70 of module UriPermissionApi10: 0
@!@!@ENDMSG 2221 @!@!@
@!@!@STARTMSG 2221:0 @!@!@
  line 225, col 23 to line 225, col 79 of module UriPermissionApi10: 0
@!@!@ENDMSG 2221 @!@!@
@!@!@STARTMSG 2221:0 @!@!@
  line 226, col 23 to line 226, col 73 of module UriPermissionApi10: 0
@!@!@ENDMSG 2221 @!@!@
@!@!@STARTMSG 2221:0 @!@!@
  line 227, col 23 to line 230, col 72 of module UriPermissionApi10: 0
@!@!@ENDMSG 2221 @!@!@
@!@!@STARTMSG 2772:0 @!@!@
<ASK_PERMISSION line 234, col 1 to line 234, col 20 of module UriPermissionApi10>: 2:2
@!@!@ENDMSG 2772 @!@!@
@!@!@STARTMSG 2221:0 @!@!@
  line 234, col 28 to line 234, col 54 of module UriPermissionApi10: 32
@!@!@ENDMSG 2221 @!@!@
@!@!@STARTMSG 2221:0 @!@!@
  |line 234, col 28 to line 234, col 35 of module UriPermissionApi10: 30
@!@!@ENDMSG 2221 @!@!@
@!@!@STARTMSG 2221:0 @!@!@
  line 235, col 31 to line 235, col 71 of module UriPermissionApi10: 2
@!@!@ENDMSG 2221 @!@!@
@!@!@STARTMSG 2221:0 @!@!@
  line 236, col 39 to line 236, col 105 of module UriPermissionApi10: 0
@!@!@ENDMSG 2221 @!@!@
@!@!@STARTMSG 2221:0 @!@!@
  line 237, col 39 to line 237, col 86 of module UriPermissionApi10: 0
@!@!@ENDMSG 2221 @!@!@
@!@!@STARTMSG 2221:0 @!@!@
  line 238, col 39 to line 238, col 95 of module UriPermissionApi10: 0
@!@!@ENDMSG 2221 @!@!@
@!@!@STARTMSG 2221:0 @!@!@
  line 239, col 39 to line 239, col 92 of module UriPermissionApi10: 0
@!@!@ENDMSG 2221 @!@!@
@!@!@STARTMSG 2221:0 @!@!@
  line 240, col 39 to line 240, col 89 of module UriPermissionApi10: 0
@!@!@ENDMSG 2221 @!@!@
@!@!@STARTMSG 2221:0 @!@!@
  line 241, col 42 to line 241, col 81 of module UriPermissionApi10: 2
@!@!@ENDMSG 2221 @!@!@
@!@!@STARTMSG 2221:0 @!@!@
  line 242, col 50 to line 242, col 117 of module UriPermissionApi10: 0
@!@!@ENDMSG 2221 @!@!@
@!@!@STARTMSG 2221:0 @!@!@
  line 243, col 50 to line 243, col 97 of module UriPermissionApi10: 0
@!@!@ENDMSG 2221 @!@!@
@!@!@STARTMSG 2221:0 @!@!@
  line 244, col 50 to line 244, col 106 of module UriPermissionApi10: 0
@!@!@ENDMSG 2221 @!@!@
@!@!@STARTMSG 2221:0 @!@!@
  line 245, col 50 to line 245, col 103 of module UriPermissionApi10: 0
@!@!@ENDMSG 2221 @!@!@
@!@!@STARTMSG 2221:0 @!@!@
  line 246, col 50 to line 246, col 100 of module UriPermissionApi10: 0
@!@!@ENDMSG 2221 @!@!@
@!@!@STARTMSG 2221:0 @!@!@
  line 247, col 50 to line 247, col 92 of module UriPermissionApi10: 2
@!@!@ENDMSG 2221 @!@!@
@!@!@STARTMSG 2221:0 @!@!@
  line 248, col 50 to line 250, col 69 of module UriPermissionApi10: 2
@!@!@ENDMSG 2221 @!@!@
@!@!@STARTMSG 2221:0 @!@!@
  line 251, col 28 to line 254, col 54 of module UriPermissionApi10: 2
@!@!@ENDMSG 2221 @!@!@
@!@!@STARTMSG 2772:0 @!@!@
<MAKE_DECISION line 256, col 1 to line 256, col 19 of module UriPermissionApi10>: 1:1
@!@!@ENDMSG 2772 @!@!@
@!@!@STARTMSG 2221:0 @!@!@
  line 256, col 27 to line 256, col 52 of module UriPermissionApi10: 31
@!@!@ENDMSG 2221 @!@!@
@!@!@STARTMSG 2221:0 @!@!@
  |line 256, col 27 to line 256, col 34 of module UriPermissionApi10: 30
@!@!@ENDMSG 2221 @!@!@
@!@!@STARTMSG 2221:0 @!@!@
  line 257, col 27 to line 263, col 78 of module UriPermissionApi10: 1
@!@!@ENDMSG 2221 @!@!@
@!@!@STARTMSG 2221:0 @!@!@
  line 264, col 27 to line 264, col 81 of module UriPermissionApi10: 1
@!@!@ENDMSG 2221 @!@!@
@!@!@STARTMSG 2221:0 @!@!@
  line 265, col 27 to line 268, col 73 of module UriPermissionApi10: 1
@!@!@ENDMSG 2221 @!@!@
@!@!@STARTMSG 2772:0 @!@!@
<USING_PERM line 270, col 1 to line 270, col 16 of module UriPermissionApi10>: 0:0
@!@!@ENDMSG 2772 @!@!@
@!@!@STARTMSG 2221:0 @!@!@
  line 270, col 24 to line 270, col 46 of module UriPermissionApi10: 30
@!@!@ENDMSG 2221 @!@!@
@!@!@STARTMSG 2221:0 @!@!@
  line 272, col 35 to line 272, col 101 of module UriPermissionApi10: 0
@!@!@ENDMSG 2221 @!@!@
@!@!@STARTMSG 2221:0 @!@!@
  line 274, col 35 to line 274, col 54 of module UriPermissionApi10: 0
@!@!@ENDMSG 2221 @!@!@
@!@!@STARTMSG 2221:0 @!@!@
  line 275, col 24 to line 275, col 71 of module UriPermissionApi10: 0
@!@!@ENDMSG 2221 @!@!@
@!@!@STARTMSG 2221:0 @!@!@
  line 276, col 24 to line 276, col 80 of module UriPermissionApi10: 0
@!@!@ENDMSG 2221 @!@!@
@!@!@STARTMSG 2221:0 @!@!@
  line 277, col 24 to line 277, col 77 of module UriPermissionApi10: 0
@!@!@ENDMSG 2221 @!@!@
@!@!@STARTMSG 2221:0 @!@!@
  line 278, col 24 to line 278, col 74 of module UriPermissionApi10: 0
@!@!@ENDMSG 2221 @!@!@
@!@!@STARTMSG 2221:0 @!@!@
  line 279, col 24 to line 282, col 46 of module UriPermissionApi10: 0
@!@!@ENDMSG 2221 @!@!@
@!@!@STARTMSG 2772:0 @!@!@
<ASK_APP_CP line 287, col 1 to line 287, col 16 of module UriPermissionApi10>: 0:0
@!@!@ENDMSG 2772 @!@!@
@!@!@STARTMSG 2221:0 @!@!@
  line 287, col 24 to line 287, col 46 of module UriPermissionApi10: 30
@!@!@ENDMSG 2221 @!@!@
@!@!@STARTMSG 2221:0 @!@!@
  line 288, col 24 to line 288, col 71 of module UriPermissionApi10: 0
@!@!@ENDMSG 2221 @!@!@
@!@!@STARTMSG 2221:0 @!@!@
  line 289, col 24 to line 289, col 71 of module UriPermissionApi10: 0
@!@!@ENDMSG 2221 @!@!@
@!@!@STARTMSG 2221:0 @!@!@
  line 290, col 24 to line 290, col 71 of module UriPermissionApi10: 0
@!@!@ENDMSG 2221 @!@!@
@!@!@STARTMSG 2221:0 @!@!@
  line 291, col 24 to line 291, col 74 of module UriPermissionApi10: 0
@!@!@ENDMSG 2221 @!@!@
@!@!@STARTMSG 2221:0 @!@!@
  line 292, col 24 to line 295, col 72 of module UriPermissionApi10: 0
@!@!@ENDMSG 2221 @!@!@
@!@!@STARTMSG 2772:0 @!@!@
<UNINSTALL_APP line 299, col 1 to line 299, col 19 of module UriPermissionApi10>: 0:0
@!@!@ENDMSG 2772 @!@!@
@!@!@STARTMSG 2221:0 @!@!@
  line 299, col 27 to line 299, col 52 of module UriPermissionApi10: 30
@!@!@ENDMSG 2221 @!@!@
@!@!@STARTMSG 2221:0 @!@!@
  line 300, col 27 to line 300, col 74 of module UriPermissionApi10: 0
@!@!@ENDMSG 2221 @!@!@
@!@!@STARTMSG 2221:0 @!@!@
  line 301, col 27 to line 301, col 77 of module UriPermissionApi10: 0
@!@!@ENDMSG 2221 @!@!@
@!@!@STARTMSG 2221:0 @!@!@
  line 302, col 27 to line 302, col 77 of module UriPermissionApi10: 0
@!@!@ENDMSG 2221 @!@!@
@!@!@STARTMSG 2221:0 @!@!@
  line 303, col 27 to line 307, col 44 of module UriPermissionApi10: 0
@!@!@ENDMSG 2221 @!@!@
@!@!@STARTMSG 2772:0 @!@!@
<PLATFORM line 311, col 1 to line 311, col 14 of module UriPermissionApi10>: 16:31
@!@!@ENDMSG 2772 @!@!@
@!@!@STARTMSG 2221:0 @!@!@
  line 311, col 22 to line 311, col 42 of module UriPermissionApi10: 44
@!@!@ENDMSG 2221 @!@!@
@!@!@STARTMSG 2221:0 @!@!@
  |line 311, col 22 to line 311, col 29 of module UriPermissionApi10: 28
@!@!@ENDMSG 2221 @!@!@
@!@!@STARTMSG 2221:0 @!@!@
  line 312, col 25 to line 312, col 46 of module UriPermissionApi10: 16
@!@!@ENDMSG 2221 @!@!@
@!@!@STARTMSG 2221:0 @!@!@
  line 313, col 39 to line 317, col 90 of module UriPermissionApi10: 5
@!@!@ENDMSG 2221 @!@!@
@!@!@STARTMSG 2221:0 @!@!@
  line 318, col 39 to line 318, col 78 of module UriPermissionApi10: 5
@!@!@ENDMSG 2221 @!@!@
@!@!@STARTMSG 2221:0 @!@!@
  line 319, col 39 to line 319, col 63 of module UriPermissionApi10: 5
@!@!@ENDMSG 2221 @!@!@
@!@!@STARTMSG 2221:0 @!@!@
  line 320, col 45 to line 320, col 48 of module UriPermissionApi10: 5
@!@!@ENDMSG 2221 @!@!@
@!@!@STARTMSG 2221:0 @!@!@
  line 321, col 45 to line 321, col 82 of module UriPermissionApi10: 5
@!@!@ENDMSG 2221 @!@!@
@!@!@STARTMSG 2221:0 @!@!@
  line 322, col 45 to line 322, col 76 of module UriPermissionApi10: 5
@!@!@ENDMSG 2221 @!@!@
@!@!@STARTMSG 2221:0 @!@!@
  line 324, col 47 to line 331, col 93 of module UriPermissionApi10: 10
@!@!@ENDMSG 2221 @!@!@
@!@!@STARTMSG 2221:0 @!@!@
  line 323, col 54 to line 323, col 64 of module UriPermissionApi10: 5
@!@!@ENDMSG 2221 @!@!@
@!@!@STARTMSG 2221:0 @!@!@
  line 332, col 39 to line 332, col 52 of module UriPermissionApi10: 15
@!@!@ENDMSG 2221 @!@!@
@!@!@STARTMSG 2221:0 @!@!@
  line 333, col 33 to line 333, col 44 of module UriPermissionApi10: 20
@!@!@ENDMSG 2221 @!@!@
@!@!@STARTMSG 2221:0 @!@!@
  line 334, col 33 to line 338, col 84 of module UriPermissionApi10: 11
@!@!@ENDMSG 2221 @!@!@
@!@!@STARTMSG 2221:0 @!@!@
  line 339, col 33 to line 339, col 73 of module UriPermissionApi10: 11
@!@!@ENDMSG 2221 @!@!@
@!@!@STARTMSG 2221:0 @!@!@
  line 340, col 33 to line 340, col 66 of module UriPermissionApi10: 11
@!@!@ENDMSG 2221 @!@!@
@!@!@STARTMSG 2221:0 @!@!@
  line 341, col 22 to line 344, col 53 of module UriPermissionApi10: 31
@!@!@ENDMSG 2221 @!@!@
@!@!@STARTMSG 2774:0 @!@!@
<TypeOK line 365, col 1 to line 365, col 6 of module UriPermissionApi10>
@!@!@ENDMSG 2774 @!@!@
@!@!@STARTMSG 2221:0 @!@!@
  line 365, col 11 to line 368, col 70 of module UriPermissionApi10: 29
@!@!@ENDMSG 2221 @!@!@
@!@!@STARTMSG 2202:0 @!@!@
End of statistics.
@!@!@ENDMSG 2202 @!@!@
@!@!@STARTMSG 2200:0 @!@!@
Progress(6) at 2023-03-22 18:06:38: 40 states generated (1,512 s/min), 29 distinct states found (1,096 ds/min), 14 states left on queue.
@!@!@ENDMSG 2200 @!@!@
@!@!@STARTMSG 2199:0 @!@!@
40 states generated, 29 distinct states found, 14 states left on queue.
@!@!@ENDMSG 2199 @!@!@
@!@!@STARTMSG 2194:0 @!@!@
The depth of the complete state graph search is 6.
@!@!@ENDMSG 2194 @!@!@
@!@!@STARTMSG 2268:0 @!@!@
The average outdegree of the complete state graph is 2 (minimum is 1, the maximum 3 and the 95th percentile is 3).
@!@!@ENDMSG 2268 @!@!@
@!@!@STARTMSG 2186:0 @!@!@
Finished in 1595ms at (2023-03-22 18:06:38)
@!@!@ENDMSG 2186 @!@!@
