@!@!@STARTMSG 2262:0 @!@!@
TLC2 Version 2.16 of 31 December 2020 (rev: cdddf55)
@!@!@ENDMSG 2262 @!@!@
@!@!@STARTMSG 2187:0 @!@!@
Running breadth-first search Model-Checking with fp 46 and seed -5610527205549495654 with 4 workers on 8 cores with 599MB heap and 1345MB offheap memory [pid: 10624] (Windows 10 10.0 amd64, AdoptOpenJDK 14.0.1 x86_64, OffHeapDiskFPSet, DiskStateQueue).
@!@!@ENDMSG 2187 @!@!@
@!@!@STARTMSG 2220:0 @!@!@
Starting SANY...
@!@!@ENDMSG 2220 @!@!@
Parsing file G:\repos\access-control-management\spec\PManager.toolbox\Model_1\MC.tla
Parsing file G:\repos\access-control-management\spec\PManager.toolbox\Model_1\PManager.tla
Warning: symbols were renamed.
Parsing file G:\TLA+ Toolbox\plugins\org.lamport.tlatools_1.0.0.202012311918\tla2sany\StandardModules\TLC.tla
Parsing file G:\TLA+ Toolbox\plugins\org.lamport.tlatools_1.0.0.202012311918\tla2sany\StandardModules\Naturals.tla
Parsing file G:\TLA+ Toolbox\plugins\org.lamport.tlatools_1.0.0.202012311918\tla2sany\StandardModules\Sequences.tla
Parsing file G:\TLA+ Toolbox\plugins\org.lamport.tlatools_1.0.0.202012311918\tla2sany\StandardModules\FiniteSets.tla
Semantic processing of module Naturals
Semantic processing of module Sequences
Semantic processing of module PManager
Semantic processing of module FiniteSets
Semantic processing of module TLC
Semantic processing of module MC
@!@!@STARTMSG 2219:0 @!@!@
SANY finished.
@!@!@ENDMSG 2219 @!@!@
@!@!@STARTMSG 2185:0 @!@!@
Starting... (2023-03-20 05:52:09)
@!@!@ENDMSG 2185 @!@!@
@!@!@STARTMSG 2189:0 @!@!@
Computing initial states...
@!@!@ENDMSG 2189 @!@!@
@!@!@STARTMSG 2190:0 @!@!@
Finished computing initial states: 1 distinct state generated at 2023-03-20 05:52:10.
@!@!@ENDMSG 2190 @!@!@
@!@!@STARTMSG 2110:1 @!@!@
Invariant UserAgreed is violated.
@!@!@ENDMSG 2110 @!@!@
@!@!@STARTMSG 2121:1 @!@!@
The behavior up to this point is:
@!@!@ENDMSG 2121 @!@!@
@!@!@STARTMSG 2217:4 @!@!@
1: <Initial predicate>
/\ app_i = <<defaultInitValue, defaultInitValue>>
/\ permsInUse = <<<<FALSE, FALSE>>, <<FALSE, FALSE>>>>
/\ app_u = <<defaultInitValue, defaultInitValue>>
/\ app_ = <<defaultInitValue, defaultInitValue>>
/\ appPerms = <<<<"NULL", "NULL">>, <<"NULL", "NULL">>>>
/\ pc = <<"platform", "platform">>
/\ appUriPerms = <<"NULL", "NULL">>
/\ perm = <<defaultInitValue, defaultInitValue>>
/\ app = <<defaultInitValue, defaultInitValue>>
/\ perm_ = <<defaultInitValue, defaultInitValue>>
/\ installed = <<FALSE, FALSE>>
/\ appCustomPerms = <<"NULL", "NULL">>
/\ stack = <<<<>>, <<>>>>
/\ appPermConsents = <<<<"NULL", "NULL">>, <<"NULL", "NULL">>>>

@!@!@ENDMSG 2217 @!@!@
@!@!@STARTMSG 2217:4 @!@!@
2: <platform line 229, col 19 to line 280, col 63 of module PManager>
/\ app_i = <<1, defaultInitValue>>
/\ permsInUse = <<<<FALSE, FALSE>>, <<FALSE, FALSE>>>>
/\ app_u = <<defaultInitValue, defaultInitValue>>
/\ app_ = <<defaultInitValue, defaultInitValue>>
/\ appPerms = <<<<"NULL", "NULL">>, <<"NULL", "NULL">>>>
/\ pc = <<"l5", "platform">>
/\ appUriPerms = <<"NULL", "NULL">>
/\ perm = <<defaultInitValue, defaultInitValue>>
/\ app = <<defaultInitValue, defaultInitValue>>
/\ perm_ = <<defaultInitValue, defaultInitValue>>
/\ installed = <<FALSE, FALSE>>
/\ appCustomPerms = <<"NULL", "NULL">>
/\ stack = <<<<[pc |-> "platform", app_i |-> defaultInitValue, procedure |-> "installApp"]>>, <<>>>>
/\ appPermConsents = <<<<"NULL", "NULL">>, <<"NULL", "NULL">>>>

@!@!@ENDMSG 2217 @!@!@
@!@!@STARTMSG 2217:4 @!@!@
3: <l5 line 185, col 13 to line 191, col 77 of module PManager>
/\ app_i = <<defaultInitValue, defaultInitValue>>
/\ permsInUse = <<<<FALSE, FALSE>>, <<FALSE, FALSE>>>>
/\ app_u = <<defaultInitValue, defaultInitValue>>
/\ app_ = <<defaultInitValue, defaultInitValue>>
/\ appPerms = <<<<"NULL", "NULL">>, <<"NULL", "NULL">>>>
/\ pc = <<"platform", "platform">>
/\ appUriPerms = <<"NULL", "NULL">>
/\ perm = <<defaultInitValue, defaultInitValue>>
/\ app = <<defaultInitValue, defaultInitValue>>
/\ perm_ = <<defaultInitValue, defaultInitValue>>
/\ installed = <<TRUE, FALSE>>
/\ appCustomPerms = <<"NULL", "NULL">>
/\ stack = <<<<>>, <<>>>>
/\ appPermConsents = <<<<"NULL", "NULL">>, <<"NULL", "NULL">>>>

@!@!@ENDMSG 2217 @!@!@
@!@!@STARTMSG 2217:4 @!@!@
4: <platform line 229, col 19 to line 280, col 63 of module PManager>
/\ app_i = <<defaultInitValue, defaultInitValue>>
/\ permsInUse = <<<<FALSE, FALSE>>, <<FALSE, FALSE>>>>
/\ app_u = <<defaultInitValue, defaultInitValue>>
/\ app_ = <<defaultInitValue, defaultInitValue>>
/\ appPerms = <<<<"NULL", "NULL">>, <<"NULL", "NULL">>>>
/\ pc = <<"platform", "platform">>
/\ appUriPerms = <<"NULL", "NULL">>
/\ perm = <<defaultInitValue, defaultInitValue>>
/\ app = <<defaultInitValue, defaultInitValue>>
/\ perm_ = <<defaultInitValue, defaultInitValue>>
/\ installed = <<TRUE, FALSE>>
/\ appCustomPerms = <<"NORMAL", "NULL">>
/\ stack = <<<<>>, <<>>>>
/\ appPermConsents = <<<<"NULL", "NULL">>, <<"NULL", "NULL">>>>

@!@!@ENDMSG 2217 @!@!@
@!@!@STARTMSG 2217:4 @!@!@
5: <platform line 229, col 19 to line 280, col 63 of module PManager>
/\ app_i = <<defaultInitValue, defaultInitValue>>
/\ permsInUse = <<<<FALSE, FALSE>>, <<FALSE, FALSE>>>>
/\ app_u = <<defaultInitValue, defaultInitValue>>
/\ app_ = <<1, defaultInitValue>>
/\ appPerms = <<<<"NULL", "NULL">>, <<"NULL", "NULL">>>>
/\ pc = <<"l1", "platform">>
/\ appUriPerms = <<"NULL", "NULL">>
/\ perm = <<defaultInitValue, defaultInitValue>>
/\ app = <<defaultInitValue, defaultInitValue>>
/\ perm_ = <<1, defaultInitValue>>
/\ installed = <<TRUE, FALSE>>
/\ appCustomPerms = <<"NORMAL", "NULL">>
/\ stack = <<<<[pc |-> "platform", app_ |-> defaultInitValue, perm_ |-> defaultInitValue, procedure |-> "ask"]>>, <<>>>>
/\ appPermConsents = <<<<"NULL", "NULL">>, <<"NULL", "NULL">>>>

@!@!@ENDMSG 2217 @!@!@
@!@!@STARTMSG 2217:4 @!@!@
6: <l1 line 132, col 13 to line 149, col 71 of module PManager>
/\ app_i = <<defaultInitValue, defaultInitValue>>
/\ permsInUse = <<<<FALSE, FALSE>>, <<FALSE, FALSE>>>>
/\ app_u = <<defaultInitValue, defaultInitValue>>
/\ app_ = <<1, defaultInitValue>>
/\ appPerms = <<<<"NULL", "NULL">>, <<"NULL", "NULL">>>>
/\ pc = <<"l2", "platform">>
/\ appUriPerms = <<"NULL", "NULL">>
/\ perm = <<defaultInitValue, defaultInitValue>>
/\ app = <<defaultInitValue, defaultInitValue>>
/\ perm_ = <<1, defaultInitValue>>
/\ installed = <<TRUE, FALSE>>
/\ appCustomPerms = <<"NORMAL", "NULL">>
/\ stack = <<<<[pc |-> "platform", app_ |-> defaultInitValue, perm_ |-> defaultInitValue, procedure |-> "ask"]>>, <<>>>>
/\ appPermConsents = <<<<"NULL", "NULL">>, <<"NULL", "NULL">>>>

@!@!@ENDMSG 2217 @!@!@
@!@!@STARTMSG 2217:4 @!@!@
7: <l2 line 151, col 13 to line 162, col 36 of module PManager>
/\ app_i = <<defaultInitValue, defaultInitValue>>
/\ permsInUse = <<<<FALSE, FALSE>>, <<FALSE, FALSE>>>>
/\ app_u = <<defaultInitValue, defaultInitValue>>
/\ app_ = <<1, defaultInitValue>>
/\ appPerms = <<<<"NULL", "NULL">>, <<"NULL", "NULL">>>>
/\ pc = <<"l7", "platform">>
/\ appUriPerms = <<"NULL", "NULL">>
/\ perm = <<1, defaultInitValue>>
/\ app = <<1, defaultInitValue>>
/\ perm_ = <<1, defaultInitValue>>
/\ installed = <<TRUE, FALSE>>
/\ appCustomPerms = <<"NORMAL", "NULL">>
/\ stack = <<<<[pc |-> "l3", app |-> defaultInitValue, perm |-> defaultInitValue, procedure |-> "makeDecision"], [pc |-> "platform", app_ |-> defaultInitValue, perm_ |-> defaultInitValue, procedure |-> "ask"]>>, <<>>>>
/\ appPermConsents = <<<<"NULL", "NULL">>, <<"NULL", "NULL">>>>

@!@!@ENDMSG 2217 @!@!@
@!@!@STARTMSG 2217:4 @!@!@
8: <l7 line 207, col 13 to line 225, col 56 of module PManager>
/\ app_i = <<defaultInitValue, defaultInitValue>>
/\ permsInUse = <<<<FALSE, FALSE>>, <<FALSE, FALSE>>>>
/\ app_u = <<defaultInitValue, defaultInitValue>>
/\ app_ = <<1, defaultInitValue>>
/\ appPerms = <<<<"GRANT", "NULL">>, <<"NULL", "NULL">>>>
/\ pc = <<"l3", "platform">>
/\ appUriPerms = <<"NULL", "NULL">>
/\ perm = <<defaultInitValue, defaultInitValue>>
/\ app = <<defaultInitValue, defaultInitValue>>
/\ perm_ = <<1, defaultInitValue>>
/\ installed = <<TRUE, FALSE>>
/\ appCustomPerms = <<"NORMAL", "NULL">>
/\ stack = <<<<[pc |-> "platform", app_ |-> defaultInitValue, perm_ |-> defaultInitValue, procedure |-> "ask"]>>, <<>>>>
/\ appPermConsents = <<<<"ALLOW", "NULL">>, <<"NULL", "NULL">>>>

@!@!@ENDMSG 2217 @!@!@
@!@!@STARTMSG 2217:4 @!@!@
9: <l3 line 164, col 13 to line 172, col 40 of module PManager>
/\ app_i = <<defaultInitValue, defaultInitValue>>
/\ permsInUse = <<<<TRUE, FALSE>>, <<FALSE, FALSE>>>>
/\ app_u = <<defaultInitValue, defaultInitValue>>
/\ app_ = <<1, defaultInitValue>>
/\ appPerms = <<<<"GRANT", "NULL">>, <<"NULL", "NULL">>>>
/\ pc = <<"l4", "platform">>
/\ appUriPerms = <<"NULL", "NULL">>
/\ perm = <<defaultInitValue, defaultInitValue>>
/\ app = <<defaultInitValue, defaultInitValue>>
/\ perm_ = <<1, defaultInitValue>>
/\ installed = <<TRUE, FALSE>>
/\ appCustomPerms = <<"NORMAL", "NULL">>
/\ stack = <<<<[pc |-> "platform", app_ |-> defaultInitValue, perm_ |-> defaultInitValue, procedure |-> "ask"]>>, <<>>>>
/\ appPermConsents = <<<<"ALLOW", "NULL">>, <<"NULL", "NULL">>>>

@!@!@ENDMSG 2217 @!@!@
@!@!@STARTMSG 2217:4 @!@!@
10: <l4 line 174, col 13 to line 181, col 35 of module PManager>
/\ app_i = <<defaultInitValue, defaultInitValue>>
/\ permsInUse = <<<<TRUE, FALSE>>, <<FALSE, FALSE>>>>
/\ app_u = <<defaultInitValue, defaultInitValue>>
/\ app_ = <<defaultInitValue, defaultInitValue>>
/\ appPerms = <<<<"GRANT", "NULL">>, <<"NULL", "NULL">>>>
/\ pc = <<"platform", "platform">>
/\ appUriPerms = <<"NULL", "NULL">>
/\ perm = <<defaultInitValue, defaultInitValue>>
/\ app = <<defaultInitValue, defaultInitValue>>
/\ perm_ = <<defaultInitValue, defaultInitValue>>
/\ installed = <<TRUE, FALSE>>
/\ appCustomPerms = <<"NORMAL", "NULL">>
/\ stack = <<<<>>, <<>>>>
/\ appPermConsents = <<<<"ALLOW", "NULL">>, <<"NULL", "NULL">>>>

@!@!@ENDMSG 2217 @!@!@
@!@!@STARTMSG 2217:4 @!@!@
11: <platform line 229, col 19 to line 280, col 63 of module PManager>
/\ app_i = <<defaultInitValue, defaultInitValue>>
/\ permsInUse = <<<<TRUE, FALSE>>, <<FALSE, FALSE>>>>
/\ app_u = <<1, defaultInitValue>>
/\ app_ = <<defaultInitValue, defaultInitValue>>
/\ appPerms = <<<<"GRANT", "NULL">>, <<"NULL", "NULL">>>>
/\ pc = <<"l6", "platform">>
/\ appUriPerms = <<"NULL", "NULL">>
/\ perm = <<defaultInitValue, defaultInitValue>>
/\ app = <<defaultInitValue, defaultInitValue>>
/\ perm_ = <<defaultInitValue, defaultInitValue>>
/\ installed = <<TRUE, FALSE>>
/\ appCustomPerms = <<"NORMAL", "NULL">>
/\ stack = <<<<[pc |-> "platform", app_u |-> defaultInitValue, procedure |-> "uninstallApp"]>>, <<>>>>
/\ appPermConsents = <<<<"ALLOW", "NULL">>, <<"NULL", "NULL">>>>

@!@!@ENDMSG 2217 @!@!@
@!@!@STARTMSG 2217:4 @!@!@
12: <l6 line 195, col 13 to line 203, col 47 of module PManager>
/\ app_i = <<defaultInitValue, defaultInitValue>>
/\ permsInUse = <<<<FALSE, FALSE>>, <<FALSE, FALSE>>>>
/\ app_u = <<defaultInitValue, defaultInitValue>>
/\ app_ = <<defaultInitValue, defaultInitValue>>
/\ appPerms = <<<<"GRANT", "NULL">>, <<"NULL", "NULL">>>>
/\ pc = <<"platform", "platform">>
/\ appUriPerms = <<"NULL", "NULL">>
/\ perm = <<defaultInitValue, defaultInitValue>>
/\ app = <<defaultInitValue, defaultInitValue>>
/\ perm_ = <<defaultInitValue, defaultInitValue>>
/\ installed = <<FALSE, FALSE>>
/\ appCustomPerms = <<"NORMAL", "NULL">>
/\ stack = <<<<>>, <<>>>>
/\ appPermConsents = <<<<"NULL", "NULL">>, <<"NULL", "NULL">>>>

@!@!@ENDMSG 2217 @!@!@
@!@!@STARTMSG 2217:4 @!@!@
13: <platform line 229, col 19 to line 280, col 63 of module PManager>
/\ app_i = <<1, defaultInitValue>>
/\ permsInUse = <<<<FALSE, FALSE>>, <<FALSE, FALSE>>>>
/\ app_u = <<defaultInitValue, defaultInitValue>>
/\ app_ = <<defaultInitValue, defaultInitValue>>
/\ appPerms = <<<<"GRANT", "NULL">>, <<"NULL", "NULL">>>>
/\ pc = <<"l5", "platform">>
/\ appUriPerms = <<"NULL", "NULL">>
/\ perm = <<defaultInitValue, defaultInitValue>>
/\ app = <<defaultInitValue, defaultInitValue>>
/\ perm_ = <<defaultInitValue, defaultInitValue>>
/\ installed = <<FALSE, FALSE>>
/\ appCustomPerms = <<"NORMAL", "NULL">>
/\ stack = <<<<[pc |-> "platform", app_i |-> defaultInitValue, procedure |-> "installApp"]>>, <<>>>>
/\ appPermConsents = <<<<"NULL", "NULL">>, <<"NULL", "NULL">>>>

@!@!@ENDMSG 2217 @!@!@
@!@!@STARTMSG 2217:4 @!@!@
14: <l5 line 185, col 13 to line 191, col 77 of module PManager>
/\ app_i = <<defaultInitValue, defaultInitValue>>
/\ permsInUse = <<<<FALSE, FALSE>>, <<FALSE, FALSE>>>>
/\ app_u = <<defaultInitValue, defaultInitValue>>
/\ app_ = <<defaultInitValue, defaultInitValue>>
/\ appPerms = <<<<"GRANT", "NULL">>, <<"NULL", "NULL">>>>
/\ pc = <<"platform", "platform">>
/\ appUriPerms = <<"NULL", "NULL">>
/\ perm = <<defaultInitValue, defaultInitValue>>
/\ app = <<defaultInitValue, defaultInitValue>>
/\ perm_ = <<defaultInitValue, defaultInitValue>>
/\ installed = <<TRUE, FALSE>>
/\ appCustomPerms = <<"NORMAL", "NULL">>
/\ stack = <<<<>>, <<>>>>
/\ appPermConsents = <<<<"NULL", "NULL">>, <<"NULL", "NULL">>>>

@!@!@ENDMSG 2217 @!@!@
@!@!@STARTMSG 2217:4 @!@!@
15: <platform line 229, col 19 to line 280, col 63 of module PManager>
/\ app_i = <<defaultInitValue, defaultInitValue>>
/\ permsInUse = <<<<FALSE, FALSE>>, <<FALSE, FALSE>>>>
/\ app_u = <<defaultInitValue, defaultInitValue>>
/\ app_ = <<1, defaultInitValue>>
/\ appPerms = <<<<"GRANT", "NULL">>, <<"NULL", "NULL">>>>
/\ pc = <<"l1", "platform">>
/\ appUriPerms = <<"NULL", "NULL">>
/\ perm = <<defaultInitValue, defaultInitValue>>
/\ app = <<defaultInitValue, defaultInitValue>>
/\ perm_ = <<1, defaultInitValue>>
/\ installed = <<TRUE, FALSE>>
/\ appCustomPerms = <<"NORMAL", "NULL">>
/\ stack = <<<<[pc |-> "platform", app_ |-> defaultInitValue, perm_ |-> defaultInitValue, procedure |-> "ask"]>>, <<>>>>
/\ appPermConsents = <<<<"NULL", "NULL">>, <<"NULL", "NULL">>>>

@!@!@ENDMSG 2217 @!@!@
@!@!@STARTMSG 2217:4 @!@!@
16: <l1 line 132, col 13 to line 149, col 71 of module PManager>
/\ app_i = <<defaultInitValue, defaultInitValue>>
/\ permsInUse = <<<<TRUE, FALSE>>, <<FALSE, FALSE>>>>
/\ app_u = <<defaultInitValue, defaultInitValue>>
/\ app_ = <<defaultInitValue, defaultInitValue>>
/\ appPerms = <<<<"GRANT", "NULL">>, <<"NULL", "NULL">>>>
/\ pc = <<"platform", "platform">>
/\ appUriPerms = <<"NULL", "NULL">>
/\ perm = <<defaultInitValue, defaultInitValue>>
/\ app = <<defaultInitValue, defaultInitValue>>
/\ perm_ = <<defaultInitValue, defaultInitValue>>
/\ installed = <<TRUE, FALSE>>
/\ appCustomPerms = <<"NORMAL", "NULL">>
/\ stack = <<<<>>, <<>>>>
/\ appPermConsents = <<<<"NULL", "NULL">>, <<"NULL", "NULL">>>>

@!@!@ENDMSG 2217 @!@!@
@!@!@STARTMSG 2201:0 @!@!@
The coverage statistics at 2023-03-20 05:52:11
@!@!@ENDMSG 2201 @!@!@
@!@!@STARTMSG 2773:0 @!@!@
<Init line 112, col 1 to line 112, col 4 of module PManager>: 2:2
@!@!@ENDMSG 2773 @!@!@
@!@!@STARTMSG 2221:0 @!@!@
  line 113, col 9 to line 130, col 49 of module PManager: 2
@!@!@ENDMSG 2221 @!@!@
@!@!@STARTMSG 2772:0 @!@!@
<l1 line 132, col 1 to line 132, col 8 of module PManager>: 3845:8052
@!@!@ENDMSG 2772 @!@!@
@!@!@STARTMSG 2221:0 @!@!@
  line 132, col 16 to line 132, col 30 of module PManager: 50151
@!@!@ENDMSG 2221 @!@!@
@!@!@STARTMSG 2221:0 @!@!@
  |line 132, col 16 to line 132, col 23 of module PManager: 42100
@!@!@ENDMSG 2221 @!@!@
@!@!@STARTMSG 2221:0 @!@!@
  line 133, col 19 to line 133, col 59 of module PManager: 8052
@!@!@ENDMSG 2221 @!@!@
@!@!@STARTMSG 2221:0 @!@!@
  line 134, col 27 to line 134, col 93 of module PManager: 371
@!@!@ENDMSG 2221 @!@!@
@!@!@STARTMSG 2221:0 @!@!@
  |line 134, col 41 to line 134, col 93 of module PManager: 372
@!@!@ENDMSG 2221 @!@!@
@!@!@STARTMSG 2221:0 @!@!@
  line 135, col 27 to line 135, col 74 of module PManager: 371
@!@!@ENDMSG 2221 @!@!@
@!@!@STARTMSG 2221:0 @!@!@
  |line 135, col 33 to line 135, col 74 of module PManager: 372
@!@!@ENDMSG 2221 @!@!@
@!@!@STARTMSG 2221:0 @!@!@
  line 136, col 27 to line 136, col 80 of module PManager: 371
@!@!@ENDMSG 2221 @!@!@
@!@!@STARTMSG 2221:0 @!@!@
  |line 136, col 35 to line 136, col 80 of module PManager: 372
@!@!@ENDMSG 2221 @!@!@
@!@!@STARTMSG 2221:0 @!@!@
  line 137, col 27 to line 137, col 83 of module PManager: 371
@!@!@ENDMSG 2221 @!@!@
@!@!@STARTMSG 2221:0 @!@!@
  |line 137, col 36 to line 137, col 83 of module PManager: 372
@!@!@ENDMSG 2221 @!@!@
@!@!@STARTMSG 2221:0 @!@!@
  line 138, col 27 to line 138, col 77 of module PManager: 371
@!@!@ENDMSG 2221 @!@!@
@!@!@STARTMSG 2221:0 @!@!@
  |line 138, col 36 to line 138, col 77 of module PManager: 372
@!@!@ENDMSG 2221 @!@!@
@!@!@STARTMSG 2221:0 @!@!@
  line 139, col 30 to line 139, col 69 of module PManager: 7680
@!@!@ENDMSG 2221 @!@!@
@!@!@STARTMSG 2221:0 @!@!@
  line 140, col 35 to line 144, col 88 of module PManager: 338
@!@!@ENDMSG 2221 @!@!@
@!@!@STARTMSG 2221:0 @!@!@
  line 145, col 38 to line 145, col 69 of module PManager: 7342
@!@!@ENDMSG 2221 @!@!@
@!@!@STARTMSG 2221:0 @!@!@
  line 146, col 38 to line 147, col 58 of module PManager: 7342
@!@!@ENDMSG 2221 @!@!@
@!@!@STARTMSG 2221:0 @!@!@
  line 148, col 16 to line 149, col 71 of module PManager: 8051
@!@!@ENDMSG 2221 @!@!@
@!@!@STARTMSG 2772:0 @!@!@
<l2 line 151, col 1 to line 151, col 8 of module PManager>: 2843:5279
@!@!@ENDMSG 2772 @!@!@
@!@!@STARTMSG 2221:0 @!@!@
  line 151, col 16 to line 151, col 30 of module PManager: 47376
@!@!@ENDMSG 2221 @!@!@
@!@!@STARTMSG 2221:0 @!@!@
  |line 151, col 16 to line 151, col 23 of module PManager: 42097
@!@!@ENDMSG 2221 @!@!@
@!@!@STARTMSG 2221:0 @!@!@
  line 152, col 16 to line 158, col 67 of module PManager: 5279
@!@!@ENDMSG 2221 @!@!@
@!@!@STARTMSG 2221:0 @!@!@
  line 159, col 16 to line 159, col 47 of module PManager: 5279
@!@!@ENDMSG 2221 @!@!@
@!@!@STARTMSG 2221:0 @!@!@
  line 160, col 16 to line 162, col 36 of module PManager: 5279
@!@!@ENDMSG 2221 @!@!@
@!@!@STARTMSG 2772:0 @!@!@
<l3 line 164, col 1 to line 164, col 8 of module PManager>: 2760:5337
@!@!@ENDMSG 2772 @!@!@
@!@!@STARTMSG 2221:0 @!@!@
  line 164, col 16 to line 164, col 30 of module PManager: 47433
@!@!@ENDMSG 2221 @!@!@
@!@!@STARTMSG 2221:0 @!@!@
  |line 164, col 16 to line 164, col 23 of module PManager: 42096
@!@!@ENDMSG 2221 @!@!@
@!@!@STARTMSG 2221:0 @!@!@
  line 165, col 19 to line 165, col 59 of module PManager: 5337
@!@!@ENDMSG 2221 @!@!@
@!@!@STARTMSG 2221:0 @!@!@
  line 166, col 24 to line 166, col 93 of module PManager: 2669
@!@!@ENDMSG 2221 @!@!@
@!@!@STARTMSG 2221:0 @!@!@
  line 167, col 27 to line 167, col 30 of module PManager: 2668
@!@!@ENDMSG 2221 @!@!@
@!@!@STARTMSG 2221:0 @!@!@
  line 168, col 27 to line 168, col 46 of module PManager: 2668
@!@!@ENDMSG 2221 @!@!@
@!@!@STARTMSG 2221:0 @!@!@
  line 169, col 16 to line 169, col 47 of module PManager: 5337
@!@!@ENDMSG 2221 @!@!@
@!@!@STARTMSG 2221:0 @!@!@
  line 170, col 16 to line 172, col 40 of module PManager: 5337
@!@!@ENDMSG 2221 @!@!@
@!@!@STARTMSG 2772:0 @!@!@
<l4 line 174, col 1 to line 174, col 8 of module PManager>: 806:3350
@!@!@ENDMSG 2772 @!@!@
@!@!@STARTMSG 2221:0 @!@!@
  line 174, col 16 to line 174, col 30 of module PManager: 45445
@!@!@ENDMSG 2221 @!@!@
@!@!@STARTMSG 2221:0 @!@!@
  |line 174, col 16 to line 174, col 23 of module PManager: 42095
@!@!@ENDMSG 2221 @!@!@
@!@!@STARTMSG 2221:0 @!@!@
  line 175, col 16 to line 175, col 63 of module PManager: 3350
@!@!@ENDMSG 2221 @!@!@
@!@!@STARTMSG 2221:0 @!@!@
  line 176, col 16 to line 176, col 69 of module PManager: 3350
@!@!@ENDMSG 2221 @!@!@
@!@!@STARTMSG 2221:0 @!@!@
  line 177, col 16 to line 177, col 72 of module PManager: 3350
@!@!@ENDMSG 2221 @!@!@
@!@!@STARTMSG 2221:0 @!@!@
  line 178, col 16 to line 178, col 66 of module PManager: 3350
@!@!@ENDMSG 2221 @!@!@
@!@!@STARTMSG 2221:0 @!@!@
  line 179, col 16 to line 181, col 35 of module PManager: 3350
@!@!@ENDMSG 2221 @!@!@
@!@!@STARTMSG 2772:0 @!@!@
<l5 line 185, col 1 to line 185, col 8 of module PManager>: 175:2494
@!@!@ENDMSG 2772 @!@!@
@!@!@STARTMSG 2221:0 @!@!@
  line 185, col 16 to line 185, col 30 of module PManager: 44588
@!@!@ENDMSG 2221 @!@!@
@!@!@STARTMSG 2221:0 @!@!@
  |line 185, col 16 to line 185, col 23 of module PManager: 42094
@!@!@ENDMSG 2221 @!@!@
@!@!@STARTMSG 2221:0 @!@!@
  line 186, col 16 to line 186, col 68 of module PManager: 2494
@!@!@ENDMSG 2221 @!@!@
@!@!@STARTMSG 2221:0 @!@!@
  line 187, col 16 to line 187, col 63 of module PManager: 2494
@!@!@ENDMSG 2221 @!@!@
@!@!@STARTMSG 2221:0 @!@!@
  line 188, col 16 to line 188, col 72 of module PManager: 2494
@!@!@ENDMSG 2221 @!@!@
@!@!@STARTMSG 2221:0 @!@!@
  line 189, col 16 to line 189, col 66 of module PManager: 2494
@!@!@ENDMSG 2221 @!@!@
@!@!@STARTMSG 2221:0 @!@!@
  line 190, col 16 to line 191, col 77 of module PManager: 2494
@!@!@ENDMSG 2221 @!@!@
@!@!@STARTMSG 2772:0 @!@!@
<l6 line 195, col 1 to line 195, col 8 of module PManager>: 1861:4187
@!@!@ENDMSG 2772 @!@!@
@!@!@STARTMSG 2221:0 @!@!@
  line 195, col 16 to line 195, col 30 of module PManager: 46279
@!@!@ENDMSG 2221 @!@!@
@!@!@STARTMSG 2221:0 @!@!@
  |line 195, col 16 to line 195, col 23 of module PManager: 42092
@!@!@ENDMSG 2221 @!@!@
@!@!@STARTMSG 2221:0 @!@!@
  line 196, col 16 to line 196, col 69 of module PManager: 4187
@!@!@ENDMSG 2221 @!@!@
@!@!@STARTMSG 2221:0 @!@!@
  line 197, col 16 to line 197, col 95 of module PManager: 4187
@!@!@ENDMSG 2221 @!@!@
@!@!@STARTMSG 2221:0 @!@!@
  line 198, col 16 to line 198, col 104 of module PManager: 4187
@!@!@ENDMSG 2221 @!@!@
@!@!@STARTMSG 2221:0 @!@!@
  line 199, col 16 to line 199, col 63 of module PManager: 4187
@!@!@ENDMSG 2221 @!@!@
@!@!@STARTMSG 2221:0 @!@!@
  line 200, col 16 to line 200, col 72 of module PManager: 4187
@!@!@ENDMSG 2221 @!@!@
@!@!@STARTMSG 2221:0 @!@!@
  line 201, col 16 to line 201, col 66 of module PManager: 4187
@!@!@ENDMSG 2221 @!@!@
@!@!@STARTMSG 2221:0 @!@!@
  line 202, col 16 to line 203, col 47 of module PManager: 4187
@!@!@ENDMSG 2221 @!@!@
@!@!@STARTMSG 2772:0 @!@!@
<l7 line 207, col 1 to line 207, col 8 of module PManager>: 3966:15320
@!@!@ENDMSG 2772 @!@!@
@!@!@STARTMSG 2221:0 @!@!@
  line 207, col 16 to line 207, col 30 of module PManager: 45921
@!@!@ENDMSG 2221 @!@!@
@!@!@STARTMSG 2221:0 @!@!@
  |line 207, col 16 to line 207, col 23 of module PManager: 42091
@!@!@ENDMSG 2221 @!@!@
@!@!@STARTMSG 2221:0 @!@!@
  line 208, col 22 to line 211, col 104 of module PManager: 3830
@!@!@ENDMSG 2221 @!@!@
@!@!@STARTMSG 2221:0 @!@!@
  line 212, col 22 to line 212, col 69 of module PManager: 7660
@!@!@ENDMSG 2221 @!@!@
@!@!@STARTMSG 2221:0 @!@!@
  line 213, col 22 to line 213, col 72 of module PManager: 7660
@!@!@ENDMSG 2221 @!@!@
@!@!@STARTMSG 2221:0 @!@!@
  line 214, col 22 to line 214, col 75 of module PManager: 7660
@!@!@ENDMSG 2221 @!@!@
@!@!@STARTMSG 2221:0 @!@!@
  line 215, col 22 to line 215, col 72 of module PManager: 7660
@!@!@ENDMSG 2221 @!@!@
@!@!@STARTMSG 2221:0 @!@!@
  line 216, col 22 to line 219, col 104 of module PManager: 3830
@!@!@ENDMSG 2221 @!@!@
@!@!@STARTMSG 2221:0 @!@!@
  line 220, col 22 to line 220, col 69 of module PManager: 7660
@!@!@ENDMSG 2221 @!@!@
@!@!@STARTMSG 2221:0 @!@!@
  line 221, col 22 to line 221, col 72 of module PManager: 7660
@!@!@ENDMSG 2221 @!@!@
@!@!@STARTMSG 2221:0 @!@!@
  line 222, col 22 to line 222, col 75 of module PManager: 7660
@!@!@ENDMSG 2221 @!@!@
@!@!@STARTMSG 2221:0 @!@!@
  line 223, col 22 to line 223, col 72 of module PManager: 7660
@!@!@ENDMSG 2221 @!@!@
@!@!@STARTMSG 2221:0 @!@!@
  line 224, col 16 to line 225, col 56 of module PManager: 15320
@!@!@ENDMSG 2221 @!@!@
@!@!@STARTMSG 2772:0 @!@!@
<platform line 229, col 1 to line 229, col 14 of module PManager>: 14709:48795
@!@!@ENDMSG 2772 @!@!@
@!@!@STARTMSG 2221:0 @!@!@
  line 229, col 22 to line 229, col 42 of module PManager: 51649
@!@!@ENDMSG 2221 @!@!@
@!@!@STARTMSG 2221:0 @!@!@
  |line 229, col 22 to line 229, col 29 of module PManager: 42084
@!@!@ENDMSG 2221 @!@!@
@!@!@STARTMSG 2221:0 @!@!@
  line 230, col 25 to line 230, col 43 of module PManager: 9565
@!@!@ENDMSG 2221 @!@!@
@!@!@STARTMSG 2221:0 @!@!@
  line 231, col 33 to line 235, col 84 of module PManager: 3346
@!@!@ENDMSG 2221 @!@!@
@!@!@STARTMSG 2221:0 @!@!@
  line 236, col 33 to line 236, col 64 of module PManager: 3346
@!@!@ENDMSG 2221 @!@!@
@!@!@STARTMSG 2221:0 @!@!@
  line 237, col 33 to line 238, col 60 of module PManager: 3346
@!@!@ENDMSG 2221 @!@!@
@!@!@STARTMSG 2221:0 @!@!@
  line 239, col 39 to line 243, col 90 of module PManager: 6219
@!@!@ENDMSG 2221 @!@!@
@!@!@STARTMSG 2221:0 @!@!@
  line 244, col 39 to line 244, col 70 of module PManager: 6219
@!@!@ENDMSG 2221 @!@!@
@!@!@STARTMSG 2221:0 @!@!@
  line 245, col 39 to line 245, col 92 of module PManager: 6219
@!@!@ENDMSG 2221 @!@!@
@!@!@STARTMSG 2221:0 @!@!@
  line 246, col 48 to line 246, col 74 of module PManager: 6219
@!@!@ENDMSG 2221 @!@!@
@!@!@STARTMSG 2221:0 @!@!@
  line 247, col 53 to line 248, col 122 of module PManager: 2699
@!@!@ENDMSG 2221 @!@!@
@!@!@STARTMSG 2221:0 @!@!@
  line 249, col 53 to line 249, col 111 of module PManager: 3520
@!@!@ENDMSG 2221 @!@!@
@!@!@STARTMSG 2221:0 @!@!@
  line 250, col 45 to line 250, col 82 of module PManager: 8918
@!@!@ENDMSG 2221 @!@!@
@!@!@STARTMSG 2221:0 @!@!@
  line 251, col 45 to line 251, col 89 of module PManager: 8918
@!@!@ENDMSG 2221 @!@!@
@!@!@STARTMSG 2221:0 @!@!@
  line 252, col 54 to line 252, col 80 of module PManager: 6219
@!@!@ENDMSG 2221 @!@!@
@!@!@STARTMSG 2221:0 @!@!@
  line 253, col 59 to line 254, col 128 of module PManager: 2699
@!@!@ENDMSG 2221 @!@!@
@!@!@STARTMSG 2221:0 @!@!@
  line 255, col 62 to line 255, col 65 of module PManager: 3520
@!@!@ENDMSG 2221 @!@!@
@!@!@STARTMSG 2221:0 @!@!@
  line 256, col 62 to line 256, col 85 of module PManager: 3520
@!@!@ENDMSG 2221 @!@!@
@!@!@STARTMSG 2221:0 @!@!@
  line 257, col 51 to line 257, col 88 of module PManager: 8918
@!@!@ENDMSG 2221 @!@!@
@!@!@STARTMSG 2221:0 @!@!@
  line 258, col 51 to line 258, col 95 of module PManager: 8918
@!@!@ENDMSG 2221 @!@!@
@!@!@STARTMSG 2221:0 @!@!@
  line 260, col 59 to line 267, col 93 of module PManager: 12438
@!@!@ENDMSG 2221 @!@!@
@!@!@STARTMSG 2221:0 @!@!@
  line 259, col 66 to line 259, col 76 of module PManager: 6219
@!@!@ENDMSG 2221 @!@!@
@!@!@STARTMSG 2221:0 @!@!@
  line 268, col 57 to line 268, col 77 of module PManager: 12438
@!@!@ENDMSG 2221 @!@!@
@!@!@STARTMSG 2221:0 @!@!@
  line 269, col 60 to line 269, col 83 of module PManager: 6219
@!@!@ENDMSG 2221 @!@!@
@!@!@STARTMSG 2221:0 @!@!@
  line 271, col 70 to line 271, col 116 of module PManager: 5474
@!@!@ENDMSG 2221 @!@!@
@!@!@STARTMSG 2221:0 @!@!@
  line 270, col 77 to line 270, col 78 of module PManager: 2737
@!@!@ENDMSG 2221 @!@!@
@!@!@STARTMSG 2221:0 @!@!@
  line 272, col 68 to line 272, col 71 of module PManager: 3482
@!@!@ENDMSG 2221 @!@!@
@!@!@STARTMSG 2221:0 @!@!@
  line 273, col 68 to line 273, col 88 of module PManager: 3482
@!@!@ENDMSG 2221 @!@!@
@!@!@STARTMSG 2221:0 @!@!@
  line 274, col 57 to line 274, col 94 of module PManager: 8956
@!@!@ENDMSG 2221 @!@!@
@!@!@STARTMSG 2221:0 @!@!@
  line 275, col 57 to line 275, col 88 of module PManager: 8956
@!@!@ENDMSG 2221 @!@!@
@!@!@STARTMSG 2221:0 @!@!@
  line 276, col 51 to line 276, col 74 of module PManager: 21394
@!@!@ENDMSG 2221 @!@!@
@!@!@STARTMSG 2221:0 @!@!@
  line 277, col 39 to line 277, col 52 of module PManager: 39230
@!@!@ENDMSG 2221 @!@!@
@!@!@STARTMSG 2221:0 @!@!@
  line 278, col 33 to line 278, col 46 of module PManager: 45449
@!@!@ENDMSG 2221 @!@!@
@!@!@STARTMSG 2221:0 @!@!@
  line 279, col 22 to line 280, col 63 of module PManager: 48795
@!@!@ENDMSG 2221 @!@!@
@!@!@STARTMSG 2774:0 @!@!@
<TypeOK line 297, col 1 to line 297, col 6 of module PManager>
@!@!@ENDMSG 2774 @!@!@
@!@!@STARTMSG 2221:0 @!@!@
  line 297, col 11 to line 301, col 52 of module PManager: 30966
@!@!@ENDMSG 2221 @!@!@
@!@!@STARTMSG 2774:0 @!@!@
<Action line 303, col 18 to line 306, col 68 of module PManager>
@!@!@ENDMSG 2774 @!@!@
@!@!@STARTMSG 2221:0 @!@!@
  line 303, col 18 to line 306, col 68 of module PManager: 30966
@!@!@ENDMSG 2221 @!@!@
@!@!@STARTMSG 2221:0 @!@!@
  |line 303, col 20 to line 306, col 67 of module PManager: 30966
@!@!@ENDMSG 2221 @!@!@
@!@!@STARTMSG 2221:0 @!@!@
  ||line 303, col 23 to line 306, col 67 of module PManager: 30966
@!@!@ENDMSG 2221 @!@!@
@!@!@STARTMSG 2221:0 @!@!@
  |||line 303, col 57 to line 306, col 67 of module PManager: 61931
@!@!@ENDMSG 2221 @!@!@
@!@!@STARTMSG 2221:0 @!@!@
  ||||line 304, col 23 to line 306, col 67 of module PManager: 123861
@!@!@ENDMSG 2221 @!@!@
@!@!@STARTMSG 2221:0 @!@!@
  |||||line 304, col 26 to line 304, col 73 of module PManager: 123861
@!@!@ENDMSG 2221 @!@!@
@!@!@STARTMSG 2221:0 @!@!@
  |||||line 305, col 26 to line 305, col 66 of module PManager: 112265
@!@!@ENDMSG 2221 @!@!@
@!@!@STARTMSG 2221:0 @!@!@
  |||||line 306, col 26 to line 306, col 67 of module PManager: 581
@!@!@ENDMSG 2221 @!@!@
@!@!@STARTMSG 2221:0 @!@!@
  ||||line 303, col 75 to line 303, col 85 of module PManager: 61931
@!@!@ENDMSG 2221 @!@!@
@!@!@STARTMSG 2221:0 @!@!@
  |||line 303, col 42 to line 303, col 53 of module PManager: 30966
@!@!@ENDMSG 2221 @!@!@
@!@!@STARTMSG 2202:0 @!@!@
End of statistics.
@!@!@ENDMSG 2202 @!@!@
@!@!@STARTMSG 2200:0 @!@!@
Progress(16) at 2023-03-20 05:52:11: 92,771 states generated (2,125,337 s/min), 30,966 distinct states found (709,415 ds/min), 9,925 states left on queue.
@!@!@ENDMSG 2200 @!@!@
@!@!@STARTMSG 2199:0 @!@!@
92771 states generated, 30966 distinct states found, 9925 states left on queue.
@!@!@ENDMSG 2199 @!@!@
@!@!@STARTMSG 2194:0 @!@!@
The depth of the complete state graph search is 16.
@!@!@ENDMSG 2194 @!@!@
@!@!@STARTMSG 2268:0 @!@!@
The average outdegree of the complete state graph is 1 (minimum is 0, the maximum 12 and the 95th percentile is 5).
@!@!@ENDMSG 2268 @!@!@
@!@!@STARTMSG 2186:0 @!@!@
Finished in 2634ms at (2023-03-20 05:52:11)
@!@!@ENDMSG 2186 @!@!@
