@!@!@STARTMSG 2262:0 @!@!@
TLC2 Version 2.16 of 31 December 2020 (rev: cdddf55)
@!@!@ENDMSG 2262 @!@!@
@!@!@STARTMSG 2187:0 @!@!@
Running breadth-first search Model-Checking with fp 11 and seed 8250206592834921536 with 4 workers on 8 cores with 599MB heap and 1345MB offheap memory [pid: 13948] (Windows 10 10.0 amd64, AdoptOpenJDK 14.0.1 x86_64, OffHeapDiskFPSet, DiskStateQueue).
@!@!@ENDMSG 2187 @!@!@
@!@!@STARTMSG 2220:0 @!@!@
Starting SANY...
@!@!@ENDMSG 2220 @!@!@
Parsing file G:\repos\access-control-management\spec\AccessControlManagement.toolbox\Model_1\MC.tla
Parsing file G:\repos\access-control-management\spec\AccessControlManagement.toolbox\Model_1\AccessControlManagement.tla
Parsing file G:\TLA+ Toolbox\plugins\org.lamport.tlatools_1.0.0.202012311918\tla2sany\StandardModules\TLC.tla
Parsing file G:\TLA+ Toolbox\plugins\org.lamport.tlatools_1.0.0.202012311918\tla2sany\StandardModules\Naturals.tla
Parsing file G:\TLA+ Toolbox\plugins\org.lamport.tlatools_1.0.0.202012311918\tla2sany\StandardModules\Sequences.tla
Parsing file G:\TLA+ Toolbox\plugins\org.lamport.tlatools_1.0.0.202012311918\tla2sany\StandardModules\FiniteSets.tla
Semantic processing of module Naturals
Semantic processing of module Sequences
Semantic processing of module AccessControlManagement
Semantic processing of module FiniteSets
Semantic processing of module TLC
Semantic processing of module MC
@!@!@STARTMSG 2219:0 @!@!@
SANY finished.
@!@!@ENDMSG 2219 @!@!@
@!@!@STARTMSG 2185:0 @!@!@
Starting... (2023-05-26 14:02:23)
@!@!@ENDMSG 2185 @!@!@
@!@!@STARTMSG 2212:0 @!@!@
Implied-temporal checking--satisfiability problem has 1 branches.
@!@!@ENDMSG 2212 @!@!@
@!@!@STARTMSG 2189:0 @!@!@
Computing initial states...
@!@!@ENDMSG 2189 @!@!@
@!@!@STARTMSG 2190:0 @!@!@
Finished computing initial states: 1 distinct state generated at 2023-05-26 14:02:24.
@!@!@ENDMSG 2190 @!@!@
@!@!@STARTMSG 2200:0 @!@!@
Progress(25) at 2023-05-26 14:02:26: 4,591 states generated, 1,890 distinct states found, 0 states left on queue.
@!@!@ENDMSG 2200 @!@!@
@!@!@STARTMSG 2192:0 @!@!@
Checking temporal properties for the complete state space with 1890 total distinct states at (2023-05-26 14:02:26)
@!@!@ENDMSG 2192 @!@!@
@!@!@STARTMSG 2116:1 @!@!@
Temporal properties were violated.

@!@!@ENDMSG 2116 @!@!@
@!@!@STARTMSG 2264:1 @!@!@
The following behavior constitutes a counter-example:

@!@!@ENDMSG 2264 @!@!@
@!@!@STARTMSG 2217:4 @!@!@
1: <Initial predicate>
/\ Acl2 = <<<<"NULL", "NULL">>, <<"NULL", "NULL">>>>
/\ Acl = <<<<"NULL", "NULL">>, <<"NULL", "NULL">>>>
/\ pc = <<"AcmBegin", "AcmBegin">>
/\ Resource = <<1, 1>>

@!@!@ENDMSG 2217 @!@!@
@!@!@STARTMSG 2217:4 @!@!@
2: <AcmBegin line 88, col 19 to line 90, col 56 of module AccessControlManagement>
/\ Acl2 = <<<<"NULL", "NULL">>, <<"NULL", "NULL">>>>
/\ Acl = <<<<"NULL", "NULL">>, <<"NULL", "NULL">>>>
/\ pc = <<"AcmBegin", "dsd">>
/\ Resource = <<1, 1>>

@!@!@ENDMSG 2217 @!@!@
@!@!@STARTMSG 2217:4 @!@!@
3: <AcmBegin line 88, col 19 to line 90, col 56 of module AccessControlManagement>
/\ Acl2 = <<<<"NULL", "NULL">>, <<"NULL", "NULL">>>>
/\ Acl = <<<<"NULL", "NULL">>, <<"NULL", "NULL">>>>
/\ pc = <<"dsd", "dsd">>
/\ Resource = <<1, 1>>

@!@!@ENDMSG 2217 @!@!@
@!@!@STARTMSG 2217:4 @!@!@
4: <dsd line 92, col 14 to line 96, col 51 of module AccessControlManagement>
/\ Acl2 = <<<<"NULL", "NULL">>, <<"NULL", "NULL">>>>
/\ Acl = <<<<"NULL", "NULL">>, <<"NULL", "NULL">>>>
/\ pc = <<"dsd", "f">>
/\ Resource = <<1, 1>>

@!@!@ENDMSG 2217 @!@!@
@!@!@STARTMSG 2217:4 @!@!@
5: <dsd line 92, col 14 to line 96, col 51 of module AccessControlManagement>
/\ Acl2 = <<<<"NULL", "NULL">>, <<"NULL", "NULL">>>>
/\ Acl = <<<<"NULL", "NULL">>, <<"NULL", "NULL">>>>
/\ pc = <<"f", "f">>
/\ Resource = <<1, 1>>

@!@!@ENDMSG 2217 @!@!@
@!@!@STARTMSG 2217:4 @!@!@
6: <f line 98, col 12 to line 101, col 43 of module AccessControlManagement>
/\ Acl2 = <<<<"NULL", "NULL">>, <<"NULL", "NULL">>>>
/\ Acl = <<<<"NULL", "NULL">>, <<"NULL", "NULL">>>>
/\ pc = <<"H", "f">>
/\ Resource = <<1, 1>>

@!@!@ENDMSG 2217 @!@!@
@!@!@STARTMSG 2217:4 @!@!@
7: <H line 103, col 12 to line 108, col 49 of module AccessControlManagement>
/\ Acl2 = <<<<"NULL", "NULL">>, <<"NULL", "NULL">>>>
/\ Acl = <<<<"NULL", "NULL">>, <<"NULL", "NULL">>>>
/\ pc = <<"a", "f">>
/\ Resource = <<1, 1>>

@!@!@ENDMSG 2217 @!@!@
@!@!@STARTMSG 2217:4 @!@!@
8: <a line 110, col 12 to line 116, col 44 of module AccessControlManagement>
/\ Acl2 = <<<<"NULL", "NULL">>, <<"NULL", "NULL">>>>
/\ Acl = <<<<"REQUESTED", "NULL">>, <<"NULL", "NULL">>>>
/\ pc = <<"J", "f">>
/\ Resource = <<1, 1>>

@!@!@ENDMSG 2217 @!@!@
@!@!@STARTMSG 2217:4 @!@!@
9: <f line 98, col 12 to line 101, col 43 of module AccessControlManagement>
/\ Acl2 = <<<<"REQUESTED", "NULL">>, <<"NULL", "NULL">>>>
/\ Acl = <<<<"REQUESTED", "NULL">>, <<"NULL", "NULL">>>>
/\ pc = <<"J", "H">>
/\ Resource = <<1, 1>>

@!@!@ENDMSG 2217 @!@!@
@!@!@STARTMSG 2217:4 @!@!@
10: <J line 145, col 12 to line 148, col 39 of module AccessControlManagement>
/\ Acl2 = <<<<"REQUESTED", "NULL">>, <<"NULL", "NULL">>>>
/\ Acl = <<<<"REQUESTED", "NULL">>, <<"NULL", "NULL">>>>
/\ pc = <<"dsd", "H">>
/\ Resource = <<2, 1>>

@!@!@ENDMSG 2217 @!@!@
@!@!@STARTMSG 2217:4 @!@!@
11: <H line 103, col 12 to line 108, col 49 of module AccessControlManagement>
/\ Acl2 = <<<<"REQUESTED", "NULL">>, <<"NULL", "NULL">>>>
/\ Acl = <<<<"REQUESTED", "NULL">>, <<"NULL", "NULL">>>>
/\ pc = <<"dsd", "a">>
/\ Resource = <<2, 1>>

@!@!@ENDMSG 2217 @!@!@
@!@!@STARTMSG 2217:4 @!@!@
12: <dsd line 92, col 14 to line 96, col 51 of module AccessControlManagement>
/\ Acl2 = <<<<"REQUESTED", "NULL">>, <<"NULL", "NULL">>>>
/\ Acl = <<<<"REQUESTED", "NULL">>, <<"NULL", "NULL">>>>
/\ pc = <<"f", "a">>
/\ Resource = <<2, 1>>

@!@!@ENDMSG 2217 @!@!@
@!@!@STARTMSG 2217:4 @!@!@
13: <a line 110, col 12 to line 116, col 44 of module AccessControlManagement>
/\ Acl2 = <<<<"REQUESTED", "NULL">>, <<"NULL", "NULL">>>>
/\ Acl = <<<<"REQUESTED", "NULL">>, <<"REQUESTED", "NULL">>>>
/\ pc = <<"f", "J">>
/\ Resource = <<2, 1>>

@!@!@ENDMSG 2217 @!@!@
@!@!@STARTMSG 2217:4 @!@!@
14: <J line 145, col 12 to line 148, col 39 of module AccessControlManagement>
/\ Acl2 = <<<<"REQUESTED", "NULL">>, <<"NULL", "NULL">>>>
/\ Acl = <<<<"REQUESTED", "NULL">>, <<"REQUESTED", "NULL">>>>
/\ pc = <<"f", "dsd">>
/\ Resource = <<2, 2>>

@!@!@ENDMSG 2217 @!@!@
@!@!@STARTMSG 2217:4 @!@!@
15: <dsd line 92, col 14 to line 96, col 51 of module AccessControlManagement>
/\ Acl2 = <<<<"REQUESTED", "NULL">>, <<"NULL", "NULL">>>>
/\ Acl = <<<<"REQUESTED", "NULL">>, <<"REQUESTED", "NULL">>>>
/\ pc = <<"f", "f">>
/\ Resource = <<2, 2>>

@!@!@ENDMSG 2217 @!@!@
@!@!@STARTMSG 2217:4 @!@!@
16: <f line 98, col 12 to line 101, col 43 of module AccessControlManagement>
/\ Acl2 = <<<<"REQUESTED", "NULL">>, <<"REQUESTED", "NULL">>>>
/\ Acl = <<<<"REQUESTED", "NULL">>, <<"REQUESTED", "NULL">>>>
/\ pc = <<"f", "H">>
/\ Resource = <<2, 2>>

@!@!@ENDMSG 2217 @!@!@
@!@!@STARTMSG 2217:4 @!@!@
17: <H line 103, col 12 to line 108, col 49 of module AccessControlManagement>
/\ Acl2 = <<<<"REQUESTED", "NULL">>, <<"REQUESTED", "NULL">>>>
/\ Acl = <<<<"REQUESTED", "NULL">>, <<"REQUESTED", "NULL">>>>
/\ pc = <<"f", "a">>
/\ Resource = <<2, 2>>

@!@!@ENDMSG 2217 @!@!@
@!@!@STARTMSG 2217:4 @!@!@
18: <a line 110, col 12 to line 116, col 44 of module AccessControlManagement>
/\ Acl2 = <<<<"REQUESTED", "NULL">>, <<"REQUESTED", "NULL">>>>
/\ Acl = <<<<"REQUESTED", "NULL">>, <<"REQUESTED", "REQUESTED">>>>
/\ pc = <<"f", "J">>
/\ Resource = <<2, 2>>

@!@!@ENDMSG 2217 @!@!@
@!@!@STARTMSG 2217:4 @!@!@
19: <f line 98, col 12 to line 101, col 43 of module AccessControlManagement>
/\ Acl2 = <<<<"REQUESTED", "NULL">>, <<"REQUESTED", "REQUESTED">>>>
/\ Acl = <<<<"REQUESTED", "NULL">>, <<"REQUESTED", "REQUESTED">>>>
/\ pc = <<"H", "J">>
/\ Resource = <<2, 2>>

@!@!@ENDMSG 2217 @!@!@
@!@!@STARTMSG 2217:4 @!@!@
20: <H line 103, col 12 to line 108, col 49 of module AccessControlManagement>
/\ Acl2 = <<<<"REQUESTED", "NULL">>, <<"REQUESTED", "REQUESTED">>>>
/\ Acl = <<<<"REQUESTED", "NULL">>, <<"REQUESTED", "REQUESTED">>>>
/\ pc = <<"a", "J">>
/\ Resource = <<2, 2>>

@!@!@ENDMSG 2217 @!@!@
@!@!@STARTMSG 2217:4 @!@!@
21: <J line 145, col 12 to line 148, col 39 of module AccessControlManagement>
/\ Acl2 = <<<<"REQUESTED", "NULL">>, <<"REQUESTED", "REQUESTED">>>>
/\ Acl = <<<<"REQUESTED", "NULL">>, <<"REQUESTED", "REQUESTED">>>>
/\ pc = <<"a", "dsd">>
/\ Resource = <<2, 3>>

@!@!@ENDMSG 2217 @!@!@
@!@!@STARTMSG 2217:4 @!@!@
22: <a line 110, col 12 to line 116, col 44 of module AccessControlManagement>
/\ Acl2 = <<<<"REQUESTED", "NULL">>, <<"REQUESTED", "REQUESTED">>>>
/\ Acl = <<<<"REQUESTED", "REQUESTED">>, <<"REQUESTED", "REQUESTED">>>>
/\ pc = <<"J", "dsd">>
/\ Resource = <<2, 3>>

@!@!@ENDMSG 2217 @!@!@
@!@!@STARTMSG 2217:4 @!@!@
23: <dsd line 92, col 14 to line 96, col 51 of module AccessControlManagement>
/\ Acl2 = <<<<"REQUESTED", "NULL">>, <<"REQUESTED", "REQUESTED">>>>
/\ Acl = <<<<"REQUESTED", "REQUESTED">>, <<"REQUESTED", "REQUESTED">>>>
/\ pc = <<"J", "AcmBegin">>
/\ Resource = <<2, 3>>

@!@!@ENDMSG 2217 @!@!@
@!@!@STARTMSG 2217:4 @!@!@
24: <J line 145, col 12 to line 148, col 39 of module AccessControlManagement>
/\ Acl2 = <<<<"REQUESTED", "NULL">>, <<"REQUESTED", "REQUESTED">>>>
/\ Acl = <<<<"REQUESTED", "REQUESTED">>, <<"REQUESTED", "REQUESTED">>>>
/\ pc = <<"dsd", "AcmBegin">>
/\ Resource = <<3, 3>>

@!@!@ENDMSG 2217 @!@!@
@!@!@STARTMSG 2217:4 @!@!@
25: <dsd line 92, col 14 to line 96, col 51 of module AccessControlManagement>
/\ Acl2 = <<<<"REQUESTED", "NULL">>, <<"REQUESTED", "REQUESTED">>>>
/\ Acl = <<<<"REQUESTED", "REQUESTED">>, <<"REQUESTED", "REQUESTED">>>>
/\ pc = <<"AcmBegin", "AcmBegin">>
/\ Resource = <<3, 3>>

@!@!@ENDMSG 2217 @!@!@
@!@!@STARTMSG 2217:4 @!@!@
26: <AcmBegin line 88, col 19 to line 90, col 56 of module AccessControlManagement>
/\ Acl2 = <<<<"REQUESTED", "NULL">>, <<"REQUESTED", "REQUESTED">>>>
/\ Acl = <<<<"REQUESTED", "REQUESTED">>, <<"REQUESTED", "REQUESTED">>>>
/\ pc = <<"AcmBegin", "dsd">>
/\ Resource = <<3, 3>>

@!@!@ENDMSG 2217 @!@!@
@!@!@STARTMSG 2122:4 @!@!@
25: Back to state: <dsd line 92, col 14 to line 96, col 51 of module AccessControlManagement>

@!@!@ENDMSG 2122 @!@!@
@!@!@STARTMSG 2267:0 @!@!@
Finished checking temporal properties in 00s at 2023-05-26 14:02:26
@!@!@ENDMSG 2267 @!@!@
@!@!@STARTMSG 2201:0 @!@!@
The coverage statistics at 2023-05-26 14:02:26
@!@!@ENDMSG 2201 @!@!@
@!@!@STARTMSG 2773:0 @!@!@
<Init line 81, col 1 to line 81, col 4 of module AccessControlManagement>: 2:2
@!@!@ENDMSG 2773 @!@!@
@!@!@STARTMSG 2221:0 @!@!@
  line 82, col 9 to line 86, col 49 of module AccessControlManagement: 2
@!@!@ENDMSG 2221 @!@!@
@!@!@STARTMSG 2772:0 @!@!@
<AcmBegin line 88, col 1 to line 88, col 14 of module AccessControlManagement>: 26:583
@!@!@ENDMSG 2772 @!@!@
@!@!@STARTMSG 2221:0 @!@!@
  line 88, col 22 to line 88, col 42 of module AccessControlManagement: 4879
@!@!@ENDMSG 2221 @!@!@
@!@!@STARTMSG 2221:0 @!@!@
  |line 88, col 22 to line 88, col 29 of module AccessControlManagement: 4296
@!@!@ENDMSG 2221 @!@!@
@!@!@STARTMSG 2221:0 @!@!@
  line 89, col 22 to line 89, col 54 of module AccessControlManagement: 583
@!@!@ENDMSG 2221 @!@!@
@!@!@STARTMSG 2221:0 @!@!@
  line 90, col 22 to line 90, col 56 of module AccessControlManagement: 583
@!@!@ENDMSG 2221 @!@!@
@!@!@STARTMSG 2772:0 @!@!@
<dsd line 92, col 1 to line 92, col 9 of module AccessControlManagement>: 443:821
@!@!@ENDMSG 2772 @!@!@
@!@!@STARTMSG 2221:0 @!@!@
  line 92, col 17 to line 92, col 32 of module AccessControlManagement: 5114
@!@!@ENDMSG 2221 @!@!@
@!@!@STARTMSG 2221:0 @!@!@
  |line 92, col 17 to line 92, col 24 of module AccessControlManagement: 4293
@!@!@ENDMSG 2221 @!@!@
@!@!@STARTMSG 2221:0 @!@!@
  line 93, col 20 to line 93, col 47 of module AccessControlManagement: 821
@!@!@ENDMSG 2221 @!@!@
@!@!@STARTMSG 2221:0 @!@!@
  line 94, col 25 to line 94, col 58 of module AccessControlManagement: 326
@!@!@ENDMSG 2221 @!@!@
@!@!@STARTMSG 2221:0 @!@!@
  line 95, col 25 to line 95, col 65 of module AccessControlManagement: 495
@!@!@ENDMSG 2221 @!@!@
@!@!@STARTMSG 2221:0 @!@!@
  line 96, col 17 to line 96, col 51 of module AccessControlManagement: 821
@!@!@ENDMSG 2221 @!@!@
@!@!@STARTMSG 2772:0 @!@!@
<f line 98, col 1 to line 98, col 7 of module AccessControlManagement>: 121:329
@!@!@ENDMSG 2772 @!@!@
@!@!@STARTMSG 2221:0 @!@!@
  line 98, col 15 to line 98, col 28 of module AccessControlManagement: 4615
@!@!@ENDMSG 2221 @!@!@
@!@!@STARTMSG 2221:0 @!@!@
  |line 98, col 15 to line 98, col 22 of module AccessControlManagement: 4286
@!@!@ENDMSG 2221 @!@!@
@!@!@STARTMSG 2221:0 @!@!@
  line 99, col 15 to line 99, col 25 of module AccessControlManagement: 329
@!@!@ENDMSG 2221 @!@!@
@!@!@STARTMSG 2221:0 @!@!@
  line 100, col 15 to line 100, col 45 of module AccessControlManagement: 329
@!@!@ENDMSG 2221 @!@!@
@!@!@STARTMSG 2221:0 @!@!@
  line 101, col 15 to line 101, col 43 of module AccessControlManagement: 329
@!@!@ENDMSG 2221 @!@!@
@!@!@STARTMSG 2772:0 @!@!@
<H line 103, col 1 to line 103, col 7 of module AccessControlManagement>: 593:1296
@!@!@ENDMSG 2772 @!@!@
@!@!@STARTMSG 2221:0 @!@!@
  line 103, col 15 to line 103, col 28 of module AccessControlManagement: 4606
@!@!@ENDMSG 2221 @!@!@
@!@!@STARTMSG 2221:0 @!@!@
  |line 103, col 15 to line 103, col 22 of module AccessControlManagement: 4282
@!@!@ENDMSG 2221 @!@!@
@!@!@STARTMSG 2221:0 @!@!@
  line 104, col 15 to line 107, col 51 of module AccessControlManagement: 324
@!@!@ENDMSG 2221 @!@!@
@!@!@STARTMSG 2221:0 @!@!@
  line 108, col 15 to line 108, col 49 of module AccessControlManagement: 1296
@!@!@ENDMSG 2221 @!@!@
@!@!@STARTMSG 2772:0 @!@!@
<a line 110, col 1 to line 110, col 7 of module AccessControlManagement>: 157:275
@!@!@ENDMSG 2772 @!@!@
@!@!@STARTMSG 2221:0 @!@!@
  line 110, col 15 to line 110, col 28 of module AccessControlManagement: 4553
@!@!@ENDMSG 2221 @!@!@
@!@!@STARTMSG 2221:0 @!@!@
  |line 110, col 15 to line 110, col 22 of module AccessControlManagement: 4278
@!@!@ENDMSG 2221 @!@!@
@!@!@STARTMSG 2221:0 @!@!@
  line 111, col 18 to line 111, col 49 of module AccessControlManagement: 275
@!@!@ENDMSG 2221 @!@!@
@!@!@STARTMSG 2221:0 @!@!@
  line 112, col 23 to line 112, col 80 of module AccessControlManagement: 275
@!@!@ENDMSG 2221 @!@!@
@!@!@STARTMSG 2221:0 @!@!@
  line 114, col 26 to line 114, col 35 of module AccessControlManagement: 0
@!@!@ENDMSG 2221 @!@!@
@!@!@STARTMSG 2221:0 @!@!@
  line 115, col 15 to line 115, col 45 of module AccessControlManagement: 275
@!@!@ENDMSG 2221 @!@!@
@!@!@STARTMSG 2221:0 @!@!@
  line 116, col 15 to line 116, col 44 of module AccessControlManagement: 275
@!@!@ENDMSG 2221 @!@!@
@!@!@STARTMSG 2772:0 @!@!@
<b line 118, col 1 to line 118, col 7 of module AccessControlManagement>: 147:270
@!@!@ENDMSG 2772 @!@!@
@!@!@STARTMSG 2221:0 @!@!@
  line 118, col 15 to line 118, col 28 of module AccessControlManagement: 4544
@!@!@ENDMSG 2221 @!@!@
@!@!@STARTMSG 2221:0 @!@!@
  |line 118, col 15 to line 118, col 22 of module AccessControlManagement: 4274
@!@!@ENDMSG 2221 @!@!@
@!@!@STARTMSG 2221:0 @!@!@
  line 119, col 18 to line 119, col 54 of module AccessControlManagement: 270
@!@!@ENDMSG 2221 @!@!@
@!@!@STARTMSG 2221:0 @!@!@
  line 122, col 39 to line 122, col 91 of module AccessControlManagement: 0
@!@!@ENDMSG 2221 @!@!@
@!@!@STARTMSG 2221:0 @!@!@
  line 123, col 39 to line 123, col 92 of module AccessControlManagement: 0
@!@!@ENDMSG 2221 @!@!@
@!@!@STARTMSG 2221:0 @!@!@
  line 124, col 23 to line 125, col 35 of module AccessControlManagement: 270
@!@!@ENDMSG 2221 @!@!@
@!@!@STARTMSG 2221:0 @!@!@
  line 126, col 15 to line 126, col 45 of module AccessControlManagement: 270
@!@!@ENDMSG 2221 @!@!@
@!@!@STARTMSG 2221:0 @!@!@
  line 127, col 15 to line 127, col 44 of module AccessControlManagement: 270
@!@!@ENDMSG 2221 @!@!@
@!@!@STARTMSG 2772:0 @!@!@
<c line 129, col 1 to line 129, col 7 of module AccessControlManagement>: 1:270
@!@!@ENDMSG 2772 @!@!@
@!@!@STARTMSG 2221:0 @!@!@
  line 129, col 15 to line 129, col 28 of module AccessControlManagement: 4544
@!@!@ENDMSG 2221 @!@!@
@!@!@STARTMSG 2221:0 @!@!@
  |line 129, col 15 to line 129, col 22 of module AccessControlManagement: 4274
@!@!@ENDMSG 2221 @!@!@
@!@!@STARTMSG 2221:0 @!@!@
  line 130, col 18 to line 130, col 52 of module AccessControlManagement: 270
@!@!@ENDMSG 2221 @!@!@
@!@!@STARTMSG 2221:0 @!@!@
  line 131, col 26 to line 131, col 75 of module AccessControlManagement: 0
@!@!@ENDMSG 2221 @!@!@
@!@!@STARTMSG 2221:0 @!@!@
  line 132, col 23 to line 133, col 35 of module AccessControlManagement: 270
@!@!@ENDMSG 2221 @!@!@
@!@!@STARTMSG 2221:0 @!@!@
  line 134, col 15 to line 134, col 45 of module AccessControlManagement: 270
@!@!@ENDMSG 2221 @!@!@
@!@!@STARTMSG 2221:0 @!@!@
  line 135, col 15 to line 135, col 44 of module AccessControlManagement: 270
@!@!@ENDMSG 2221 @!@!@
@!@!@STARTMSG 2772:0 @!@!@
<d line 137, col 1 to line 137, col 7 of module AccessControlManagement>: 0:270
@!@!@ENDMSG 2772 @!@!@
@!@!@STARTMSG 2221:0 @!@!@
  line 137, col 15 to line 137, col 28 of module AccessControlManagement: 4544
@!@!@ENDMSG 2221 @!@!@
@!@!@STARTMSG 2221:0 @!@!@
  |line 137, col 15 to line 137, col 22 of module AccessControlManagement: 4274
@!@!@ENDMSG 2221 @!@!@
@!@!@STARTMSG 2221:0 @!@!@
  line 138, col 18 to line 138, col 52 of module AccessControlManagement: 270
@!@!@ENDMSG 2221 @!@!@
@!@!@STARTMSG 2221:0 @!@!@
  line 139, col 26 to line 139, col 77 of module AccessControlManagement: 0
@!@!@ENDMSG 2221 @!@!@
@!@!@STARTMSG 2221:0 @!@!@
  line 140, col 23 to line 141, col 35 of module AccessControlManagement: 270
@!@!@ENDMSG 2221 @!@!@
@!@!@STARTMSG 2221:0 @!@!@
  line 142, col 15 to line 142, col 45 of module AccessControlManagement: 270
@!@!@ENDMSG 2221 @!@!@
@!@!@STARTMSG 2221:0 @!@!@
  line 143, col 15 to line 143, col 44 of module AccessControlManagement: 270
@!@!@ENDMSG 2221 @!@!@
@!@!@STARTMSG 2772:0 @!@!@
<J line 145, col 1 to line 145, col 7 of module AccessControlManagement>: 401:1154
@!@!@ENDMSG 2772 @!@!@
@!@!@STARTMSG 2221:0 @!@!@
  line 145, col 15 to line 145, col 28 of module AccessControlManagement: 5428
@!@!@ENDMSG 2221 @!@!@
@!@!@STARTMSG 2221:0 @!@!@
  |line 145, col 15 to line 145, col 22 of module AccessControlManagement: 4274
@!@!@ENDMSG 2221 @!@!@
@!@!@STARTMSG 2221:0 @!@!@
  line 146, col 15 to line 146, col 72 of module AccessControlManagement: 1154
@!@!@ENDMSG 2221 @!@!@
@!@!@STARTMSG 2221:0 @!@!@
  line 147, col 15 to line 147, col 47 of module AccessControlManagement: 1154
@!@!@ENDMSG 2221 @!@!@
@!@!@STARTMSG 2221:0 @!@!@
  line 148, col 15 to line 148, col 39 of module AccessControlManagement: 1154
@!@!@ENDMSG 2221 @!@!@
@!@!@STARTMSG 2774:0 @!@!@
<AcmTypeOK line 160, col 1 to line 160, col 9 of module AccessControlManagement>
@!@!@ENDMSG 2774 @!@!@
@!@!@STARTMSG 2221:0 @!@!@
  line 160, col 14 to line 161, col 69 of module AccessControlManagement: 1890
@!@!@ENDMSG 2221 @!@!@
@!@!@STARTMSG 2774:0 @!@!@
<AcmConsistent line 163, col 1 to line 163, col 13 of module AccessControlManagement>
@!@!@ENDMSG 2774 @!@!@
@!@!@STARTMSG 2221:0 @!@!@
  line 163, col 18 to line 165, col 90 of module AccessControlManagement: 1890
@!@!@ENDMSG 2221 @!@!@
@!@!@STARTMSG 2221:0 @!@!@
  |line 163, col 20 to line 165, col 89 of module AccessControlManagement: 1890
@!@!@ENDMSG 2221 @!@!@
@!@!@STARTMSG 2221:0 @!@!@
  ||line 164, col 20 to line 165, col 89 of module AccessControlManagement: 3780
@!@!@ENDMSG 2221 @!@!@
@!@!@STARTMSG 2221:0 @!@!@
  |||line 165, col 25 to line 165, col 89 of module AccessControlManagement: 7560
@!@!@ENDMSG 2221 @!@!@
@!@!@STARTMSG 2221:0 @!@!@
  |||line 164, col 29 to line 164, col 37 of module AccessControlManagement: 3780
@!@!@ENDMSG 2221 @!@!@
@!@!@STARTMSG 2221:0 @!@!@
  ||line 163, col 29 to line 163, col 37 of module AccessControlManagement: 1890
@!@!@ENDMSG 2221 @!@!@
@!@!@STARTMSG 2202:0 @!@!@
End of statistics.
@!@!@ENDMSG 2202 @!@!@
@!@!@STARTMSG 2200:0 @!@!@
Progress(25) at 2023-05-26 14:02:26: 4,591 states generated (83,904 s/min), 1,890 distinct states found (34,541 ds/min), 0 states left on queue.
@!@!@ENDMSG 2200 @!@!@
@!@!@STARTMSG 2199:0 @!@!@
4591 states generated, 1890 distinct states found, 0 states left on queue.
@!@!@ENDMSG 2199 @!@!@
@!@!@STARTMSG 2186:0 @!@!@
Finished in 3292ms at (2023-05-26 14:02:26)
@!@!@ENDMSG 2186 @!@!@
