@!@!@STARTMSG 2262:0 @!@!@
TLC2 Version 2.16 of 31 December 2020 (rev: cdddf55)
@!@!@ENDMSG 2262 @!@!@
@!@!@STARTMSG 2187:0 @!@!@
Running breadth-first search Model-Checking with fp 114 and seed -2342306645915358576 with 4 workers on 8 cores with 599MB heap and 1345MB offheap memory [pid: 5184] (Windows 10 10.0 amd64, AdoptOpenJDK 14.0.1 x86_64, OffHeapDiskFPSet, DiskStateQueue).
@!@!@ENDMSG 2187 @!@!@
@!@!@STARTMSG 2220:0 @!@!@
Starting SANY...
@!@!@ENDMSG 2220 @!@!@
Parsing file G:\repos\access-control-management\spec\UriPermission.toolbox\Model_1\MC.tla
Parsing file G:\repos\access-control-management\spec\UriPermission.toolbox\Model_1\UriPermission.tla
Warning: symbols were renamed.
Parsing file G:\TLA+ Toolbox\plugins\org.lamport.tlatools_1.0.0.202012311918\tla2sany\StandardModules\TLC.tla
Parsing file G:\TLA+ Toolbox\plugins\org.lamport.tlatools_1.0.0.202012311918\tla2sany\StandardModules\Naturals.tla
Parsing file G:\TLA+ Toolbox\plugins\org.lamport.tlatools_1.0.0.202012311918\tla2sany\StandardModules\Sequences.tla
Parsing file G:\repos\access-control-management\spec\UriPermission.toolbox\Model_1\AccessControlManagement.tla
Parsing file G:\TLA+ Toolbox\plugins\org.lamport.tlatools_1.0.0.202012311918\tla2sany\StandardModules\FiniteSets.tla
Semantic processing of module Naturals
Semantic processing of module Sequences
Semantic processing of module AccessControlManagement
Semantic processing of module UriPermission
Semantic processing of module FiniteSets
Semantic processing of module TLC
Semantic processing of module MC
@!@!@STARTMSG 2219:0 @!@!@
SANY finished.
@!@!@ENDMSG 2219 @!@!@
@!@!@STARTMSG 2185:0 @!@!@
Starting... (2023-03-23 11:31:27)
@!@!@ENDMSG 2185 @!@!@
@!@!@STARTMSG 2189:0 @!@!@
Computing initial states...
@!@!@ENDMSG 2189 @!@!@
@!@!@STARTMSG 2190:0 @!@!@
Finished computing initial states: 1 distinct state generated at 2023-03-23 11:31:28.
@!@!@ENDMSG 2190 @!@!@
@!@!@STARTMSG 2112:1 @!@!@
Action property line 47, col 17 to line 47, col 29 of module AccessControlManagement is violated.
@!@!@ENDMSG 2112 @!@!@
@!@!@STARTMSG 2121:1 @!@!@
The behavior up to this point is:
@!@!@ENDMSG 2121 @!@!@
@!@!@STARTMSG 2217:4 @!@!@
1: <Initial predicate>
/\ app_a = <<defaultInitValue, defaultInitValue>>
/\ permsInUse = <<<<FALSE, FALSE>>, <<FALSE, FALSE>>>>
/\ app_s = <<defaultInitValue, defaultInitValue>>
/\ app_ = <<defaultInitValue, defaultInitValue>>
/\ appPerms = <<<<"NULL", "NULL">>, <<"NULL", "NULL">>>>
/\ pc = <<"PLATFORM", "PLATFORM">>
/\ perm = <<defaultInitValue, defaultInitValue>>
/\ app = <<defaultInitValue, defaultInitValue>>
/\ perm_ = <<defaultInitValue, defaultInitValue>>
/\ installed = <<FALSE, FALSE>>
/\ stack = <<<<>>, <<>>>>
/\ appPermConsents = <<<<"NULL", "NULL">>, <<"NULL", "NULL">>>>

@!@!@ENDMSG 2217 @!@!@
@!@!@STARTMSG 2217:4 @!@!@
2: <PLATFORM line 191, col 19 to line 220, col 49 of module UriPermission>
/\ app_a = <<defaultInitValue, defaultInitValue>>
/\ permsInUse = <<<<FALSE, FALSE>>, <<FALSE, FALSE>>>>
/\ app_s = <<defaultInitValue, defaultInitValue>>
/\ app_ = <<1, defaultInitValue>>
/\ appPerms = <<<<"NULL", "NULL">>, <<"NULL", "NULL">>>>
/\ pc = <<"INSTALL_APP", "PLATFORM">>
/\ perm = <<defaultInitValue, defaultInitValue>>
/\ app = <<defaultInitValue, defaultInitValue>>
/\ perm_ = <<defaultInitValue, defaultInitValue>>
/\ installed = <<FALSE, FALSE>>
/\ stack = <<<<[pc |-> "PLATFORM", app_ |-> defaultInitValue, procedure |-> "installApp"]>>, <<>>>>
/\ appPermConsents = <<<<"NULL", "NULL">>, <<"NULL", "NULL">>>>

@!@!@ENDMSG 2217 @!@!@
@!@!@STARTMSG 2217:4 @!@!@
3: <INSTALL_APP line 108, col 22 to line 114, col 70 of module UriPermission>
/\ app_a = <<defaultInitValue, defaultInitValue>>
/\ permsInUse = <<<<FALSE, FALSE>>, <<FALSE, FALSE>>>>
/\ app_s = <<defaultInitValue, defaultInitValue>>
/\ app_ = <<defaultInitValue, defaultInitValue>>
/\ appPerms = <<<<"NULL", "NULL">>, <<"NULL", "NULL">>>>
/\ pc = <<"PLATFORM", "PLATFORM">>
/\ perm = <<defaultInitValue, defaultInitValue>>
/\ app = <<defaultInitValue, defaultInitValue>>
/\ perm_ = <<defaultInitValue, defaultInitValue>>
/\ installed = <<TRUE, FALSE>>
/\ stack = <<<<>>, <<>>>>
/\ appPermConsents = <<<<"NULL", "NULL">>, <<"NULL", "NULL">>>>

@!@!@ENDMSG 2217 @!@!@
@!@!@STARTMSG 2217:4 @!@!@
4: <PLATFORM line 191, col 19 to line 220, col 49 of module UriPermission>
/\ app_a = <<1, defaultInitValue>>
/\ permsInUse = <<<<FALSE, FALSE>>, <<FALSE, FALSE>>>>
/\ app_s = <<defaultInitValue, defaultInitValue>>
/\ app_ = <<defaultInitValue, defaultInitValue>>
/\ appPerms = <<<<"NULL", "NULL">>, <<"NULL", "NULL">>>>
/\ pc = <<"ASK_PERMISSION", "PLATFORM">>
/\ perm = <<1, defaultInitValue>>
/\ app = <<defaultInitValue, defaultInitValue>>
/\ perm_ = <<defaultInitValue, defaultInitValue>>
/\ installed = <<TRUE, FALSE>>
/\ stack = <<<<[pc |-> "PLATFORM", app_a |-> defaultInitValue, perm |-> defaultInitValue, procedure |-> "askPermission"]>>, <<>>>>
/\ appPermConsents = <<<<"NULL", "NULL">>, <<"NULL", "NULL">>>>

@!@!@ENDMSG 2217 @!@!@
@!@!@STARTMSG 2217:4 @!@!@
5: <ASK_PERMISSION line 132, col 25 to line 150, col 66 of module UriPermission>
/\ app_a = <<1, defaultInitValue>>
/\ permsInUse = <<<<FALSE, FALSE>>, <<FALSE, FALSE>>>>
/\ app_s = <<defaultInitValue, defaultInitValue>>
/\ app_ = <<defaultInitValue, defaultInitValue>>
/\ appPerms = <<<<"NULL", "NULL">>, <<"NULL", "NULL">>>>
/\ pc = <<"MAKE_DECISION", "PLATFORM">>
/\ perm = <<1, defaultInitValue>>
/\ app = <<defaultInitValue, defaultInitValue>>
/\ perm_ = <<defaultInitValue, defaultInitValue>>
/\ installed = <<TRUE, FALSE>>
/\ stack = <<<<[pc |-> "PLATFORM", app_a |-> defaultInitValue, perm |-> defaultInitValue, procedure |-> "askPermission"]>>, <<>>>>
/\ appPermConsents = <<<<"NULL", "NULL">>, <<"NULL", "NULL">>>>

@!@!@ENDMSG 2217 @!@!@
@!@!@STARTMSG 2217:4 @!@!@
6: <MAKE_DECISION line 152, col 24 to line 162, col 81 of module UriPermission>
/\ app_a = <<1, defaultInitValue>>
/\ permsInUse = <<<<FALSE, FALSE>>, <<FALSE, FALSE>>>>
/\ app_s = <<1, defaultInitValue>>
/\ app_ = <<defaultInitValue, defaultInitValue>>
/\ appPerms = <<<<"NULL", "NULL">>, <<"NULL", "NULL">>>>
/\ pc = <<"SYSTEM_ARBITRARY_DECISION", "PLATFORM">>
/\ perm = <<1, defaultInitValue>>
/\ app = <<defaultInitValue, defaultInitValue>>
/\ perm_ = <<1, defaultInitValue>>
/\ installed = <<TRUE, FALSE>>
/\ stack = <<<<[pc |-> "USING_PERM", app_s |-> defaultInitValue, perm_ |-> defaultInitValue, procedure |-> "systemArbitraryDecision"], [pc |-> "PLATFORM", app_a |-> defaultInitValue, perm |-> defaultInitValue, procedure |-> "askPermission"]>>, <<>>>>
/\ appPermConsents = <<<<"NULL", "NULL">>, <<"NULL", "NULL">>>>

@!@!@ENDMSG 2217 @!@!@
@!@!@STARTMSG 2217:4 @!@!@
7: <SYSTEM_ARBITRARY_DECISION line 118, col 36 to line 128, col 70 of module UriPermission>
/\ app_a = <<1, defaultInitValue>>
/\ permsInUse = <<<<FALSE, FALSE>>, <<FALSE, FALSE>>>>
/\ app_s = <<defaultInitValue, defaultInitValue>>
/\ app_ = <<defaultInitValue, defaultInitValue>>
/\ appPerms = <<<<"GRANT", "NULL">>, <<"NULL", "NULL">>>>
/\ pc = <<"USING_PERM", "PLATFORM">>
/\ perm = <<1, defaultInitValue>>
/\ app = <<defaultInitValue, defaultInitValue>>
/\ perm_ = <<defaultInitValue, defaultInitValue>>
/\ installed = <<TRUE, FALSE>>
/\ stack = <<<<[pc |-> "PLATFORM", app_a |-> defaultInitValue, perm |-> defaultInitValue, procedure |-> "askPermission"]>>, <<>>>>
/\ appPermConsents = <<<<"ALLOW", "NULL">>, <<"NULL", "NULL">>>>

@!@!@ENDMSG 2217 @!@!@
@!@!@STARTMSG 2217:4 @!@!@
8: <USING_PERM line 164, col 21 to line 174, col 56 of module UriPermission>
/\ app_a = <<defaultInitValue, defaultInitValue>>
/\ permsInUse = <<<<TRUE, FALSE>>, <<FALSE, FALSE>>>>
/\ app_s = <<defaultInitValue, defaultInitValue>>
/\ app_ = <<defaultInitValue, defaultInitValue>>
/\ appPerms = <<<<"GRANT", "NULL">>, <<"NULL", "NULL">>>>
/\ pc = <<"PLATFORM", "PLATFORM">>
/\ perm = <<defaultInitValue, defaultInitValue>>
/\ app = <<defaultInitValue, defaultInitValue>>
/\ perm_ = <<defaultInitValue, defaultInitValue>>
/\ installed = <<TRUE, FALSE>>
/\ stack = <<<<>>, <<>>>>
/\ appPermConsents = <<<<"ALLOW", "NULL">>, <<"NULL", "NULL">>>>

@!@!@ENDMSG 2217 @!@!@
@!@!@STARTMSG 2217:4 @!@!@
9: <PLATFORM line 191, col 19 to line 220, col 49 of module UriPermission>
/\ app_a = <<defaultInitValue, defaultInitValue>>
/\ permsInUse = <<<<TRUE, FALSE>>, <<FALSE, FALSE>>>>
/\ app_s = <<defaultInitValue, defaultInitValue>>
/\ app_ = <<defaultInitValue, defaultInitValue>>
/\ appPerms = <<<<"NULL", "NULL">>, <<"NULL", "NULL">>>>
/\ pc = <<"UNINSTALL_APP", "PLATFORM">>
/\ perm = <<defaultInitValue, defaultInitValue>>
/\ app = <<1, defaultInitValue>>
/\ perm_ = <<defaultInitValue, defaultInitValue>>
/\ installed = <<TRUE, FALSE>>
/\ stack = << << [ pc |-> "PLATFORM",
        app |-> defaultInitValue,
        procedure |-> "uninstallApp" ] >>,
   <<>> >>
/\ appPermConsents = <<<<"ALLOW", "NULL">>, <<"NULL", "NULL">>>>

@!@!@ENDMSG 2217 @!@!@
@!@!@STARTMSG 2217:4 @!@!@
10: <PLATFORM line 191, col 19 to line 220, col 49 of module UriPermission>
/\ app_a = <<defaultInitValue, defaultInitValue>>
/\ permsInUse = <<<<TRUE, FALSE>>, <<FALSE, FALSE>>>>
/\ app_s = <<defaultInitValue, defaultInitValue>>
/\ app_ = <<defaultInitValue, 2>>
/\ appPerms = <<<<"NULL", "NULL">>, <<"NULL", "NULL">>>>
/\ pc = <<"UNINSTALL_APP", "INSTALL_APP">>
/\ perm = <<defaultInitValue, defaultInitValue>>
/\ app = <<1, defaultInitValue>>
/\ perm_ = <<defaultInitValue, defaultInitValue>>
/\ installed = <<TRUE, FALSE>>
/\ stack = <<<<[pc |-> "PLATFORM", app |-> defaultInitValue, procedure |-> "uninstallApp"]>>, <<[pc |-> "PLATFORM", app_ |-> defaultInitValue, procedure |-> "installApp"]>>>>
/\ appPermConsents = <<<<"ALLOW", "NULL">>, <<"NULL", "NULL">>>>

@!@!@ENDMSG 2217 @!@!@
@!@!@STARTMSG 2217:4 @!@!@
11: <INSTALL_APP line 108, col 22 to line 114, col 70 of module UriPermission>
/\ app_a = <<defaultInitValue, defaultInitValue>>
/\ permsInUse = <<<<TRUE, FALSE>>, <<FALSE, FALSE>>>>
/\ app_s = <<defaultInitValue, defaultInitValue>>
/\ app_ = <<defaultInitValue, defaultInitValue>>
/\ appPerms = <<<<"NULL", "NULL">>, <<"NULL", "NULL">>>>
/\ pc = <<"UNINSTALL_APP", "PLATFORM">>
/\ perm = <<defaultInitValue, defaultInitValue>>
/\ app = <<1, defaultInitValue>>
/\ perm_ = <<defaultInitValue, defaultInitValue>>
/\ installed = <<TRUE, TRUE>>
/\ stack = << << [ pc |-> "PLATFORM",
        app |-> defaultInitValue,
        procedure |-> "uninstallApp" ] >>,
   <<>> >>
/\ appPermConsents = <<<<"ALLOW", "NULL">>, <<"NULL", "NULL">>>>

@!@!@ENDMSG 2217 @!@!@
@!@!@STARTMSG 2217:4 @!@!@
12: <PLATFORM line 191, col 19 to line 220, col 49 of module UriPermission>
/\ app_a = <<defaultInitValue, 2>>
/\ permsInUse = <<<<TRUE, FALSE>>, <<FALSE, FALSE>>>>
/\ app_s = <<defaultInitValue, defaultInitValue>>
/\ app_ = <<defaultInitValue, defaultInitValue>>
/\ appPerms = <<<<"NULL", "NULL">>, <<"NULL", "NULL">>>>
/\ pc = <<"UNINSTALL_APP", "ASK_PERMISSION">>
/\ perm = <<defaultInitValue, 2>>
/\ app = <<1, defaultInitValue>>
/\ perm_ = <<defaultInitValue, defaultInitValue>>
/\ installed = <<TRUE, TRUE>>
/\ stack = <<<<[pc |-> "PLATFORM", app |-> defaultInitValue, procedure |-> "uninstallApp"]>>, <<[pc |-> "PLATFORM", app_a |-> defaultInitValue, perm |-> defaultInitValue, procedure |-> "askPermission"]>>>>
/\ appPermConsents = <<<<"ALLOW", "NULL">>, <<"NULL", "NULL">>>>

@!@!@ENDMSG 2217 @!@!@
@!@!@STARTMSG 2217:4 @!@!@
13: <ASK_PERMISSION line 132, col 25 to line 150, col 66 of module UriPermission>
/\ app_a = <<defaultInitValue, 2>>
/\ permsInUse = <<<<TRUE, FALSE>>, <<FALSE, FALSE>>>>
/\ app_s = <<defaultInitValue, defaultInitValue>>
/\ app_ = <<defaultInitValue, defaultInitValue>>
/\ appPerms = <<<<"NULL", "NULL">>, <<"NULL", "NULL">>>>
/\ pc = <<"UNINSTALL_APP", "MAKE_DECISION">>
/\ perm = <<defaultInitValue, 2>>
/\ app = <<1, defaultInitValue>>
/\ perm_ = <<defaultInitValue, defaultInitValue>>
/\ installed = <<TRUE, TRUE>>
/\ stack = <<<<[pc |-> "PLATFORM", app |-> defaultInitValue, procedure |-> "uninstallApp"]>>, <<[pc |-> "PLATFORM", app_a |-> defaultInitValue, perm |-> defaultInitValue, procedure |-> "askPermission"]>>>>
/\ appPermConsents = <<<<"ALLOW", "NULL">>, <<"NULL", "NULL">>>>

@!@!@ENDMSG 2217 @!@!@
@!@!@STARTMSG 2217:4 @!@!@
14: <MAKE_DECISION line 152, col 24 to line 162, col 81 of module UriPermission>
/\ app_a = <<defaultInitValue, 2>>
/\ permsInUse = <<<<TRUE, FALSE>>, <<FALSE, FALSE>>>>
/\ app_s = <<defaultInitValue, 2>>
/\ app_ = <<defaultInitValue, defaultInitValue>>
/\ appPerms = <<<<"NULL", "NULL">>, <<"NULL", "NULL">>>>
/\ pc = <<"UNINSTALL_APP", "SYSTEM_ARBITRARY_DECISION">>
/\ perm = <<defaultInitValue, 2>>
/\ app = <<1, defaultInitValue>>
/\ perm_ = <<defaultInitValue, 2>>
/\ installed = <<TRUE, TRUE>>
/\ stack = <<<<[pc |-> "PLATFORM", app |-> defaultInitValue, procedure |-> "uninstallApp"]>>, <<[pc |-> "USING_PERM", app_s |-> defaultInitValue, perm_ |-> defaultInitValue, procedure |-> "systemArbitraryDecision"], [pc |-> "PLATFORM", app_a |-> defaultInitValue, perm |-> defaultInitValue, procedure |-> "askPermission"]>>>>
/\ appPermConsents = <<<<"ALLOW", "NULL">>, <<"NULL", "NULL">>>>

@!@!@ENDMSG 2217 @!@!@
@!@!@STARTMSG 2217:4 @!@!@
15: <SYSTEM_ARBITRARY_DECISION line 118, col 36 to line 128, col 70 of module UriPermission>
/\ app_a = <<defaultInitValue, 2>>
/\ permsInUse = <<<<TRUE, FALSE>>, <<FALSE, FALSE>>>>
/\ app_s = <<defaultInitValue, defaultInitValue>>
/\ app_ = <<defaultInitValue, defaultInitValue>>
/\ appPerms = <<<<"NULL", "NULL">>, <<"NULL", "GRANT">>>>
/\ pc = <<"UNINSTALL_APP", "USING_PERM">>
/\ perm = <<defaultInitValue, 2>>
/\ app = <<1, defaultInitValue>>
/\ perm_ = <<defaultInitValue, defaultInitValue>>
/\ installed = <<TRUE, TRUE>>
/\ stack = <<<<[pc |-> "PLATFORM", app |-> defaultInitValue, procedure |-> "uninstallApp"]>>, <<[pc |-> "PLATFORM", app_a |-> defaultInitValue, perm |-> defaultInitValue, procedure |-> "askPermission"]>>>>
/\ appPermConsents = <<<<"ALLOW", "NULL">>, <<"NULL", "ALLOW">>>>

@!@!@ENDMSG 2217 @!@!@
@!@!@STARTMSG 2217:4 @!@!@
16: <UNINSTALL_APP line 179, col 24 to line 187, col 46 of module UriPermission>
/\ app_a = <<defaultInitValue, 2>>
/\ permsInUse = <<<<FALSE, FALSE>>, <<FALSE, FALSE>>>>
/\ app_s = <<defaultInitValue, defaultInitValue>>
/\ app_ = <<defaultInitValue, defaultInitValue>>
/\ appPerms = <<<<"NULL", "NULL">>, <<"NULL", "GRANT">>>>
/\ pc = <<"PLATFORM", "USING_PERM">>
/\ perm = <<defaultInitValue, 2>>
/\ app = <<defaultInitValue, defaultInitValue>>
/\ perm_ = <<defaultInitValue, defaultInitValue>>
/\ installed = <<FALSE, TRUE>>
/\ stack = <<<<>>, <<[pc |-> "PLATFORM", app_a |-> defaultInitValue, perm |-> defaultInitValue, procedure |-> "askPermission"]>>>>
/\ appPermConsents = <<<<"NULL", "NULL">>, <<"NULL", "ALLOW">>>>

@!@!@ENDMSG 2217 @!@!@
@!@!@STARTMSG 2201:0 @!@!@
The coverage statistics at 2023-03-23 11:31:28
@!@!@ENDMSG 2201 @!@!@
@!@!@STARTMSG 2773:0 @!@!@
<Init line 90, col 1 to line 90, col 4 of module UriPermission>: 2:2
@!@!@ENDMSG 2773 @!@!@
@!@!@STARTMSG 2221:0 @!@!@
  line 91, col 9 to line 106, col 49 of module UriPermission: 2
@!@!@ENDMSG 2221 @!@!@
@!@!@STARTMSG 2772:0 @!@!@
<INSTALL_APP line 108, col 1 to line 108, col 17 of module UriPermission>: 36:92
@!@!@ENDMSG 2772 @!@!@
@!@!@STARTMSG 2221:0 @!@!@
  line 108, col 25 to line 108, col 48 of module UriPermission: 1482
@!@!@ENDMSG 2221 @!@!@
@!@!@STARTMSG 2221:0 @!@!@
  |line 108, col 25 to line 108, col 32 of module UriPermission: 1390
@!@!@ENDMSG 2221 @!@!@
@!@!@STARTMSG 2221:0 @!@!@
  line 109, col 25 to line 109, col 76 of module UriPermission: 92
@!@!@ENDMSG 2221 @!@!@
@!@!@STARTMSG 2221:0 @!@!@
  line 110, col 25 to line 110, col 72 of module UriPermission: 92
@!@!@ENDMSG 2221 @!@!@
@!@!@STARTMSG 2221:0 @!@!@
  line 111, col 25 to line 111, col 78 of module UriPermission: 92
@!@!@ENDMSG 2221 @!@!@
@!@!@STARTMSG 2221:0 @!@!@
  line 112, col 25 to line 112, col 75 of module UriPermission: 92
@!@!@ENDMSG 2221 @!@!@
@!@!@STARTMSG 2221:0 @!@!@
  line 113, col 25 to line 114, col 70 of module UriPermission: 92
@!@!@ENDMSG 2221 @!@!@
@!@!@STARTMSG 2772:0 @!@!@
<SYSTEM_ARBITRARY_DECISION line 118, col 1 to line 118, col 31 of module UriPermission>: 176:298
@!@!@ENDMSG 2772 @!@!@
@!@!@STARTMSG 2221:0 @!@!@
  line 118, col 39 to line 118, col 76 of module UriPermission: 1537
@!@!@ENDMSG 2221 @!@!@
@!@!@STARTMSG 2221:0 @!@!@
  |line 118, col 39 to line 118, col 46 of module UriPermission: 1388
@!@!@ENDMSG 2221 @!@!@
@!@!@STARTMSG 2221:0 @!@!@
  line 119, col 39 to line 122, col 124 of module UriPermission: 149
@!@!@ENDMSG 2221 @!@!@
@!@!@STARTMSG 2221:0 @!@!@
  line 123, col 39 to line 123, col 86 of module UriPermission: 298
@!@!@ENDMSG 2221 @!@!@
@!@!@STARTMSG 2221:0 @!@!@
  line 124, col 39 to line 124, col 95 of module UriPermission: 298
@!@!@ENDMSG 2221 @!@!@
@!@!@STARTMSG 2221:0 @!@!@
  line 125, col 39 to line 125, col 95 of module UriPermission: 298
@!@!@ENDMSG 2221 @!@!@
@!@!@STARTMSG 2221:0 @!@!@
  line 126, col 39 to line 126, col 89 of module UriPermission: 298
@!@!@ENDMSG 2221 @!@!@
@!@!@STARTMSG 2221:0 @!@!@
  line 127, col 39 to line 128, col 70 of module UriPermission: 298
@!@!@ENDMSG 2221 @!@!@
@!@!@STARTMSG 2772:0 @!@!@
<ASK_PERMISSION line 132, col 1 to line 132, col 20 of module UriPermission>: 121:306
@!@!@ENDMSG 2772 @!@!@
@!@!@STARTMSG 2221:0 @!@!@
  line 132, col 28 to line 132, col 54 of module UriPermission: 1692
@!@!@ENDMSG 2221 @!@!@
@!@!@STARTMSG 2221:0 @!@!@
  |line 132, col 28 to line 132, col 35 of module UriPermission: 1386
@!@!@ENDMSG 2221 @!@!@
@!@!@STARTMSG 2221:0 @!@!@
  line 133, col 31 to line 133, col 71 of module UriPermission: 306
@!@!@ENDMSG 2221 @!@!@
@!@!@STARTMSG 2221:0 @!@!@
  line 134, col 36 to line 138, col 89 of module UriPermission: 42
@!@!@ENDMSG 2221 @!@!@
@!@!@STARTMSG 2221:0 @!@!@
  line 139, col 42 to line 139, col 81 of module UriPermission: 264
@!@!@ENDMSG 2221 @!@!@
@!@!@STARTMSG 2221:0 @!@!@
  line 140, col 47 to line 144, col 100 of module UriPermission: 42
@!@!@ENDMSG 2221 @!@!@
@!@!@STARTMSG 2221:0 @!@!@
  line 145, col 50 to line 145, col 92 of module UriPermission: 222
@!@!@ENDMSG 2221 @!@!@
@!@!@STARTMSG 2221:0 @!@!@
  line 146, col 50 to line 148, col 69 of module UriPermission: 222
@!@!@ENDMSG 2221 @!@!@
@!@!@STARTMSG 2221:0 @!@!@
  line 149, col 28 to line 150, col 66 of module UriPermission: 306
@!@!@ENDMSG 2221 @!@!@
@!@!@STARTMSG 2772:0 @!@!@
<MAKE_DECISION line 152, col 1 to line 152, col 19 of module UriPermission>: 113:186
@!@!@ENDMSG 2772 @!@!@
@!@!@STARTMSG 2221:0 @!@!@
  line 152, col 27 to line 152, col 52 of module UriPermission: 1570
@!@!@ENDMSG 2221 @!@!@
@!@!@STARTMSG 2221:0 @!@!@
  |line 152, col 27 to line 152, col 34 of module UriPermission: 1384
@!@!@ENDMSG 2221 @!@!@
@!@!@STARTMSG 2221:0 @!@!@
  line 153, col 27 to line 159, col 78 of module UriPermission: 186
@!@!@ENDMSG 2221 @!@!@
@!@!@STARTMSG 2221:0 @!@!@
  line 160, col 27 to line 160, col 81 of module UriPermission: 186
@!@!@ENDMSG 2221 @!@!@
@!@!@STARTMSG 2221:0 @!@!@
  line 161, col 27 to line 162, col 81 of module UriPermission: 186
@!@!@ENDMSG 2221 @!@!@
@!@!@STARTMSG 2772:0 @!@!@
<USING_PERM line 164, col 1 to line 164, col 16 of module UriPermission>: 92:175
@!@!@ENDMSG 2772 @!@!@
@!@!@STARTMSG 2221:0 @!@!@
  line 164, col 24 to line 164, col 46 of module UriPermission: 1557
@!@!@ENDMSG 2221 @!@!@
@!@!@STARTMSG 2221:0 @!@!@
  |line 164, col 24 to line 164, col 31 of module UriPermission: 1382
@!@!@ENDMSG 2221 @!@!@
@!@!@STARTMSG 2221:0 @!@!@
  line 165, col 27 to line 165, col 67 of module UriPermission: 175
@!@!@ENDMSG 2221 @!@!@
@!@!@STARTMSG 2221:0 @!@!@
  line 166, col 32 to line 166, col 101 of module UriPermission: 89
@!@!@ENDMSG 2221 @!@!@
@!@!@STARTMSG 2221:0 @!@!@
  line 167, col 35 to line 167, col 38 of module UriPermission: 86
@!@!@ENDMSG 2221 @!@!@
@!@!@STARTMSG 2221:0 @!@!@
  line 168, col 35 to line 168, col 54 of module UriPermission: 86
@!@!@ENDMSG 2221 @!@!@
@!@!@STARTMSG 2221:0 @!@!@
  line 169, col 24 to line 169, col 71 of module UriPermission: 175
@!@!@ENDMSG 2221 @!@!@
@!@!@STARTMSG 2221:0 @!@!@
  line 170, col 24 to line 170, col 80 of module UriPermission: 175
@!@!@ENDMSG 2221 @!@!@
@!@!@STARTMSG 2221:0 @!@!@
  line 171, col 24 to line 171, col 77 of module UriPermission: 175
@!@!@ENDMSG 2221 @!@!@
@!@!@STARTMSG 2221:0 @!@!@
  line 172, col 24 to line 172, col 74 of module UriPermission: 175
@!@!@ENDMSG 2221 @!@!@
@!@!@STARTMSG 2221:0 @!@!@
  line 173, col 24 to line 174, col 56 of module UriPermission: 175
@!@!@ENDMSG 2221 @!@!@
@!@!@STARTMSG 2772:0 @!@!@
<UNINSTALL_APP line 179, col 1 to line 179, col 19 of module UriPermission>: 0:167
@!@!@ENDMSG 2772 @!@!@
@!@!@STARTMSG 2221:0 @!@!@
  line 179, col 27 to line 179, col 52 of module UriPermission: 1544
@!@!@ENDMSG 2221 @!@!@
@!@!@STARTMSG 2221:0 @!@!@
  |line 179, col 27 to line 179, col 34 of module UriPermission: 1381
@!@!@ENDMSG 2221 @!@!@
@!@!@STARTMSG 2221:0 @!@!@
  line 180, col 27 to line 180, col 78 of module UriPermission: 163
@!@!@ENDMSG 2221 @!@!@
@!@!@STARTMSG 2221:0 @!@!@
  |line 180, col 40 to line 180, col 78 of module UriPermission: 167
@!@!@ENDMSG 2221 @!@!@
@!@!@STARTMSG 2221:0 @!@!@
  line 181, col 27 to line 181, col 98 of module UriPermission: 163
@!@!@ENDMSG 2221 @!@!@
@!@!@STARTMSG 2221:0 @!@!@
  |line 181, col 41 to line 181, col 98 of module UriPermission: 167
@!@!@ENDMSG 2221 @!@!@
@!@!@STARTMSG 2221:0 @!@!@
  line 182, col 27 to line 182, col 107 of module UriPermission: 163
@!@!@ENDMSG 2221 @!@!@
@!@!@STARTMSG 2221:0 @!@!@
  |line 182, col 46 to line 182, col 107 of module UriPermission: 167
@!@!@ENDMSG 2221 @!@!@
@!@!@STARTMSG 2221:0 @!@!@
  line 183, col 27 to line 183, col 74 of module UriPermission: 163
@!@!@ENDMSG 2221 @!@!@
@!@!@STARTMSG 2221:0 @!@!@
  |line 183, col 33 to line 183, col 74 of module UriPermission: 167
@!@!@ENDMSG 2221 @!@!@
@!@!@STARTMSG 2221:0 @!@!@
  line 184, col 27 to line 184, col 77 of module UriPermission: 163
@!@!@ENDMSG 2221 @!@!@
@!@!@STARTMSG 2221:0 @!@!@
  |line 184, col 34 to line 184, col 77 of module UriPermission: 167
@!@!@ENDMSG 2221 @!@!@
@!@!@STARTMSG 2221:0 @!@!@
  line 185, col 27 to line 185, col 77 of module UriPermission: 163
@!@!@ENDMSG 2221 @!@!@
@!@!@STARTMSG 2221:0 @!@!@
  |line 185, col 36 to line 185, col 77 of module UriPermission: 167
@!@!@ENDMSG 2221 @!@!@
@!@!@STARTMSG 2221:0 @!@!@
  line 186, col 27 to line 187, col 46 of module UriPermission: 163
@!@!@ENDMSG 2221 @!@!@
@!@!@STARTMSG 2772:0 @!@!@
<PLATFORM line 191, col 1 to line 191, col 14 of module UriPermission>: 361:716
@!@!@ENDMSG 2772 @!@!@
@!@!@STARTMSG 2221:0 @!@!@
  line 191, col 22 to line 191, col 42 of module UriPermission: 1681
@!@!@ENDMSG 2221 @!@!@
@!@!@STARTMSG 2221:0 @!@!@
  |line 191, col 22 to line 191, col 29 of module UriPermission: 1369
@!@!@ENDMSG 2221 @!@!@
@!@!@STARTMSG 2221:0 @!@!@
  line 192, col 25 to line 192, col 46 of module UriPermission: 312
@!@!@ENDMSG 2221 @!@!@
@!@!@STARTMSG 2221:0 @!@!@
  line 193, col 39 to line 193, col 100 of module UriPermission: 202
@!@!@ENDMSG 2221 @!@!@
@!@!@STARTMSG 2221:0 @!@!@
  line 194, col 39 to line 198, col 90 of module UriPermission: 202
@!@!@ENDMSG 2221 @!@!@
@!@!@STARTMSG 2221:0 @!@!@
  line 199, col 39 to line 199, col 81 of module UriPermission: 202
@!@!@ENDMSG 2221 @!@!@
@!@!@STARTMSG 2221:0 @!@!@
  line 200, col 39 to line 200, col 63 of module UriPermission: 202
@!@!@ENDMSG 2221 @!@!@
@!@!@STARTMSG 2221:0 @!@!@
  line 202, col 41 to line 209, col 87 of module UriPermission: 404
@!@!@ENDMSG 2221 @!@!@
@!@!@STARTMSG 2221:0 @!@!@
  line 201, col 48 to line 201, col 52 of module UriPermission: 202
@!@!@ENDMSG 2221 @!@!@
@!@!@STARTMSG 2221:0 @!@!@
  line 210, col 39 to line 210, col 65 of module UriPermission: 404
@!@!@ENDMSG 2221 @!@!@
@!@!@STARTMSG 2221:0 @!@!@
  line 211, col 33 to line 211, col 44 of module UriPermission: 606
@!@!@ENDMSG 2221 @!@!@
@!@!@STARTMSG 2221:0 @!@!@
  line 212, col 33 to line 216, col 84 of module UriPermission: 110
@!@!@ENDMSG 2221 @!@!@
@!@!@STARTMSG 2221:0 @!@!@
  line 217, col 33 to line 217, col 73 of module UriPermission: 110
@!@!@ENDMSG 2221 @!@!@
@!@!@STARTMSG 2221:0 @!@!@
  line 218, col 33 to line 218, col 74 of module UriPermission: 110
@!@!@ENDMSG 2221 @!@!@
@!@!@STARTMSG 2221:0 @!@!@
  line 219, col 22 to line 220, col 49 of module UriPermission: 716
@!@!@ENDMSG 2221 @!@!@
@!@!@STARTMSG 2774:0 @!@!@
<TypeOK line 238, col 1 to line 238, col 6 of module UriPermission>
@!@!@ENDMSG 2774 @!@!@
@!@!@STARTMSG 2221:0 @!@!@
  line 238, col 11 to line 241, col 56 of module UriPermission: 900
@!@!@ENDMSG 2221 @!@!@
@!@!@STARTMSG 2774:0 @!@!@
<Action line 255, col 1 to line 255, col 39 of module UriPermission>
@!@!@ENDMSG 2774 @!@!@
@!@!@STARTMSG 2221:0 @!@!@
  line 255, col 1 to line 255, col 39 of module UriPermission: 4968
@!@!@ENDMSG 2221 @!@!@
@!@!@STARTMSG 2221:0 @!@!@
  line 255, col 1 to line 255, col 39 of module UriPermission: 2813
@!@!@ENDMSG 2221 @!@!@
@!@!@STARTMSG 2221:0 @!@!@
  line 255, col 1 to line 255, col 39 of module UriPermission: 10765
@!@!@ENDMSG 2221 @!@!@
@!@!@STARTMSG 2221:0 @!@!@
  line 255, col 1 to line 255, col 39 of module UriPermission: 2813
@!@!@ENDMSG 2221 @!@!@
@!@!@STARTMSG 2221:0 @!@!@
  line 43, col 18 to line 45, col 43 of module AccessControlManagement: 900
@!@!@ENDMSG 2221 @!@!@
@!@!@STARTMSG 2221:0 @!@!@
  |line 43, col 20 to line 45, col 42 of module AccessControlManagement: 900
@!@!@ENDMSG 2221 @!@!@
@!@!@STARTMSG 2221:0 @!@!@
  ||line 43, col 23 to line 45, col 42 of module AccessControlManagement: 900
@!@!@ENDMSG 2221 @!@!@
@!@!@STARTMSG 2221:0 @!@!@
  |||line 43, col 39 to line 45, col 42 of module AccessControlManagement: 1800
@!@!@ENDMSG 2221 @!@!@
@!@!@STARTMSG 2221:0 @!@!@
  ||||line 44, col 23 to line 45, col 42 of module AccessControlManagement: 3600
@!@!@ENDMSG 2221 @!@!@
@!@!@STARTMSG 2221:0 @!@!@
  |||||line 44, col 26 to line 44, col 46 of module AccessControlManagement: 3600
@!@!@ENDMSG 2221 @!@!@
@!@!@STARTMSG 2221:0 @!@!@
  |||||line 45, col 26 to line 45, col 42 of module AccessControlManagement: 382
@!@!@ENDMSG 2221 @!@!@
@!@!@STARTMSG 2221:0 @!@!@
  ||||line 43, col 48 to line 43, col 52 of module AccessControlManagement: 1800
@!@!@ENDMSG 2221 @!@!@
@!@!@STARTMSG 2221:0 @!@!@
  |||line 43, col 32 to line 43, col 35 of module AccessControlManagement: 900
@!@!@ENDMSG 2221 @!@!@
@!@!@STARTMSG 2202:0 @!@!@
End of statistics.
@!@!@ENDMSG 2202 @!@!@
@!@!@STARTMSG 2200:0 @!@!@
Progress(15) at 2023-03-23 11:31:28: 1,912 states generated (64,960 s/min), 900 distinct states found (30,577 ds/min), 215 states left on queue.
@!@!@ENDMSG 2200 @!@!@
@!@!@STARTMSG 2199:0 @!@!@
1912 states generated, 900 distinct states found, 215 states left on queue.
@!@!@ENDMSG 2199 @!@!@
@!@!@STARTMSG 2194:0 @!@!@
The depth of the complete state graph search is 15.
@!@!@ENDMSG 2194 @!@!@
@!@!@STARTMSG 2268:0 @!@!@
The average outdegree of the complete state graph is 1 (minimum is 0, the maximum 6 and the 95th percentile is 3).
@!@!@ENDMSG 2268 @!@!@
@!@!@STARTMSG 2186:0 @!@!@
Finished in 1779ms at (2023-03-23 11:31:28)
@!@!@ENDMSG 2186 @!@!@
