@!@!@STARTMSG 2262:0 @!@!@
TLC2 Version 2.16 of 31 December 2020 (rev: cdddf55)
@!@!@ENDMSG 2262 @!@!@
@!@!@STARTMSG 2187:0 @!@!@
Running breadth-first search Model-Checking with fp 93 and seed -150265897228620525 with 4 workers on 8 cores with 599MB heap and 1345MB offheap memory [pid: 7804] (Windows 8 6.2 amd64, AdoptOpenJDK 14.0.1 x86_64, OffHeapDiskFPSet, DiskStateQueue).
@!@!@ENDMSG 2187 @!@!@
@!@!@STARTMSG 2220:0 @!@!@
Starting SANY...
@!@!@ENDMSG 2220 @!@!@
Parsing file C:\Users\Amirhosein\git\access-control-management\spec\PermissionManager.toolbox\Model_1\MC.tla
Parsing file C:\Users\Amirhosein\git\access-control-management\spec\PermissionManager.toolbox\Model_1\PermissionManager.tla
Warning: symbols were renamed.
Parsing file G:\TLA+ Toolbox\plugins\org.lamport.tlatools_1.0.0.202012311918\tla2sany\StandardModules\TLC.tla
Parsing file G:\TLA+ Toolbox\plugins\org.lamport.tlatools_1.0.0.202012311918\tla2sany\StandardModules\Naturals.tla
Parsing file G:\TLA+ Toolbox\plugins\org.lamport.tlatools_1.0.0.202012311918\tla2sany\StandardModules\Sequences.tla
Parsing file G:\TLA+ Toolbox\plugins\org.lamport.tlatools_1.0.0.202012311918\tla2sany\StandardModules\FiniteSets.tla
Semantic processing of module Naturals
Semantic processing of module Sequences
Semantic processing of module PermissionManager
Semantic processing of module FiniteSets
Semantic processing of module TLC
Semantic processing of module MC
@!@!@STARTMSG 2219:0 @!@!@
SANY finished.
@!@!@ENDMSG 2219 @!@!@
@!@!@STARTMSG 2185:0 @!@!@
Starting... (2023-03-02 07:38:39)
@!@!@ENDMSG 2185 @!@!@
@!@!@STARTMSG 2189:0 @!@!@
Computing initial states...
@!@!@ENDMSG 2189 @!@!@
@!@!@STARTMSG 2190:0 @!@!@
Finished computing initial states: 1 distinct state generated at 2023-03-02 07:38:40.
@!@!@ENDMSG 2190 @!@!@
@!@!@STARTMSG 2110:1 @!@!@
Invariant UserAgreed is violated.
@!@!@ENDMSG 2110 @!@!@
@!@!@STARTMSG 2121:1 @!@!@
The behavior up to this point is:
@!@!@ENDMSG 2121 @!@!@
@!@!@STARTMSG 2217:4 @!@!@
1: <Initial predicate>
/\ app_i = <<2, 2>>
/\ permsInUse = <<<<FALSE, FALSE>>, <<FALSE, FALSE>>>>
/\ app_u = <<2, 2>>
/\ app_ = <<2, 2>>
/\ appPerms = <<<<"NULL", "NULL">>, <<"NULL", "NULL">>>>
/\ pc = <<"platform", "platform">>
/\ perm = <<2, 2>>
/\ app = <<2, 2>>
/\ perm_ = <<2, 2>>
/\ installed = <<FALSE, FALSE>>
/\ stack = <<<<>>, <<>>>>
/\ appPermConsents = <<<<"NULL", "NULL">>, <<"NULL", "NULL">>>>

@!@!@ENDMSG 2217 @!@!@
@!@!@STARTMSG 2217:4 @!@!@
2: <platform line 225, col 19 to line 258, col 57 of module PermissionManager>
/\ app_i = <<1, 2>>
/\ permsInUse = <<<<FALSE, FALSE>>, <<FALSE, FALSE>>>>
/\ app_u = <<2, 2>>
/\ app_ = <<2, 2>>
/\ appPerms = <<<<"NULL", "NULL">>, <<"NULL", "NULL">>>>
/\ pc = <<"l5", "platform">>
/\ perm = <<2, 2>>
/\ app = <<2, 2>>
/\ perm_ = <<2, 2>>
/\ installed = <<FALSE, FALSE>>
/\ stack = <<<<[pc |-> "platform", app_i |-> 2, procedure |-> "installApp"]>>, <<>>>>
/\ appPermConsents = <<<<"NULL", "NULL">>, <<"NULL", "NULL">>>>

@!@!@ENDMSG 2217 @!@!@
@!@!@STARTMSG 2217:4 @!@!@
3: <l5 line 183, col 13 to line 189, col 47 of module PermissionManager>
/\ app_i = <<2, 2>>
/\ permsInUse = <<<<FALSE, FALSE>>, <<FALSE, FALSE>>>>
/\ app_u = <<2, 2>>
/\ app_ = <<2, 2>>
/\ appPerms = <<<<"NULL", "NULL">>, <<"NULL", "NULL">>>>
/\ pc = <<"platform", "platform">>
/\ perm = <<2, 2>>
/\ app = <<2, 2>>
/\ perm_ = <<2, 2>>
/\ installed = <<TRUE, FALSE>>
/\ stack = <<<<>>, <<>>>>
/\ appPermConsents = <<<<"NULL", "NULL">>, <<"NULL", "NULL">>>>

@!@!@ENDMSG 2217 @!@!@
@!@!@STARTMSG 2217:4 @!@!@
4: <platform line 225, col 19 to line 258, col 57 of module PermissionManager>
/\ app_i = <<2, 2>>
/\ permsInUse = <<<<FALSE, FALSE>>, <<FALSE, FALSE>>>>
/\ app_u = <<2, 2>>
/\ app_ = <<1, 2>>
/\ appPerms = <<<<"NULL", "NULL">>, <<"NULL", "NULL">>>>
/\ pc = <<"l1", "platform">>
/\ perm = <<2, 2>>
/\ app = <<2, 2>>
/\ perm_ = <<1, 2>>
/\ installed = <<TRUE, FALSE>>
/\ stack = <<<<[pc |-> "platform", app_ |-> 2, perm_ |-> 2, procedure |-> "ask"]>>, <<>>>>
/\ appPermConsents = <<<<"NULL", "NULL">>, <<"NULL", "NULL">>>>

@!@!@ENDMSG 2217 @!@!@
@!@!@STARTMSG 2217:4 @!@!@
5: <l1 line 133, col 13 to line 150, col 40 of module PermissionManager>
/\ app_i = <<2, 2>>
/\ permsInUse = <<<<FALSE, FALSE>>, <<FALSE, FALSE>>>>
/\ app_u = <<2, 2>>
/\ app_ = <<1, 2>>
/\ appPerms = <<<<"NULL", "NULL">>, <<"NULL", "NULL">>>>
/\ pc = <<"l2", "platform">>
/\ perm = <<2, 2>>
/\ app = <<2, 2>>
/\ perm_ = <<1, 2>>
/\ installed = <<TRUE, FALSE>>
/\ stack = <<<<[pc |-> "platform", app_ |-> 2, perm_ |-> 2, procedure |-> "ask"]>>, <<>>>>
/\ appPermConsents = <<<<"NULL", "NULL">>, <<"NULL", "NULL">>>>

@!@!@ENDMSG 2217 @!@!@
@!@!@STARTMSG 2217:4 @!@!@
6: <l2 line 152, col 13 to line 162, col 56 of module PermissionManager>
/\ app_i = <<2, 2>>
/\ permsInUse = <<<<FALSE, FALSE>>, <<FALSE, FALSE>>>>
/\ app_u = <<2, 2>>
/\ app_ = <<1, 2>>
/\ appPerms = <<<<"NULL", "NULL">>, <<"NULL", "NULL">>>>
/\ pc = <<"l7", "platform">>
/\ perm = <<1, 2>>
/\ app = <<1, 2>>
/\ perm_ = <<1, 2>>
/\ installed = <<TRUE, FALSE>>
/\ stack = <<<<[pc |-> "l3", app |-> 2, perm |-> 2, procedure |-> "makeDecision"], [pc |-> "platform", app_ |-> 2, perm_ |-> 2, procedure |-> "ask"]>>, <<>>>>
/\ appPermConsents = <<<<"NULL", "NULL">>, <<"NULL", "NULL">>>>

@!@!@ENDMSG 2217 @!@!@
@!@!@STARTMSG 2217:4 @!@!@
7: <l7 line 204, col 13 to line 221, col 79 of module PermissionManager>
/\ app_i = <<2, 2>>
/\ permsInUse = <<<<FALSE, FALSE>>, <<FALSE, FALSE>>>>
/\ app_u = <<2, 2>>
/\ app_ = <<1, 2>>
/\ appPerms = <<<<"GRANT", "NULL">>, <<"NULL", "NULL">>>>
/\ pc = <<"l3", "platform">>
/\ perm = <<2, 2>>
/\ app = <<2, 2>>
/\ perm_ = <<1, 2>>
/\ installed = <<TRUE, FALSE>>
/\ stack = <<<<[pc |-> "platform", app_ |-> 2, perm_ |-> 2, procedure |-> "ask"]>>, <<>>>>
/\ appPermConsents = <<<<"ALLOW", "NULL">>, <<"NULL", "NULL">>>>

@!@!@ENDMSG 2217 @!@!@
@!@!@STARTMSG 2217:4 @!@!@
8: <l3 line 164, col 13 to line 171, col 61 of module PermissionManager>
/\ app_i = <<2, 2>>
/\ permsInUse = <<<<TRUE, FALSE>>, <<FALSE, FALSE>>>>
/\ app_u = <<2, 2>>
/\ app_ = <<1, 2>>
/\ appPerms = <<<<"GRANT", "NULL">>, <<"NULL", "NULL">>>>
/\ pc = <<"l4", "platform">>
/\ perm = <<2, 2>>
/\ app = <<2, 2>>
/\ perm_ = <<1, 2>>
/\ installed = <<TRUE, FALSE>>
/\ stack = <<<<[pc |-> "platform", app_ |-> 2, perm_ |-> 2, procedure |-> "ask"]>>, <<>>>>
/\ appPermConsents = <<<<"ALLOW", "NULL">>, <<"NULL", "NULL">>>>

@!@!@ENDMSG 2217 @!@!@
@!@!@STARTMSG 2217:4 @!@!@
9: <l4 line 173, col 13 to line 179, col 54 of module PermissionManager>
/\ app_i = <<2, 2>>
/\ permsInUse = <<<<TRUE, FALSE>>, <<FALSE, FALSE>>>>
/\ app_u = <<2, 2>>
/\ app_ = <<2, 2>>
/\ appPerms = <<<<"GRANT", "NULL">>, <<"NULL", "NULL">>>>
/\ pc = <<"platform", "platform">>
/\ perm = <<2, 2>>
/\ app = <<2, 2>>
/\ perm_ = <<2, 2>>
/\ installed = <<TRUE, FALSE>>
/\ stack = <<<<>>, <<>>>>
/\ appPermConsents = <<<<"ALLOW", "NULL">>, <<"NULL", "NULL">>>>

@!@!@ENDMSG 2217 @!@!@
@!@!@STARTMSG 2217:4 @!@!@
10: <platform line 225, col 19 to line 258, col 57 of module PermissionManager>
/\ app_i = <<2, 2>>
/\ permsInUse = <<<<TRUE, FALSE>>, <<FALSE, FALSE>>>>
/\ app_u = <<1, 2>>
/\ app_ = <<2, 2>>
/\ appPerms = <<<<"GRANT", "NULL">>, <<"NULL", "NULL">>>>
/\ pc = <<"l6", "platform">>
/\ perm = <<2, 2>>
/\ app = <<2, 2>>
/\ perm_ = <<2, 2>>
/\ installed = <<TRUE, FALSE>>
/\ stack = <<<<[pc |-> "platform", app_u |-> 2, procedure |-> "uninstallApp"]>>, <<>>>>
/\ appPermConsents = <<<<"ALLOW", "NULL">>, <<"NULL", "NULL">>>>

@!@!@ENDMSG 2217 @!@!@
@!@!@STARTMSG 2217:4 @!@!@
11: <l6 line 193, col 13 to line 200, col 70 of module PermissionManager>
/\ app_i = <<2, 2>>
/\ permsInUse = <<<<FALSE, FALSE>>, <<FALSE, FALSE>>>>
/\ app_u = <<2, 2>>
/\ app_ = <<2, 2>>
/\ appPerms = <<<<"GRANT", "NULL">>, <<"NULL", "NULL">>>>
/\ pc = <<"platform", "platform">>
/\ perm = <<2, 2>>
/\ app = <<2, 2>>
/\ perm_ = <<2, 2>>
/\ installed = <<FALSE, FALSE>>
/\ stack = <<<<>>, <<>>>>
/\ appPermConsents = <<<<"NULL", "NULL">>, <<"NULL", "NULL">>>>

@!@!@ENDMSG 2217 @!@!@
@!@!@STARTMSG 2217:4 @!@!@
12: <platform line 225, col 19 to line 258, col 57 of module PermissionManager>
/\ app_i = <<1, 2>>
/\ permsInUse = <<<<FALSE, FALSE>>, <<FALSE, FALSE>>>>
/\ app_u = <<2, 2>>
/\ app_ = <<2, 2>>
/\ appPerms = <<<<"GRANT", "NULL">>, <<"NULL", "NULL">>>>
/\ pc = <<"l5", "platform">>
/\ perm = <<2, 2>>
/\ app = <<2, 2>>
/\ perm_ = <<2, 2>>
/\ installed = <<FALSE, FALSE>>
/\ stack = <<<<[pc |-> "platform", app_i |-> 2, procedure |-> "installApp"]>>, <<>>>>
/\ appPermConsents = <<<<"NULL", "NULL">>, <<"NULL", "NULL">>>>

@!@!@ENDMSG 2217 @!@!@
@!@!@STARTMSG 2217:4 @!@!@
13: <l5 line 183, col 13 to line 189, col 47 of module PermissionManager>
/\ app_i = <<2, 2>>
/\ permsInUse = <<<<FALSE, FALSE>>, <<FALSE, FALSE>>>>
/\ app_u = <<2, 2>>
/\ app_ = <<2, 2>>
/\ appPerms = <<<<"GRANT", "NULL">>, <<"NULL", "NULL">>>>
/\ pc = <<"platform", "platform">>
/\ perm = <<2, 2>>
/\ app = <<2, 2>>
/\ perm_ = <<2, 2>>
/\ installed = <<TRUE, FALSE>>
/\ stack = <<<<>>, <<>>>>
/\ appPermConsents = <<<<"NULL", "NULL">>, <<"NULL", "NULL">>>>

@!@!@ENDMSG 2217 @!@!@
@!@!@STARTMSG 2217:4 @!@!@
14: <platform line 225, col 19 to line 258, col 57 of module PermissionManager>
/\ app_i = <<2, 2>>
/\ permsInUse = <<<<FALSE, FALSE>>, <<FALSE, FALSE>>>>
/\ app_u = <<2, 2>>
/\ app_ = <<1, 2>>
/\ appPerms = <<<<"GRANT", "NULL">>, <<"NULL", "NULL">>>>
/\ pc = <<"l1", "platform">>
/\ perm = <<2, 2>>
/\ app = <<2, 2>>
/\ perm_ = <<1, 2>>
/\ installed = <<TRUE, FALSE>>
/\ stack = <<<<[pc |-> "platform", app_ |-> 2, perm_ |-> 2, procedure |-> "ask"]>>, <<>>>>
/\ appPermConsents = <<<<"NULL", "NULL">>, <<"NULL", "NULL">>>>

@!@!@ENDMSG 2217 @!@!@
@!@!@STARTMSG 2217:4 @!@!@
15: <l1 line 133, col 13 to line 150, col 40 of module PermissionManager>
/\ app_i = <<2, 2>>
/\ permsInUse = <<<<TRUE, FALSE>>, <<FALSE, FALSE>>>>
/\ app_u = <<2, 2>>
/\ app_ = <<2, 2>>
/\ appPerms = <<<<"GRANT", "NULL">>, <<"NULL", "NULL">>>>
/\ pc = <<"platform", "platform">>
/\ perm = <<2, 2>>
/\ app = <<2, 2>>
/\ perm_ = <<2, 2>>
/\ installed = <<TRUE, FALSE>>
/\ stack = <<<<>>, <<>>>>
/\ appPermConsents = <<<<"NULL", "NULL">>, <<"NULL", "NULL">>>>

@!@!@ENDMSG 2217 @!@!@
@!@!@STARTMSG 2201:0 @!@!@
The coverage statistics at 2023-03-02 07:38:40
@!@!@ENDMSG 2201 @!@!@
@!@!@STARTMSG 2773:0 @!@!@
<Init line 115, col 1 to line 115, col 4 of module PermissionManager>: 2:2
@!@!@ENDMSG 2773 @!@!@
@!@!@STARTMSG 2221:0 @!@!@
  line 116, col 9 to line 131, col 49 of module PermissionManager: 2
@!@!@ENDMSG 2221 @!@!@
@!@!@STARTMSG 2772:0 @!@!@
<l1 line 133, col 1 to line 133, col 8 of module PermissionManager>: 150:326
@!@!@ENDMSG 2772 @!@!@
@!@!@STARTMSG 2221:0 @!@!@
  line 133, col 16 to line 133, col 30 of module PermissionManager: 2017
@!@!@ENDMSG 2221 @!@!@
@!@!@STARTMSG 2221:0 @!@!@
  |line 133, col 16 to line 133, col 23 of module PermissionManager: 1694
@!@!@ENDMSG 2221 @!@!@
@!@!@STARTMSG 2221:0 @!@!@
  line 134, col 19 to line 134, col 59 of module PermissionManager: 326
@!@!@ENDMSG 2221 @!@!@
@!@!@STARTMSG 2221:0 @!@!@
  line 135, col 27 to line 135, col 93 of module PermissionManager: 35
@!@!@ENDMSG 2221 @!@!@
@!@!@STARTMSG 2221:0 @!@!@
  |line 135, col 41 to line 135, col 93 of module PermissionManager: 38
@!@!@ENDMSG 2221 @!@!@
@!@!@STARTMSG 2221:0 @!@!@
  line 136, col 27 to line 136, col 74 of module PermissionManager: 35
@!@!@ENDMSG 2221 @!@!@
@!@!@STARTMSG 2221:0 @!@!@
  |line 136, col 33 to line 136, col 74 of module PermissionManager: 38
@!@!@ENDMSG 2221 @!@!@
@!@!@STARTMSG 2221:0 @!@!@
  line 137, col 27 to line 137, col 80 of module PermissionManager: 35
@!@!@ENDMSG 2221 @!@!@
@!@!@STARTMSG 2221:0 @!@!@
  |line 137, col 35 to line 137, col 80 of module PermissionManager: 38
@!@!@ENDMSG 2221 @!@!@
@!@!@STARTMSG 2221:0 @!@!@
  line 138, col 27 to line 138, col 83 of module PermissionManager: 35
@!@!@ENDMSG 2221 @!@!@
@!@!@STARTMSG 2221:0 @!@!@
  |line 138, col 36 to line 138, col 83 of module PermissionManager: 38
@!@!@ENDMSG 2221 @!@!@
@!@!@STARTMSG 2221:0 @!@!@
  line 139, col 27 to line 139, col 77 of module PermissionManager: 35
@!@!@ENDMSG 2221 @!@!@
@!@!@STARTMSG 2221:0 @!@!@
  |line 139, col 36 to line 139, col 77 of module PermissionManager: 38
@!@!@ENDMSG 2221 @!@!@
@!@!@STARTMSG 2221:0 @!@!@
  line 140, col 30 to line 140, col 69 of module PermissionManager: 288
@!@!@ENDMSG 2221 @!@!@
@!@!@STARTMSG 2221:0 @!@!@
  line 141, col 35 to line 145, col 88 of module PermissionManager: 37
@!@!@ENDMSG 2221 @!@!@
@!@!@STARTMSG 2221:0 @!@!@
  line 146, col 38 to line 146, col 69 of module PermissionManager: 251
@!@!@ENDMSG 2221 @!@!@
@!@!@STARTMSG 2221:0 @!@!@
  line 147, col 38 to line 148, col 58 of module PermissionManager: 251
@!@!@ENDMSG 2221 @!@!@
@!@!@STARTMSG 2221:0 @!@!@
  line 149, col 16 to line 150, col 40 of module PermissionManager: 323
@!@!@ENDMSG 2221 @!@!@
@!@!@STARTMSG 2772:0 @!@!@
<l2 line 152, col 1 to line 152, col 8 of module PermissionManager>: 139:199
@!@!@ENDMSG 2772 @!@!@
@!@!@STARTMSG 2221:0 @!@!@
  line 152, col 16 to line 152, col 30 of module PermissionManager: 1888
@!@!@ENDMSG 2221 @!@!@
@!@!@STARTMSG 2221:0 @!@!@
  |line 152, col 16 to line 152, col 23 of module PermissionManager: 1689
@!@!@ENDMSG 2221 @!@!@
@!@!@STARTMSG 2221:0 @!@!@
  line 153, col 16 to line 159, col 67 of module PermissionManager: 199
@!@!@ENDMSG 2221 @!@!@
@!@!@STARTMSG 2221:0 @!@!@
  line 160, col 16 to line 160, col 47 of module PermissionManager: 199
@!@!@ENDMSG 2221 @!@!@
@!@!@STARTMSG 2221:0 @!@!@
  line 161, col 16 to line 162, col 56 of module PermissionManager: 199
@!@!@ENDMSG 2221 @!@!@
@!@!@STARTMSG 2772:0 @!@!@
<l3 line 164, col 1 to line 164, col 8 of module PermissionManager>: 111:178
@!@!@ENDMSG 2772 @!@!@
@!@!@STARTMSG 2221:0 @!@!@
  line 164, col 16 to line 164, col 30 of module PermissionManager: 1866
@!@!@ENDMSG 2221 @!@!@
@!@!@STARTMSG 2221:0 @!@!@
  |line 164, col 16 to line 164, col 23 of module PermissionManager: 1688
@!@!@ENDMSG 2221 @!@!@
@!@!@STARTMSG 2221:0 @!@!@
  line 165, col 19 to line 165, col 59 of module PermissionManager: 178
@!@!@ENDMSG 2221 @!@!@
@!@!@STARTMSG 2221:0 @!@!@
  line 166, col 24 to line 166, col 93 of module PermissionManager: 90
@!@!@ENDMSG 2221 @!@!@
@!@!@STARTMSG 2221:0 @!@!@
  line 167, col 27 to line 167, col 30 of module PermissionManager: 88
@!@!@ENDMSG 2221 @!@!@
@!@!@STARTMSG 2221:0 @!@!@
  line 168, col 27 to line 168, col 46 of module PermissionManager: 88
@!@!@ENDMSG 2221 @!@!@
@!@!@STARTMSG 2221:0 @!@!@
  line 169, col 16 to line 169, col 47 of module PermissionManager: 178
@!@!@ENDMSG 2221 @!@!@
@!@!@STARTMSG 2221:0 @!@!@
  line 170, col 16 to line 171, col 61 of module PermissionManager: 178
@!@!@ENDMSG 2221 @!@!@
@!@!@STARTMSG 2772:0 @!@!@
<l4 line 173, col 1 to line 173, col 8 of module PermissionManager>: 74:129
@!@!@ENDMSG 2772 @!@!@
@!@!@STARTMSG 2221:0 @!@!@
  line 173, col 16 to line 173, col 30 of module PermissionManager: 1816
@!@!@ENDMSG 2221 @!@!@
@!@!@STARTMSG 2221:0 @!@!@
  |line 173, col 16 to line 173, col 23 of module PermissionManager: 1687
@!@!@ENDMSG 2221 @!@!@
@!@!@STARTMSG 2221:0 @!@!@
  line 174, col 16 to line 174, col 63 of module PermissionManager: 129
@!@!@ENDMSG 2221 @!@!@
@!@!@STARTMSG 2221:0 @!@!@
  line 175, col 16 to line 175, col 69 of module PermissionManager: 129
@!@!@ENDMSG 2221 @!@!@
@!@!@STARTMSG 2221:0 @!@!@
  line 176, col 16 to line 176, col 72 of module PermissionManager: 129
@!@!@ENDMSG 2221 @!@!@
@!@!@STARTMSG 2221:0 @!@!@
  line 177, col 16 to line 177, col 66 of module PermissionManager: 129
@!@!@ENDMSG 2221 @!@!@
@!@!@STARTMSG 2221:0 @!@!@
  line 178, col 16 to line 179, col 54 of module PermissionManager: 129
@!@!@ENDMSG 2221 @!@!@
@!@!@STARTMSG 2772:0 @!@!@
<l5 line 183, col 1 to line 183, col 8 of module PermissionManager>: 40:153
@!@!@ENDMSG 2772 @!@!@
@!@!@STARTMSG 2221:0 @!@!@
  line 183, col 16 to line 183, col 30 of module PermissionManager: 1839
@!@!@ENDMSG 2221 @!@!@
@!@!@STARTMSG 2221:0 @!@!@
  |line 183, col 16 to line 183, col 23 of module PermissionManager: 1686
@!@!@ENDMSG 2221 @!@!@
@!@!@STARTMSG 2221:0 @!@!@
  line 184, col 16 to line 184, col 68 of module PermissionManager: 153
@!@!@ENDMSG 2221 @!@!@
@!@!@STARTMSG 2221:0 @!@!@
  line 185, col 16 to line 185, col 63 of module PermissionManager: 153
@!@!@ENDMSG 2221 @!@!@
@!@!@STARTMSG 2221:0 @!@!@
  line 186, col 16 to line 186, col 72 of module PermissionManager: 153
@!@!@ENDMSG 2221 @!@!@
@!@!@STARTMSG 2221:0 @!@!@
  line 187, col 16 to line 187, col 66 of module PermissionManager: 153
@!@!@ENDMSG 2221 @!@!@
@!@!@STARTMSG 2221:0 @!@!@
  line 188, col 16 to line 189, col 47 of module PermissionManager: 153
@!@!@ENDMSG 2221 @!@!@
@!@!@STARTMSG 2772:0 @!@!@
<l6 line 193, col 1 to line 193, col 8 of module PermissionManager>: 43:163
@!@!@ENDMSG 2772 @!@!@
@!@!@STARTMSG 2221:0 @!@!@
  line 193, col 16 to line 193, col 30 of module PermissionManager: 1847
@!@!@ENDMSG 2221 @!@!@
@!@!@STARTMSG 2221:0 @!@!@
  |line 193, col 16 to line 193, col 23 of module PermissionManager: 1684
@!@!@ENDMSG 2221 @!@!@
@!@!@STARTMSG 2221:0 @!@!@
  line 194, col 16 to line 194, col 69 of module PermissionManager: 163
@!@!@ENDMSG 2221 @!@!@
@!@!@STARTMSG 2221:0 @!@!@
  line 195, col 16 to line 195, col 95 of module PermissionManager: 163
@!@!@ENDMSG 2221 @!@!@
@!@!@STARTMSG 2221:0 @!@!@
  line 196, col 16 to line 196, col 104 of module PermissionManager: 163
@!@!@ENDMSG 2221 @!@!@
@!@!@STARTMSG 2221:0 @!@!@
  line 197, col 16 to line 197, col 63 of module PermissionManager: 163
@!@!@ENDMSG 2221 @!@!@
@!@!@STARTMSG 2221:0 @!@!@
  line 198, col 16 to line 198, col 72 of module PermissionManager: 163
@!@!@ENDMSG 2221 @!@!@
@!@!@STARTMSG 2221:0 @!@!@
  line 199, col 16 to line 199, col 66 of module PermissionManager: 163
@!@!@ENDMSG 2221 @!@!@
@!@!@STARTMSG 2221:0 @!@!@
  line 200, col 16 to line 200, col 70 of module PermissionManager: 163
@!@!@ENDMSG 2221 @!@!@
@!@!@STARTMSG 2772:0 @!@!@
<l7 line 204, col 1 to line 204, col 8 of module PermissionManager>: 160:524
@!@!@ENDMSG 2772 @!@!@
@!@!@STARTMSG 2221:0 @!@!@
  line 204, col 16 to line 204, col 30 of module PermissionManager: 1814
@!@!@ENDMSG 2221 @!@!@
@!@!@STARTMSG 2221:0 @!@!@
  |line 204, col 16 to line 204, col 23 of module PermissionManager: 1683
@!@!@ENDMSG 2221 @!@!@
@!@!@STARTMSG 2221:0 @!@!@
  line 205, col 22 to line 208, col 104 of module PermissionManager: 131
@!@!@ENDMSG 2221 @!@!@
@!@!@STARTMSG 2221:0 @!@!@
  line 209, col 22 to line 209, col 69 of module PermissionManager: 262
@!@!@ENDMSG 2221 @!@!@
@!@!@STARTMSG 2221:0 @!@!@
  line 210, col 22 to line 210, col 72 of module PermissionManager: 262
@!@!@ENDMSG 2221 @!@!@
@!@!@STARTMSG 2221:0 @!@!@
  line 211, col 22 to line 211, col 75 of module PermissionManager: 262
@!@!@ENDMSG 2221 @!@!@
@!@!@STARTMSG 2221:0 @!@!@
  line 212, col 22 to line 212, col 72 of module PermissionManager: 262
@!@!@ENDMSG 2221 @!@!@
@!@!@STARTMSG 2221:0 @!@!@
  line 213, col 22 to line 216, col 104 of module PermissionManager: 131
@!@!@ENDMSG 2221 @!@!@
@!@!@STARTMSG 2221:0 @!@!@
  line 217, col 22 to line 217, col 69 of module PermissionManager: 262
@!@!@ENDMSG 2221 @!@!@
@!@!@STARTMSG 2221:0 @!@!@
  line 218, col 22 to line 218, col 72 of module PermissionManager: 262
@!@!@ENDMSG 2221 @!@!@
@!@!@STARTMSG 2221:0 @!@!@
  line 219, col 22 to line 219, col 75 of module PermissionManager: 262
@!@!@ENDMSG 2221 @!@!@
@!@!@STARTMSG 2221:0 @!@!@
  line 220, col 22 to line 220, col 72 of module PermissionManager: 262
@!@!@ENDMSG 2221 @!@!@
@!@!@STARTMSG 2221:0 @!@!@
  line 221, col 16 to line 221, col 79 of module PermissionManager: 524
@!@!@ENDMSG 2221 @!@!@
@!@!@STARTMSG 2772:0 @!@!@
<platform line 225, col 1 to line 225, col 14 of module PermissionManager>: 414:1240
@!@!@ENDMSG 2772 @!@!@
@!@!@STARTMSG 2221:0 @!@!@
  line 225, col 22 to line 225, col 42 of module PermissionManager: 2087
@!@!@ENDMSG 2221 @!@!@
@!@!@STARTMSG 2221:0 @!@!@
  |line 225, col 22 to line 225, col 29 of module PermissionManager: 1677
@!@!@ENDMSG 2221 @!@!@
@!@!@STARTMSG 2221:0 @!@!@
  line 226, col 31 to line 226, col 49 of module PermissionManager: 410
@!@!@ENDMSG 2221 @!@!@
@!@!@STARTMSG 2221:0 @!@!@
  line 227, col 36 to line 232, col 70 of module PermissionManager: 200
@!@!@ENDMSG 2221 @!@!@
@!@!@STARTMSG 2221:0 @!@!@
  line 233, col 39 to line 233, col 76 of module PermissionManager: 210
@!@!@ENDMSG 2221 @!@!@
@!@!@STARTMSG 2221:0 @!@!@
  line 234, col 39 to line 234, col 66 of module PermissionManager: 210
@!@!@ENDMSG 2221 @!@!@
@!@!@STARTMSG 2221:0 @!@!@
  line 235, col 28 to line 235, col 59 of module PermissionManager: 410
@!@!@ENDMSG 2221 @!@!@
@!@!@STARTMSG 2221:0 @!@!@
  line 236, col 31 to line 236, col 48 of module PermissionManager: 410
@!@!@ENDMSG 2221 @!@!@
@!@!@STARTMSG 2221:0 @!@!@
  line 237, col 45 to line 241, col 96 of module PermissionManager: 210
@!@!@ENDMSG 2221 @!@!@
@!@!@STARTMSG 2221:0 @!@!@
  line 242, col 45 to line 242, col 76 of module PermissionManager: 210
@!@!@ENDMSG 2221 @!@!@
@!@!@STARTMSG 2221:0 @!@!@
  line 243, col 45 to line 243, col 69 of module PermissionManager: 210
@!@!@ENDMSG 2221 @!@!@
@!@!@STARTMSG 2221:0 @!@!@
  line 245, col 47 to line 252, col 81 of module PermissionManager: 420
@!@!@ENDMSG 2221 @!@!@
@!@!@STARTMSG 2221:0 @!@!@
  line 244, col 54 to line 244, col 64 of module PermissionManager: 210
@!@!@ENDMSG 2221 @!@!@
@!@!@STARTMSG 2221:0 @!@!@
  line 253, col 45 to line 253, col 58 of module PermissionManager: 420
@!@!@ENDMSG 2221 @!@!@
@!@!@STARTMSG 2221:0 @!@!@
  line 254, col 39 to line 254, col 76 of module PermissionManager: 200
@!@!@ENDMSG 2221 @!@!@
@!@!@STARTMSG 2221:0 @!@!@
  line 255, col 39 to line 255, col 79 of module PermissionManager: 200
@!@!@ENDMSG 2221 @!@!@
@!@!@STARTMSG 2221:0 @!@!@
  line 256, col 28 to line 256, col 41 of module PermissionManager: 830
@!@!@ENDMSG 2221 @!@!@
@!@!@STARTMSG 2221:0 @!@!@
  line 257, col 22 to line 258, col 57 of module PermissionManager: 1240
@!@!@ENDMSG 2221 @!@!@
@!@!@STARTMSG 2774:0 @!@!@
<TypeOK line 275, col 1 to line 275, col 6 of module PermissionManager>
@!@!@ENDMSG 2774 @!@!@
@!@!@STARTMSG 2221:0 @!@!@
  line 275, col 11 to line 278, col 52 of module PermissionManager: 1132
@!@!@ENDMSG 2221 @!@!@
@!@!@STARTMSG 2774:0 @!@!@
<Action line 280, col 18 to line 283, col 68 of module PermissionManager>
@!@!@ENDMSG 2774 @!@!@
@!@!@STARTMSG 2221:0 @!@!@
  line 280, col 18 to line 283, col 68 of module PermissionManager: 1132
@!@!@ENDMSG 2221 @!@!@
@!@!@STARTMSG 2221:0 @!@!@
  |line 280, col 20 to line 283, col 67 of module PermissionManager: 1132
@!@!@ENDMSG 2221 @!@!@
@!@!@STARTMSG 2221:0 @!@!@
  ||line 280, col 23 to line 283, col 67 of module PermissionManager: 1132
@!@!@ENDMSG 2221 @!@!@
@!@!@STARTMSG 2221:0 @!@!@
  |||line 280, col 57 to line 283, col 67 of module PermissionManager: 2261
@!@!@ENDMSG 2221 @!@!@
@!@!@STARTMSG 2221:0 @!@!@
  ||||line 281, col 23 to line 283, col 67 of module PermissionManager: 4520
@!@!@ENDMSG 2221 @!@!@
@!@!@STARTMSG 2221:0 @!@!@
  |||||line 281, col 26 to line 281, col 73 of module PermissionManager: 4520
@!@!@ENDMSG 2221 @!@!@
@!@!@STARTMSG 2221:0 @!@!@
  |||||line 282, col 26 to line 282, col 66 of module PermissionManager: 3991
@!@!@ENDMSG 2221 @!@!@
@!@!@STARTMSG 2221:0 @!@!@
  |||||line 283, col 26 to line 283, col 67 of module PermissionManager: 103
@!@!@ENDMSG 2221 @!@!@
@!@!@STARTMSG 2221:0 @!@!@
  ||||line 280, col 75 to line 280, col 85 of module PermissionManager: 2261
@!@!@ENDMSG 2221 @!@!@
@!@!@STARTMSG 2221:0 @!@!@
  |||line 280, col 42 to line 280, col 53 of module PermissionManager: 1132
@!@!@ENDMSG 2221 @!@!@
@!@!@STARTMSG 2774:0 @!@!@
<Action line 285, col 18 to line 287, col 68 of module PermissionManager>
@!@!@ENDMSG 2774 @!@!@
@!@!@STARTMSG 2221:0 @!@!@
  line 285, col 18 to line 287, col 68 of module PermissionManager: 1129
@!@!@ENDMSG 2221 @!@!@
@!@!@STARTMSG 2221:0 @!@!@
  |line 285, col 20 to line 287, col 67 of module PermissionManager: 1129
@!@!@ENDMSG 2221 @!@!@
@!@!@STARTMSG 2221:0 @!@!@
  ||line 285, col 23 to line 287, col 67 of module PermissionManager: 1129
@!@!@ENDMSG 2221 @!@!@
@!@!@STARTMSG 2221:0 @!@!@
  |||line 285, col 57 to line 287, col 67 of module PermissionManager: 2258
@!@!@ENDMSG 2221 @!@!@
@!@!@STARTMSG 2221:0 @!@!@
  ||||line 286, col 23 to line 287, col 67 of module PermissionManager: 4516
@!@!@ENDMSG 2221 @!@!@
@!@!@STARTMSG 2221:0 @!@!@
  |||||line 286, col 26 to line 286, col 66 of module PermissionManager: 4516
@!@!@ENDMSG 2221 @!@!@
@!@!@STARTMSG 2221:0 @!@!@
  |||||line 287, col 26 to line 287, col 67 of module PermissionManager: 3887
@!@!@ENDMSG 2221 @!@!@
@!@!@STARTMSG 2221:0 @!@!@
  ||||line 285, col 75 to line 285, col 85 of module PermissionManager: 2258
@!@!@ENDMSG 2221 @!@!@
@!@!@STARTMSG 2221:0 @!@!@
  |||line 285, col 42 to line 285, col 53 of module PermissionManager: 1129
@!@!@ENDMSG 2221 @!@!@
@!@!@STARTMSG 2202:0 @!@!@
End of statistics.
@!@!@ENDMSG 2202 @!@!@
@!@!@STARTMSG 2200:0 @!@!@
Progress(16) at 2023-03-02 07:38:40: 2,885 states generated (111,032 s/min), 1,132 distinct states found (43,566 ds/min), 290 states left on queue.
@!@!@ENDMSG 2200 @!@!@
@!@!@STARTMSG 2199:0 @!@!@
2885 states generated, 1132 distinct states found, 290 states left on queue.
@!@!@ENDMSG 2199 @!@!@
@!@!@STARTMSG 2194:0 @!@!@
The depth of the complete state graph search is 16.
@!@!@ENDMSG 2194 @!@!@
@!@!@STARTMSG 2268:0 @!@!@
The average outdegree of the complete state graph is 1 (minimum is 0, the maximum 6 and the 95th percentile is 3).
@!@!@ENDMSG 2268 @!@!@
@!@!@STARTMSG 2186:0 @!@!@
Finished in 1577ms at (2023-03-02 07:38:40)
@!@!@ENDMSG 2186 @!@!@
