@!@!@STARTMSG 2262:0 @!@!@
TLC2 Version 2.16 of 31 December 2020 (rev: cdddf55)
@!@!@ENDMSG 2262 @!@!@
@!@!@STARTMSG 2187:0 @!@!@
Running breadth-first search Model-Checking with fp 23 and seed 3642499281423804052 with 4 workers on 8 cores with 599MB heap and 1345MB offheap memory [pid: 7256] (Windows 10 10.0 amd64, AdoptOpenJDK 14.0.1 x86_64, OffHeapDiskFPSet, DiskStateQueue).
@!@!@ENDMSG 2187 @!@!@
@!@!@STARTMSG 2220:0 @!@!@
Starting SANY...
@!@!@ENDMSG 2220 @!@!@
Parsing file G:\repos\access-control-management\spec\AccessControlManagement.toolbox\Model_1\MC.tla
Parsing file G:\repos\access-control-management\spec\AccessControlManagement.toolbox\Model_1\AccessControlManagement.tla
Parsing file G:\TLA+ Toolbox\plugins\org.lamport.tlatools_1.0.0.202012311918\tla2sany\StandardModules\TLC.tla
Parsing file G:\TLA+ Toolbox\plugins\org.lamport.tlatools_1.0.0.202012311918\tla2sany\StandardModules\Naturals.tla
Parsing file G:\TLA+ Toolbox\plugins\org.lamport.tlatools_1.0.0.202012311918\tla2sany\StandardModules\Sequences.tla
Parsing file G:\TLA+ Toolbox\plugins\org.lamport.tlatools_1.0.0.202012311918\tla2sany\StandardModules\FiniteSets.tla
Semantic processing of module Naturals
Semantic processing of module Sequences
Semantic processing of module AccessControlManagement
Semantic processing of module FiniteSets
Semantic processing of module TLC
Semantic processing of module MC
@!@!@STARTMSG 2219:0 @!@!@
SANY finished.
@!@!@ENDMSG 2219 @!@!@
@!@!@STARTMSG 2185:0 @!@!@
Starting... (2023-05-26 14:17:46)
@!@!@ENDMSG 2185 @!@!@
@!@!@STARTMSG 2212:0 @!@!@
Implied-temporal checking--satisfiability problem has 1 branches.
@!@!@ENDMSG 2212 @!@!@
@!@!@STARTMSG 2189:0 @!@!@
Computing initial states...
@!@!@ENDMSG 2189 @!@!@
@!@!@STARTMSG 2190:0 @!@!@
Finished computing initial states: 1 distinct state generated at 2023-05-26 14:17:46.
@!@!@ENDMSG 2190 @!@!@
@!@!@STARTMSG 2200:0 @!@!@
Progress(21) at 2023-05-26 14:17:48: 3,717 states generated, 1,629 distinct states found, 0 states left on queue.
@!@!@ENDMSG 2200 @!@!@
@!@!@STARTMSG 2192:0 @!@!@
Checking temporal properties for the complete state space with 1629 total distinct states at (2023-05-26 14:17:48)
@!@!@ENDMSG 2192 @!@!@
@!@!@STARTMSG 2116:1 @!@!@
Temporal properties were violated.

@!@!@ENDMSG 2116 @!@!@
@!@!@STARTMSG 2264:1 @!@!@
The following behavior constitutes a counter-example:

@!@!@ENDMSG 2264 @!@!@
@!@!@STARTMSG 2217:4 @!@!@
1: <Initial predicate>
/\ Acl2 = <<<<"NULL", "NULL">>, <<"NULL", "NULL">>>>
/\ Acl = <<<<"NULL", "NULL">>, <<"NULL", "NULL">>>>
/\ pc = <<"b323", "b323">>
/\ Resource = <<1, 1>>

@!@!@ENDMSG 2217 @!@!@
@!@!@STARTMSG 2217:4 @!@!@
2: <b323 line 84, col 15 to line 87, col 42 of module AccessControlManagement>
/\ Acl2 = <<<<"NULL", "NULL">>, <<"NULL", "NULL">>>>
/\ Acl = <<<<"NULL", "NULL">>, <<"NULL", "NULL">>>>
/\ pc = <<"b323", "dsd">>
/\ Resource = <<1, 1>>

@!@!@ENDMSG 2217 @!@!@
@!@!@STARTMSG 2217:4 @!@!@
3: <b323 line 84, col 15 to line 87, col 42 of module AccessControlManagement>
/\ Acl2 = <<<<"NULL", "NULL">>, <<"NULL", "NULL">>>>
/\ Acl = <<<<"NULL", "NULL">>, <<"NULL", "NULL">>>>
/\ pc = <<"dsd", "dsd">>
/\ Resource = <<1, 1>>

@!@!@ENDMSG 2217 @!@!@
@!@!@STARTMSG 2217:4 @!@!@
4: <dsd line 89, col 14 to line 93, col 51 of module AccessControlManagement>
/\ Acl2 = <<<<"NULL", "NULL">>, <<"NULL", "NULL">>>>
/\ Acl = <<<<"NULL", "NULL">>, <<"NULL", "NULL">>>>
/\ pc = <<"f", "dsd">>
/\ Resource = <<1, 1>>

@!@!@ENDMSG 2217 @!@!@
@!@!@STARTMSG 2217:4 @!@!@
5: <dsd line 89, col 14 to line 93, col 51 of module AccessControlManagement>
/\ Acl2 = <<<<"NULL", "NULL">>, <<"NULL", "NULL">>>>
/\ Acl = <<<<"NULL", "NULL">>, <<"NULL", "NULL">>>>
/\ pc = <<"f", "f">>
/\ Resource = <<1, 1>>

@!@!@ENDMSG 2217 @!@!@
@!@!@STARTMSG 2217:4 @!@!@
6: <f line 95, col 12 to line 101, col 43 of module AccessControlManagement>
/\ Acl2 = <<<<"NULL", "NULL">>, <<"NULL", "NULL">>>>
/\ Acl = <<<<"NULL", "NULL">>, <<"NULL", "NULL">>>>
/\ pc = <<"a", "f">>
/\ Resource = <<1, 1>>

@!@!@ENDMSG 2217 @!@!@
@!@!@STARTMSG 2217:4 @!@!@
7: <a line 103, col 12 to line 109, col 44 of module AccessControlManagement>
/\ Acl2 = <<<<"NULL", "NULL">>, <<"NULL", "NULL">>>>
/\ Acl = <<<<"REQUESTED", "NULL">>, <<"NULL", "NULL">>>>
/\ pc = <<"N", "f">>
/\ Resource = <<1, 1>>

@!@!@ENDMSG 2217 @!@!@
@!@!@STARTMSG 2217:4 @!@!@
8: <f line 95, col 12 to line 101, col 43 of module AccessControlManagement>
/\ Acl2 = <<<<"REQUESTED", "NULL">>, <<"NULL", "NULL">>>>
/\ Acl = <<<<"REQUESTED", "NULL">>, <<"NULL", "NULL">>>>
/\ pc = <<"N", "a">>
/\ Resource = <<1, 1>>

@!@!@ENDMSG 2217 @!@!@
@!@!@STARTMSG 2217:4 @!@!@
9: <a line 103, col 12 to line 109, col 44 of module AccessControlManagement>
/\ Acl2 = <<<<"REQUESTED", "NULL">>, <<"NULL", "NULL">>>>
/\ Acl = <<<<"REQUESTED", "NULL">>, <<"REQUESTED", "NULL">>>>
/\ pc = <<"N", "N">>
/\ Resource = <<1, 1>>

@!@!@ENDMSG 2217 @!@!@
@!@!@STARTMSG 2217:4 @!@!@
10: <N line 138, col 12 to line 141, col 39 of module AccessControlManagement>
/\ Acl2 = <<<<"REQUESTED", "NULL">>, <<"NULL", "NULL">>>>
/\ Acl = <<<<"REQUESTED", "NULL">>, <<"REQUESTED", "NULL">>>>
/\ pc = <<"dsd", "N">>
/\ Resource = <<2, 1>>

@!@!@ENDMSG 2217 @!@!@
@!@!@STARTMSG 2217:4 @!@!@
11: <N line 138, col 12 to line 141, col 39 of module AccessControlManagement>
/\ Acl2 = <<<<"REQUESTED", "NULL">>, <<"NULL", "NULL">>>>
/\ Acl = <<<<"REQUESTED", "NULL">>, <<"REQUESTED", "NULL">>>>
/\ pc = <<"dsd", "dsd">>
/\ Resource = <<2, 2>>

@!@!@ENDMSG 2217 @!@!@
@!@!@STARTMSG 2217:4 @!@!@
12: <dsd line 89, col 14 to line 93, col 51 of module AccessControlManagement>
/\ Acl2 = <<<<"REQUESTED", "NULL">>, <<"NULL", "NULL">>>>
/\ Acl = <<<<"REQUESTED", "NULL">>, <<"REQUESTED", "NULL">>>>
/\ pc = <<"dsd", "f">>
/\ Resource = <<2, 2>>

@!@!@ENDMSG 2217 @!@!@
@!@!@STARTMSG 2217:4 @!@!@
13: <dsd line 89, col 14 to line 93, col 51 of module AccessControlManagement>
/\ Acl2 = <<<<"REQUESTED", "NULL">>, <<"NULL", "NULL">>>>
/\ Acl = <<<<"REQUESTED", "NULL">>, <<"REQUESTED", "NULL">>>>
/\ pc = <<"f", "f">>
/\ Resource = <<2, 2>>

@!@!@ENDMSG 2217 @!@!@
@!@!@STARTMSG 2217:4 @!@!@
14: <f line 95, col 12 to line 101, col 43 of module AccessControlManagement>
/\ Acl2 = <<<<"REQUESTED", "NULL">>, <<"REQUESTED", "NULL">>>>
/\ Acl = <<<<"REQUESTED", "NULL">>, <<"REQUESTED", "NULL">>>>
/\ pc = <<"f", "a">>
/\ Resource = <<2, 2>>

@!@!@ENDMSG 2217 @!@!@
@!@!@STARTMSG 2217:4 @!@!@
15: <a line 103, col 12 to line 109, col 44 of module AccessControlManagement>
/\ Acl2 = <<<<"REQUESTED", "NULL">>, <<"REQUESTED", "NULL">>>>
/\ Acl = <<<<"REQUESTED", "NULL">>, <<"REQUESTED", "REQUESTED">>>>
/\ pc = <<"f", "N">>
/\ Resource = <<2, 2>>

@!@!@ENDMSG 2217 @!@!@
@!@!@STARTMSG 2217:4 @!@!@
16: <f line 95, col 12 to line 101, col 43 of module AccessControlManagement>
/\ Acl2 = <<<<"REQUESTED", "NULL">>, <<"REQUESTED", "REQUESTED">>>>
/\ Acl = <<<<"REQUESTED", "NULL">>, <<"REQUESTED", "REQUESTED">>>>
/\ pc = <<"a", "N">>
/\ Resource = <<2, 2>>

@!@!@ENDMSG 2217 @!@!@
@!@!@STARTMSG 2217:4 @!@!@
17: <a line 103, col 12 to line 109, col 44 of module AccessControlManagement>
/\ Acl2 = <<<<"REQUESTED", "NULL">>, <<"REQUESTED", "REQUESTED">>>>
/\ Acl = <<<<"REQUESTED", "REQUESTED">>, <<"REQUESTED", "REQUESTED">>>>
/\ pc = <<"N", "N">>
/\ Resource = <<2, 2>>

@!@!@ENDMSG 2217 @!@!@
@!@!@STARTMSG 2217:4 @!@!@
18: <N line 138, col 12 to line 141, col 39 of module AccessControlManagement>
/\ Acl2 = <<<<"REQUESTED", "NULL">>, <<"REQUESTED", "REQUESTED">>>>
/\ Acl = <<<<"REQUESTED", "REQUESTED">>, <<"REQUESTED", "REQUESTED">>>>
/\ pc = <<"N", "dsd">>
/\ Resource = <<2, 3>>

@!@!@ENDMSG 2217 @!@!@
@!@!@STARTMSG 2217:4 @!@!@
19: <dsd line 89, col 14 to line 93, col 51 of module AccessControlManagement>
/\ Acl2 = <<<<"REQUESTED", "NULL">>, <<"REQUESTED", "REQUESTED">>>>
/\ Acl = <<<<"REQUESTED", "REQUESTED">>, <<"REQUESTED", "REQUESTED">>>>
/\ pc = <<"N", "Done">>
/\ Resource = <<2, 3>>

@!@!@ENDMSG 2217 @!@!@
@!@!@STARTMSG 2217:4 @!@!@
20: <N line 138, col 12 to line 141, col 39 of module AccessControlManagement>
/\ Acl2 = <<<<"REQUESTED", "NULL">>, <<"REQUESTED", "REQUESTED">>>>
/\ Acl = <<<<"REQUESTED", "REQUESTED">>, <<"REQUESTED", "REQUESTED">>>>
/\ pc = <<"dsd", "Done">>
/\ Resource = <<3, 3>>

@!@!@ENDMSG 2217 @!@!@
@!@!@STARTMSG 2217:4 @!@!@
21: <dsd line 89, col 14 to line 93, col 51 of module AccessControlManagement>
/\ Acl2 = <<<<"REQUESTED", "NULL">>, <<"REQUESTED", "REQUESTED">>>>
/\ Acl = <<<<"REQUESTED", "REQUESTED">>, <<"REQUESTED", "REQUESTED">>>>
/\ pc = <<"Done", "Done">>
/\ Resource = <<3, 3>>

@!@!@ENDMSG 2217 @!@!@
@!@!@STARTMSG 2218:4 @!@!@
22: Stuttering
@!@!@ENDMSG 2218 @!@!@
@!@!@STARTMSG 2267:0 @!@!@
Finished checking temporal properties in 00s at 2023-05-26 14:17:48
@!@!@ENDMSG 2267 @!@!@
@!@!@STARTMSG 2201:0 @!@!@
The coverage statistics at 2023-05-26 14:17:48
@!@!@ENDMSG 2201 @!@!@
@!@!@STARTMSG 2773:0 @!@!@
<Init line 77, col 1 to line 77, col 4 of module AccessControlManagement>: 2:2
@!@!@ENDMSG 2773 @!@!@
@!@!@STARTMSG 2221:0 @!@!@
  line 78, col 9 to line 82, col 45 of module AccessControlManagement: 2
@!@!@ENDMSG 2221 @!@!@
@!@!@STARTMSG 2772:0 @!@!@
<b323 line 84, col 1 to line 84, col 10 of module AccessControlManagement>: 33:79
@!@!@ENDMSG 2772 @!@!@
@!@!@STARTMSG 2221:0 @!@!@
  line 84, col 18 to line 84, col 34 of module AccessControlManagement: 4137
@!@!@ENDMSG 2221 @!@!@
@!@!@STARTMSG 2221:0 @!@!@
  |line 84, col 18 to line 84, col 25 of module AccessControlManagement: 4058
@!@!@ENDMSG 2221 @!@!@
@!@!@STARTMSG 2221:0 @!@!@
  line 85, col 18 to line 85, col 58 of module AccessControlManagement: 79
@!@!@ENDMSG 2221 @!@!@
@!@!@STARTMSG 2221:0 @!@!@
  line 86, col 18 to line 86, col 50 of module AccessControlManagement: 79
@!@!@ENDMSG 2221 @!@!@
@!@!@STARTMSG 2221:0 @!@!@
  line 87, col 18 to line 87, col 42 of module AccessControlManagement: 79
@!@!@ENDMSG 2221 @!@!@
@!@!@STARTMSG 2772:0 @!@!@
<dsd line 89, col 1 to line 89, col 9 of module AccessControlManagement>: 436:758
@!@!@ENDMSG 2772 @!@!@
@!@!@STARTMSG 2221:0 @!@!@
  line 89, col 17 to line 89, col 32 of module AccessControlManagement: 4814
@!@!@ENDMSG 2221 @!@!@
@!@!@STARTMSG 2221:0 @!@!@
  |line 89, col 17 to line 89, col 24 of module AccessControlManagement: 4056
@!@!@ENDMSG 2221 @!@!@
@!@!@STARTMSG 2221:0 @!@!@
  line 90, col 20 to line 90, col 47 of module AccessControlManagement: 758
@!@!@ENDMSG 2221 @!@!@
@!@!@STARTMSG 2221:0 @!@!@
  line 91, col 25 to line 91, col 58 of module AccessControlManagement: 300
@!@!@ENDMSG 2221 @!@!@
@!@!@STARTMSG 2221:0 @!@!@
  line 92, col 25 to line 92, col 61 of module AccessControlManagement: 458
@!@!@ENDMSG 2221 @!@!@
@!@!@STARTMSG 2221:0 @!@!@
  line 93, col 17 to line 93, col 51 of module AccessControlManagement: 758
@!@!@ENDMSG 2221 @!@!@
@!@!@STARTMSG 2772:0 @!@!@
<f line 95, col 1 to line 95, col 7 of module AccessControlManagement>: 443:1204
@!@!@ENDMSG 2772 @!@!@
@!@!@STARTMSG 2221:0 @!@!@
  line 95, col 15 to line 95, col 28 of module AccessControlManagement: 4351
@!@!@ENDMSG 2221 @!@!@
@!@!@STARTMSG 2221:0 @!@!@
  |line 95, col 15 to line 95, col 22 of module AccessControlManagement: 4050
@!@!@ENDMSG 2221 @!@!@
@!@!@STARTMSG 2221:0 @!@!@
  line 96, col 15 to line 96, col 25 of module AccessControlManagement: 301
@!@!@ENDMSG 2221 @!@!@
@!@!@STARTMSG 2221:0 @!@!@
  line 97, col 15 to line 100, col 51 of module AccessControlManagement: 301
@!@!@ENDMSG 2221 @!@!@
@!@!@STARTMSG 2221:0 @!@!@
  line 101, col 15 to line 101, col 43 of module AccessControlManagement: 1204
@!@!@ENDMSG 2221 @!@!@
@!@!@STARTMSG 2772:0 @!@!@
<a line 103, col 1 to line 103, col 7 of module AccessControlManagement>: 176:306
@!@!@ENDMSG 2772 @!@!@
@!@!@STARTMSG 2221:0 @!@!@
  line 103, col 15 to line 103, col 28 of module AccessControlManagement: 4352
@!@!@ENDMSG 2221 @!@!@
@!@!@STARTMSG 2221:0 @!@!@
  |line 103, col 15 to line 103, col 22 of module AccessControlManagement: 4046
@!@!@ENDMSG 2221 @!@!@
@!@!@STARTMSG 2221:0 @!@!@
  line 104, col 18 to line 104, col 49 of module AccessControlManagement: 306
@!@!@ENDMSG 2221 @!@!@
@!@!@STARTMSG 2221:0 @!@!@
  line 105, col 23 to line 105, col 80 of module AccessControlManagement: 306
@!@!@ENDMSG 2221 @!@!@
@!@!@STARTMSG 2221:0 @!@!@
  line 107, col 26 to line 107, col 35 of module AccessControlManagement: 0
@!@!@ENDMSG 2221 @!@!@
@!@!@STARTMSG 2221:0 @!@!@
  line 108, col 15 to line 108, col 45 of module AccessControlManagement: 306
@!@!@ENDMSG 2221 @!@!@
@!@!@STARTMSG 2221:0 @!@!@
  line 109, col 15 to line 109, col 44 of module AccessControlManagement: 306
@!@!@ENDMSG 2221 @!@!@
@!@!@STARTMSG 2772:0 @!@!@
<b line 111, col 1 to line 111, col 7 of module AccessControlManagement>: 134:302
@!@!@ENDMSG 2772 @!@!@
@!@!@STARTMSG 2221:0 @!@!@
  line 111, col 15 to line 111, col 28 of module AccessControlManagement: 4344
@!@!@ENDMSG 2221 @!@!@
@!@!@STARTMSG 2221:0 @!@!@
  |line 111, col 15 to line 111, col 22 of module AccessControlManagement: 4042
@!@!@ENDMSG 2221 @!@!@
@!@!@STARTMSG 2221:0 @!@!@
  line 112, col 18 to line 112, col 54 of module AccessControlManagement: 302
@!@!@ENDMSG 2221 @!@!@
@!@!@STARTMSG 2221:0 @!@!@
  line 115, col 39 to line 115, col 91 of module AccessControlManagement: 0
@!@!@ENDMSG 2221 @!@!@
@!@!@STARTMSG 2221:0 @!@!@
  line 116, col 39 to line 116, col 92 of module AccessControlManagement: 0
@!@!@ENDMSG 2221 @!@!@
@!@!@STARTMSG 2221:0 @!@!@
  line 117, col 23 to line 118, col 35 of module AccessControlManagement: 302
@!@!@ENDMSG 2221 @!@!@
@!@!@STARTMSG 2221:0 @!@!@
  line 119, col 15 to line 119, col 45 of module AccessControlManagement: 302
@!@!@ENDMSG 2221 @!@!@
@!@!@STARTMSG 2221:0 @!@!@
  line 120, col 15 to line 120, col 44 of module AccessControlManagement: 302
@!@!@ENDMSG 2221 @!@!@
@!@!@STARTMSG 2772:0 @!@!@
<c line 122, col 1 to line 122, col 7 of module AccessControlManagement>: 4:302
@!@!@ENDMSG 2772 @!@!@
@!@!@STARTMSG 2221:0 @!@!@
  line 122, col 15 to line 122, col 28 of module AccessControlManagement: 4344
@!@!@ENDMSG 2221 @!@!@
@!@!@STARTMSG 2221:0 @!@!@
  |line 122, col 15 to line 122, col 22 of module AccessControlManagement: 4042
@!@!@ENDMSG 2221 @!@!@
@!@!@STARTMSG 2221:0 @!@!@
  line 123, col 18 to line 123, col 52 of module AccessControlManagement: 302
@!@!@ENDMSG 2221 @!@!@
@!@!@STARTMSG 2221:0 @!@!@
  line 124, col 26 to line 124, col 75 of module AccessControlManagement: 0
@!@!@ENDMSG 2221 @!@!@
@!@!@STARTMSG 2221:0 @!@!@
  line 125, col 23 to line 126, col 35 of module AccessControlManagement: 302
@!@!@ENDMSG 2221 @!@!@
@!@!@STARTMSG 2221:0 @!@!@
  line 127, col 15 to line 127, col 45 of module AccessControlManagement: 302
@!@!@ENDMSG 2221 @!@!@
@!@!@STARTMSG 2221:0 @!@!@
  line 128, col 15 to line 128, col 44 of module AccessControlManagement: 302
@!@!@ENDMSG 2221 @!@!@
@!@!@STARTMSG 2772:0 @!@!@
<d line 130, col 1 to line 130, col 7 of module AccessControlManagement>: 0:302
@!@!@ENDMSG 2772 @!@!@
@!@!@STARTMSG 2221:0 @!@!@
  line 130, col 15 to line 130, col 28 of module AccessControlManagement: 4344
@!@!@ENDMSG 2221 @!@!@
@!@!@STARTMSG 2221:0 @!@!@
  |line 130, col 15 to line 130, col 22 of module AccessControlManagement: 4042
@!@!@ENDMSG 2221 @!@!@
@!@!@STARTMSG 2221:0 @!@!@
  line 131, col 18 to line 131, col 52 of module AccessControlManagement: 302
@!@!@ENDMSG 2221 @!@!@
@!@!@STARTMSG 2221:0 @!@!@
  line 132, col 26 to line 132, col 77 of module AccessControlManagement: 0
@!@!@ENDMSG 2221 @!@!@
@!@!@STARTMSG 2221:0 @!@!@
  line 133, col 23 to line 134, col 35 of module AccessControlManagement: 302
@!@!@ENDMSG 2221 @!@!@
@!@!@STARTMSG 2221:0 @!@!@
  line 135, col 15 to line 135, col 45 of module AccessControlManagement: 302
@!@!@ENDMSG 2221 @!@!@
@!@!@STARTMSG 2221:0 @!@!@
  line 136, col 15 to line 136, col 44 of module AccessControlManagement: 302
@!@!@ENDMSG 2221 @!@!@
@!@!@STARTMSG 2772:0 @!@!@
<N line 138, col 1 to line 138, col 7 of module AccessControlManagement>: 402:1252
@!@!@ENDMSG 2772 @!@!@
@!@!@STARTMSG 2221:0 @!@!@
  line 138, col 15 to line 138, col 28 of module AccessControlManagement: 5294
@!@!@ENDMSG 2221 @!@!@
@!@!@STARTMSG 2221:0 @!@!@
  |line 138, col 15 to line 138, col 22 of module AccessControlManagement: 4042
@!@!@ENDMSG 2221 @!@!@
@!@!@STARTMSG 2221:0 @!@!@
  line 139, col 15 to line 139, col 70 of module AccessControlManagement: 1252
@!@!@ENDMSG 2221 @!@!@
@!@!@STARTMSG 2221:0 @!@!@
  line 140, col 15 to line 140, col 47 of module AccessControlManagement: 1252
@!@!@ENDMSG 2221 @!@!@
@!@!@STARTMSG 2221:0 @!@!@
  line 141, col 15 to line 141, col 39 of module AccessControlManagement: 1252
@!@!@ENDMSG 2221 @!@!@
@!@!@STARTMSG 2772:0 @!@!@
<Terminating line 147, col 1 to line 147, col 11 of module AccessControlManagement>: 0:32
@!@!@ENDMSG 2772 @!@!@
@!@!@STARTMSG 2221:0 @!@!@
  line 147, col 40 to line 147, col 56 of module AccessControlManagement: 2306
@!@!@ENDMSG 2221 @!@!@
@!@!@STARTMSG 2221:0 @!@!@
  |line 147, col 40 to line 147, col 47 of module AccessControlManagement: 2242
@!@!@ENDMSG 2221 @!@!@
@!@!@STARTMSG 2221:0 @!@!@
  line 147, col 31 to line 147, col 37 of module AccessControlManagement: 2014
@!@!@ENDMSG 2221 @!@!@
@!@!@STARTMSG 2221:0 @!@!@
  line 148, col 19 to line 148, col 32 of module AccessControlManagement: 32
@!@!@ENDMSG 2221 @!@!@
@!@!@STARTMSG 2774:0 @!@!@
<AcmTypeOK line 160, col 1 to line 160, col 9 of module AccessControlManagement>
@!@!@ENDMSG 2774 @!@!@
@!@!@STARTMSG 2221:0 @!@!@
  line 160, col 14 to line 161, col 69 of module AccessControlManagement: 1629
@!@!@ENDMSG 2221 @!@!@
@!@!@STARTMSG 2774:0 @!@!@
<AcmConsistent line 163, col 1 to line 163, col 13 of module AccessControlManagement>
@!@!@ENDMSG 2774 @!@!@
@!@!@STARTMSG 2221:0 @!@!@
  line 163, col 18 to line 165, col 90 of module AccessControlManagement: 1629
@!@!@ENDMSG 2221 @!@!@
@!@!@STARTMSG 2221:0 @!@!@
  |line 163, col 20 to line 165, col 89 of module AccessControlManagement: 1629
@!@!@ENDMSG 2221 @!@!@
@!@!@STARTMSG 2221:0 @!@!@
  ||line 164, col 20 to line 165, col 89 of module AccessControlManagement: 3258
@!@!@ENDMSG 2221 @!@!@
@!@!@STARTMSG 2221:0 @!@!@
  |||line 165, col 25 to line 165, col 89 of module AccessControlManagement: 6516
@!@!@ENDMSG 2221 @!@!@
@!@!@STARTMSG 2221:0 @!@!@
  |||line 164, col 29 to line 164, col 37 of module AccessControlManagement: 3258
@!@!@ENDMSG 2221 @!@!@
@!@!@STARTMSG 2221:0 @!@!@
  ||line 163, col 29 to line 163, col 37 of module AccessControlManagement: 1629
@!@!@ENDMSG 2221 @!@!@
@!@!@STARTMSG 2202:0 @!@!@
End of statistics.
@!@!@ENDMSG 2202 @!@!@
@!@!@STARTMSG 2200:0 @!@!@
Progress(21) at 2023-05-26 14:17:48: 3,717 states generated (74,166 s/min), 1,629 distinct states found (32,504 ds/min), 0 states left on queue.
@!@!@ENDMSG 2200 @!@!@
@!@!@STARTMSG 2199:0 @!@!@
3717 states generated, 1629 distinct states found, 0 states left on queue.
@!@!@ENDMSG 2199 @!@!@
@!@!@STARTMSG 2186:0 @!@!@
Finished in 3015ms at (2023-05-26 14:17:48)
@!@!@ENDMSG 2186 @!@!@
