@!@!@STARTMSG 2262:0 @!@!@
TLC2 Version 2.16 of 31 December 2020 (rev: cdddf55)
@!@!@ENDMSG 2262 @!@!@
@!@!@STARTMSG 2187:0 @!@!@
Running breadth-first search Model-Checking with fp 125 and seed 694787130951176154 with 4 workers on 8 cores with 599MB heap and 1345MB offheap memory [pid: 11500] (Windows 10 10.0 amd64, AdoptOpenJDK 14.0.1 x86_64, OffHeapDiskFPSet, DiskStateQueue).
@!@!@ENDMSG 2187 @!@!@
@!@!@STARTMSG 2220:0 @!@!@
Starting SANY...
@!@!@ENDMSG 2220 @!@!@
Parsing file G:\repos\access-control-management\spec\AccessControlManagement.toolbox\Model_1\MC.tla
Parsing file G:\repos\access-control-management\spec\AccessControlManagement.toolbox\Model_1\AccessControlManagement.tla
Warning: symbols were renamed.
Parsing file G:\TLA+ Toolbox\plugins\org.lamport.tlatools_1.0.0.202012311918\tla2sany\StandardModules\TLC.tla
Parsing file G:\TLA+ Toolbox\plugins\org.lamport.tlatools_1.0.0.202012311918\tla2sany\StandardModules\Naturals.tla
Parsing file G:\TLA+ Toolbox\plugins\org.lamport.tlatools_1.0.0.202012311918\tla2sany\StandardModules\Sequences.tla
Parsing file G:\TLA+ Toolbox\plugins\org.lamport.tlatools_1.0.0.202012311918\tla2sany\StandardModules\FiniteSets.tla
Semantic processing of module Naturals
Semantic processing of module Sequences
Semantic processing of module AccessControlManagement
Semantic processing of module FiniteSets
Semantic processing of module TLC
Semantic processing of module MC
@!@!@STARTMSG 2219:0 @!@!@
SANY finished.
@!@!@ENDMSG 2219 @!@!@
@!@!@STARTMSG 2185:0 @!@!@
Starting... (2023-06-10 23:11:50)
@!@!@ENDMSG 2185 @!@!@
@!@!@STARTMSG 2212:0 @!@!@
Implied-temporal checking--satisfiability problem has 1 branches.
@!@!@ENDMSG 2212 @!@!@
@!@!@STARTMSG 2189:0 @!@!@
Computing initial states...
@!@!@ENDMSG 2189 @!@!@
@!@!@STARTMSG 2190:0 @!@!@
Finished computing initial states: 1 distinct state generated at 2023-06-10 23:11:51.
@!@!@ENDMSG 2190 @!@!@
@!@!@STARTMSG 2192:0 @!@!@
Checking temporal properties for the current state space with 35236 total distinct states at (2023-06-10 23:11:54)
@!@!@ENDMSG 2192 @!@!@
@!@!@STARTMSG 2267:0 @!@!@
Finished checking temporal properties in 00s at 2023-06-10 23:11:55
@!@!@ENDMSG 2267 @!@!@
@!@!@STARTMSG 2200:0 @!@!@
Progress(21) at 2023-06-10 23:11:55: 74,456 states generated (74,456 s/min), 35,636 distinct states found (35,636 ds/min), 11,091 states left on queue.
@!@!@ENDMSG 2200 @!@!@
@!@!@STARTMSG 2110:1 @!@!@
Invariant AcmRedelegation is violated.
@!@!@ENDMSG 2110 @!@!@
@!@!@STARTMSG 2121:1 @!@!@
The behavior up to this point is:
@!@!@ENDMSG 2121 @!@!@
@!@!@STARTMSG 2217:4 @!@!@
1: <Initial predicate>
/\ Acl_PermissionType = <<<<"NULL", "NULL">>, <<"NULL", "NULL">>>>
/\ Acl_Status = <<<<"NULL", "NULL">>, <<"NULL", "NULL">>>>
/\ p2 = <<0, 0>>
/\ app1 = <<0, 0>>
/\ app2 = <<0, 0>>
/\ Resource = <<0, 0>>
/\ pc = <<"s0", "s0">>
/\ Grid = <<<<FALSE, FALSE>>, <<FALSE, FALSE>>>>
/\ Consent = <<<<FALSE, FALSE>>, <<FALSE, FALSE>>>>
/\ ResourceList_ = <<1..2, 1..2>>
/\ Acl_PermissionLevel = <<<<"NULL", "NULL">>, <<"NULL", "NULL">>>>
/\ stack = <<<<>>, <<>>>>
/\ ResourceList = <<1..2, 1..2>>

@!@!@ENDMSG 2217 @!@!@
@!@!@STARTMSG 2217:4 @!@!@
2: <s0 line 232, col 13 to line 237, col 80 of module AccessControlManagement>
/\ Acl_PermissionType = <<<<"NULL", "NULL">>, <<"NULL", "NULL">>>>
/\ Acl_Status = <<<<"NULL", "NULL">>, <<"NULL", "NULL">>>>
/\ p2 = <<0, 0>>
/\ app1 = <<0, 0>>
/\ app2 = <<0, 0>>
/\ Resource = <<0, 0>>
/\ pc = <<"s0", "s1">>
/\ Grid = <<<<FALSE, FALSE>>, <<FALSE, TRUE>>>>
/\ Consent = <<<<FALSE, FALSE>>, <<FALSE, FALSE>>>>
/\ ResourceList_ = <<1..2, 1..2>>
/\ Acl_PermissionLevel = <<<<"NULL", "NULL">>, <<"NULL", "NULL">>>>
/\ stack = <<<<>>, <<>>>>
/\ ResourceList = <<1..2, 1..2>>

@!@!@ENDMSG 2217 @!@!@
@!@!@STARTMSG 2217:4 @!@!@
3: <s1 line 239, col 13 to line 243, col 80 of module AccessControlManagement>
/\ Acl_PermissionType = <<<<"NULL", "NULL">>, <<"NULL", "NULL">>>>
/\ Acl_Status = <<<<"NULL", "NULL">>, <<"NULL", "NULL">>>>
/\ p2 = <<0, 0>>
/\ app1 = <<0, 0>>
/\ app2 = <<0, 0>>
/\ Resource = <<0, 0>>
/\ pc = <<"s0", "s2">>
/\ Grid = <<<<FALSE, FALSE>>, <<FALSE, TRUE>>>>
/\ Consent = <<<<FALSE, FALSE>>, <<FALSE, FALSE>>>>
/\ ResourceList_ = <<1..2, 1..2>>
/\ Acl_PermissionLevel = <<<<"NULL", "NULL">>, <<"NULL", "NULL">>>>
/\ stack = <<<<>>, <<>>>>
/\ ResourceList = <<1..2, 1..2>>

@!@!@ENDMSG 2217 @!@!@
@!@!@STARTMSG 2217:4 @!@!@
4: <s2 line 245, col 13 to line 251, col 70 of module AccessControlManagement>
/\ Acl_PermissionType = <<<<"NULL", "NULL">>, <<"NULL", "NULL">>>>
/\ Acl_Status = <<<<"NULL", "NULL">>, <<"NULL", "NULL">>>>
/\ p2 = <<0, 0>>
/\ app1 = <<0, 0>>
/\ app2 = <<0, 0>>
/\ Resource = <<0, 1>>
/\ pc = <<"s0", "s3">>
/\ Grid = <<<<FALSE, FALSE>>, <<FALSE, TRUE>>>>
/\ Consent = <<<<FALSE, FALSE>>, <<FALSE, FALSE>>>>
/\ ResourceList_ = <<1..2, 1..2>>
/\ Acl_PermissionLevel = <<<<"NULL", "NULL">>, <<"NULL", "NULL">>>>
/\ stack = <<<<>>, <<>>>>
/\ ResourceList = <<1..2, 1..2>>

@!@!@ENDMSG 2217 @!@!@
@!@!@STARTMSG 2217:4 @!@!@
5: <s3 line 253, col 13 to line 268, col 53 of module AccessControlManagement>
/\ Acl_PermissionType = <<<<"NULL", "NULL">>, <<"NULL", "NULL">>>>
/\ Acl_Status = <<<<"NULL", "NULL">>, <<"NULL", "NULL">>>>
/\ p2 = <<0, 0>>
/\ app1 = <<0, 0>>
/\ app2 = <<0, 0>>
/\ Resource = <<0, 1>>
/\ pc = <<"s0", "s4">>
/\ Grid = <<<<FALSE, FALSE>>, <<FALSE, TRUE>>>>
/\ Consent = <<<<FALSE, FALSE>>, <<FALSE, FALSE>>>>
/\ ResourceList_ = <<1..2, 1..2>>
/\ Acl_PermissionLevel = <<<<"NULL", "NULL">>, <<"NULL", "NULL">>>>
/\ stack = <<<<>>, <<>>>>
/\ ResourceList = <<1..2, 1..2>>

@!@!@ENDMSG 2217 @!@!@
@!@!@STARTMSG 2217:4 @!@!@
6: <s4 line 270, col 13 to line 297, col 53 of module AccessControlManagement>
/\ Acl_PermissionType = <<<<"NULL", "NULL">>, <<"URI_PERMISSION", "NULL">>>>
/\ Acl_Status = <<<<"NULL", "NULL">>, <<"NULL", "NULL">>>>
/\ p2 = <<0, 0>>
/\ app1 = <<0, 0>>
/\ app2 = <<0, 0>>
/\ Resource = <<0, 1>>
/\ pc = <<"s0", "s5">>
/\ Grid = <<<<FALSE, FALSE>>, <<FALSE, TRUE>>>>
/\ Consent = <<<<FALSE, FALSE>>, <<FALSE, FALSE>>>>
/\ ResourceList_ = <<1..2, 1..2>>
/\ Acl_PermissionLevel = <<<<"NULL", "NULL">>, <<"NORMAL", "NULL">>>>
/\ stack = <<<<>>, <<>>>>
/\ ResourceList = <<1..2, 1..2>>

@!@!@ENDMSG 2217 @!@!@
@!@!@STARTMSG 2217:4 @!@!@
7: <s5 line 299, col 13 to line 318, col 39 of module AccessControlManagement>
/\ Acl_PermissionType = <<<<"NULL", "NULL">>, <<"URI_PERMISSION", "NULL">>>>
/\ Acl_Status = <<<<"NULL", "NULL">>, <<"NULL", "NULL">>>>
/\ p2 = <<0, 0>>
/\ app1 = <<0, 0>>
/\ app2 = <<0, 0>>
/\ Resource = <<0, 1>>
/\ pc = <<"s0", "s1">>
/\ Grid = <<<<FALSE, FALSE>>, <<FALSE, TRUE>>>>
/\ Consent = <<<<FALSE, FALSE>>, <<FALSE, FALSE>>>>
/\ ResourceList_ = <<1..2, 1..2>>
/\ Acl_PermissionLevel = <<<<"NULL", "NULL">>, <<"NORMAL", "NULL">>>>
/\ stack = <<<<>>, <<>>>>
/\ ResourceList = <<1..2, 1..2>>

@!@!@ENDMSG 2217 @!@!@
@!@!@STARTMSG 2217:4 @!@!@
8: <s1 line 239, col 13 to line 243, col 80 of module AccessControlManagement>
/\ Acl_PermissionType = <<<<"NULL", "NULL">>, <<"URI_PERMISSION", "NULL">>>>
/\ Acl_Status = <<<<"NULL", "NULL">>, <<"NULL", "NULL">>>>
/\ p2 = <<0, 0>>
/\ app1 = <<0, 0>>
/\ app2 = <<0, 0>>
/\ Resource = <<0, 1>>
/\ pc = <<"s0", "s2">>
/\ Grid = <<<<FALSE, FALSE>>, <<FALSE, TRUE>>>>
/\ Consent = <<<<FALSE, FALSE>>, <<FALSE, FALSE>>>>
/\ ResourceList_ = <<1..2, 1..2>>
/\ Acl_PermissionLevel = <<<<"NULL", "NULL">>, <<"NORMAL", "NULL">>>>
/\ stack = <<<<>>, <<>>>>
/\ ResourceList = <<1..2, 1..2>>

@!@!@ENDMSG 2217 @!@!@
@!@!@STARTMSG 2217:4 @!@!@
9: <s2 line 245, col 13 to line 251, col 70 of module AccessControlManagement>
/\ Acl_PermissionType = <<<<"NULL", "NULL">>, <<"URI_PERMISSION", "NULL">>>>
/\ Acl_Status = <<<<"NULL", "NULL">>, <<"NULL", "NULL">>>>
/\ p2 = <<0, 0>>
/\ app1 = <<0, 0>>
/\ app2 = <<0, 0>>
/\ Resource = <<0, 1>>
/\ pc = <<"s0", "s3">>
/\ Grid = <<<<FALSE, FALSE>>, <<FALSE, TRUE>>>>
/\ Consent = <<<<FALSE, FALSE>>, <<FALSE, FALSE>>>>
/\ ResourceList_ = <<1..2, 1..2>>
/\ Acl_PermissionLevel = <<<<"NULL", "NULL">>, <<"NORMAL", "NULL">>>>
/\ stack = <<<<>>, <<>>>>
/\ ResourceList = <<1..2, 1..2>>

@!@!@ENDMSG 2217 @!@!@
@!@!@STARTMSG 2217:4 @!@!@
10: <s3 line 253, col 13 to line 268, col 53 of module AccessControlManagement>
/\ Acl_PermissionType = <<<<"NULL", "NULL">>, <<"URI_PERMISSION", "NULL">>>>
/\ Acl_Status = <<<<"NULL", "NULL">>, <<"NULL", "NULL">>>>
/\ p2 = <<0, 0>>
/\ app1 = <<0, 0>>
/\ app2 = <<0, 0>>
/\ Resource = <<0, 1>>
/\ pc = <<"s0", "s4">>
/\ Grid = <<<<FALSE, FALSE>>, <<FALSE, TRUE>>>>
/\ Consent = <<<<FALSE, FALSE>>, <<FALSE, FALSE>>>>
/\ ResourceList_ = <<1..2, 1..2>>
/\ Acl_PermissionLevel = <<<<"NULL", "NULL">>, <<"NORMAL", "NULL">>>>
/\ stack = <<<<>>, <<>>>>
/\ ResourceList = <<1..2, 1..2>>

@!@!@ENDMSG 2217 @!@!@
@!@!@STARTMSG 2217:4 @!@!@
11: <s4 line 270, col 13 to line 297, col 53 of module AccessControlManagement>
/\ Acl_PermissionType = <<<<"NULL", "NULL">>, <<"URI_PERMISSION", "NULL">>>>
/\ Acl_Status = <<<<"NULL", "NULL">>, <<"REQUESTED", "NULL">>>>
/\ p2 = <<0, 0>>
/\ app1 = <<0, 0>>
/\ app2 = <<0, 0>>
/\ Resource = <<0, 1>>
/\ pc = <<"s0", "s5">>
/\ Grid = <<<<FALSE, FALSE>>, <<FALSE, TRUE>>>>
/\ Consent = <<<<FALSE, FALSE>>, <<FALSE, FALSE>>>>
/\ ResourceList_ = <<1..2, 1..2>>
/\ Acl_PermissionLevel = <<<<"NULL", "NULL">>, <<"NORMAL", "NULL">>>>
/\ stack = <<<<>>, <<>>>>
/\ ResourceList = <<1..2, 1..2>>

@!@!@ENDMSG 2217 @!@!@
@!@!@STARTMSG 2217:4 @!@!@
12: <s5 line 299, col 13 to line 318, col 39 of module AccessControlManagement>
/\ Acl_PermissionType = <<<<"NULL", "NULL">>, <<"URI_PERMISSION", "NULL">>>>
/\ Acl_Status = <<<<"NULL", "NULL">>, <<"REQUESTED", "NULL">>>>
/\ p2 = <<0, 0>>
/\ app1 = <<0, 0>>
/\ app2 = <<0, 0>>
/\ Resource = <<0, 1>>
/\ pc = <<"s0", "s1">>
/\ Grid = <<<<FALSE, FALSE>>, <<FALSE, TRUE>>>>
/\ Consent = <<<<FALSE, FALSE>>, <<FALSE, FALSE>>>>
/\ ResourceList_ = <<1..2, 1..2>>
/\ Acl_PermissionLevel = <<<<"NULL", "NULL">>, <<"NORMAL", "NULL">>>>
/\ stack = <<<<>>, <<>>>>
/\ ResourceList = <<1..2, 1..2>>

@!@!@ENDMSG 2217 @!@!@
@!@!@STARTMSG 2217:4 @!@!@
13: <s1 line 239, col 13 to line 243, col 80 of module AccessControlManagement>
/\ Acl_PermissionType = <<<<"NULL", "NULL">>, <<"URI_PERMISSION", "NULL">>>>
/\ Acl_Status = <<<<"NULL", "NULL">>, <<"REQUESTED", "NULL">>>>
/\ p2 = <<0, 0>>
/\ app1 = <<0, 0>>
/\ app2 = <<0, 0>>
/\ Resource = <<0, 1>>
/\ pc = <<"s0", "s2">>
/\ Grid = <<<<FALSE, FALSE>>, <<FALSE, TRUE>>>>
/\ Consent = <<<<FALSE, FALSE>>, <<FALSE, FALSE>>>>
/\ ResourceList_ = <<1..2, 1..2>>
/\ Acl_PermissionLevel = <<<<"NULL", "NULL">>, <<"NORMAL", "NULL">>>>
/\ stack = <<<<>>, <<>>>>
/\ ResourceList = <<1..2, 1..2>>

@!@!@ENDMSG 2217 @!@!@
@!@!@STARTMSG 2217:4 @!@!@
14: <s2 line 245, col 13 to line 251, col 70 of module AccessControlManagement>
/\ Acl_PermissionType = <<<<"NULL", "NULL">>, <<"URI_PERMISSION", "NULL">>>>
/\ Acl_Status = <<<<"NULL", "NULL">>, <<"REQUESTED", "NULL">>>>
/\ p2 = <<0, 0>>
/\ app1 = <<0, 0>>
/\ app2 = <<0, 0>>
/\ Resource = <<0, 1>>
/\ pc = <<"s0", "s3">>
/\ Grid = <<<<FALSE, FALSE>>, <<FALSE, TRUE>>>>
/\ Consent = <<<<FALSE, FALSE>>, <<FALSE, FALSE>>>>
/\ ResourceList_ = <<1..2, 1..2>>
/\ Acl_PermissionLevel = <<<<"NULL", "NULL">>, <<"NORMAL", "NULL">>>>
/\ stack = <<<<>>, <<>>>>
/\ ResourceList = <<1..2, 1..2>>

@!@!@ENDMSG 2217 @!@!@
@!@!@STARTMSG 2217:4 @!@!@
15: <s3 line 253, col 13 to line 268, col 53 of module AccessControlManagement>
/\ Acl_PermissionType = <<<<"NULL", "NULL">>, <<"URI_PERMISSION", "NULL">>>>
/\ Acl_Status = <<<<"NULL", "NULL">>, <<"REQUESTED", "NULL">>>>
/\ p2 = <<0, 0>>
/\ app1 = <<0, 0>>
/\ app2 = <<0, 0>>
/\ Resource = <<0, 1>>
/\ pc = <<"s0", "s4">>
/\ Grid = <<<<FALSE, FALSE>>, <<FALSE, TRUE>>>>
/\ Consent = <<<<FALSE, FALSE>>, <<FALSE, FALSE>>>>
/\ ResourceList_ = <<1..2, 1..2>>
/\ Acl_PermissionLevel = <<<<"NULL", "NULL">>, <<"NORMAL", "NULL">>>>
/\ stack = <<<<>>, <<>>>>
/\ ResourceList = <<1..2, 1..2>>

@!@!@ENDMSG 2217 @!@!@
@!@!@STARTMSG 2217:4 @!@!@
16: <s4 line 270, col 13 to line 297, col 53 of module AccessControlManagement>
/\ Acl_PermissionType = <<<<"NULL", "NULL">>, <<"URI_PERMISSION", "NULL">>>>
/\ Acl_Status = <<<<"NULL", "NULL">>, <<"ALLOWED", "NULL">>>>
/\ p2 = <<0, 0>>
/\ app1 = <<0, 0>>
/\ app2 = <<0, 0>>
/\ Resource = <<0, 1>>
/\ pc = <<"s0", "s5">>
/\ Grid = <<<<FALSE, FALSE>>, <<FALSE, TRUE>>>>
/\ Consent = <<<<FALSE, FALSE>>, <<TRUE, FALSE>>>>
/\ ResourceList_ = <<1..2, 1..2>>
/\ Acl_PermissionLevel = <<<<"NULL", "NULL">>, <<"NORMAL", "NULL">>>>
/\ stack = <<<<>>, <<>>>>
/\ ResourceList = <<1..2, 1..2>>

@!@!@ENDMSG 2217 @!@!@
@!@!@STARTMSG 2217:4 @!@!@
17: <s5 line 299, col 13 to line 318, col 39 of module AccessControlManagement>
/\ Acl_PermissionType = <<<<"NULL", "NULL">>, <<"URI_PERMISSION", "NULL">>>>
/\ Acl_Status = <<<<"NULL", "NULL">>, <<"ALLOWED", "NULL">>>>
/\ p2 = <<0, 0>>
/\ app1 = <<0, 0>>
/\ app2 = <<0, 0>>
/\ Resource = <<0, 1>>
/\ pc = <<"s0", "s1">>
/\ Grid = <<<<FALSE, FALSE>>, <<FALSE, TRUE>>>>
/\ Consent = <<<<FALSE, FALSE>>, <<TRUE, FALSE>>>>
/\ ResourceList_ = <<1..2, 1..2>>
/\ Acl_PermissionLevel = <<<<"NULL", "NULL">>, <<"NORMAL", "NULL">>>>
/\ stack = <<<<>>, <<>>>>
/\ ResourceList = <<1..2, 1..2>>

@!@!@ENDMSG 2217 @!@!@
@!@!@STARTMSG 2217:4 @!@!@
18: <s1 line 239, col 13 to line 243, col 80 of module AccessControlManagement>
/\ Acl_PermissionType = <<<<"NULL", "NULL">>, <<"URI_PERMISSION", "NULL">>>>
/\ Acl_Status = <<<<"NULL", "NULL">>, <<"ALLOWED", "NULL">>>>
/\ p2 = <<0, 0>>
/\ app1 = <<0, 0>>
/\ app2 = <<0, 0>>
/\ Resource = <<0, 1>>
/\ pc = <<"s0", "s2">>
/\ Grid = <<<<FALSE, FALSE>>, <<FALSE, TRUE>>>>
/\ Consent = <<<<FALSE, FALSE>>, <<TRUE, FALSE>>>>
/\ ResourceList_ = <<1..2, 1..2>>
/\ Acl_PermissionLevel = <<<<"NULL", "NULL">>, <<"NORMAL", "NULL">>>>
/\ stack = <<<<>>, <<>>>>
/\ ResourceList = <<1..2, 1..2>>

@!@!@ENDMSG 2217 @!@!@
@!@!@STARTMSG 2217:4 @!@!@
19: <s2 line 245, col 13 to line 251, col 70 of module AccessControlManagement>
/\ Acl_PermissionType = <<<<"NULL", "NULL">>, <<"URI_PERMISSION", "NULL">>>>
/\ Acl_Status = <<<<"NULL", "NULL">>, <<"ALLOWED", "NULL">>>>
/\ p2 = <<0, 0>>
/\ app1 = <<0, 0>>
/\ app2 = <<0, 0>>
/\ Resource = <<0, 1>>
/\ pc = <<"s0", "s3">>
/\ Grid = <<<<FALSE, FALSE>>, <<FALSE, TRUE>>>>
/\ Consent = <<<<FALSE, FALSE>>, <<TRUE, FALSE>>>>
/\ ResourceList_ = <<1..2, 1..2>>
/\ Acl_PermissionLevel = <<<<"NULL", "NULL">>, <<"NORMAL", "NULL">>>>
/\ stack = <<<<>>, <<>>>>
/\ ResourceList = <<1..2, 1..2>>

@!@!@ENDMSG 2217 @!@!@
@!@!@STARTMSG 2217:4 @!@!@
20: <s3 line 253, col 13 to line 268, col 53 of module AccessControlManagement>
/\ Acl_PermissionType = <<<<"NULL", "NULL">>, <<"URI_PERMISSION", "NULL">>>>
/\ Acl_Status = <<<<"NULL", "NULL">>, <<"ALLOWED", "NULL">>>>
/\ p2 = <<0, 2>>
/\ app1 = <<0, 0>>
/\ app2 = <<0, 0>>
/\ Resource = <<0, 1>>
/\ pc = <<"s0", "UPDATE">>
/\ Grid = <<<<FALSE, FALSE>>, <<FALSE, TRUE>>>>
/\ Consent = <<<<FALSE, FALSE>>, <<TRUE, FALSE>>>>
/\ ResourceList_ = <<1..2, 1..2>>
/\ Acl_PermissionLevel = <<<<"NULL", "NULL">>, <<"NORMAL", "NULL">>>>
/\ stack = <<<<>>, <<[pc |-> "s4", p2 |-> 0, ResourceList_ |-> 1..2, procedure |-> "Update"]>>>>
/\ ResourceList = <<1..2, 1..2>>

@!@!@ENDMSG 2217 @!@!@
@!@!@STARTMSG 2217:4 @!@!@
21: <UPDATE line 185, col 17 to line 203, col 63 of module AccessControlManagement>
/\ Acl_PermissionType = <<<<"NULL", "NULL">>, <<"URI_PERMISSION", "NULL">>>>
/\ Acl_Status = <<<<"NULL", "NULL">>, <<"ALLOWED", "NULL">>>>
/\ p2 = <<0, 2>>
/\ app1 = <<0, 0>>
/\ app2 = <<0, 0>>
/\ Resource = <<0, 1>>
/\ pc = <<"s0", "UPDATE">>
/\ Grid = <<<<FALSE, FALSE>>, <<FALSE, TRUE>>>>
/\ Consent = <<<<FALSE, FALSE>>, <<FALSE, FALSE>>>>
/\ ResourceList_ = <<1..2, {2}>>
/\ Acl_PermissionLevel = <<<<"NULL", "NULL">>, <<"DANGEROUS", "NULL">>>>
/\ stack = <<<<>>, <<[pc |-> "s4", p2 |-> 0, ResourceList_ |-> 1..2, procedure |-> "Update"]>>>>
/\ ResourceList = <<1..2, 1..2>>

@!@!@ENDMSG 2217 @!@!@
@!@!@STARTMSG 2217:4 @!@!@
22: <UPDATE line 185, col 17 to line 203, col 63 of module AccessControlManagement>
/\ Acl_PermissionType = <<<<"NULL", "NULL">>, <<"URI_PERMISSION", "NULL">>>>
/\ Acl_Status = <<<<"NULL", "NULL">>, <<"ALLOWED", "NULL">>>>
/\ p2 = <<0, 2>>
/\ app1 = <<0, 0>>
/\ app2 = <<0, 0>>
/\ Resource = <<0, 1>>
/\ pc = <<"s0", "UPDATE">>
/\ Grid = <<<<FALSE, FALSE>>, <<FALSE, TRUE>>>>
/\ Consent = <<<<FALSE, FALSE>>, <<FALSE, FALSE>>>>
/\ ResourceList_ = <<1..2, {}>>
/\ Acl_PermissionLevel = <<<<"NULL", "NULL">>, <<"DANGEROUS", "NULL">>>>
/\ stack = <<<<>>, <<[pc |-> "s4", p2 |-> 0, ResourceList_ |-> 1..2, procedure |-> "Update"]>>>>
/\ ResourceList = <<1..2, 1..2>>

@!@!@ENDMSG 2217 @!@!@
@!@!@STARTMSG 2217:4 @!@!@
23: <UPDATE line 185, col 17 to line 203, col 63 of module AccessControlManagement>
/\ Acl_PermissionType = <<<<"NULL", "NULL">>, <<"URI_PERMISSION", "NULL">>>>
/\ Acl_Status = <<<<"NULL", "NULL">>, <<"ALLOWED", "NULL">>>>
/\ p2 = <<0, 0>>
/\ app1 = <<0, 0>>
/\ app2 = <<0, 0>>
/\ Resource = <<0, 1>>
/\ pc = <<"s0", "s4">>
/\ Grid = <<<<FALSE, FALSE>>, <<FALSE, TRUE>>>>
/\ Consent = <<<<FALSE, FALSE>>, <<FALSE, FALSE>>>>
/\ ResourceList_ = <<1..2, 1..2>>
/\ Acl_PermissionLevel = <<<<"NULL", "NULL">>, <<"DANGEROUS", "NULL">>>>
/\ stack = <<<<>>, <<>>>>
/\ ResourceList = <<1..2, 1..2>>

@!@!@ENDMSG 2217 @!@!@
@!@!@STARTMSG 2217:4 @!@!@
24: <s4 line 270, col 13 to line 297, col 53 of module AccessControlManagement>
/\ Acl_PermissionType = <<<<"NULL", "NULL">>, <<"URI_PERMISSION", "NULL">>>>
/\ Acl_Status = <<<<"NULL", "NULL">>, <<"IN_USE", "NULL">>>>
/\ p2 = <<0, 0>>
/\ app1 = <<0, 0>>
/\ app2 = <<0, 0>>
/\ Resource = <<0, 1>>
/\ pc = <<"s0", "s5">>
/\ Grid = <<<<FALSE, FALSE>>, <<FALSE, TRUE>>>>
/\ Consent = <<<<FALSE, FALSE>>, <<FALSE, FALSE>>>>
/\ ResourceList_ = <<1..2, 1..2>>
/\ Acl_PermissionLevel = <<<<"NULL", "NULL">>, <<"DANGEROUS", "NULL">>>>
/\ stack = <<<<>>, <<>>>>
/\ ResourceList = <<1..2, 1..2>>

@!@!@ENDMSG 2217 @!@!@
@!@!@STARTMSG 2201:0 @!@!@
The coverage statistics at 2023-06-10 23:11:59
@!@!@ENDMSG 2201 @!@!@
@!@!@STARTMSG 2773:0 @!@!@
<Init line 167, col 1 to line 167, col 4 of module AccessControlManagement>: 2:2
@!@!@ENDMSG 2773 @!@!@
@!@!@STARTMSG 2221:0 @!@!@
  line 168, col 9 to line 183, col 43 of module AccessControlManagement: 2
@!@!@ENDMSG 2221 @!@!@
@!@!@STARTMSG 2772:0 @!@!@
<UPDATE line 185, col 1 to line 185, col 12 of module AccessControlManagement>: 24323:58408
@!@!@ENDMSG 2772 @!@!@
@!@!@STARTMSG 2221:0 @!@!@
  line 185, col 20 to line 185, col 38 of module AccessControlManagement: 236961
@!@!@ENDMSG 2221 @!@!@
@!@!@STARTMSG 2221:0 @!@!@
  |line 185, col 20 to line 185, col 27 of module AccessControlManagement: 193724
@!@!@ENDMSG 2221 @!@!@
@!@!@STARTMSG 2221:0 @!@!@
  line 186, col 23 to line 186, col 46 of module AccessControlManagement: 43237
@!@!@ENDMSG 2221 @!@!@
@!@!@STARTMSG 2221:0 @!@!@
  line 188, col 39 to line 188, col 79 of module AccessControlManagement: 51267
@!@!@ENDMSG 2221 @!@!@
@!@!@STARTMSG 2221:0 @!@!@
  line 189, col 44 to line 190, col 96 of module AccessControlManagement: 20531
@!@!@ENDMSG 2221 @!@!@
@!@!@STARTMSG 2221:0 @!@!@
  line 191, col 47 to line 191, col 50 of module AccessControlManagement: 30736
@!@!@ENDMSG 2221 @!@!@
@!@!@STARTMSG 2221:0 @!@!@
  line 192, col 47 to line 193, col 69 of module AccessControlManagement: 30736
@!@!@ENDMSG 2221 @!@!@
@!@!@STARTMSG 2221:0 @!@!@
  line 194, col 36 to line 194, col 110 of module AccessControlManagement: 51267
@!@!@ENDMSG 2221 @!@!@
@!@!@STARTMSG 2221:0 @!@!@
  line 187, col 40 to line 187, col 58 of module AccessControlManagement: 36096
@!@!@ENDMSG 2221 @!@!@
@!@!@STARTMSG 2221:0 @!@!@
  line 195, col 31 to line 195, col 66 of module AccessControlManagement: 51267
@!@!@ENDMSG 2221 @!@!@
@!@!@STARTMSG 2221:0 @!@!@
  line 196, col 31 to line 196, col 55 of module AccessControlManagement: 51267
@!@!@ENDMSG 2221 @!@!@
@!@!@STARTMSG 2221:0 @!@!@
  line 197, col 31 to line 197, col 78 of module AccessControlManagement: 7141
@!@!@ENDMSG 2221 @!@!@
@!@!@STARTMSG 2221:0 @!@!@
  line 198, col 31 to line 198, col 111 of module AccessControlManagement: 7141
@!@!@ENDMSG 2221 @!@!@
@!@!@STARTMSG 2221:0 @!@!@
  line 199, col 31 to line 199, col 78 of module AccessControlManagement: 7141
@!@!@ENDMSG 2221 @!@!@
@!@!@STARTMSG 2221:0 @!@!@
  line 200, col 31 to line 200, col 81 of module AccessControlManagement: 7141
@!@!@ENDMSG 2221 @!@!@
@!@!@STARTMSG 2221:0 @!@!@
  line 201, col 31 to line 201, col 74 of module AccessControlManagement: 7141
@!@!@ENDMSG 2221 @!@!@
@!@!@STARTMSG 2221:0 @!@!@
  line 202, col 20 to line 203, col 63 of module AccessControlManagement: 58408
@!@!@ENDMSG 2221 @!@!@
@!@!@STARTMSG 2772:0 @!@!@
<DELEGATE line 207, col 1 to line 207, col 14 of module AccessControlManagement>: 24134:58893
@!@!@ENDMSG 2772 @!@!@
@!@!@STARTMSG 2221:0 @!@!@
  line 207, col 22 to line 207, col 42 of module AccessControlManagement: 239400
@!@!@ENDMSG 2221 @!@!@
@!@!@STARTMSG 2221:0 @!@!@
  |line 207, col 22 to line 207, col 29 of module AccessControlManagement: 193721
@!@!@ENDMSG 2221 @!@!@
@!@!@STARTMSG 2221:0 @!@!@
  line 208, col 25 to line 208, col 47 of module AccessControlManagement: 45679
@!@!@ENDMSG 2221 @!@!@
@!@!@STARTMSG 2221:0 @!@!@
  line 210, col 41 to line 210, col 124 of module AccessControlManagement: 49641
@!@!@ENDMSG 2221 @!@!@
@!@!@STARTMSG 2221:0 @!@!@
  |line 210, col 41 to line 210, col 80 of module AccessControlManagement: 49641
@!@!@ENDMSG 2221 @!@!@
@!@!@STARTMSG 2221:0 @!@!@
  |line 210, col 85 to line 210, col 124 of module AccessControlManagement: 28176
@!@!@ENDMSG 2221 @!@!@
@!@!@STARTMSG 2221:0 @!@!@
  line 211, col 46 to line 211, col 150 of module AccessControlManagement: 8944
@!@!@ENDMSG 2221 @!@!@
@!@!@STARTMSG 2221:0 @!@!@
  line 212, col 49 to line 212, col 52 of module AccessControlManagement: 40697
@!@!@ENDMSG 2221 @!@!@
@!@!@STARTMSG 2221:0 @!@!@
  line 213, col 49 to line 213, col 76 of module AccessControlManagement: 40697
@!@!@ENDMSG 2221 @!@!@
@!@!@STARTMSG 2221:0 @!@!@
  line 214, col 41 to line 214, col 108 of module AccessControlManagement: 49641
@!@!@ENDMSG 2221 @!@!@
@!@!@STARTMSG 2221:0 @!@!@
  |line 214, col 41 to line 214, col 72 of module AccessControlManagement: 49641
@!@!@ENDMSG 2221 @!@!@
@!@!@STARTMSG 2221:0 @!@!@
  |line 214, col 77 to line 214, col 108 of module AccessControlManagement: 4400
@!@!@ENDMSG 2221 @!@!@
@!@!@STARTMSG 2221:0 @!@!@
  line 215, col 46 to line 215, col 126 of module AccessControlManagement: 3744
@!@!@ENDMSG 2221 @!@!@
@!@!@STARTMSG 2221:0 @!@!@
  line 216, col 49 to line 216, col 52 of module AccessControlManagement: 45897
@!@!@ENDMSG 2221 @!@!@
@!@!@STARTMSG 2221:0 @!@!@
  line 217, col 49 to line 217, col 68 of module AccessControlManagement: 45897
@!@!@ENDMSG 2221 @!@!@
@!@!@STARTMSG 2221:0 @!@!@
  line 218, col 38 to line 218, col 109 of module AccessControlManagement: 49641
@!@!@ENDMSG 2221 @!@!@
@!@!@STARTMSG 2221:0 @!@!@
  line 209, col 42 to line 209, col 59 of module AccessControlManagement: 36427
@!@!@ENDMSG 2221 @!@!@
@!@!@STARTMSG 2221:0 @!@!@
  line 219, col 33 to line 219, col 70 of module AccessControlManagement: 49641
@!@!@ENDMSG 2221 @!@!@
@!@!@STARTMSG 2221:0 @!@!@
  line 220, col 33 to line 220, col 65 of module AccessControlManagement: 49641
@!@!@ENDMSG 2221 @!@!@
@!@!@STARTMSG 2221:0 @!@!@
  line 221, col 33 to line 221, col 80 of module AccessControlManagement: 9252
@!@!@ENDMSG 2221 @!@!@
@!@!@STARTMSG 2221:0 @!@!@
  line 222, col 33 to line 222, col 110 of module AccessControlManagement: 9252
@!@!@ENDMSG 2221 @!@!@
@!@!@STARTMSG 2221:0 @!@!@
  line 223, col 33 to line 223, col 86 of module AccessControlManagement: 9252
@!@!@ENDMSG 2221 @!@!@
@!@!@STARTMSG 2221:0 @!@!@
  line 224, col 33 to line 224, col 86 of module AccessControlManagement: 9252
@!@!@ENDMSG 2221 @!@!@
@!@!@STARTMSG 2221:0 @!@!@
  line 225, col 33 to line 225, col 83 of module AccessControlManagement: 9252
@!@!@ENDMSG 2221 @!@!@
@!@!@STARTMSG 2221:0 @!@!@
  line 226, col 33 to line 226, col 78 of module AccessControlManagement: 9252
@!@!@ENDMSG 2221 @!@!@
@!@!@STARTMSG 2221:0 @!@!@
  line 227, col 22 to line 228, col 60 of module AccessControlManagement: 58893
@!@!@ENDMSG 2221 @!@!@
@!@!@STARTMSG 2772:0 @!@!@
<s0 line 232, col 1 to line 232, col 8 of module AccessControlManagement>: 12:3689
@!@!@ENDMSG 2772 @!@!@
@!@!@STARTMSG 2221:0 @!@!@
  line 232, col 16 to line 232, col 30 of module AccessControlManagement: 197407
@!@!@ENDMSG 2221 @!@!@
@!@!@STARTMSG 2221:0 @!@!@
  |line 232, col 16 to line 232, col 23 of module AccessControlManagement: 193718
@!@!@ENDMSG 2221 @!@!@
@!@!@STARTMSG 2221:0 @!@!@
  line 233, col 16 to line 233, col 57 of module AccessControlManagement: 3689
@!@!@ENDMSG 2221 @!@!@
@!@!@STARTMSG 2221:0 @!@!@
  line 234, col 16 to line 234, col 47 of module AccessControlManagement: 3689
@!@!@ENDMSG 2221 @!@!@
@!@!@STARTMSG 2221:0 @!@!@
  line 235, col 16 to line 237, col 80 of module AccessControlManagement: 3689
@!@!@ENDMSG 2221 @!@!@
@!@!@STARTMSG 2772:0 @!@!@
<s1 line 239, col 1 to line 239, col 8 of module AccessControlManagement>: 11417:22894
@!@!@ENDMSG 2772 @!@!@
@!@!@STARTMSG 2221:0 @!@!@
  line 239, col 16 to line 239, col 30 of module AccessControlManagement: 216611
@!@!@ENDMSG 2221 @!@!@
@!@!@STARTMSG 2221:0 @!@!@
  |line 239, col 16 to line 239, col 23 of module AccessControlManagement: 193717
@!@!@ENDMSG 2221 @!@!@
@!@!@STARTMSG 2221:0 @!@!@
  line 240, col 16 to line 240, col 47 of module AccessControlManagement: 22894
@!@!@ENDMSG 2221 @!@!@
@!@!@STARTMSG 2221:0 @!@!@
  line 241, col 16 to line 243, col 80 of module AccessControlManagement: 22894
@!@!@ENDMSG 2221 @!@!@
@!@!@STARTMSG 2772:0 @!@!@
<s2 line 245, col 1 to line 245, col 8 of module AccessControlManagement>: 16048:33444
@!@!@ENDMSG 2772 @!@!@
@!@!@STARTMSG 2221:0 @!@!@
  line 245, col 16 to line 245, col 30 of module AccessControlManagement: 210435
@!@!@ENDMSG 2221 @!@!@
@!@!@STARTMSG 2221:0 @!@!@
  |line 245, col 16 to line 245, col 23 of module AccessControlManagement: 193713
@!@!@ENDMSG 2221 @!@!@
@!@!@STARTMSG 2221:0 @!@!@
  line 247, col 18 to line 247, col 58 of module AccessControlManagement: 33444
@!@!@ENDMSG 2221 @!@!@
@!@!@STARTMSG 2221:0 @!@!@
  line 246, col 25 to line 246, col 33 of module AccessControlManagement: 16722
@!@!@ENDMSG 2221 @!@!@
@!@!@STARTMSG 2221:0 @!@!@
  line 248, col 16 to line 248, col 47 of module AccessControlManagement: 33444
@!@!@ENDMSG 2221 @!@!@
@!@!@STARTMSG 2221:0 @!@!@
  line 249, col 16 to line 251, col 70 of module AccessControlManagement: 33444
@!@!@ENDMSG 2221 @!@!@
@!@!@STARTMSG 2772:0 @!@!@
<s3 line 253, col 1 to line 253, col 8 of module AccessControlManagement>: 22940:42200
@!@!@ENDMSG 2772 @!@!@
@!@!@STARTMSG 2221:0 @!@!@
  line 253, col 16 to line 253, col 30 of module AccessControlManagement: 214809
@!@!@ENDMSG 2221 @!@!@
@!@!@STARTMSG 2221:0 @!@!@
  |line 253, col 16 to line 253, col 23 of module AccessControlManagement: 193709
@!@!@ENDMSG 2221 @!@!@
@!@!@STARTMSG 2221:0 @!@!@
  line 255, col 21 to line 255, col 28 of module AccessControlManagement: 42200
@!@!@ENDMSG 2221 @!@!@
@!@!@STARTMSG 2221:0 @!@!@
  line 256, col 26 to line 263, col 64 of module AccessControlManagement: 21100
@!@!@ENDMSG 2221 @!@!@
@!@!@STARTMSG 2221:0 @!@!@
  line 264, col 29 to line 264, col 60 of module AccessControlManagement: 21100
@!@!@ENDMSG 2221 @!@!@
@!@!@STARTMSG 2221:0 @!@!@
  line 265, col 29 to line 265, col 68 of module AccessControlManagement: 21100
@!@!@ENDMSG 2221 @!@!@
@!@!@STARTMSG 2221:0 @!@!@
  line 254, col 25 to line 254, col 31 of module AccessControlManagement: 21100
@!@!@ENDMSG 2221 @!@!@
@!@!@STARTMSG 2221:0 @!@!@
  line 266, col 16 to line 268, col 53 of module AccessControlManagement: 42200
@!@!@ENDMSG 2221 @!@!@
@!@!@STARTMSG 2772:0 @!@!@
<s4 line 270, col 1 to line 270, col 8 of module AccessControlManagement>: 16211:28295
@!@!@ENDMSG 2772 @!@!@
@!@!@STARTMSG 2221:0 @!@!@
  line 270, col 16 to line 270, col 30 of module AccessControlManagement: 211828
@!@!@ENDMSG 2221 @!@!@
@!@!@STARTMSG 2221:0 @!@!@
  |line 270, col 16 to line 270, col 23 of module AccessControlManagement: 193705
@!@!@ENDMSG 2221 @!@!@
@!@!@STARTMSG 2221:0 @!@!@
  line 271, col 19 to line 271, col 65 of module AccessControlManagement: 18125
@!@!@ENDMSG 2221 @!@!@
@!@!@STARTMSG 2221:0 @!@!@
  line 273, col 29 to line 273, col 105 of module AccessControlManagement: 18346
@!@!@ENDMSG 2221 @!@!@
@!@!@STARTMSG 2221:0 @!@!@
  line 272, col 36 to line 272, col 50 of module AccessControlManagement: 9173
@!@!@ENDMSG 2221 @!@!@
@!@!@STARTMSG 2221:0 @!@!@
  line 274, col 27 to line 274, col 110 of module AccessControlManagement: 18346
@!@!@ENDMSG 2221 @!@!@
@!@!@STARTMSG 2221:0 @!@!@
  line 275, col 27 to line 275, col 61 of module AccessControlManagement: 18346
@!@!@ENDMSG 2221 @!@!@
@!@!@STARTMSG 2221:0 @!@!@
  line 276, col 30 to line 276, col 68 of module AccessControlManagement: 8952
@!@!@ENDMSG 2221 @!@!@
@!@!@STARTMSG 2221:0 @!@!@
  line 277, col 38 to line 277, col 106 of module AccessControlManagement: 7911
@!@!@ENDMSG 2221 @!@!@
@!@!@STARTMSG 2221:0 @!@!@
  line 278, col 38 to line 278, col 54 of module AccessControlManagement: 7911
@!@!@ENDMSG 2221 @!@!@
@!@!@STARTMSG 2221:0 @!@!@
  line 279, col 41 to line 279, col 84 of module AccessControlManagement: 1041
@!@!@ENDMSG 2221 @!@!@
@!@!@STARTMSG 2221:0 @!@!@
  line 281, col 54 to line 281, col 61 of module AccessControlManagement: 1902
@!@!@ENDMSG 2221 @!@!@
@!@!@STARTMSG 2221:0 @!@!@
  line 282, col 59 to line 283, col 119 of module AccessControlManagement: 951
@!@!@ENDMSG 2221 @!@!@
@!@!@STARTMSG 2221:0 @!@!@
  line 284, col 59 to line 285, col 120 of module AccessControlManagement: 951
@!@!@ENDMSG 2221 @!@!@
@!@!@STARTMSG 2221:0 @!@!@
  line 280, col 58 to line 280, col 64 of module AccessControlManagement: 951
@!@!@ENDMSG 2221 @!@!@
@!@!@STARTMSG 2221:0 @!@!@
  line 286, col 52 to line 286, col 93 of module AccessControlManagement: 90
@!@!@ENDMSG 2221 @!@!@
@!@!@STARTMSG 2221:0 @!@!@
  line 287, col 63 to line 288, col 124 of module AccessControlManagement: 46
@!@!@ENDMSG 2221 @!@!@
@!@!@STARTMSG 2221:0 @!@!@
  line 289, col 66 to line 289, col 131 of module AccessControlManagement: 44
@!@!@ENDMSG 2221 @!@!@
@!@!@STARTMSG 2221:0 @!@!@
  |line 289, col 80 to line 289, col 131 of module AccessControlManagement: 46
@!@!@ENDMSG 2221 @!@!@
@!@!@STARTMSG 2221:0 @!@!@
  line 290, col 66 to line 290, col 82 of module AccessControlManagement: 44
@!@!@ENDMSG 2221 @!@!@
@!@!@STARTMSG 2221:0 @!@!@
  line 291, col 60 to line 291, col 63 of module AccessControlManagement: 44
@!@!@ENDMSG 2221 @!@!@
@!@!@STARTMSG 2221:0 @!@!@
  line 292, col 60 to line 293, col 82 of module AccessControlManagement: 44
@!@!@ENDMSG 2221 @!@!@
@!@!@STARTMSG 2221:0 @!@!@
  line 294, col 27 to line 294, col 81 of module AccessControlManagement: 9947
@!@!@ENDMSG 2221 @!@!@
@!@!@STARTMSG 2221:0 @!@!@
  line 295, col 16 to line 295, col 47 of module AccessControlManagement: 28293
@!@!@ENDMSG 2221 @!@!@
@!@!@STARTMSG 2221:0 @!@!@
  |line 295, col 22 to line 295, col 47 of module AccessControlManagement: 28295
@!@!@ENDMSG 2221 @!@!@
@!@!@STARTMSG 2221:0 @!@!@
  line 296, col 16 to line 297, col 53 of module AccessControlManagement: 28293
@!@!@ENDMSG 2221 @!@!@
@!@!@STARTMSG 2772:0 @!@!@
<s5 line 299, col 1 to line 299, col 8 of module AccessControlManagement>: 21564:44550
@!@!@ENDMSG 2772 @!@!@
@!@!@STARTMSG 2221:0 @!@!@
  line 299, col 16 to line 299, col 30 of module AccessControlManagement: 215974
@!@!@ENDMSG 2221 @!@!@
@!@!@STARTMSG 2221:0 @!@!@
  |line 299, col 16 to line 299, col 23 of module AccessControlManagement: 193699
@!@!@ENDMSG 2221 @!@!@
@!@!@STARTMSG 2221:0 @!@!@
  line 301, col 21 to line 301, col 31 of module AccessControlManagement: 44550
@!@!@ENDMSG 2221 @!@!@
@!@!@STARTMSG 2221:0 @!@!@
  line 302, col 26 to line 313, col 71 of module AccessControlManagement: 22275
@!@!@ENDMSG 2221 @!@!@
@!@!@STARTMSG 2221:0 @!@!@
  line 314, col 29 to line 314, col 60 of module AccessControlManagement: 22275
@!@!@ENDMSG 2221 @!@!@
@!@!@STARTMSG 2221:0 @!@!@
  line 315, col 29 to line 315, col 81 of module AccessControlManagement: 22275
@!@!@ENDMSG 2221 @!@!@
@!@!@STARTMSG 2221:0 @!@!@
  line 300, col 28 to line 300, col 34 of module AccessControlManagement: 22275
@!@!@ENDMSG 2221 @!@!@
@!@!@STARTMSG 2221:0 @!@!@
  line 316, col 16 to line 318, col 39 of module AccessControlManagement: 44550
@!@!@ENDMSG 2221 @!@!@
@!@!@STARTMSG 2772:0 @!@!@
<Terminating line 324, col 1 to line 324, col 11 of module AccessControlManagement>: 0:0
@!@!@ENDMSG 2772 @!@!@
@!@!@STARTMSG 2221:0 @!@!@
  line 324, col 19 to line 324, col 56 of module AccessControlManagement: 96837
@!@!@ENDMSG 2221 @!@!@
@!@!@STARTMSG 2221:0 @!@!@
  line 325, col 19 to line 325, col 32 of module AccessControlManagement: 0
@!@!@ENDMSG 2221 @!@!@
@!@!@STARTMSG 2774:0 @!@!@
<AcmTypeOK line 338, col 1 to line 338, col 9 of module AccessControlManagement>
@!@!@ENDMSG 2774 @!@!@
@!@!@STARTMSG 2221:0 @!@!@
  line 338, col 14 to line 342, col 62 of module AccessControlManagement: 136650
@!@!@ENDMSG 2221 @!@!@
@!@!@STARTMSG 2774:0 @!@!@
<AcmRedelegation line 345, col 1 to line 345, col 15 of module AccessControlManagement>
@!@!@ENDMSG 2774 @!@!@
@!@!@STARTMSG 2221:0 @!@!@
  line 345, col 20 to line 348, col 46 of module AccessControlManagement: 136650
@!@!@ENDMSG 2221 @!@!@
@!@!@STARTMSG 2221:0 @!@!@
  |line 345, col 22 to line 348, col 45 of module AccessControlManagement: 136650
@!@!@ENDMSG 2221 @!@!@
@!@!@STARTMSG 2221:0 @!@!@
  ||line 346, col 20 to line 348, col 45 of module AccessControlManagement: 273300
@!@!@ENDMSG 2221 @!@!@
@!@!@STARTMSG 2221:0 @!@!@
  |||line 347, col 23 to line 348, col 45 of module AccessControlManagement: 546598
@!@!@ENDMSG 2221 @!@!@
@!@!@STARTMSG 2221:0 @!@!@
  ||||line 347, col 26 to line 347, col 50 of module AccessControlManagement: 546598
@!@!@ENDMSG 2221 @!@!@
@!@!@STARTMSG 2221:0 @!@!@
  ||||line 348, col 26 to line 348, col 45 of module AccessControlManagement: 141
@!@!@ENDMSG 2221 @!@!@
@!@!@STARTMSG 2221:0 @!@!@
  |||line 346, col 29 to line 346, col 37 of module AccessControlManagement: 273300
@!@!@ENDMSG 2221 @!@!@
@!@!@STARTMSG 2221:0 @!@!@
  ||line 345, col 31 to line 345, col 39 of module AccessControlManagement: 136650
@!@!@ENDMSG 2221 @!@!@
@!@!@STARTMSG 2202:0 @!@!@
End of statistics.
@!@!@ENDMSG 2202 @!@!@
@!@!@STARTMSG 2200:0 @!@!@
Progress(24) at 2023-06-10 23:11:59: 292,316 states generated (1,888,142 s/min), 136,650 distinct states found (882,656 ds/min), 39,809 states left on queue.
@!@!@ENDMSG 2200 @!@!@
@!@!@STARTMSG 2199:0 @!@!@
292316 states generated, 136650 distinct states found, 39809 states left on queue.
@!@!@ENDMSG 2199 @!@!@
@!@!@STARTMSG 2194:0 @!@!@
The depth of the complete state graph search is 24.
@!@!@ENDMSG 2194 @!@!@
@!@!@STARTMSG 2268:0 @!@!@
The average outdegree of the complete state graph is 1 (minimum is 0, the maximum 4 and the 95th percentile is 2).
@!@!@ENDMSG 2268 @!@!@
@!@!@STARTMSG 2186:0 @!@!@
Finished in 9303ms at (2023-06-10 23:11:59)
@!@!@ENDMSG 2186 @!@!@
