@!@!@STARTMSG 2262:0 @!@!@
TLC2 Version 2.16 of 31 December 2020 (rev: cdddf55)
@!@!@ENDMSG 2262 @!@!@
@!@!@STARTMSG 2187:0 @!@!@
Running breadth-first search Model-Checking with fp 36 and seed -6256485873727672127 with 4 workers on 8 cores with 599MB heap and 1345MB offheap memory [pid: 11028] (Windows 10 10.0 amd64, AdoptOpenJDK 14.0.1 x86_64, OffHeapDiskFPSet, DiskStateQueue).
@!@!@ENDMSG 2187 @!@!@
@!@!@STARTMSG 2220:0 @!@!@
Starting SANY...
@!@!@ENDMSG 2220 @!@!@
Parsing file G:\repos\access-control-management\spec\UriPermission.toolbox\Model_1\MC.tla
Parsing file G:\repos\access-control-management\spec\UriPermission.toolbox\Model_1\UriPermission.tla
Warning: symbols were renamed.
Parsing file G:\TLA+ Toolbox\plugins\org.lamport.tlatools_1.0.0.202012311918\tla2sany\StandardModules\TLC.tla
Parsing file G:\TLA+ Toolbox\plugins\org.lamport.tlatools_1.0.0.202012311918\tla2sany\StandardModules\Naturals.tla
Parsing file G:\TLA+ Toolbox\plugins\org.lamport.tlatools_1.0.0.202012311918\tla2sany\StandardModules\Sequences.tla
Parsing file G:\repos\access-control-management\spec\UriPermission.toolbox\Model_1\AccessControlManagement.tla
Parsing file G:\TLA+ Toolbox\plugins\org.lamport.tlatools_1.0.0.202012311918\tla2sany\StandardModules\FiniteSets.tla
Semantic processing of module Naturals
Semantic processing of module Sequences
Semantic processing of module AccessControlManagement
Semantic processing of module UriPermission
Semantic processing of module FiniteSets
Semantic processing of module TLC
Semantic processing of module MC
@!@!@STARTMSG 2219:0 @!@!@
SANY finished.
@!@!@ENDMSG 2219 @!@!@
@!@!@STARTMSG 2185:0 @!@!@
Starting... (2023-03-23 12:56:54)
@!@!@ENDMSG 2185 @!@!@
@!@!@STARTMSG 2189:0 @!@!@
Computing initial states...
@!@!@ENDMSG 2189 @!@!@
@!@!@STARTMSG 2190:0 @!@!@
Finished computing initial states: 1 distinct state generated at 2023-03-23 12:56:54.
@!@!@ENDMSG 2190 @!@!@
@!@!@STARTMSG 2110:1 @!@!@
Invariant Authorized is violated.
@!@!@ENDMSG 2110 @!@!@
@!@!@STARTMSG 2121:1 @!@!@
The behavior up to this point is:
@!@!@ENDMSG 2121 @!@!@
@!@!@STARTMSG 2217:4 @!@!@
1: <Initial predicate>
/\ app_a = <<1, 1>>
/\ permsInUse = <<<<FALSE>>, <<FALSE>>>>
/\ app_s = <<1, 1>>
/\ app_ = <<1, 1>>
/\ appPerms = <<<<"NULL">>, <<"NULL">>>>
/\ pc = <<"PLATFORM", "PLATFORM">>
/\ perm = <<1, 1>>
/\ app = <<1, 1>>
/\ perm_ = <<1, 1>>
/\ installed = <<FALSE, FALSE>>
/\ stack = <<<<>>, <<>>>>
/\ appPermConsents = <<<<"NULL">>, <<"NULL">>>>

@!@!@ENDMSG 2217 @!@!@
@!@!@STARTMSG 2217:4 @!@!@
2: <PLATFORM line 195, col 19 to line 223, col 66 of module UriPermission>
/\ app_a = <<1, 1>>
/\ permsInUse = <<<<FALSE>>, <<FALSE>>>>
/\ app_s = <<1, 1>>
/\ app_ = <<1, 1>>
/\ appPerms = <<<<"NULL">>, <<"NULL">>>>
/\ pc = <<"INSTALL_APP", "PLATFORM">>
/\ perm = <<1, 1>>
/\ app = <<1, 1>>
/\ perm_ = <<1, 1>>
/\ installed = <<FALSE, FALSE>>
/\ stack = <<<<[pc |-> "PLATFORM", app_ |-> 1, procedure |-> "installApp"]>>, <<>>>>
/\ appPermConsents = <<<<"NULL">>, <<"NULL">>>>

@!@!@ENDMSG 2217 @!@!@
@!@!@STARTMSG 2217:4 @!@!@
3: <INSTALL_APP line 108, col 22 to line 114, col 70 of module UriPermission>
/\ app_a = <<1, 1>>
/\ permsInUse = <<<<FALSE>>, <<FALSE>>>>
/\ app_s = <<1, 1>>
/\ app_ = <<1, 1>>
/\ appPerms = <<<<"NULL">>, <<"NULL">>>>
/\ pc = <<"PLATFORM", "PLATFORM">>
/\ perm = <<1, 1>>
/\ app = <<1, 1>>
/\ perm_ = <<1, 1>>
/\ installed = <<TRUE, FALSE>>
/\ stack = <<<<>>, <<>>>>
/\ appPermConsents = <<<<"NULL">>, <<"NULL">>>>

@!@!@ENDMSG 2217 @!@!@
@!@!@STARTMSG 2217:4 @!@!@
4: <PLATFORM line 195, col 19 to line 223, col 66 of module UriPermission>
/\ app_a = <<1, 1>>
/\ permsInUse = <<<<FALSE>>, <<FALSE>>>>
/\ app_s = <<1, 1>>
/\ app_ = <<1, 1>>
/\ appPerms = <<<<"NULL">>, <<"NULL">>>>
/\ pc = <<"ASK_PERMISSION", "PLATFORM">>
/\ perm = <<1, 1>>
/\ app = <<1, 1>>
/\ perm_ = <<1, 1>>
/\ installed = <<TRUE, FALSE>>
/\ stack = <<<<[pc |-> "PLATFORM", app_a |-> 1, perm |-> 1, procedure |-> "askPermission"]>>, <<>>>>
/\ appPermConsents = <<<<"NULL">>, <<"NULL">>>>

@!@!@ENDMSG 2217 @!@!@
@!@!@STARTMSG 2217:4 @!@!@
5: <ASK_PERMISSION line 132, col 25 to line 150, col 66 of module UriPermission>
/\ app_a = <<1, 1>>
/\ permsInUse = <<<<FALSE>>, <<FALSE>>>>
/\ app_s = <<1, 1>>
/\ app_ = <<1, 1>>
/\ appPerms = <<<<"NULL">>, <<"NULL">>>>
/\ pc = <<"MAKE_DECISION", "PLATFORM">>
/\ perm = <<1, 1>>
/\ app = <<1, 1>>
/\ perm_ = <<1, 1>>
/\ installed = <<TRUE, FALSE>>
/\ stack = <<<<[pc |-> "PLATFORM", app_a |-> 1, perm |-> 1, procedure |-> "askPermission"]>>, <<>>>>
/\ appPermConsents = <<<<"NULL">>, <<"NULL">>>>

@!@!@ENDMSG 2217 @!@!@
@!@!@STARTMSG 2217:4 @!@!@
6: <MAKE_DECISION line 152, col 24 to line 162, col 81 of module UriPermission>
/\ app_a = <<1, 1>>
/\ permsInUse = <<<<FALSE>>, <<FALSE>>>>
/\ app_s = <<1, 1>>
/\ app_ = <<1, 1>>
/\ appPerms = <<<<"NULL">>, <<"NULL">>>>
/\ pc = <<"SYSTEM_ARBITRARY_DECISION", "PLATFORM">>
/\ perm = <<1, 1>>
/\ app = <<1, 1>>
/\ perm_ = <<1, 1>>
/\ installed = <<TRUE, FALSE>>
/\ stack = <<<<[pc |-> "USING_PERM", app_s |-> 1, perm_ |-> 1, procedure |-> "systemArbitraryDecision"], [pc |-> "PLATFORM", app_a |-> 1, perm |-> 1, procedure |-> "askPermission"]>>, <<>>>>
/\ appPermConsents = <<<<"NULL">>, <<"NULL">>>>

@!@!@ENDMSG 2217 @!@!@
@!@!@STARTMSG 2217:4 @!@!@
7: <SYSTEM_ARBITRARY_DECISION line 118, col 36 to line 128, col 70 of module UriPermission>
/\ app_a = <<1, 1>>
/\ permsInUse = <<<<FALSE>>, <<FALSE>>>>
/\ app_s = <<1, 1>>
/\ app_ = <<1, 1>>
/\ appPerms = <<<<"GRANT">>, <<"NULL">>>>
/\ pc = <<"USING_PERM", "PLATFORM">>
/\ perm = <<1, 1>>
/\ app = <<1, 1>>
/\ perm_ = <<1, 1>>
/\ installed = <<TRUE, FALSE>>
/\ stack = <<<<[pc |-> "PLATFORM", app_a |-> 1, perm |-> 1, procedure |-> "askPermission"]>>, <<>>>>
/\ appPermConsents = <<<<"ALLOW">>, <<"NULL">>>>

@!@!@ENDMSG 2217 @!@!@
@!@!@STARTMSG 2217:4 @!@!@
8: <USING_PERM line 164, col 21 to line 174, col 56 of module UriPermission>
/\ app_a = <<1, 1>>
/\ permsInUse = <<<<TRUE>>, <<FALSE>>>>
/\ app_s = <<1, 1>>
/\ app_ = <<1, 1>>
/\ appPerms = <<<<"GRANT">>, <<"NULL">>>>
/\ pc = <<"PLATFORM", "PLATFORM">>
/\ perm = <<1, 1>>
/\ app = <<1, 1>>
/\ perm_ = <<1, 1>>
/\ installed = <<TRUE, FALSE>>
/\ stack = <<<<>>, <<>>>>
/\ appPermConsents = <<<<"ALLOW">>, <<"NULL">>>>

@!@!@ENDMSG 2217 @!@!@
@!@!@STARTMSG 2217:4 @!@!@
9: <PLATFORM line 195, col 19 to line 223, col 66 of module UriPermission>
/\ app_a = <<1, 1>>
/\ permsInUse = <<<<TRUE>>, <<FALSE>>>>
/\ app_s = <<1, 1>>
/\ app_ = <<1, 1>>
/\ appPerms = <<<<"GRANT">>, <<"NULL">>>>
/\ pc = <<"CLEARING", "PLATFORM">>
/\ perm = <<1, 1>>
/\ app = <<1, 1>>
/\ perm_ = <<1, 1>>
/\ installed = <<TRUE, FALSE>>
/\ stack = <<<<[pc |-> "PLATFORM", app |-> 1, procedure |-> "uninstallApp"]>>, <<>>>>
/\ appPermConsents = <<<<"ALLOW">>, <<"NULL">>>>

@!@!@ENDMSG 2217 @!@!@
@!@!@STARTMSG 2217:4 @!@!@
10: <CLEARING line 179, col 19 to line 183, col 80 of module UriPermission>
/\ app_a = <<1, 1>>
/\ permsInUse = <<<<TRUE>>, <<FALSE>>>>
/\ app_s = <<1, 1>>
/\ app_ = <<1, 1>>
/\ appPerms = <<<<"NULL">>, <<"NULL">>>>
/\ pc = <<"UNINSTALL_APP", "PLATFORM">>
/\ perm = <<1, 1>>
/\ app = <<1, 1>>
/\ perm_ = <<1, 1>>
/\ installed = <<TRUE, FALSE>>
/\ stack = <<<<[pc |-> "PLATFORM", app |-> 1, procedure |-> "uninstallApp"]>>, <<>>>>
/\ appPermConsents = <<<<"ALLOW">>, <<"NULL">>>>

@!@!@ENDMSG 2217 @!@!@
@!@!@STARTMSG 2217:4 @!@!@
11: <UNINSTALL_APP line 185, col 24 to line 191, col 73 of module UriPermission>
/\ app_a = <<1, 1>>
/\ permsInUse = <<<<TRUE>>, <<FALSE>>>>
/\ app_s = <<1, 1>>
/\ app_ = <<1, 1>>
/\ appPerms = <<<<"NULL">>, <<"NULL">>>>
/\ pc = <<"PLATFORM", "PLATFORM">>
/\ perm = <<1, 1>>
/\ app = <<1, 1>>
/\ perm_ = <<1, 1>>
/\ installed = <<FALSE, FALSE>>
/\ stack = <<<<>>, <<>>>>
/\ appPermConsents = <<<<"ALLOW">>, <<"NULL">>>>

@!@!@ENDMSG 2217 @!@!@
@!@!@STARTMSG 2217:4 @!@!@
12: <PLATFORM line 195, col 19 to line 223, col 66 of module UriPermission>
/\ app_a = <<1, 1>>
/\ permsInUse = <<<<TRUE>>, <<FALSE>>>>
/\ app_s = <<1, 1>>
/\ app_ = <<1, 1>>
/\ appPerms = <<<<"NULL">>, <<"NULL">>>>
/\ pc = <<"INSTALL_APP", "PLATFORM">>
/\ perm = <<1, 1>>
/\ app = <<1, 1>>
/\ perm_ = <<1, 1>>
/\ installed = <<FALSE, FALSE>>
/\ stack = <<<<[pc |-> "PLATFORM", app_ |-> 1, procedure |-> "installApp"]>>, <<>>>>
/\ appPermConsents = <<<<"ALLOW">>, <<"NULL">>>>

@!@!@ENDMSG 2217 @!@!@
@!@!@STARTMSG 2217:4 @!@!@
13: <INSTALL_APP line 108, col 22 to line 114, col 70 of module UriPermission>
/\ app_a = <<1, 1>>
/\ permsInUse = <<<<TRUE>>, <<FALSE>>>>
/\ app_s = <<1, 1>>
/\ app_ = <<1, 1>>
/\ appPerms = <<<<"NULL">>, <<"NULL">>>>
/\ pc = <<"PLATFORM", "PLATFORM">>
/\ perm = <<1, 1>>
/\ app = <<1, 1>>
/\ perm_ = <<1, 1>>
/\ installed = <<TRUE, FALSE>>
/\ stack = <<<<>>, <<>>>>
/\ appPermConsents = <<<<"ALLOW">>, <<"NULL">>>>

@!@!@ENDMSG 2217 @!@!@
@!@!@STARTMSG 2217:4 @!@!@
14: <PLATFORM line 195, col 19 to line 223, col 66 of module UriPermission>
/\ app_a = <<1, 1>>
/\ permsInUse = <<<<TRUE>>, <<FALSE>>>>
/\ app_s = <<1, 1>>
/\ app_ = <<1, 1>>
/\ appPerms = <<<<"NULL">>, <<"NULL">>>>
/\ pc = <<"ASK_PERMISSION", "PLATFORM">>
/\ perm = <<1, 1>>
/\ app = <<1, 1>>
/\ perm_ = <<1, 1>>
/\ installed = <<TRUE, FALSE>>
/\ stack = <<<<[pc |-> "PLATFORM", app_a |-> 1, perm |-> 1, procedure |-> "askPermission"]>>, <<>>>>
/\ appPermConsents = <<<<"ALLOW">>, <<"NULL">>>>

@!@!@ENDMSG 2217 @!@!@
@!@!@STARTMSG 2217:4 @!@!@
15: <ASK_PERMISSION line 132, col 25 to line 150, col 66 of module UriPermission>
/\ app_a = <<1, 1>>
/\ permsInUse = <<<<TRUE>>, <<FALSE>>>>
/\ app_s = <<1, 1>>
/\ app_ = <<1, 1>>
/\ appPerms = <<<<"NULL">>, <<"NULL">>>>
/\ pc = <<"MAKE_DECISION", "PLATFORM">>
/\ perm = <<1, 1>>
/\ app = <<1, 1>>
/\ perm_ = <<1, 1>>
/\ installed = <<TRUE, FALSE>>
/\ stack = <<<<[pc |-> "PLATFORM", app_a |-> 1, perm |-> 1, procedure |-> "askPermission"]>>, <<>>>>
/\ appPermConsents = <<<<"ALLOW">>, <<"NULL">>>>

@!@!@ENDMSG 2217 @!@!@
@!@!@STARTMSG 2217:4 @!@!@
16: <MAKE_DECISION line 152, col 24 to line 162, col 81 of module UriPermission>
/\ app_a = <<1, 1>>
/\ permsInUse = <<<<TRUE>>, <<FALSE>>>>
/\ app_s = <<1, 1>>
/\ app_ = <<1, 1>>
/\ appPerms = <<<<"NULL">>, <<"NULL">>>>
/\ pc = <<"SYSTEM_ARBITRARY_DECISION", "PLATFORM">>
/\ perm = <<1, 1>>
/\ app = <<1, 1>>
/\ perm_ = <<1, 1>>
/\ installed = <<TRUE, FALSE>>
/\ stack = <<<<[pc |-> "USING_PERM", app_s |-> 1, perm_ |-> 1, procedure |-> "systemArbitraryDecision"], [pc |-> "PLATFORM", app_a |-> 1, perm |-> 1, procedure |-> "askPermission"]>>, <<>>>>
/\ appPermConsents = <<<<"ALLOW">>, <<"NULL">>>>

@!@!@ENDMSG 2217 @!@!@
@!@!@STARTMSG 2217:4 @!@!@
17: <SYSTEM_ARBITRARY_DECISION line 118, col 36 to line 128, col 70 of module UriPermission>
/\ app_a = <<1, 1>>
/\ permsInUse = <<<<TRUE>>, <<FALSE>>>>
/\ app_s = <<1, 1>>
/\ app_ = <<1, 1>>
/\ appPerms = <<<<"DENY">>, <<"NULL">>>>
/\ pc = <<"USING_PERM", "PLATFORM">>
/\ perm = <<1, 1>>
/\ app = <<1, 1>>
/\ perm_ = <<1, 1>>
/\ installed = <<TRUE, FALSE>>
/\ stack = <<<<[pc |-> "PLATFORM", app_a |-> 1, perm |-> 1, procedure |-> "askPermission"]>>, <<>>>>
/\ appPermConsents = <<<<"REJECT">>, <<"NULL">>>>

@!@!@ENDMSG 2217 @!@!@
@!@!@STARTMSG 2201:0 @!@!@
The coverage statistics at 2023-03-23 12:56:55
@!@!@ENDMSG 2201 @!@!@
@!@!@STARTMSG 2773:0 @!@!@
<Init line 90, col 1 to line 90, col 4 of module UriPermission>: 2:2
@!@!@ENDMSG 2773 @!@!@
@!@!@STARTMSG 2221:0 @!@!@
  line 91, col 9 to line 106, col 49 of module UriPermission: 2
@!@!@ENDMSG 2221 @!@!@
@!@!@STARTMSG 2772:0 @!@!@
<INSTALL_APP line 108, col 1 to line 108, col 17 of module UriPermission>: 38:89
@!@!@ENDMSG 2772 @!@!@
@!@!@STARTMSG 2221:0 @!@!@
  line 108, col 25 to line 108, col 48 of module UriPermission: 924
@!@!@ENDMSG 2221 @!@!@
@!@!@STARTMSG 2221:0 @!@!@
  |line 108, col 25 to line 108, col 32 of module UriPermission: 835
@!@!@ENDMSG 2221 @!@!@
@!@!@STARTMSG 2221:0 @!@!@
  line 109, col 25 to line 109, col 76 of module UriPermission: 89
@!@!@ENDMSG 2221 @!@!@
@!@!@STARTMSG 2221:0 @!@!@
  line 110, col 25 to line 110, col 72 of module UriPermission: 89
@!@!@ENDMSG 2221 @!@!@
@!@!@STARTMSG 2221:0 @!@!@
  line 111, col 25 to line 111, col 78 of module UriPermission: 89
@!@!@ENDMSG 2221 @!@!@
@!@!@STARTMSG 2221:0 @!@!@
  line 112, col 25 to line 112, col 75 of module UriPermission: 89
@!@!@ENDMSG 2221 @!@!@
@!@!@STARTMSG 2221:0 @!@!@
  line 113, col 25 to line 114, col 70 of module UriPermission: 89
@!@!@ENDMSG 2221 @!@!@
@!@!@STARTMSG 2772:0 @!@!@
<SYSTEM_ARBITRARY_DECISION line 118, col 1 to line 118, col 31 of module UriPermission>: 36:92
@!@!@ENDMSG 2772 @!@!@
@!@!@STARTMSG 2221:0 @!@!@
  line 118, col 39 to line 118, col 76 of module UriPermission: 876
@!@!@ENDMSG 2221 @!@!@
@!@!@STARTMSG 2221:0 @!@!@
  |line 118, col 39 to line 118, col 46 of module UriPermission: 833
@!@!@ENDMSG 2221 @!@!@
@!@!@STARTMSG 2221:0 @!@!@
  line 119, col 45 to line 119, col 109 of module UriPermission: 45
@!@!@ENDMSG 2221 @!@!@
@!@!@STARTMSG 2221:0 @!@!@
  |line 119, col 57 to line 119, col 109 of module UriPermission: 47
@!@!@ENDMSG 2221 @!@!@
@!@!@STARTMSG 2221:0 @!@!@
  line 120, col 45 to line 120, col 123 of module UriPermission: 45
@!@!@ENDMSG 2221 @!@!@
@!@!@STARTMSG 2221:0 @!@!@
  |line 120, col 64 to line 120, col 123 of module UriPermission: 47
@!@!@ENDMSG 2221 @!@!@
@!@!@STARTMSG 2221:0 @!@!@
  line 121, col 45 to line 121, col 108 of module UriPermission: 43
@!@!@ENDMSG 2221 @!@!@
@!@!@STARTMSG 2221:0 @!@!@
  |line 121, col 57 to line 121, col 108 of module UriPermission: 45
@!@!@ENDMSG 2221 @!@!@
@!@!@STARTMSG 2221:0 @!@!@
  line 122, col 45 to line 122, col 124 of module UriPermission: 43
@!@!@ENDMSG 2221 @!@!@
@!@!@STARTMSG 2221:0 @!@!@
  |line 122, col 64 to line 122, col 124 of module UriPermission: 45
@!@!@ENDMSG 2221 @!@!@
@!@!@STARTMSG 2221:0 @!@!@
  line 123, col 39 to line 123, col 86 of module UriPermission: 88
@!@!@ENDMSG 2221 @!@!@
@!@!@STARTMSG 2221:0 @!@!@
  |line 123, col 45 to line 123, col 86 of module UriPermission: 92
@!@!@ENDMSG 2221 @!@!@
@!@!@STARTMSG 2221:0 @!@!@
  line 124, col 39 to line 124, col 95 of module UriPermission: 88
@!@!@ENDMSG 2221 @!@!@
@!@!@STARTMSG 2221:0 @!@!@
  |line 124, col 48 to line 124, col 95 of module UriPermission: 92
@!@!@ENDMSG 2221 @!@!@
@!@!@STARTMSG 2221:0 @!@!@
  line 125, col 39 to line 125, col 95 of module UriPermission: 88
@!@!@ENDMSG 2221 @!@!@
@!@!@STARTMSG 2221:0 @!@!@
  |line 125, col 48 to line 125, col 95 of module UriPermission: 92
@!@!@ENDMSG 2221 @!@!@
@!@!@STARTMSG 2221:0 @!@!@
  line 126, col 39 to line 126, col 89 of module UriPermission: 88
@!@!@ENDMSG 2221 @!@!@
@!@!@STARTMSG 2221:0 @!@!@
  |line 126, col 48 to line 126, col 89 of module UriPermission: 92
@!@!@ENDMSG 2221 @!@!@
@!@!@STARTMSG 2221:0 @!@!@
  line 127, col 39 to line 128, col 70 of module UriPermission: 88
@!@!@ENDMSG 2221 @!@!@
@!@!@STARTMSG 2772:0 @!@!@
<ASK_PERMISSION line 132, col 1 to line 132, col 20 of module UriPermission>: 45:115
@!@!@ENDMSG 2772 @!@!@
@!@!@STARTMSG 2221:0 @!@!@
  line 132, col 28 to line 132, col 54 of module UriPermission: 942
@!@!@ENDMSG 2221 @!@!@
@!@!@STARTMSG 2221:0 @!@!@
  |line 132, col 28 to line 132, col 35 of module UriPermission: 827
@!@!@ENDMSG 2221 @!@!@
@!@!@STARTMSG 2221:0 @!@!@
  line 133, col 31 to line 133, col 71 of module UriPermission: 115
@!@!@ENDMSG 2221 @!@!@
@!@!@STARTMSG 2221:0 @!@!@
  line 134, col 36 to line 138, col 89 of module UriPermission: 25
@!@!@ENDMSG 2221 @!@!@
@!@!@STARTMSG 2221:0 @!@!@
  line 139, col 42 to line 139, col 81 of module UriPermission: 90
@!@!@ENDMSG 2221 @!@!@
@!@!@STARTMSG 2221:0 @!@!@
  line 140, col 47 to line 144, col 100 of module UriPermission: 24
@!@!@ENDMSG 2221 @!@!@
@!@!@STARTMSG 2221:0 @!@!@
  line 145, col 50 to line 145, col 92 of module UriPermission: 66
@!@!@ENDMSG 2221 @!@!@
@!@!@STARTMSG 2221:0 @!@!@
  line 146, col 50 to line 148, col 69 of module UriPermission: 66
@!@!@ENDMSG 2221 @!@!@
@!@!@STARTMSG 2221:0 @!@!@
  line 149, col 28 to line 150, col 66 of module UriPermission: 115
@!@!@ENDMSG 2221 @!@!@
@!@!@STARTMSG 2772:0 @!@!@
<MAKE_DECISION line 152, col 1 to line 152, col 19 of module UriPermission>: 39:54
@!@!@ENDMSG 2772 @!@!@
@!@!@STARTMSG 2221:0 @!@!@
  line 152, col 27 to line 152, col 52 of module UriPermission: 879
@!@!@ENDMSG 2221 @!@!@
@!@!@STARTMSG 2221:0 @!@!@
  |line 152, col 27 to line 152, col 34 of module UriPermission: 825
@!@!@ENDMSG 2221 @!@!@
@!@!@STARTMSG 2221:0 @!@!@
  line 153, col 27 to line 159, col 78 of module UriPermission: 54
@!@!@ENDMSG 2221 @!@!@
@!@!@STARTMSG 2221:0 @!@!@
  line 160, col 27 to line 160, col 81 of module UriPermission: 54
@!@!@ENDMSG 2221 @!@!@
@!@!@STARTMSG 2221:0 @!@!@
  line 161, col 27 to line 162, col 81 of module UriPermission: 54
@!@!@ENDMSG 2221 @!@!@
@!@!@STARTMSG 2772:0 @!@!@
<USING_PERM line 164, col 1 to line 164, col 16 of module UriPermission>: 28:76
@!@!@ENDMSG 2772 @!@!@
@!@!@STARTMSG 2221:0 @!@!@
  line 164, col 24 to line 164, col 46 of module UriPermission: 899
@!@!@ENDMSG 2221 @!@!@
@!@!@STARTMSG 2221:0 @!@!@
  |line 164, col 24 to line 164, col 31 of module UriPermission: 823
@!@!@ENDMSG 2221 @!@!@
@!@!@STARTMSG 2221:0 @!@!@
  line 165, col 27 to line 165, col 67 of module UriPermission: 76
@!@!@ENDMSG 2221 @!@!@
@!@!@STARTMSG 2221:0 @!@!@
  line 166, col 32 to line 166, col 101 of module UriPermission: 39
@!@!@ENDMSG 2221 @!@!@
@!@!@STARTMSG 2221:0 @!@!@
  line 167, col 35 to line 167, col 38 of module UriPermission: 37
@!@!@ENDMSG 2221 @!@!@
@!@!@STARTMSG 2221:0 @!@!@
  line 168, col 35 to line 168, col 54 of module UriPermission: 37
@!@!@ENDMSG 2221 @!@!@
@!@!@STARTMSG 2221:0 @!@!@
  line 169, col 24 to line 169, col 71 of module UriPermission: 76
@!@!@ENDMSG 2221 @!@!@
@!@!@STARTMSG 2221:0 @!@!@
  line 170, col 24 to line 170, col 80 of module UriPermission: 76
@!@!@ENDMSG 2221 @!@!@
@!@!@STARTMSG 2221:0 @!@!@
  line 171, col 24 to line 171, col 77 of module UriPermission: 76
@!@!@ENDMSG 2221 @!@!@
@!@!@STARTMSG 2221:0 @!@!@
  line 172, col 24 to line 172, col 74 of module UriPermission: 76
@!@!@ENDMSG 2221 @!@!@
@!@!@STARTMSG 2221:0 @!@!@
  line 173, col 24 to line 174, col 56 of module UriPermission: 76
@!@!@ENDMSG 2221 @!@!@
@!@!@STARTMSG 2772:0 @!@!@
<CLEARING line 179, col 1 to line 179, col 14 of module UriPermission>: 48:118
@!@!@ENDMSG 2772 @!@!@
@!@!@STARTMSG 2221:0 @!@!@
  line 179, col 22 to line 179, col 42 of module UriPermission: 940
@!@!@ENDMSG 2221 @!@!@
@!@!@STARTMSG 2221:0 @!@!@
  |line 179, col 22 to line 179, col 29 of module UriPermission: 822
@!@!@ENDMSG 2221 @!@!@
@!@!@STARTMSG 2221:0 @!@!@
  line 180, col 22 to line 180, col 88 of module UriPermission: 118
@!@!@ENDMSG 2221 @!@!@
@!@!@STARTMSG 2221:0 @!@!@
  line 181, col 22 to line 181, col 64 of module UriPermission: 118
@!@!@ENDMSG 2221 @!@!@
@!@!@STARTMSG 2221:0 @!@!@
  line 182, col 22 to line 183, col 80 of module UriPermission: 118
@!@!@ENDMSG 2221 @!@!@
@!@!@STARTMSG 2772:0 @!@!@
<UNINSTALL_APP line 185, col 1 to line 185, col 19 of module UriPermission>: 19:88
@!@!@ENDMSG 2772 @!@!@
@!@!@STARTMSG 2221:0 @!@!@
  line 185, col 27 to line 185, col 52 of module UriPermission: 909
@!@!@ENDMSG 2221 @!@!@
@!@!@STARTMSG 2221:0 @!@!@
  |line 185, col 27 to line 185, col 34 of module UriPermission: 821
@!@!@ENDMSG 2221 @!@!@
@!@!@STARTMSG 2221:0 @!@!@
  line 186, col 27 to line 186, col 78 of module UriPermission: 88
@!@!@ENDMSG 2221 @!@!@
@!@!@STARTMSG 2221:0 @!@!@
  line 187, col 27 to line 187, col 74 of module UriPermission: 88
@!@!@ENDMSG 2221 @!@!@
@!@!@STARTMSG 2221:0 @!@!@
  line 188, col 27 to line 188, col 77 of module UriPermission: 88
@!@!@ENDMSG 2221 @!@!@
@!@!@STARTMSG 2221:0 @!@!@
  line 189, col 27 to line 189, col 77 of module UriPermission: 88
@!@!@ENDMSG 2221 @!@!@
@!@!@STARTMSG 2221:0 @!@!@
  line 190, col 27 to line 191, col 73 of module UriPermission: 88
@!@!@ENDMSG 2221 @!@!@
@!@!@STARTMSG 2772:0 @!@!@
<PLATFORM line 195, col 1 to line 195, col 14 of module UriPermission>: 230:389
@!@!@ENDMSG 2772 @!@!@
@!@!@STARTMSG 2221:0 @!@!@
  line 195, col 22 to line 195, col 42 of module UriPermission: 1058
@!@!@ENDMSG 2221 @!@!@
@!@!@STARTMSG 2221:0 @!@!@
  |line 195, col 22 to line 195, col 29 of module UriPermission: 815
@!@!@ENDMSG 2221 @!@!@
@!@!@STARTMSG 2221:0 @!@!@
  line 196, col 25 to line 196, col 46 of module UriPermission: 243
@!@!@ENDMSG 2221 @!@!@
@!@!@STARTMSG 2221:0 @!@!@
  line 197, col 39 to line 201, col 90 of module UriPermission: 146
@!@!@ENDMSG 2221 @!@!@
@!@!@STARTMSG 2221:0 @!@!@
  line 202, col 39 to line 202, col 76 of module UriPermission: 146
@!@!@ENDMSG 2221 @!@!@
@!@!@STARTMSG 2221:0 @!@!@
  line 203, col 39 to line 203, col 63 of module UriPermission: 146
@!@!@ENDMSG 2221 @!@!@
@!@!@STARTMSG 2221:0 @!@!@
  line 204, col 36 to line 213, col 48 of module UriPermission: 146
@!@!@ENDMSG 2221 @!@!@
@!@!@STARTMSG 2221:0 @!@!@
  line 214, col 33 to line 214, col 44 of module UriPermission: 292
@!@!@ENDMSG 2221 @!@!@
@!@!@STARTMSG 2221:0 @!@!@
  line 215, col 33 to line 219, col 84 of module UriPermission: 97
@!@!@ENDMSG 2221 @!@!@
@!@!@STARTMSG 2221:0 @!@!@
  line 220, col 33 to line 220, col 73 of module UriPermission: 97
@!@!@ENDMSG 2221 @!@!@
@!@!@STARTMSG 2221:0 @!@!@
  line 221, col 33 to line 221, col 64 of module UriPermission: 97
@!@!@ENDMSG 2221 @!@!@
@!@!@STARTMSG 2221:0 @!@!@
  line 222, col 22 to line 223, col 66 of module UriPermission: 389
@!@!@ENDMSG 2221 @!@!@
@!@!@STARTMSG 2774:0 @!@!@
<TypeOK line 241, col 1 to line 241, col 6 of module UriPermission>
@!@!@ENDMSG 2774 @!@!@
@!@!@STARTMSG 2221:0 @!@!@
  line 241, col 11 to line 244, col 56 of module UriPermission: 484
@!@!@ENDMSG 2221 @!@!@
@!@!@STARTMSG 2774:0 @!@!@
<Action line 258, col 1 to line 258, col 39 of module UriPermission>
@!@!@ENDMSG 2774 @!@!@
@!@!@STARTMSG 2221:0 @!@!@
  line 258, col 1 to line 258, col 39 of module UriPermission: 2449
@!@!@ENDMSG 2221 @!@!@
@!@!@STARTMSG 2221:0 @!@!@
  line 258, col 1 to line 258, col 39 of module UriPermission: 1484
@!@!@ENDMSG 2221 @!@!@
@!@!@STARTMSG 2221:0 @!@!@
  line 258, col 1 to line 258, col 39 of module UriPermission: 3481
@!@!@ENDMSG 2221 @!@!@
@!@!@STARTMSG 2221:0 @!@!@
  line 258, col 1 to line 258, col 39 of module UriPermission: 1484
@!@!@ENDMSG 2221 @!@!@
@!@!@STARTMSG 2221:0 @!@!@
  line 43, col 18 to line 45, col 43 of module AccessControlManagement: 484
@!@!@ENDMSG 2221 @!@!@
@!@!@STARTMSG 2221:0 @!@!@
  |line 43, col 20 to line 45, col 42 of module AccessControlManagement: 484
@!@!@ENDMSG 2221 @!@!@
@!@!@STARTMSG 2221:0 @!@!@
  ||line 43, col 23 to line 45, col 42 of module AccessControlManagement: 484
@!@!@ENDMSG 2221 @!@!@
@!@!@STARTMSG 2221:0 @!@!@
  |||line 43, col 39 to line 45, col 42 of module AccessControlManagement: 966
@!@!@ENDMSG 2221 @!@!@
@!@!@STARTMSG 2221:0 @!@!@
  ||||line 44, col 23 to line 45, col 42 of module AccessControlManagement: 966
@!@!@ENDMSG 2221 @!@!@
@!@!@STARTMSG 2221:0 @!@!@
  |||||line 44, col 26 to line 44, col 46 of module AccessControlManagement: 966
@!@!@ENDMSG 2221 @!@!@
@!@!@STARTMSG 2221:0 @!@!@
  |||||line 45, col 26 to line 45, col 42 of module AccessControlManagement: 228
@!@!@ENDMSG 2221 @!@!@
@!@!@STARTMSG 2221:0 @!@!@
  ||||line 43, col 48 to line 43, col 52 of module AccessControlManagement: 966
@!@!@ENDMSG 2221 @!@!@
@!@!@STARTMSG 2221:0 @!@!@
  |||line 43, col 32 to line 43, col 35 of module AccessControlManagement: 484
@!@!@ENDMSG 2221 @!@!@
@!@!@STARTMSG 2202:0 @!@!@
End of statistics.
@!@!@ENDMSG 2202 @!@!@
@!@!@STARTMSG 2200:0 @!@!@
Progress(18) at 2023-03-23 12:56:55: 1,001 states generated (39,076 s/min), 484 distinct states found (18,893 ds/min), 73 states left on queue.
@!@!@ENDMSG 2200 @!@!@
@!@!@STARTMSG 2199:0 @!@!@
1001 states generated, 484 distinct states found, 73 states left on queue.
@!@!@ENDMSG 2199 @!@!@
@!@!@STARTMSG 2194:0 @!@!@
The depth of the complete state graph search is 18.
@!@!@ENDMSG 2194 @!@!@
@!@!@STARTMSG 2268:0 @!@!@
The average outdegree of the complete state graph is 1 (minimum is 0, the maximum 4 and the 95th percentile is 3).
@!@!@ENDMSG 2268 @!@!@
@!@!@STARTMSG 2186:0 @!@!@
Finished in 1552ms at (2023-03-23 12:56:55)
@!@!@ENDMSG 2186 @!@!@
