@!@!@STARTMSG 2262:0 @!@!@
TLC2 Version 2.16 of 31 December 2020 (rev: cdddf55)
@!@!@ENDMSG 2262 @!@!@
@!@!@STARTMSG 2187:0 @!@!@
Running breadth-first search Model-Checking with fp 9 and seed 8011568147115146070 with 4 workers on 8 cores with 599MB heap and 1345MB offheap memory [pid: 3724] (Windows 10 10.0 amd64, AdoptOpenJDK 14.0.1 x86_64, OffHeapDiskFPSet, DiskStateQueue).
@!@!@ENDMSG 2187 @!@!@
@!@!@STARTMSG 2220:0 @!@!@
Starting SANY...
@!@!@ENDMSG 2220 @!@!@
Parsing file G:\repos\access-control-management\spec\AccessControlManagement.toolbox\Model_1\MC.tla
Parsing file G:\repos\access-control-management\spec\AccessControlManagement.toolbox\Model_1\AccessControlManagement.tla
Parsing file G:\TLA+ Toolbox\plugins\org.lamport.tlatools_1.0.0.202012311918\tla2sany\StandardModules\TLC.tla
Parsing file G:\TLA+ Toolbox\plugins\org.lamport.tlatools_1.0.0.202012311918\tla2sany\StandardModules\Naturals.tla
Parsing file G:\TLA+ Toolbox\plugins\org.lamport.tlatools_1.0.0.202012311918\tla2sany\StandardModules\Sequences.tla
Parsing file G:\TLA+ Toolbox\plugins\org.lamport.tlatools_1.0.0.202012311918\tla2sany\StandardModules\FiniteSets.tla
Semantic processing of module Naturals
Semantic processing of module Sequences
Semantic processing of module AccessControlManagement
Semantic processing of module FiniteSets
Semantic processing of module TLC
Semantic processing of module MC
@!@!@STARTMSG 2219:0 @!@!@
SANY finished.
@!@!@ENDMSG 2219 @!@!@
@!@!@STARTMSG 2185:0 @!@!@
Starting... (2023-05-26 14:04:51)
@!@!@ENDMSG 2185 @!@!@
@!@!@STARTMSG 2212:0 @!@!@
Implied-temporal checking--satisfiability problem has 1 branches.
@!@!@ENDMSG 2212 @!@!@
@!@!@STARTMSG 2189:0 @!@!@
Computing initial states...
@!@!@ENDMSG 2189 @!@!@
@!@!@STARTMSG 2190:0 @!@!@
Finished computing initial states: 1 distinct state generated at 2023-05-26 14:04:51.
@!@!@ENDMSG 2190 @!@!@
@!@!@STARTMSG 2200:0 @!@!@
Progress(17) at 2023-05-26 14:04:52: 3,501 states generated, 1,348 distinct states found, 0 states left on queue.
@!@!@ENDMSG 2200 @!@!@
@!@!@STARTMSG 2192:0 @!@!@
Checking temporal properties for the complete state space with 1348 total distinct states at (2023-05-26 14:04:52)
@!@!@ENDMSG 2192 @!@!@
@!@!@STARTMSG 2116:1 @!@!@
Temporal properties were violated.

@!@!@ENDMSG 2116 @!@!@
@!@!@STARTMSG 2264:1 @!@!@
The following behavior constitutes a counter-example:

@!@!@ENDMSG 2264 @!@!@
@!@!@STARTMSG 2217:4 @!@!@
1: <Initial predicate>
/\ Acl2 = <<<<"NULL", "NULL">>, <<"NULL", "NULL">>>>
/\ Acl = <<<<"NULL", "NULL">>, <<"NULL", "NULL">>>>
/\ pc = <<"AcmBegin", "AcmBegin">>
/\ Resource = <<1, 1>>

@!@!@ENDMSG 2217 @!@!@
@!@!@STARTMSG 2217:4 @!@!@
2: <AcmBegin line 86, col 19 to line 88, col 56 of module AccessControlManagement>
/\ Acl2 = <<<<"NULL", "NULL">>, <<"NULL", "NULL">>>>
/\ Acl = <<<<"NULL", "NULL">>, <<"NULL", "NULL">>>>
/\ pc = <<"AcmBegin", "dsd">>
/\ Resource = <<1, 1>>

@!@!@ENDMSG 2217 @!@!@
@!@!@STARTMSG 2217:4 @!@!@
3: <dsd line 90, col 14 to line 99, col 45 of module AccessControlManagement>
/\ Acl2 = <<<<"NULL", "NULL">>, <<"NULL", "NULL">>>>
/\ Acl = <<<<"NULL", "NULL">>, <<"NULL", "NULL">>>>
/\ pc = <<"AcmBegin", "a">>
/\ Resource = <<1, 1>>

@!@!@ENDMSG 2217 @!@!@
@!@!@STARTMSG 2217:4 @!@!@
4: <a line 106, col 12 to line 112, col 44 of module AccessControlManagement>
/\ Acl2 = <<<<"NULL", "NULL">>, <<"NULL", "NULL">>>>
/\ Acl = <<<<"NULL", "NULL">>, <<"REQUESTED", "NULL">>>>
/\ pc = <<"AcmBegin", "N">>
/\ Resource = <<1, 1>>

@!@!@ENDMSG 2217 @!@!@
@!@!@STARTMSG 2217:4 @!@!@
5: <AcmBegin line 86, col 19 to line 88, col 56 of module AccessControlManagement>
/\ Acl2 = <<<<"NULL", "NULL">>, <<"NULL", "NULL">>>>
/\ Acl = <<<<"NULL", "NULL">>, <<"REQUESTED", "NULL">>>>
/\ pc = <<"dsd", "N">>
/\ Resource = <<1, 1>>

@!@!@ENDMSG 2217 @!@!@
@!@!@STARTMSG 2217:4 @!@!@
6: <N line 101, col 12 to line 104, col 39 of module AccessControlManagement>
/\ Acl2 = <<<<"NULL", "NULL">>, <<"NULL", "NULL">>>>
/\ Acl = <<<<"NULL", "NULL">>, <<"REQUESTED", "NULL">>>>
/\ pc = <<"dsd", "dsd">>
/\ Resource = <<1, 2>>

@!@!@ENDMSG 2217 @!@!@
@!@!@STARTMSG 2217:4 @!@!@
7: <dsd line 90, col 14 to line 99, col 45 of module AccessControlManagement>
/\ Acl2 = <<<<"NULL", "NULL">>, <<"REQUESTED", "NULL">>>>
/\ Acl = <<<<"NULL", "NULL">>, <<"REQUESTED", "NULL">>>>
/\ pc = <<"a", "dsd">>
/\ Resource = <<1, 2>>

@!@!@ENDMSG 2217 @!@!@
@!@!@STARTMSG 2217:4 @!@!@
8: <a line 106, col 12 to line 112, col 44 of module AccessControlManagement>
/\ Acl2 = <<<<"NULL", "NULL">>, <<"REQUESTED", "NULL">>>>
/\ Acl = <<<<"REQUESTED", "NULL">>, <<"REQUESTED", "NULL">>>>
/\ pc = <<"N", "dsd">>
/\ Resource = <<1, 2>>

@!@!@ENDMSG 2217 @!@!@
@!@!@STARTMSG 2217:4 @!@!@
9: <N line 101, col 12 to line 104, col 39 of module AccessControlManagement>
/\ Acl2 = <<<<"NULL", "NULL">>, <<"REQUESTED", "NULL">>>>
/\ Acl = <<<<"REQUESTED", "NULL">>, <<"REQUESTED", "NULL">>>>
/\ pc = <<"dsd", "dsd">>
/\ Resource = <<2, 2>>

@!@!@ENDMSG 2217 @!@!@
@!@!@STARTMSG 2217:4 @!@!@
10: <dsd line 90, col 14 to line 99, col 45 of module AccessControlManagement>
/\ Acl2 = <<<<"REQUESTED", "NULL">>, <<"REQUESTED", "NULL">>>>
/\ Acl = <<<<"REQUESTED", "NULL">>, <<"REQUESTED", "NULL">>>>
/\ pc = <<"a", "dsd">>
/\ Resource = <<2, 2>>

@!@!@ENDMSG 2217 @!@!@
@!@!@STARTMSG 2217:4 @!@!@
11: <a line 106, col 12 to line 112, col 44 of module AccessControlManagement>
/\ Acl2 = <<<<"REQUESTED", "NULL">>, <<"REQUESTED", "NULL">>>>
/\ Acl = <<<<"REQUESTED", "REQUESTED">>, <<"REQUESTED", "NULL">>>>
/\ pc = <<"N", "dsd">>
/\ Resource = <<2, 2>>

@!@!@ENDMSG 2217 @!@!@
@!@!@STARTMSG 2217:4 @!@!@
12: <N line 101, col 12 to line 104, col 39 of module AccessControlManagement>
/\ Acl2 = <<<<"REQUESTED", "NULL">>, <<"REQUESTED", "NULL">>>>
/\ Acl = <<<<"REQUESTED", "REQUESTED">>, <<"REQUESTED", "NULL">>>>
/\ pc = <<"dsd", "dsd">>
/\ Resource = <<3, 2>>

@!@!@ENDMSG 2217 @!@!@
@!@!@STARTMSG 2217:4 @!@!@
13: <dsd line 90, col 14 to line 99, col 45 of module AccessControlManagement>
/\ Acl2 = <<<<"REQUESTED", "NULL">>, <<"REQUESTED", "NULL">>>>
/\ Acl = <<<<"REQUESTED", "REQUESTED">>, <<"REQUESTED", "NULL">>>>
/\ pc = <<"AcmBegin", "dsd">>
/\ Resource = <<3, 2>>

@!@!@ENDMSG 2217 @!@!@
@!@!@STARTMSG 2217:4 @!@!@
14: <dsd line 90, col 14 to line 99, col 45 of module AccessControlManagement>
/\ Acl2 = <<<<"REQUESTED", "REQUESTED">>, <<"REQUESTED", "NULL">>>>
/\ Acl = <<<<"REQUESTED", "REQUESTED">>, <<"REQUESTED", "NULL">>>>
/\ pc = <<"AcmBegin", "a">>
/\ Resource = <<3, 2>>

@!@!@ENDMSG 2217 @!@!@
@!@!@STARTMSG 2217:4 @!@!@
15: <a line 106, col 12 to line 112, col 44 of module AccessControlManagement>
/\ Acl2 = <<<<"REQUESTED", "REQUESTED">>, <<"REQUESTED", "NULL">>>>
/\ Acl = <<<<"REQUESTED", "REQUESTED">>, <<"REQUESTED", "REQUESTED">>>>
/\ pc = <<"AcmBegin", "N">>
/\ Resource = <<3, 2>>

@!@!@ENDMSG 2217 @!@!@
@!@!@STARTMSG 2217:4 @!@!@
16: <N line 101, col 12 to line 104, col 39 of module AccessControlManagement>
/\ Acl2 = <<<<"REQUESTED", "REQUESTED">>, <<"REQUESTED", "NULL">>>>
/\ Acl = <<<<"REQUESTED", "REQUESTED">>, <<"REQUESTED", "REQUESTED">>>>
/\ pc = <<"AcmBegin", "dsd">>
/\ Resource = <<3, 3>>

@!@!@ENDMSG 2217 @!@!@
@!@!@STARTMSG 2217:4 @!@!@
17: <AcmBegin line 86, col 19 to line 88, col 56 of module AccessControlManagement>
/\ Acl2 = <<<<"REQUESTED", "REQUESTED">>, <<"REQUESTED", "NULL">>>>
/\ Acl = <<<<"REQUESTED", "REQUESTED">>, <<"REQUESTED", "REQUESTED">>>>
/\ pc = <<"dsd", "dsd">>
/\ Resource = <<3, 3>>

@!@!@ENDMSG 2217 @!@!@
@!@!@STARTMSG 2217:4 @!@!@
18: <dsd line 90, col 14 to line 99, col 45 of module AccessControlManagement>
/\ Acl2 = <<<<"REQUESTED", "REQUESTED">>, <<"REQUESTED", "NULL">>>>
/\ Acl = <<<<"REQUESTED", "REQUESTED">>, <<"REQUESTED", "REQUESTED">>>>
/\ pc = <<"dsd", "AcmBegin">>
/\ Resource = <<3, 3>>

@!@!@ENDMSG 2217 @!@!@
@!@!@STARTMSG 2217:4 @!@!@
19: <AcmBegin line 86, col 19 to line 88, col 56 of module AccessControlManagement>
/\ Acl2 = <<<<"REQUESTED", "REQUESTED">>, <<"REQUESTED", "NULL">>>>
/\ Acl = <<<<"REQUESTED", "REQUESTED">>, <<"REQUESTED", "REQUESTED">>>>
/\ pc = <<"dsd", "dsd">>
/\ Resource = <<3, 3>>

@!@!@ENDMSG 2217 @!@!@
@!@!@STARTMSG 2122:4 @!@!@
16: Back to state: <dsd line 90, col 14 to line 99, col 45 of module AccessControlManagement>

@!@!@ENDMSG 2122 @!@!@
@!@!@STARTMSG 2267:0 @!@!@
Finished checking temporal properties in 00s at 2023-05-26 14:04:53
@!@!@ENDMSG 2267 @!@!@
@!@!@STARTMSG 2201:0 @!@!@
The coverage statistics at 2023-05-26 14:04:53
@!@!@ENDMSG 2201 @!@!@
@!@!@STARTMSG 2773:0 @!@!@
<Init line 79, col 1 to line 79, col 4 of module AccessControlManagement>: 2:2
@!@!@ENDMSG 2773 @!@!@
@!@!@STARTMSG 2221:0 @!@!@
  line 80, col 9 to line 84, col 49 of module AccessControlManagement: 2
@!@!@ENDMSG 2221 @!@!@
@!@!@STARTMSG 2772:0 @!@!@
<AcmBegin line 86, col 1 to line 86, col 14 of module AccessControlManagement>: 18:502
@!@!@ENDMSG 2772 @!@!@
@!@!@STARTMSG 2221:0 @!@!@
  line 86, col 22 to line 86, col 42 of module AccessControlManagement: 4008
@!@!@ENDMSG 2221 @!@!@
@!@!@STARTMSG 2221:0 @!@!@
  |line 86, col 22 to line 86, col 29 of module AccessControlManagement: 3506
@!@!@ENDMSG 2221 @!@!@
@!@!@STARTMSG 2221:0 @!@!@
  line 87, col 22 to line 87, col 54 of module AccessControlManagement: 502
@!@!@ENDMSG 2221 @!@!@
@!@!@STARTMSG 2221:0 @!@!@
  line 88, col 22 to line 88, col 56 of module AccessControlManagement: 502
@!@!@ENDMSG 2221 @!@!@
@!@!@STARTMSG 2772:0 @!@!@
<dsd line 90, col 1 to line 90, col 9 of module AccessControlManagement>: 662:1513
@!@!@ENDMSG 2772 @!@!@
@!@!@STARTMSG 2221:0 @!@!@
  line 90, col 17 to line 90, col 32 of module AccessControlManagement: 4196
@!@!@ENDMSG 2221 @!@!@
@!@!@STARTMSG 2221:0 @!@!@
  |line 90, col 17 to line 90, col 24 of module AccessControlManagement: 3502
@!@!@ENDMSG 2221 @!@!@
@!@!@STARTMSG 2221:0 @!@!@
  line 91, col 20 to line 91, col 47 of module AccessControlManagement: 694
@!@!@ENDMSG 2221 @!@!@
@!@!@STARTMSG 2221:0 @!@!@
  line 92, col 25 to line 96, col 64 of module AccessControlManagement: 273
@!@!@ENDMSG 2221 @!@!@
@!@!@STARTMSG 2221:0 @!@!@
  line 97, col 25 to line 98, col 39 of module AccessControlManagement: 421
@!@!@ENDMSG 2221 @!@!@
@!@!@STARTMSG 2221:0 @!@!@
  line 99, col 17 to line 99, col 45 of module AccessControlManagement: 1513
@!@!@ENDMSG 2221 @!@!@
@!@!@STARTMSG 2772:0 @!@!@
<N line 101, col 1 to line 101, col 7 of module AccessControlManagement>: 374:1190
@!@!@ENDMSG 2772 @!@!@
@!@!@STARTMSG 2221:0 @!@!@
  line 101, col 15 to line 101, col 28 of module AccessControlManagement: 4685
@!@!@ENDMSG 2221 @!@!@
@!@!@STARTMSG 2221:0 @!@!@
  |line 101, col 15 to line 101, col 22 of module AccessControlManagement: 3495
@!@!@ENDMSG 2221 @!@!@
@!@!@STARTMSG 2221:0 @!@!@
  line 102, col 15 to line 102, col 70 of module AccessControlManagement: 1190
@!@!@ENDMSG 2221 @!@!@
@!@!@STARTMSG 2221:0 @!@!@
  line 103, col 15 to line 103, col 47 of module AccessControlManagement: 1190
@!@!@ENDMSG 2221 @!@!@
@!@!@STARTMSG 2221:0 @!@!@
  line 104, col 15 to line 104, col 39 of module AccessControlManagement: 1190
@!@!@ENDMSG 2221 @!@!@
@!@!@STARTMSG 2772:0 @!@!@
<a line 106, col 1 to line 106, col 7 of module AccessControlManagement>: 163:283
@!@!@ENDMSG 2772 @!@!@
@!@!@STARTMSG 2221:0 @!@!@
  line 106, col 15 to line 106, col 28 of module AccessControlManagement: 3774
@!@!@ENDMSG 2221 @!@!@
@!@!@STARTMSG 2221:0 @!@!@
  |line 106, col 15 to line 106, col 22 of module AccessControlManagement: 3491
@!@!@ENDMSG 2221 @!@!@
@!@!@STARTMSG 2221:0 @!@!@
  line 107, col 18 to line 107, col 49 of module AccessControlManagement: 283
@!@!@ENDMSG 2221 @!@!@
@!@!@STARTMSG 2221:0 @!@!@
  line 108, col 23 to line 108, col 80 of module AccessControlManagement: 283
@!@!@ENDMSG 2221 @!@!@
@!@!@STARTMSG 2221:0 @!@!@
  line 110, col 26 to line 110, col 35 of module AccessControlManagement: 0
@!@!@ENDMSG 2221 @!@!@
@!@!@STARTMSG 2221:0 @!@!@
  line 111, col 15 to line 111, col 45 of module AccessControlManagement: 283
@!@!@ENDMSG 2221 @!@!@
@!@!@STARTMSG 2221:0 @!@!@
  line 112, col 15 to line 112, col 44 of module AccessControlManagement: 283
@!@!@ENDMSG 2221 @!@!@
@!@!@STARTMSG 2772:0 @!@!@
<b line 114, col 1 to line 114, col 7 of module AccessControlManagement>: 127:279
@!@!@ENDMSG 2772 @!@!@
@!@!@STARTMSG 2221:0 @!@!@
  line 114, col 15 to line 114, col 28 of module AccessControlManagement: 3766
@!@!@ENDMSG 2221 @!@!@
@!@!@STARTMSG 2221:0 @!@!@
  |line 114, col 15 to line 114, col 22 of module AccessControlManagement: 3487
@!@!@ENDMSG 2221 @!@!@
@!@!@STARTMSG 2221:0 @!@!@
  line 115, col 18 to line 115, col 54 of module AccessControlManagement: 279
@!@!@ENDMSG 2221 @!@!@
@!@!@STARTMSG 2221:0 @!@!@
  line 118, col 39 to line 118, col 91 of module AccessControlManagement: 0
@!@!@ENDMSG 2221 @!@!@
@!@!@STARTMSG 2221:0 @!@!@
  line 119, col 39 to line 119, col 92 of module AccessControlManagement: 0
@!@!@ENDMSG 2221 @!@!@
@!@!@STARTMSG 2221:0 @!@!@
  line 120, col 23 to line 121, col 35 of module AccessControlManagement: 279
@!@!@ENDMSG 2221 @!@!@
@!@!@STARTMSG 2221:0 @!@!@
  line 122, col 15 to line 122, col 45 of module AccessControlManagement: 279
@!@!@ENDMSG 2221 @!@!@
@!@!@STARTMSG 2221:0 @!@!@
  line 123, col 15 to line 123, col 44 of module AccessControlManagement: 279
@!@!@ENDMSG 2221 @!@!@
@!@!@STARTMSG 2772:0 @!@!@
<c line 125, col 1 to line 125, col 7 of module AccessControlManagement>: 3:279
@!@!@ENDMSG 2772 @!@!@
@!@!@STARTMSG 2221:0 @!@!@
  line 125, col 15 to line 125, col 28 of module AccessControlManagement: 3766
@!@!@ENDMSG 2221 @!@!@
@!@!@STARTMSG 2221:0 @!@!@
  |line 125, col 15 to line 125, col 22 of module AccessControlManagement: 3487
@!@!@ENDMSG 2221 @!@!@
@!@!@STARTMSG 2221:0 @!@!@
  line 126, col 18 to line 126, col 52 of module AccessControlManagement: 279
@!@!@ENDMSG 2221 @!@!@
@!@!@STARTMSG 2221:0 @!@!@
  line 127, col 26 to line 127, col 75 of module AccessControlManagement: 0
@!@!@ENDMSG 2221 @!@!@
@!@!@STARTMSG 2221:0 @!@!@
  line 128, col 23 to line 129, col 35 of module AccessControlManagement: 279
@!@!@ENDMSG 2221 @!@!@
@!@!@STARTMSG 2221:0 @!@!@
  line 130, col 15 to line 130, col 45 of module AccessControlManagement: 279
@!@!@ENDMSG 2221 @!@!@
@!@!@STARTMSG 2221:0 @!@!@
  line 131, col 15 to line 131, col 44 of module AccessControlManagement: 279
@!@!@ENDMSG 2221 @!@!@
@!@!@STARTMSG 2772:0 @!@!@
<d line 133, col 1 to line 133, col 7 of module AccessControlManagement>: 0:279
@!@!@ENDMSG 2772 @!@!@
@!@!@STARTMSG 2221:0 @!@!@
  line 133, col 15 to line 133, col 28 of module AccessControlManagement: 3766
@!@!@ENDMSG 2221 @!@!@
@!@!@STARTMSG 2221:0 @!@!@
  |line 133, col 15 to line 133, col 22 of module AccessControlManagement: 3487
@!@!@ENDMSG 2221 @!@!@
@!@!@STARTMSG 2221:0 @!@!@
  line 134, col 18 to line 134, col 52 of module AccessControlManagement: 279
@!@!@ENDMSG 2221 @!@!@
@!@!@STARTMSG 2221:0 @!@!@
  line 135, col 26 to line 135, col 77 of module AccessControlManagement: 0
@!@!@ENDMSG 2221 @!@!@
@!@!@STARTMSG 2221:0 @!@!@
  line 136, col 23 to line 137, col 35 of module AccessControlManagement: 279
@!@!@ENDMSG 2221 @!@!@
@!@!@STARTMSG 2221:0 @!@!@
  line 138, col 15 to line 138, col 45 of module AccessControlManagement: 279
@!@!@ENDMSG 2221 @!@!@
@!@!@STARTMSG 2221:0 @!@!@
  line 139, col 15 to line 139, col 44 of module AccessControlManagement: 279
@!@!@ENDMSG 2221 @!@!@
@!@!@STARTMSG 2774:0 @!@!@
<AcmTypeOK line 151, col 1 to line 151, col 9 of module AccessControlManagement>
@!@!@ENDMSG 2774 @!@!@
@!@!@STARTMSG 2221:0 @!@!@
  line 151, col 14 to line 152, col 69 of module AccessControlManagement: 1348
@!@!@ENDMSG 2221 @!@!@
@!@!@STARTMSG 2774:0 @!@!@
<AcmConsistent line 154, col 1 to line 154, col 13 of module AccessControlManagement>
@!@!@ENDMSG 2774 @!@!@
@!@!@STARTMSG 2221:0 @!@!@
  line 154, col 18 to line 156, col 90 of module AccessControlManagement: 1348
@!@!@ENDMSG 2221 @!@!@
@!@!@STARTMSG 2221:0 @!@!@
  |line 154, col 20 to line 156, col 89 of module AccessControlManagement: 1348
@!@!@ENDMSG 2221 @!@!@
@!@!@STARTMSG 2221:0 @!@!@
  ||line 155, col 20 to line 156, col 89 of module AccessControlManagement: 2696
@!@!@ENDMSG 2221 @!@!@
@!@!@STARTMSG 2221:0 @!@!@
  |||line 156, col 25 to line 156, col 89 of module AccessControlManagement: 5392
@!@!@ENDMSG 2221 @!@!@
@!@!@STARTMSG 2221:0 @!@!@
  |||line 155, col 29 to line 155, col 37 of module AccessControlManagement: 2696
@!@!@ENDMSG 2221 @!@!@
@!@!@STARTMSG 2221:0 @!@!@
  ||line 154, col 29 to line 154, col 37 of module AccessControlManagement: 1348
@!@!@ENDMSG 2221 @!@!@
@!@!@STARTMSG 2202:0 @!@!@
End of statistics.
@!@!@ENDMSG 2202 @!@!@
@!@!@STARTMSG 2200:0 @!@!@
Progress(17) at 2023-05-26 14:04:53: 3,501 states generated (77,086 s/min), 1,348 distinct states found (29,680 ds/min), 0 states left on queue.
@!@!@ENDMSG 2200 @!@!@
@!@!@STARTMSG 2199:0 @!@!@
3501 states generated, 1348 distinct states found, 0 states left on queue.
@!@!@ENDMSG 2199 @!@!@
@!@!@STARTMSG 2186:0 @!@!@
Finished in 2735ms at (2023-05-26 14:04:53)
@!@!@ENDMSG 2186 @!@!@
