@!@!@STARTMSG 2262:0 @!@!@
TLC2 Version 2.16 of 31 December 2020 (rev: cdddf55)
@!@!@ENDMSG 2262 @!@!@
@!@!@STARTMSG 2187:0 @!@!@
Running breadth-first search Model-Checking with fp 44 and seed 4300900649632751205 with 4 workers on 8 cores with 599MB heap and 1345MB offheap memory [pid: 3840] (Windows 10 10.0 amd64, AdoptOpenJDK 14.0.1 x86_64, OffHeapDiskFPSet, DiskStateQueue).
@!@!@ENDMSG 2187 @!@!@
@!@!@STARTMSG 2220:0 @!@!@
Starting SANY...
@!@!@ENDMSG 2220 @!@!@
Parsing file G:\repos\access-control-management\spec\AccessControlManagement.toolbox\Model_1\MC.tla
Parsing file G:\repos\access-control-management\spec\AccessControlManagement.toolbox\Model_1\AccessControlManagement.tla
Parsing file G:\TLA+ Toolbox\plugins\org.lamport.tlatools_1.0.0.202012311918\tla2sany\StandardModules\TLC.tla
Parsing file G:\TLA+ Toolbox\plugins\org.lamport.tlatools_1.0.0.202012311918\tla2sany\StandardModules\Naturals.tla
Parsing file G:\TLA+ Toolbox\plugins\org.lamport.tlatools_1.0.0.202012311918\tla2sany\StandardModules\Sequences.tla
Parsing file G:\TLA+ Toolbox\plugins\org.lamport.tlatools_1.0.0.202012311918\tla2sany\StandardModules\FiniteSets.tla
Semantic processing of module Naturals
Semantic processing of module Sequences
Semantic processing of module AccessControlManagement
Semantic processing of module FiniteSets
Semantic processing of module TLC
Semantic processing of module MC
@!@!@STARTMSG 2219:0 @!@!@
SANY finished.
@!@!@ENDMSG 2219 @!@!@
@!@!@STARTMSG 2185:0 @!@!@
Starting... (2023-05-26 14:05:30)
@!@!@ENDMSG 2185 @!@!@
@!@!@STARTMSG 2212:0 @!@!@
Implied-temporal checking--satisfiability problem has 1 branches.
@!@!@ENDMSG 2212 @!@!@
@!@!@STARTMSG 2189:0 @!@!@
Computing initial states...
@!@!@ENDMSG 2189 @!@!@
@!@!@STARTMSG 2190:0 @!@!@
Finished computing initial states: 1 distinct state generated at 2023-05-26 14:05:30.
@!@!@ENDMSG 2190 @!@!@
@!@!@STARTMSG 2192:0 @!@!@
Checking temporal properties for the current state space with 10786 total distinct states at (2023-05-26 14:05:33)
@!@!@ENDMSG 2192 @!@!@
@!@!@STARTMSG 2116:1 @!@!@
Temporal properties were violated.

@!@!@ENDMSG 2116 @!@!@
@!@!@STARTMSG 2264:1 @!@!@
The following behavior constitutes a counter-example:

@!@!@ENDMSG 2264 @!@!@
@!@!@STARTMSG 2217:4 @!@!@
1: <Initial predicate>
/\ Acl2 = <<<<"NULL", "NULL">>, <<"NULL", "NULL">>>>
/\ Acl = <<<<"NULL", "NULL">>, <<"NULL", "NULL">>>>
/\ pc = <<"AcmBegin", "AcmBegin">>
/\ Resource = <<1, 1>>

@!@!@ENDMSG 2217 @!@!@
@!@!@STARTMSG 2217:4 @!@!@
2: <AcmBegin line 87, col 19 to line 90, col 46 of module AccessControlManagement>
/\ Acl2 = <<<<"NULL", "NULL">>, <<"NULL", "NULL">>>>
/\ Acl = <<<<"NULL", "NULL">>, <<"NULL", "NULL">>>>
/\ pc = <<"dsd", "AcmBegin">>
/\ Resource = <<1, 1>>

@!@!@ENDMSG 2217 @!@!@
@!@!@STARTMSG 2217:4 @!@!@
3: <AcmBegin line 87, col 19 to line 90, col 46 of module AccessControlManagement>
/\ Acl2 = <<<<"NULL", "NULL">>, <<"NULL", "NULL">>>>
/\ Acl = <<<<"NULL", "NULL">>, <<"NULL", "NULL">>>>
/\ pc = <<"dsd", "dsd">>
/\ Resource = <<1, 1>>

@!@!@ENDMSG 2217 @!@!@
@!@!@STARTMSG 2217:4 @!@!@
4: <dsd line 92, col 14 to line 101, col 45 of module AccessControlManagement>
/\ Acl2 = <<<<"NULL", "NULL">>, <<"NULL", "NULL">>>>
/\ Acl = <<<<"NULL", "NULL">>, <<"NULL", "NULL">>>>
/\ pc = <<"dsd", "a">>
/\ Resource = <<1, 1>>

@!@!@ENDMSG 2217 @!@!@
@!@!@STARTMSG 2217:4 @!@!@
5: <dsd line 92, col 14 to line 101, col 45 of module AccessControlManagement>
/\ Acl2 = <<<<"NULL", "NULL">>, <<"NULL", "NULL">>>>
/\ Acl = <<<<"NULL", "NULL">>, <<"NULL", "NULL">>>>
/\ pc = <<"a", "a">>
/\ Resource = <<1, 1>>

@!@!@ENDMSG 2217 @!@!@
@!@!@STARTMSG 2217:4 @!@!@
6: <a line 108, col 12 to line 114, col 44 of module AccessControlManagement>
/\ Acl2 = <<<<"NULL", "NULL">>, <<"NULL", "NULL">>>>
/\ Acl = <<<<"NULL", "NULL">>, <<"REQUESTED", "NULL">>>>
/\ pc = <<"a", "N">>
/\ Resource = <<1, 1>>

@!@!@ENDMSG 2217 @!@!@
@!@!@STARTMSG 2217:4 @!@!@
7: <N line 103, col 12 to line 106, col 39 of module AccessControlManagement>
/\ Acl2 = <<<<"NULL", "NULL">>, <<"NULL", "NULL">>>>
/\ Acl = <<<<"NULL", "NULL">>, <<"REQUESTED", "NULL">>>>
/\ pc = <<"a", "dsd">>
/\ Resource = <<1, 2>>

@!@!@ENDMSG 2217 @!@!@
@!@!@STARTMSG 2217:4 @!@!@
8: <a line 108, col 12 to line 114, col 44 of module AccessControlManagement>
/\ Acl2 = <<<<"NULL", "NULL">>, <<"NULL", "NULL">>>>
/\ Acl = <<<<"REQUESTED", "NULL">>, <<"REQUESTED", "NULL">>>>
/\ pc = <<"N", "dsd">>
/\ Resource = <<1, 2>>

@!@!@ENDMSG 2217 @!@!@
@!@!@STARTMSG 2217:4 @!@!@
9: <N line 103, col 12 to line 106, col 39 of module AccessControlManagement>
/\ Acl2 = <<<<"NULL", "NULL">>, <<"NULL", "NULL">>>>
/\ Acl = <<<<"REQUESTED", "NULL">>, <<"REQUESTED", "NULL">>>>
/\ pc = <<"dsd", "dsd">>
/\ Resource = <<2, 2>>

@!@!@ENDMSG 2217 @!@!@
@!@!@STARTMSG 2217:4 @!@!@
10: <dsd line 92, col 14 to line 101, col 45 of module AccessControlManagement>
/\ Acl2 = <<<<"REQUESTED", "NULL">>, <<"REQUESTED", "NULL">>>>
/\ Acl = <<<<"REQUESTED", "NULL">>, <<"REQUESTED", "NULL">>>>
/\ pc = <<"dsd", "a">>
/\ Resource = <<2, 2>>

@!@!@ENDMSG 2217 @!@!@
@!@!@STARTMSG 2217:4 @!@!@
11: <a line 108, col 12 to line 114, col 44 of module AccessControlManagement>
/\ Acl2 = <<<<"REQUESTED", "NULL">>, <<"REQUESTED", "NULL">>>>
/\ Acl = <<<<"REQUESTED", "NULL">>, <<"REQUESTED", "REQUESTED">>>>
/\ pc = <<"dsd", "N">>
/\ Resource = <<2, 2>>

@!@!@ENDMSG 2217 @!@!@
@!@!@STARTMSG 2217:4 @!@!@
12: <dsd line 92, col 14 to line 101, col 45 of module AccessControlManagement>
/\ Acl2 = <<<<"REQUESTED", "NULL">>, <<"REQUESTED", "REQUESTED">>>>
/\ Acl = <<<<"REQUESTED", "NULL">>, <<"REQUESTED", "REQUESTED">>>>
/\ pc = <<"a", "N">>
/\ Resource = <<2, 2>>

@!@!@ENDMSG 2217 @!@!@
@!@!@STARTMSG 2217:4 @!@!@
13: <N line 103, col 12 to line 106, col 39 of module AccessControlManagement>
/\ Acl2 = <<<<"REQUESTED", "NULL">>, <<"REQUESTED", "REQUESTED">>>>
/\ Acl = <<<<"REQUESTED", "NULL">>, <<"REQUESTED", "REQUESTED">>>>
/\ pc = <<"a", "dsd">>
/\ Resource = <<2, 3>>

@!@!@ENDMSG 2217 @!@!@
@!@!@STARTMSG 2217:4 @!@!@
14: <a line 108, col 12 to line 114, col 44 of module AccessControlManagement>
/\ Acl2 = <<<<"REQUESTED", "NULL">>, <<"REQUESTED", "REQUESTED">>>>
/\ Acl = <<<<"REQUESTED", "REQUESTED">>, <<"REQUESTED", "REQUESTED">>>>
/\ pc = <<"N", "dsd">>
/\ Resource = <<2, 3>>

@!@!@ENDMSG 2217 @!@!@
@!@!@STARTMSG 2217:4 @!@!@
15: <N line 103, col 12 to line 106, col 39 of module AccessControlManagement>
/\ Acl2 = <<<<"REQUESTED", "NULL">>, <<"REQUESTED", "REQUESTED">>>>
/\ Acl = <<<<"REQUESTED", "REQUESTED">>, <<"REQUESTED", "REQUESTED">>>>
/\ pc = <<"dsd", "dsd">>
/\ Resource = <<3, 3>>

@!@!@ENDMSG 2217 @!@!@
@!@!@STARTMSG 2217:4 @!@!@
16: <dsd line 92, col 14 to line 101, col 45 of module AccessControlManagement>
/\ Acl2 = <<<<"REQUESTED", "NULL">>, <<"REQUESTED", "REQUESTED">>>>
/\ Acl = <<<<"REQUESTED", "REQUESTED">>, <<"REQUESTED", "REQUESTED">>>>
/\ pc = <<"AcmBegin", "dsd">>
/\ Resource = <<3, 3>>

@!@!@ENDMSG 2217 @!@!@
@!@!@STARTMSG 2217:4 @!@!@
17: <dsd line 92, col 14 to line 101, col 45 of module AccessControlManagement>
/\ Acl2 = <<<<"REQUESTED", "NULL">>, <<"REQUESTED", "REQUESTED">>>>
/\ Acl = <<<<"REQUESTED", "REQUESTED">>, <<"REQUESTED", "REQUESTED">>>>
/\ pc = <<"AcmBegin", "AcmBegin">>
/\ Resource = <<3, 3>>

@!@!@ENDMSG 2217 @!@!@
@!@!@STARTMSG 2218:4 @!@!@
18: Stuttering
@!@!@ENDMSG 2218 @!@!@
@!@!@STARTMSG 2267:0 @!@!@
Finished checking temporal properties in 00s at 2023-05-26 14:05:34
@!@!@ENDMSG 2267 @!@!@
@!@!@STARTMSG 2201:0 @!@!@
The coverage statistics at 2023-05-26 14:05:34
@!@!@ENDMSG 2201 @!@!@
@!@!@STARTMSG 2773:0 @!@!@
<Init line 80, col 1 to line 80, col 4 of module AccessControlManagement>: 2:2
@!@!@ENDMSG 2773 @!@!@
@!@!@STARTMSG 2221:0 @!@!@
  line 81, col 9 to line 85, col 49 of module AccessControlManagement: 2
@!@!@ENDMSG 2221 @!@!@
@!@!@STARTMSG 2772:0 @!@!@
<AcmBegin line 87, col 1 to line 87, col 14 of module AccessControlManagement>: 751:1700
@!@!@ENDMSG 2772 @!@!@
@!@!@STARTMSG 2221:0 @!@!@
  line 87, col 22 to line 87, col 42 of module AccessControlManagement: 23680
@!@!@ENDMSG 2221 @!@!@
@!@!@STARTMSG 2221:0 @!@!@
  |line 87, col 22 to line 87, col 29 of module AccessControlManagement: 21980
@!@!@ENDMSG 2221 @!@!@
@!@!@STARTMSG 2221:0 @!@!@
  line 88, col 22 to line 88, col 62 of module AccessControlManagement: 1700
@!@!@ENDMSG 2221 @!@!@
@!@!@STARTMSG 2221:0 @!@!@
  line 89, col 22 to line 89, col 54 of module AccessControlManagement: 1700
@!@!@ENDMSG 2221 @!@!@
@!@!@STARTMSG 2221:0 @!@!@
  line 90, col 22 to line 90, col 46 of module AccessControlManagement: 1700
@!@!@ENDMSG 2221 @!@!@
@!@!@STARTMSG 2772:0 @!@!@
<dsd line 92, col 1 to line 92, col 9 of module AccessControlManagement>: 4903:13206
@!@!@ENDMSG 2772 @!@!@
@!@!@STARTMSG 2221:0 @!@!@
  line 92, col 17 to line 92, col 32 of module AccessControlManagement: 26574
@!@!@ENDMSG 2221 @!@!@
@!@!@STARTMSG 2221:0 @!@!@
  |line 92, col 17 to line 92, col 24 of module AccessControlManagement: 21978
@!@!@ENDMSG 2221 @!@!@
@!@!@STARTMSG 2221:0 @!@!@
  line 93, col 20 to line 93, col 47 of module AccessControlManagement: 4596
@!@!@ENDMSG 2221 @!@!@
@!@!@STARTMSG 2221:0 @!@!@
  line 94, col 25 to line 98, col 64 of module AccessControlManagement: 2870
@!@!@ENDMSG 2221 @!@!@
@!@!@STARTMSG 2221:0 @!@!@
  line 99, col 25 to line 100, col 39 of module AccessControlManagement: 1726
@!@!@ENDMSG 2221 @!@!@
@!@!@STARTMSG 2221:0 @!@!@
  line 101, col 17 to line 101, col 45 of module AccessControlManagement: 13206
@!@!@ENDMSG 2221 @!@!@
@!@!@STARTMSG 2772:0 @!@!@
<N line 103, col 1 to line 103, col 7 of module AccessControlManagement>: 2617:7009
@!@!@ENDMSG 2772 @!@!@
@!@!@STARTMSG 2221:0 @!@!@
  line 103, col 15 to line 103, col 28 of module AccessControlManagement: 28981
@!@!@ENDMSG 2221 @!@!@
@!@!@STARTMSG 2221:0 @!@!@
  |line 103, col 15 to line 103, col 22 of module AccessControlManagement: 21972
@!@!@ENDMSG 2221 @!@!@
@!@!@STARTMSG 2221:0 @!@!@
  line 104, col 15 to line 104, col 70 of module AccessControlManagement: 7009
@!@!@ENDMSG 2221 @!@!@
@!@!@STARTMSG 2221:0 @!@!@
  line 105, col 15 to line 105, col 47 of module AccessControlManagement: 7009
@!@!@ENDMSG 2221 @!@!@
@!@!@STARTMSG 2221:0 @!@!@
  line 106, col 15 to line 106, col 39 of module AccessControlManagement: 7009
@!@!@ENDMSG 2221 @!@!@
@!@!@STARTMSG 2772:0 @!@!@
<a line 108, col 1 to line 108, col 7 of module AccessControlManagement>: 1040:2174
@!@!@ENDMSG 2772 @!@!@
@!@!@STARTMSG 2221:0 @!@!@
  line 108, col 15 to line 108, col 28 of module AccessControlManagement: 24142
@!@!@ENDMSG 2221 @!@!@
@!@!@STARTMSG 2221:0 @!@!@
  |line 108, col 15 to line 108, col 22 of module AccessControlManagement: 21968
@!@!@ENDMSG 2221 @!@!@
@!@!@STARTMSG 2221:0 @!@!@
  line 109, col 18 to line 109, col 49 of module AccessControlManagement: 2174
@!@!@ENDMSG 2221 @!@!@
@!@!@STARTMSG 2221:0 @!@!@
  line 110, col 23 to line 110, col 80 of module AccessControlManagement: 1344
@!@!@ENDMSG 2221 @!@!@
@!@!@STARTMSG 2221:0 @!@!@
  line 111, col 23 to line 112, col 35 of module AccessControlManagement: 830
@!@!@ENDMSG 2221 @!@!@
@!@!@STARTMSG 2221:0 @!@!@
  line 113, col 15 to line 113, col 45 of module AccessControlManagement: 2174
@!@!@ENDMSG 2221 @!@!@
@!@!@STARTMSG 2221:0 @!@!@
  line 114, col 15 to line 114, col 44 of module AccessControlManagement: 2174
@!@!@ENDMSG 2221 @!@!@
@!@!@STARTMSG 2772:0 @!@!@
<b line 116, col 1 to line 116, col 7 of module AccessControlManagement>: 1402:2933
@!@!@ENDMSG 2772 @!@!@
@!@!@STARTMSG 2221:0 @!@!@
  line 116, col 15 to line 116, col 28 of module AccessControlManagement: 24131
@!@!@ENDMSG 2221 @!@!@
@!@!@STARTMSG 2221:0 @!@!@
  |line 116, col 15 to line 116, col 22 of module AccessControlManagement: 21964
@!@!@ENDMSG 2221 @!@!@
@!@!@STARTMSG 2221:0 @!@!@
  line 117, col 18 to line 117, col 54 of module AccessControlManagement: 2167
@!@!@ENDMSG 2221 @!@!@
@!@!@STARTMSG 2221:0 @!@!@
  line 119, col 31 to line 119, col 38 of module AccessControlManagement: 1532
@!@!@ENDMSG 2221 @!@!@
@!@!@STARTMSG 2221:0 @!@!@
  line 120, col 36 to line 120, col 91 of module AccessControlManagement: 766
@!@!@ENDMSG 2221 @!@!@
@!@!@STARTMSG 2221:0 @!@!@
  line 121, col 36 to line 121, col 92 of module AccessControlManagement: 766
@!@!@ENDMSG 2221 @!@!@
@!@!@STARTMSG 2221:0 @!@!@
  line 118, col 35 to line 118, col 41 of module AccessControlManagement: 766
@!@!@ENDMSG 2221 @!@!@
@!@!@STARTMSG 2221:0 @!@!@
  line 122, col 23 to line 123, col 35 of module AccessControlManagement: 1401
@!@!@ENDMSG 2221 @!@!@
@!@!@STARTMSG 2221:0 @!@!@
  line 124, col 15 to line 124, col 45 of module AccessControlManagement: 2933
@!@!@ENDMSG 2221 @!@!@
@!@!@STARTMSG 2221:0 @!@!@
  line 125, col 15 to line 125, col 44 of module AccessControlManagement: 2933
@!@!@ENDMSG 2221 @!@!@
@!@!@STARTMSG 2772:0 @!@!@
<c line 127, col 1 to line 127, col 7 of module AccessControlManagement>: 40:2167
@!@!@ENDMSG 2772 @!@!@
@!@!@STARTMSG 2221:0 @!@!@
  line 127, col 15 to line 127, col 28 of module AccessControlManagement: 24131
@!@!@ENDMSG 2221 @!@!@
@!@!@STARTMSG 2221:0 @!@!@
  |line 127, col 15 to line 127, col 22 of module AccessControlManagement: 21964
@!@!@ENDMSG 2221 @!@!@
@!@!@STARTMSG 2221:0 @!@!@
  line 128, col 18 to line 128, col 52 of module AccessControlManagement: 2167
@!@!@ENDMSG 2221 @!@!@
@!@!@STARTMSG 2221:0 @!@!@
  line 129, col 23 to line 129, col 75 of module AccessControlManagement: 32
@!@!@ENDMSG 2221 @!@!@
@!@!@STARTMSG 2221:0 @!@!@
  line 130, col 23 to line 131, col 35 of module AccessControlManagement: 2135
@!@!@ENDMSG 2221 @!@!@
@!@!@STARTMSG 2221:0 @!@!@
  line 132, col 15 to line 132, col 45 of module AccessControlManagement: 2167
@!@!@ENDMSG 2221 @!@!@
@!@!@STARTMSG 2221:0 @!@!@
  line 133, col 15 to line 133, col 44 of module AccessControlManagement: 2167
@!@!@ENDMSG 2221 @!@!@
@!@!@STARTMSG 2772:0 @!@!@
<d line 135, col 1 to line 135, col 7 of module AccessControlManagement>: 32:2167
@!@!@ENDMSG 2772 @!@!@
@!@!@STARTMSG 2221:0 @!@!@
  line 135, col 15 to line 135, col 28 of module AccessControlManagement: 24131
@!@!@ENDMSG 2221 @!@!@
@!@!@STARTMSG 2221:0 @!@!@
  |line 135, col 15 to line 135, col 22 of module AccessControlManagement: 21964
@!@!@ENDMSG 2221 @!@!@
@!@!@STARTMSG 2221:0 @!@!@
  line 136, col 18 to line 136, col 52 of module AccessControlManagement: 2167
@!@!@ENDMSG 2221 @!@!@
@!@!@STARTMSG 2221:0 @!@!@
  line 137, col 23 to line 137, col 77 of module AccessControlManagement: 32
@!@!@ENDMSG 2221 @!@!@
@!@!@STARTMSG 2221:0 @!@!@
  line 138, col 23 to line 139, col 35 of module AccessControlManagement: 2135
@!@!@ENDMSG 2221 @!@!@
@!@!@STARTMSG 2221:0 @!@!@
  line 140, col 15 to line 140, col 45 of module AccessControlManagement: 2167
@!@!@ENDMSG 2221 @!@!@
@!@!@STARTMSG 2221:0 @!@!@
  line 141, col 15 to line 141, col 44 of module AccessControlManagement: 2167
@!@!@ENDMSG 2221 @!@!@
@!@!@STARTMSG 2774:0 @!@!@
<AcmTypeOK line 153, col 1 to line 153, col 9 of module AccessControlManagement>
@!@!@ENDMSG 2774 @!@!@
@!@!@STARTMSG 2221:0 @!@!@
  line 153, col 14 to line 154, col 69 of module AccessControlManagement: 10786
@!@!@ENDMSG 2221 @!@!@
@!@!@STARTMSG 2774:0 @!@!@
<AcmConsistent line 156, col 1 to line 156, col 13 of module AccessControlManagement>
@!@!@ENDMSG 2774 @!@!@
@!@!@STARTMSG 2221:0 @!@!@
  line 156, col 18 to line 158, col 90 of module AccessControlManagement: 10786
@!@!@ENDMSG 2221 @!@!@
@!@!@STARTMSG 2221:0 @!@!@
  |line 156, col 20 to line 158, col 89 of module AccessControlManagement: 10786
@!@!@ENDMSG 2221 @!@!@
@!@!@STARTMSG 2221:0 @!@!@
  ||line 157, col 20 to line 158, col 89 of module AccessControlManagement: 21572
@!@!@ENDMSG 2221 @!@!@
@!@!@STARTMSG 2221:0 @!@!@
  |||line 158, col 25 to line 158, col 89 of module AccessControlManagement: 43144
@!@!@ENDMSG 2221 @!@!@
@!@!@STARTMSG 2221:0 @!@!@
  ||||line 158, col 25 to line 158, col 66 of module AccessControlManagement: 43144
@!@!@ENDMSG 2221 @!@!@
@!@!@STARTMSG 2221:0 @!@!@
  |||||line 158, col 25 to line 158, col 42 of module AccessControlManagement: 43144
@!@!@ENDMSG 2221 @!@!@
@!@!@STARTMSG 2221:0 @!@!@
  |||||line 158, col 47 to line 158, col 66 of module AccessControlManagement: 71
@!@!@ENDMSG 2221 @!@!@
@!@!@STARTMSG 2221:0 @!@!@
  ||||line 158, col 71 to line 158, col 89 of module AccessControlManagement: 28
@!@!@ENDMSG 2221 @!@!@
@!@!@STARTMSG 2221:0 @!@!@
  |||line 157, col 29 to line 157, col 37 of module AccessControlManagement: 21572
@!@!@ENDMSG 2221 @!@!@
@!@!@STARTMSG 2221:0 @!@!@
  ||line 156, col 29 to line 156, col 37 of module AccessControlManagement: 10786
@!@!@ENDMSG 2221 @!@!@
@!@!@STARTMSG 2202:0 @!@!@
End of statistics.
@!@!@ENDMSG 2202 @!@!@
@!@!@STARTMSG 2200:0 @!@!@
Progress(22) at 2023-05-26 14:05:34: 26,295 states generated (329,786 s/min), 10,786 distinct states found (135,275 ds/min), 2,165 states left on queue.
@!@!@ENDMSG 2200 @!@!@
@!@!@STARTMSG 2199:0 @!@!@
26295 states generated, 10786 distinct states found, 2165 states left on queue.
@!@!@ENDMSG 2199 @!@!@
@!@!@STARTMSG 2186:0 @!@!@
Finished in 4792ms at (2023-05-26 14:05:34)
@!@!@ENDMSG 2186 @!@!@
