@!@!@STARTMSG 2262:0 @!@!@
TLC2 Version 2.16 of 31 December 2020 (rev: cdddf55)
@!@!@ENDMSG 2262 @!@!@
@!@!@STARTMSG 2187:0 @!@!@
Running breadth-first search Model-Checking with fp 40 and seed -2837903860062193911 with 4 workers on 8 cores with 599MB heap and 1345MB offheap memory [pid: 6392] (Windows 10 10.0 amd64, AdoptOpenJDK 14.0.1 x86_64, OffHeapDiskFPSet, DiskStateQueue).
@!@!@ENDMSG 2187 @!@!@
@!@!@STARTMSG 2220:0 @!@!@
Starting SANY...
@!@!@ENDMSG 2220 @!@!@
Parsing file G:\repos\access-control-management\spec\UriPermissionApi10.toolbox\Model_1\MC.tla
Parsing file G:\repos\access-control-management\spec\UriPermissionApi10.toolbox\Model_1\UriPermissionApi10.tla
Warning: symbols were renamed.
Parsing file G:\TLA+ Toolbox\plugins\org.lamport.tlatools_1.0.0.202012311918\tla2sany\StandardModules\TLC.tla
Parsing file G:\TLA+ Toolbox\plugins\org.lamport.tlatools_1.0.0.202012311918\tla2sany\StandardModules\Naturals.tla
Parsing file G:\TLA+ Toolbox\plugins\org.lamport.tlatools_1.0.0.202012311918\tla2sany\StandardModules\Sequences.tla
Parsing file G:\repos\access-control-management\spec\UriPermissionApi10.toolbox\Model_1\UriPermission.tla
Parsing file G:\TLA+ Toolbox\plugins\org.lamport.tlatools_1.0.0.202012311918\tla2sany\StandardModules\FiniteSets.tla
Semantic processing of module Naturals
Semantic processing of module Sequences
Semantic processing of module UriPermission
Semantic processing of module UriPermissionApi10
Semantic processing of module FiniteSets
Semantic processing of module TLC
Semantic processing of module MC
@!@!@STARTMSG 2219:0 @!@!@
SANY finished.
@!@!@ENDMSG 2219 @!@!@
@!@!@STARTMSG 2185:0 @!@!@
Starting... (2023-03-22 16:31:41)
@!@!@ENDMSG 2185 @!@!@
@!@!@STARTMSG 2212:0 @!@!@
Implied-temporal checking--satisfiability problem has 1 branches.
@!@!@ENDMSG 2212 @!@!@
@!@!@STARTMSG 2189:0 @!@!@
Computing initial states...
@!@!@ENDMSG 2189 @!@!@
@!@!@STARTMSG 2190:0 @!@!@
Finished computing initial states: 1 distinct state generated at 2023-03-22 16:31:42.
@!@!@ENDMSG 2190 @!@!@
@!@!@STARTMSG 2200:0 @!@!@
Progress(27) at 2023-03-22 16:31:43: 8,163 states generated, 2,809 distinct states found, 0 states left on queue.
@!@!@ENDMSG 2200 @!@!@
@!@!@STARTMSG 2192:0 @!@!@
Checking temporal properties for the complete state space with 2809 total distinct states at (2023-03-22 16:31:43)
@!@!@ENDMSG 2192 @!@!@
@!@!@STARTMSG 2267:0 @!@!@
Finished checking temporal properties in 00s at 2023-03-22 16:31:43
@!@!@ENDMSG 2267 @!@!@
@!@!@STARTMSG 2193:0 @!@!@
Model checking completed. No error has been found.
  Estimates of the probability that TLC did not check all reachable states
  because two distinct states had the same fingerprint:
  calculated (optimistic):  val = 8.2E-13
@!@!@ENDMSG 2193 @!@!@
@!@!@STARTMSG 2201:0 @!@!@
The coverage statistics at 2023-03-22 16:31:43
@!@!@ENDMSG 2201 @!@!@
@!@!@STARTMSG 2773:0 @!@!@
<Init line 97, col 1 to line 97, col 4 of module UriPermissionApi10>: 1:1
@!@!@ENDMSG 2773 @!@!@
@!@!@STARTMSG 2221:0 @!@!@
  line 98, col 9 to line 113, col 49 of module UriPermissionApi10: 1
@!@!@ENDMSG 2221 @!@!@
@!@!@STARTMSG 2772:0 @!@!@
<INSTALL_APP line 115, col 1 to line 115, col 17 of module UriPermissionApi10>: 33:106
@!@!@ENDMSG 2772 @!@!@
@!@!@STARTMSG 2221:0 @!@!@
  line 115, col 25 to line 115, col 48 of module UriPermissionApi10: 5724
@!@!@ENDMSG 2221 @!@!@
@!@!@STARTMSG 2221:0 @!@!@
  |line 115, col 25 to line 115, col 32 of module UriPermissionApi10: 5618
@!@!@ENDMSG 2221 @!@!@
@!@!@STARTMSG 2221:0 @!@!@
  line 116, col 25 to line 116, col 76 of module UriPermissionApi10: 106
@!@!@ENDMSG 2221 @!@!@
@!@!@STARTMSG 2221:0 @!@!@
  line 117, col 25 to line 117, col 72 of module UriPermissionApi10: 106
@!@!@ENDMSG 2221 @!@!@
@!@!@STARTMSG 2221:0 @!@!@
  line 118, col 25 to line 118, col 78 of module UriPermissionApi10: 106
@!@!@ENDMSG 2221 @!@!@
@!@!@STARTMSG 2221:0 @!@!@
  line 119, col 25 to line 119, col 75 of module UriPermissionApi10: 106
@!@!@ENDMSG 2221 @!@!@
@!@!@STARTMSG 2221:0 @!@!@
  line 120, col 25 to line 121, col 70 of module UriPermissionApi10: 106
@!@!@ENDMSG 2221 @!@!@
@!@!@STARTMSG 2772:0 @!@!@
<SYSTEM_ARBITRARY_DECISION line 125, col 1 to line 125, col 31 of module UriPermissionApi10>: 635:1272
@!@!@ENDMSG 2772 @!@!@
@!@!@STARTMSG 2221:0 @!@!@
  line 125, col 39 to line 125, col 76 of module UriPermissionApi10: 6254
@!@!@ENDMSG 2221 @!@!@
@!@!@STARTMSG 2221:0 @!@!@
  |line 125, col 39 to line 125, col 46 of module UriPermissionApi10: 5618
@!@!@ENDMSG 2221 @!@!@
@!@!@STARTMSG 2221:0 @!@!@
  line 126, col 39 to line 129, col 124 of module UriPermissionApi10: 636
@!@!@ENDMSG 2221 @!@!@
@!@!@STARTMSG 2221:0 @!@!@
  line 130, col 39 to line 130, col 86 of module UriPermissionApi10: 1272
@!@!@ENDMSG 2221 @!@!@
@!@!@STARTMSG 2221:0 @!@!@
  line 131, col 39 to line 131, col 95 of module UriPermissionApi10: 1272
@!@!@ENDMSG 2221 @!@!@
@!@!@STARTMSG 2221:0 @!@!@
  line 132, col 39 to line 132, col 95 of module UriPermissionApi10: 1272
@!@!@ENDMSG 2221 @!@!@
@!@!@STARTMSG 2221:0 @!@!@
  line 133, col 39 to line 133, col 89 of module UriPermissionApi10: 1272
@!@!@ENDMSG 2221 @!@!@
@!@!@STARTMSG 2221:0 @!@!@
  line 134, col 39 to line 135, col 70 of module UriPermissionApi10: 1272
@!@!@ENDMSG 2221 @!@!@
@!@!@STARTMSG 2772:0 @!@!@
<ASK_PERMISSION line 139, col 1 to line 139, col 20 of module UriPermissionApi10>: 327:1908
@!@!@ENDMSG 2772 @!@!@
@!@!@STARTMSG 2221:0 @!@!@
  line 139, col 28 to line 139, col 54 of module UriPermissionApi10: 7526
@!@!@ENDMSG 2221 @!@!@
@!@!@STARTMSG 2221:0 @!@!@
  |line 139, col 28 to line 139, col 35 of module UriPermissionApi10: 5618
@!@!@ENDMSG 2221 @!@!@
@!@!@STARTMSG 2221:0 @!@!@
  line 140, col 31 to line 140, col 71 of module UriPermissionApi10: 1908
@!@!@ENDMSG 2221 @!@!@
@!@!@STARTMSG 2221:0 @!@!@
  line 141, col 36 to line 145, col 89 of module UriPermissionApi10: 636
@!@!@ENDMSG 2221 @!@!@
@!@!@STARTMSG 2221:0 @!@!@
  line 146, col 42 to line 146, col 81 of module UriPermissionApi10: 1272
@!@!@ENDMSG 2221 @!@!@
@!@!@STARTMSG 2221:0 @!@!@
  line 147, col 47 to line 151, col 100 of module UriPermissionApi10: 636
@!@!@ENDMSG 2221 @!@!@
@!@!@STARTMSG 2221:0 @!@!@
  line 152, col 50 to line 152, col 92 of module UriPermissionApi10: 636
@!@!@ENDMSG 2221 @!@!@
@!@!@STARTMSG 2221:0 @!@!@
  line 153, col 50 to line 155, col 69 of module UriPermissionApi10: 636
@!@!@ENDMSG 2221 @!@!@
@!@!@STARTMSG 2221:0 @!@!@
  line 156, col 28 to line 157, col 66 of module UriPermissionApi10: 1908
@!@!@ENDMSG 2221 @!@!@
@!@!@STARTMSG 2772:0 @!@!@
<MAKE_DECISION line 159, col 1 to line 159, col 19 of module UriPermissionApi10>: 330:636
@!@!@ENDMSG 2772 @!@!@
@!@!@STARTMSG 2221:0 @!@!@
  line 159, col 27 to line 159, col 52 of module UriPermissionApi10: 6254
@!@!@ENDMSG 2221 @!@!@
@!@!@STARTMSG 2221:0 @!@!@
  |line 159, col 27 to line 159, col 34 of module UriPermissionApi10: 5618
@!@!@ENDMSG 2221 @!@!@
@!@!@STARTMSG 2221:0 @!@!@
  line 160, col 27 to line 166, col 78 of module UriPermissionApi10: 636
@!@!@ENDMSG 2221 @!@!@
@!@!@STARTMSG 2221:0 @!@!@
  line 167, col 27 to line 167, col 81 of module UriPermissionApi10: 636
@!@!@ENDMSG 2221 @!@!@
@!@!@STARTMSG 2221:0 @!@!@
  line 168, col 27 to line 169, col 81 of module UriPermissionApi10: 636
@!@!@ENDMSG 2221 @!@!@
@!@!@STARTMSG 2772:0 @!@!@
<USING_PERM line 171, col 1 to line 171, col 16 of module UriPermissionApi10>: 420:1272
@!@!@ENDMSG 2772 @!@!@
@!@!@STARTMSG 2221:0 @!@!@
  line 171, col 24 to line 171, col 46 of module UriPermissionApi10: 6890
@!@!@ENDMSG 2221 @!@!@
@!@!@STARTMSG 2221:0 @!@!@
  |line 171, col 24 to line 171, col 31 of module UriPermissionApi10: 5618
@!@!@ENDMSG 2221 @!@!@
@!@!@STARTMSG 2221:0 @!@!@
  line 172, col 27 to line 172, col 67 of module UriPermissionApi10: 1272
@!@!@ENDMSG 2221 @!@!@
@!@!@STARTMSG 2221:0 @!@!@
  line 173, col 32 to line 173, col 101 of module UriPermissionApi10: 636
@!@!@ENDMSG 2221 @!@!@
@!@!@STARTMSG 2221:0 @!@!@
  line 174, col 35 to line 174, col 38 of module UriPermissionApi10: 636
@!@!@ENDMSG 2221 @!@!@
@!@!@STARTMSG 2221:0 @!@!@
  line 175, col 35 to line 175, col 54 of module UriPermissionApi10: 636
@!@!@ENDMSG 2221 @!@!@
@!@!@STARTMSG 2221:0 @!@!@
  line 176, col 24 to line 176, col 71 of module UriPermissionApi10: 1272
@!@!@ENDMSG 2221 @!@!@
@!@!@STARTMSG 2221:0 @!@!@
  line 177, col 24 to line 177, col 80 of module UriPermissionApi10: 1272
@!@!@ENDMSG 2221 @!@!@
@!@!@STARTMSG 2221:0 @!@!@
  line 178, col 24 to line 178, col 77 of module UriPermissionApi10: 1272
@!@!@ENDMSG 2221 @!@!@
@!@!@STARTMSG 2221:0 @!@!@
  line 179, col 24 to line 179, col 74 of module UriPermissionApi10: 1272
@!@!@ENDMSG 2221 @!@!@
@!@!@STARTMSG 2221:0 @!@!@
  line 180, col 24 to line 181, col 56 of module UriPermissionApi10: 1272
@!@!@ENDMSG 2221 @!@!@
@!@!@STARTMSG 2772:0 @!@!@
<UNINSTALL_APP line 186, col 1 to line 186, col 19 of module UriPermissionApi10>: 0:0
@!@!@ENDMSG 2772 @!@!@
@!@!@STARTMSG 2221:0 @!@!@
  line 186, col 27 to line 186, col 52 of module UriPermissionApi10: 5618
@!@!@ENDMSG 2221 @!@!@
@!@!@STARTMSG 2221:0 @!@!@
  line 187, col 27 to line 187, col 78 of module UriPermissionApi10: 0
@!@!@ENDMSG 2221 @!@!@
@!@!@STARTMSG 2221:0 @!@!@
  line 188, col 27 to line 188, col 99 of module UriPermissionApi10: 0
@!@!@ENDMSG 2221 @!@!@
@!@!@STARTMSG 2221:0 @!@!@
  line 189, col 27 to line 189, col 104 of module UriPermissionApi10: 0
@!@!@ENDMSG 2221 @!@!@
@!@!@STARTMSG 2221:0 @!@!@
  line 190, col 27 to line 190, col 113 of module UriPermissionApi10: 0
@!@!@ENDMSG 2221 @!@!@
@!@!@STARTMSG 2221:0 @!@!@
  line 191, col 27 to line 191, col 74 of module UriPermissionApi10: 0
@!@!@ENDMSG 2221 @!@!@
@!@!@STARTMSG 2221:0 @!@!@
  line 192, col 27 to line 192, col 77 of module UriPermissionApi10: 0
@!@!@ENDMSG 2221 @!@!@
@!@!@STARTMSG 2221:0 @!@!@
  line 193, col 27 to line 193, col 77 of module UriPermissionApi10: 0
@!@!@ENDMSG 2221 @!@!@
@!@!@STARTMSG 2221:0 @!@!@
  line 194, col 27 to line 194, col 73 of module UriPermissionApi10: 0
@!@!@ENDMSG 2221 @!@!@
@!@!@STARTMSG 2772:0 @!@!@
<PLATFORM line 198, col 1 to line 198, col 14 of module UriPermissionApi10>: 1063:2968
@!@!@ENDMSG 2772 @!@!@
@!@!@STARTMSG 2221:0 @!@!@
  line 198, col 22 to line 198, col 42 of module UriPermissionApi10: 6678
@!@!@ENDMSG 2221 @!@!@
@!@!@STARTMSG 2221:0 @!@!@
  |line 198, col 22 to line 198, col 29 of module UriPermissionApi10: 5618
@!@!@ENDMSG 2221 @!@!@
@!@!@STARTMSG 2221:0 @!@!@
  line 199, col 25 to line 199, col 46 of module UriPermissionApi10: 1060
@!@!@ENDMSG 2221 @!@!@
@!@!@STARTMSG 2221:0 @!@!@
  line 200, col 39 to line 200, col 42 of module UriPermissionApi10: 954
@!@!@ENDMSG 2221 @!@!@
@!@!@STARTMSG 2221:0 @!@!@
  line 201, col 39 to line 201, col 76 of module UriPermissionApi10: 954
@!@!@ENDMSG 2221 @!@!@
@!@!@STARTMSG 2221:0 @!@!@
  line 202, col 39 to line 202, col 70 of module UriPermissionApi10: 954
@!@!@ENDMSG 2221 @!@!@
@!@!@STARTMSG 2221:0 @!@!@
  line 204, col 41 to line 211, col 87 of module UriPermissionApi10: 1908
@!@!@ENDMSG 2221 @!@!@
@!@!@STARTMSG 2221:0 @!@!@
  line 203, col 48 to line 203, col 58 of module UriPermissionApi10: 954
@!@!@ENDMSG 2221 @!@!@
@!@!@STARTMSG 2221:0 @!@!@
  line 212, col 33 to line 212, col 44 of module UriPermissionApi10: 2862
@!@!@ENDMSG 2221 @!@!@
@!@!@STARTMSG 2221:0 @!@!@
  line 213, col 33 to line 217, col 84 of module UriPermissionApi10: 106
@!@!@ENDMSG 2221 @!@!@
@!@!@STARTMSG 2221:0 @!@!@
  line 218, col 33 to line 218, col 73 of module UriPermissionApi10: 106
@!@!@ENDMSG 2221 @!@!@
@!@!@STARTMSG 2221:0 @!@!@
  line 219, col 33 to line 219, col 59 of module UriPermissionApi10: 106
@!@!@ENDMSG 2221 @!@!@
@!@!@STARTMSG 2221:0 @!@!@
  line 220, col 22 to line 221, col 71 of module UriPermissionApi10: 2968
@!@!@ENDMSG 2221 @!@!@
@!@!@STARTMSG 2774:0 @!@!@
<TypeOK line 238, col 1 to line 238, col 6 of module UriPermissionApi10>
@!@!@ENDMSG 2774 @!@!@
@!@!@STARTMSG 2221:0 @!@!@
  line 238, col 11 to line 241, col 70 of module UriPermissionApi10: 2809
@!@!@ENDMSG 2221 @!@!@
@!@!@STARTMSG 2202:0 @!@!@
End of statistics.
@!@!@ENDMSG 2202 @!@!@
@!@!@STARTMSG 2200:0 @!@!@
Progress(27) at 2023-03-22 16:31:43: 8,163 states generated (173,434 s/min), 2,809 distinct states found (59,681 ds/min), 0 states left on queue.
@!@!@ENDMSG 2200 @!@!@
@!@!@STARTMSG 2199:0 @!@!@
8163 states generated, 2809 distinct states found, 0 states left on queue.
@!@!@ENDMSG 2199 @!@!@
@!@!@STARTMSG 2194:0 @!@!@
The depth of the complete state graph search is 27.
@!@!@ENDMSG 2194 @!@!@
@!@!@STARTMSG 2268:0 @!@!@
The average outdegree of the complete state graph is 1 (minimum is 0, the maximum 4 and the 95th percentile is 2).
@!@!@ENDMSG 2268 @!@!@
@!@!@STARTMSG 2186:0 @!@!@
Finished in 2836ms at (2023-03-22 16:31:43)
@!@!@ENDMSG 2186 @!@!@
